ARM GAS  C:\Users\hh\AppData\Local\Temp\ccfAiW0d.s 			page 1


   1              		.cpu cortex-m7
   2              		.arch armv7e-m
   3              		.fpu fpv5-d16
   4              		.eabi_attribute 28, 1
   5              		.eabi_attribute 20, 1
   6              		.eabi_attribute 21, 1
   7              		.eabi_attribute 23, 3
   8              		.eabi_attribute 24, 1
   9              		.eabi_attribute 25, 1
  10              		.eabi_attribute 26, 1
  11              		.eabi_attribute 30, 1
  12              		.eabi_attribute 34, 1
  13              		.eabi_attribute 18, 4
  14              		.file	"bms_response_log.c"
  15              		.text
  16              	.Ltext0:
  17              		.cfi_sections	.debug_frame
  18              		.file 1 "App/Src/bms_response_log.c"
  19              		.section	.text.BmsResponseLog_RecordFaultTrigger,"ax",%progbits
  20              		.align	1
  21              		.global	BmsResponseLog_RecordFaultTrigger
  22              		.syntax unified
  23              		.thumb
  24              		.thumb_func
  26              	BmsResponseLog_RecordFaultTrigger:
  27              	.LVL0:
  28              	.LFB146:
   1:App/Src/bms_response_log.c **** #include "bms_response_log.h"
   2:App/Src/bms_response_log.c **** 
   3:App/Src/bms_response_log.c **** #include <string.h>
   4:App/Src/bms_response_log.c **** 
   5:App/Src/bms_response_log.c **** static BmsResponseLog_Status responseLog;
   6:App/Src/bms_response_log.c **** 
   7:App/Src/bms_response_log.c **** void BmsResponseLog_RecordFaultTrigger(BmsResponseLog_TriggerType type,
   8:App/Src/bms_response_log.c ****                                        uint8_t primaryCell,
   9:App/Src/bms_response_log.c ****                                        uint16_t primaryMillivolts,
  10:App/Src/bms_response_log.c ****                                        uint8_t secondaryCell,
  11:App/Src/bms_response_log.c ****                                        uint16_t secondaryMillivolts)
  12:App/Src/bms_response_log.c **** {
  29              		.loc 1 12 1 view -0
  30              		.cfi_startproc
  31              		@ args = 4, pretend = 0, frame = 0
  32              		@ frame_needed = 0, uses_anonymous_args = 0
  33              		.loc 1 12 1 is_stmt 0 view .LVU1
  34 0000 2DE9F041 		push	{r4, r5, r6, r7, r8, lr}
  35              	.LCFI0:
  36              		.cfi_def_cfa_offset 24
  37              		.cfi_offset 4, -24
  38              		.cfi_offset 5, -20
  39              		.cfi_offset 6, -16
  40              		.cfi_offset 7, -12
  41              		.cfi_offset 8, -8
  42              		.cfi_offset 14, -4
  43 0004 8046     		mov	r8, r0
  44 0006 0F46     		mov	r7, r1
  45 0008 1646     		mov	r6, r2
  46 000a 1D46     		mov	r5, r3
ARM GAS  C:\Users\hh\AppData\Local\Temp\ccfAiW0d.s 			page 2


  13:App/Src/bms_response_log.c ****   memset(&responseLog, 0, sizeof(responseLog));
  47              		.loc 1 13 3 is_stmt 1 view .LVU2
  48 000c 0A4C     		ldr	r4, .L3
  49 000e 2C22     		movs	r2, #44
  50              	.LVL1:
  51              		.loc 1 13 3 is_stmt 0 view .LVU3
  52 0010 0021     		movs	r1, #0
  53              	.LVL2:
  54              		.loc 1 13 3 view .LVU4
  55 0012 2046     		mov	r0, r4
  56              	.LVL3:
  57              		.loc 1 13 3 view .LVU5
  58 0014 FFF7FEFF 		bl	memset
  59              	.LVL4:
  14:App/Src/bms_response_log.c **** 
  15:App/Src/bms_response_log.c ****   responseLog.armed = 1U;
  60              		.loc 1 15 3 is_stmt 1 view .LVU6
  61              		.loc 1 15 21 is_stmt 0 view .LVU7
  62 0018 0123     		movs	r3, #1
  63 001a 2370     		strb	r3, [r4]
  16:App/Src/bms_response_log.c ****   responseLog.triggerType = type;
  64              		.loc 1 16 3 is_stmt 1 view .LVU8
  65              		.loc 1 16 27 is_stmt 0 view .LVU9
  66 001c 84F80180 		strb	r8, [r4, #1]
  17:App/Src/bms_response_log.c ****   responseLog.primaryCell = primaryCell;
  67              		.loc 1 17 3 is_stmt 1 view .LVU10
  68              		.loc 1 17 27 is_stmt 0 view .LVU11
  69 0020 A770     		strb	r7, [r4, #2]
  18:App/Src/bms_response_log.c ****   responseLog.secondaryCell = secondaryCell;
  70              		.loc 1 18 3 is_stmt 1 view .LVU12
  71              		.loc 1 18 29 is_stmt 0 view .LVU13
  72 0022 E570     		strb	r5, [r4, #3]
  19:App/Src/bms_response_log.c ****   responseLog.primaryMillivolts = primaryMillivolts;
  73              		.loc 1 19 3 is_stmt 1 view .LVU14
  74              		.loc 1 19 33 is_stmt 0 view .LVU15
  75 0024 A680     		strh	r6, [r4, #4]	@ movhi
  20:App/Src/bms_response_log.c ****   responseLog.secondaryMillivolts = secondaryMillivolts;
  76              		.loc 1 20 3 is_stmt 1 view .LVU16
  77              		.loc 1 20 35 is_stmt 0 view .LVU17
  78 0026 BDF81830 		ldrh	r3, [sp, #24]
  79 002a E380     		strh	r3, [r4, #6]	@ movhi
  21:App/Src/bms_response_log.c ****   responseLog.triggerTick = HAL_GetTick();
  80              		.loc 1 21 3 is_stmt 1 view .LVU18
  81              		.loc 1 21 29 is_stmt 0 view .LVU19
  82 002c FFF7FEFF 		bl	HAL_GetTick
  83              	.LVL5:
  84              		.loc 1 21 27 discriminator 1 view .LVU20
  85 0030 A060     		str	r0, [r4, #8]
  22:App/Src/bms_response_log.c **** }
  86              		.loc 1 22 1 view .LVU21
  87 0032 BDE8F081 		pop	{r4, r5, r6, r7, r8, pc}
  88              	.LVL6:
  89              	.L4:
  90              		.loc 1 22 1 view .LVU22
  91 0036 00BF     		.align	2
  92              	.L3:
  93 0038 00000000 		.word	responseLog
ARM GAS  C:\Users\hh\AppData\Local\Temp\ccfAiW0d.s 			page 3


  94              		.cfi_endproc
  95              	.LFE146:
  97              		.section	.text.BmsResponseLog_Clear,"ax",%progbits
  98              		.align	1
  99              		.global	BmsResponseLog_Clear
 100              		.syntax unified
 101              		.thumb
 102              		.thumb_func
 104              	BmsResponseLog_Clear:
 105              	.LFB147:
  23:App/Src/bms_response_log.c **** 
  24:App/Src/bms_response_log.c **** void BmsResponseLog_Clear(void)
  25:App/Src/bms_response_log.c **** {
 106              		.loc 1 25 1 is_stmt 1 view -0
 107              		.cfi_startproc
 108              		@ args = 0, pretend = 0, frame = 0
 109              		@ frame_needed = 0, uses_anonymous_args = 0
 110 0000 08B5     		push	{r3, lr}
 111              	.LCFI1:
 112              		.cfi_def_cfa_offset 8
 113              		.cfi_offset 3, -8
 114              		.cfi_offset 14, -4
  26:App/Src/bms_response_log.c ****   memset(&responseLog, 0, sizeof(responseLog));
 115              		.loc 1 26 3 view .LVU24
 116 0002 2C22     		movs	r2, #44
 117 0004 0021     		movs	r1, #0
 118 0006 0248     		ldr	r0, .L7
 119 0008 FFF7FEFF 		bl	memset
 120              	.LVL7:
  27:App/Src/bms_response_log.c **** }
 121              		.loc 1 27 1 is_stmt 0 view .LVU25
 122 000c 08BD     		pop	{r3, pc}
 123              	.L8:
 124 000e 00BF     		.align	2
 125              	.L7:
 126 0010 00000000 		.word	responseLog
 127              		.cfi_endproc
 128              	.LFE147:
 130              		.section	.text.BmsResponseLog_GetStatus,"ax",%progbits
 131              		.align	1
 132              		.global	BmsResponseLog_GetStatus
 133              		.syntax unified
 134              		.thumb
 135              		.thumb_func
 137              	BmsResponseLog_GetStatus:
 138              	.LVL8:
 139              	.LFB148:
  28:App/Src/bms_response_log.c **** 
  29:App/Src/bms_response_log.c **** BmsResponseLog_Status BmsResponseLog_GetStatus(void)
  30:App/Src/bms_response_log.c **** {
 140              		.loc 1 30 1 is_stmt 1 view -0
 141              		.cfi_startproc
 142              		@ args = 0, pretend = 0, frame = 0
 143              		@ frame_needed = 0, uses_anonymous_args = 0
 144              		.loc 1 30 1 is_stmt 0 view .LVU27
 145 0000 10B5     		push	{r4, lr}
 146              	.LCFI2:
ARM GAS  C:\Users\hh\AppData\Local\Temp\ccfAiW0d.s 			page 4


 147              		.cfi_def_cfa_offset 8
 148              		.cfi_offset 4, -8
 149              		.cfi_offset 14, -4
 150 0002 0446     		mov	r4, r0
  31:App/Src/bms_response_log.c ****   return responseLog;
 151              		.loc 1 31 3 is_stmt 1 view .LVU28
 152              		.loc 1 31 10 is_stmt 0 view .LVU29
 153 0004 8446     		mov	ip, r0
 154 0006 DFF820E0 		ldr	lr, .L11
 155 000a BEE80F00 		ldmia	lr!, {r0, r1, r2, r3}
 156              	.LVL9:
 157              		.loc 1 31 10 view .LVU30
 158 000e ACE80F00 		stmia	ip!, {r0, r1, r2, r3}
 159 0012 BEE80F00 		ldmia	lr!, {r0, r1, r2, r3}
 160 0016 ACE80F00 		stmia	ip!, {r0, r1, r2, r3}
 161 001a 9EE80700 		ldm	lr, {r0, r1, r2}
 162 001e 8CE80700 		stm	ip, {r0, r1, r2}
  32:App/Src/bms_response_log.c **** }
 163              		.loc 1 32 1 view .LVU31
 164 0022 2046     		mov	r0, r4
 165 0024 10BD     		pop	{r4, pc}
 166              	.LVL10:
 167              	.L12:
 168              		.loc 1 32 1 view .LVU32
 169 0026 00BF     		.align	2
 170              	.L11:
 171 0028 00000000 		.word	responseLog
 172              		.cfi_endproc
 173              	.LFE148:
 175              		.section	.rodata.BmsResponseLog_GetTriggerName.str1.4,"aMS",%progbits,1
 176              		.align	2
 177              	.LC0:
 178 0000 4F5600   		.ascii	"OV\000"
 179 0003 00       		.align	2
 180              	.LC1:
 181 0004 555600   		.ascii	"UV\000"
 182 0007 00       		.align	2
 183              	.LC2:
 184 0008 44494646 		.ascii	"DIFF\000"
 184      00
 185 000d 000000   		.align	2
 186              	.LC3:
 187 0010 4E4F4E45 		.ascii	"NONE\000"
 187      00
 188              		.section	.text.BmsResponseLog_GetTriggerName,"ax",%progbits
 189              		.align	1
 190              		.global	BmsResponseLog_GetTriggerName
 191              		.syntax unified
 192              		.thumb
 193              		.thumb_func
 195              	BmsResponseLog_GetTriggerName:
 196              	.LVL11:
 197              	.LFB149:
  33:App/Src/bms_response_log.c **** 
  34:App/Src/bms_response_log.c **** const char *BmsResponseLog_GetTriggerName(BmsResponseLog_TriggerType type)
  35:App/Src/bms_response_log.c **** {
 198              		.loc 1 35 1 is_stmt 1 view -0
ARM GAS  C:\Users\hh\AppData\Local\Temp\ccfAiW0d.s 			page 5


 199              		.cfi_startproc
 200              		@ args = 0, pretend = 0, frame = 0
 201              		@ frame_needed = 0, uses_anonymous_args = 0
 202              		@ link register save eliminated.
  36:App/Src/bms_response_log.c ****   switch (type)
 203              		.loc 1 36 3 view .LVU34
 204 0000 0228     		cmp	r0, #2
 205 0002 05D0     		beq	.L15
 206 0004 0328     		cmp	r0, #3
 207 0006 05D0     		beq	.L16
 208 0008 0128     		cmp	r0, #1
 209 000a 05D1     		bne	.L17
 210 000c 0348     		ldr	r0, .L18
 211              	.LVL12:
 212              		.loc 1 36 3 is_stmt 0 view .LVU35
 213 000e 7047     		bx	lr
 214              	.LVL13:
 215              	.L15:
  37:App/Src/bms_response_log.c ****   {
  38:App/Src/bms_response_log.c ****     case BMS_RESPONSE_LOG_TRIGGER_OV:
  39:App/Src/bms_response_log.c ****       return "OV";
  40:App/Src/bms_response_log.c **** 
  41:App/Src/bms_response_log.c ****     case BMS_RESPONSE_LOG_TRIGGER_UV:
  42:App/Src/bms_response_log.c ****       return "UV";
 216              		.loc 1 42 14 view .LVU36
 217 0010 0348     		ldr	r0, .L18+4
 218              	.LVL14:
 219              		.loc 1 42 14 view .LVU37
 220 0012 7047     		bx	lr
 221              	.LVL15:
 222              	.L16:
  43:App/Src/bms_response_log.c **** 
  44:App/Src/bms_response_log.c ****     case BMS_RESPONSE_LOG_TRIGGER_DIFF:
  45:App/Src/bms_response_log.c ****       return "DIFF";
 223              		.loc 1 45 14 view .LVU38
 224 0014 0348     		ldr	r0, .L18+8
 225              	.LVL16:
 226              		.loc 1 45 14 view .LVU39
 227 0016 7047     		bx	lr
 228              	.LVL17:
 229              	.L17:
  46:App/Src/bms_response_log.c **** 
  47:App/Src/bms_response_log.c ****     case BMS_RESPONSE_LOG_TRIGGER_NONE:
  48:App/Src/bms_response_log.c ****     default:
  49:App/Src/bms_response_log.c ****       return "NONE";
 230              		.loc 1 49 14 view .LVU40
 231 0018 0348     		ldr	r0, .L18+12
 232              	.LVL18:
  50:App/Src/bms_response_log.c ****   }
  51:App/Src/bms_response_log.c **** }
 233              		.loc 1 51 1 view .LVU41
 234 001a 7047     		bx	lr
 235              	.L19:
 236              		.align	2
 237              	.L18:
 238 001c 00000000 		.word	.LC0
 239 0020 04000000 		.word	.LC1
ARM GAS  C:\Users\hh\AppData\Local\Temp\ccfAiW0d.s 			page 6


 240 0024 08000000 		.word	.LC2
 241 0028 10000000 		.word	.LC3
 242              		.cfi_endproc
 243              	.LFE149:
 245              		.section	.text.BspCan_OnRxFrame,"ax",%progbits
 246              		.align	1
 247              		.global	BspCan_OnRxFrame
 248              		.syntax unified
 249              		.thumb
 250              		.thumb_func
 252              	BspCan_OnRxFrame:
 253              	.LVL19:
 254              	.LFB150:
  52:App/Src/bms_response_log.c **** 
  53:App/Src/bms_response_log.c **** void BspCan_OnRxFrame(const BspCan_RxFrame *frame)
  54:App/Src/bms_response_log.c **** {
 255              		.loc 1 54 1 is_stmt 1 view -0
 256              		.cfi_startproc
 257              		@ args = 0, pretend = 0, frame = 0
 258              		@ frame_needed = 0, uses_anonymous_args = 0
  55:App/Src/bms_response_log.c ****   if ((frame == NULL) || (responseLog.armed == 0U))
 259              		.loc 1 55 3 view .LVU43
 260              		.loc 1 55 6 is_stmt 0 view .LVU44
 261 0000 00B3     		cbz	r0, .L23
  54:App/Src/bms_response_log.c ****   if ((frame == NULL) || (responseLog.armed == 0U))
 262              		.loc 1 54 1 view .LVU45
 263 0002 08B5     		push	{r3, lr}
 264              	.LCFI3:
 265              		.cfi_def_cfa_offset 8
 266              		.cfi_offset 3, -8
 267              		.cfi_offset 14, -4
 268 0004 0146     		mov	r1, r0
 269              		.loc 1 55 38 discriminator 1 view .LVU46
 270 0006 104B     		ldr	r3, .L27
 271 0008 1B78     		ldrb	r3, [r3]	@ zero_extendqisi2
 272              		.loc 1 55 23 discriminator 1 view .LVU47
 273 000a 2BB1     		cbz	r3, .L20
  56:App/Src/bms_response_log.c ****   {
  57:App/Src/bms_response_log.c ****     return;
  58:App/Src/bms_response_log.c ****   }
  59:App/Src/bms_response_log.c **** 
  60:App/Src/bms_response_log.c ****   responseLog.canFramesAfterTrigger++;
 274              		.loc 1 60 3 is_stmt 1 view .LVU48
 275              		.loc 1 60 14 is_stmt 0 view .LVU49
 276 000c 0E4B     		ldr	r3, .L27
 277 000e DA68     		ldr	r2, [r3, #12]
 278              		.loc 1 60 36 view .LVU50
 279 0010 0132     		adds	r2, r2, #1
 280 0012 DA60     		str	r2, [r3, #12]
  61:App/Src/bms_response_log.c **** 
  62:App/Src/bms_response_log.c ****   if (responseLog.responseCaptured != 0U)
 281              		.loc 1 62 3 is_stmt 1 view .LVU51
 282              		.loc 1 62 18 is_stmt 0 view .LVU52
 283 0014 1B7C     		ldrb	r3, [r3, #16]	@ zero_extendqisi2
 284              		.loc 1 62 6 view .LVU53
 285 0016 03B1     		cbz	r3, .L26
 286              	.LVL20:
ARM GAS  C:\Users\hh\AppData\Local\Temp\ccfAiW0d.s 			page 7


 287              	.L20:
  63:App/Src/bms_response_log.c ****   {
  64:App/Src/bms_response_log.c ****     return;
  65:App/Src/bms_response_log.c ****   }
  66:App/Src/bms_response_log.c **** 
  67:App/Src/bms_response_log.c ****   responseLog.responseCaptured = 1U;
  68:App/Src/bms_response_log.c ****   responseLog.responseTick = frame->tick;
  69:App/Src/bms_response_log.c ****   responseLog.responseDelayMs = frame->tick - responseLog.triggerTick;
  70:App/Src/bms_response_log.c ****   responseLog.responseCanId = frame->id;
  71:App/Src/bms_response_log.c ****   responseLog.responseCanIsExtended = frame->isExtended;
  72:App/Src/bms_response_log.c ****   responseLog.responseCanLength = frame->length;
  73:App/Src/bms_response_log.c ****   memcpy(responseLog.responseCanData, frame->data, frame->length);
  74:App/Src/bms_response_log.c **** }
 288              		.loc 1 74 1 view .LVU54
 289 0018 08BD     		pop	{r3, pc}
 290              	.LVL21:
 291              	.L26:
  67:App/Src/bms_response_log.c ****   responseLog.responseTick = frame->tick;
 292              		.loc 1 67 3 is_stmt 1 view .LVU55
  67:App/Src/bms_response_log.c ****   responseLog.responseTick = frame->tick;
 293              		.loc 1 67 32 is_stmt 0 view .LVU56
 294 001a 0B48     		ldr	r0, .L27
 295              	.LVL22:
  67:App/Src/bms_response_log.c ****   responseLog.responseTick = frame->tick;
 296              		.loc 1 67 32 view .LVU57
 297 001c 0123     		movs	r3, #1
 298 001e 0374     		strb	r3, [r0, #16]
  68:App/Src/bms_response_log.c ****   responseLog.responseDelayMs = frame->tick - responseLog.triggerTick;
 299              		.loc 1 68 3 is_stmt 1 view .LVU58
  68:App/Src/bms_response_log.c ****   responseLog.responseDelayMs = frame->tick - responseLog.triggerTick;
 300              		.loc 1 68 35 is_stmt 0 view .LVU59
 301 0020 4B68     		ldr	r3, [r1, #4]
  68:App/Src/bms_response_log.c ****   responseLog.responseDelayMs = frame->tick - responseLog.triggerTick;
 302              		.loc 1 68 28 view .LVU60
 303 0022 4361     		str	r3, [r0, #20]
  69:App/Src/bms_response_log.c ****   responseLog.responseCanId = frame->id;
 304              		.loc 1 69 3 is_stmt 1 view .LVU61
  69:App/Src/bms_response_log.c ****   responseLog.responseCanId = frame->id;
 305              		.loc 1 69 58 is_stmt 0 view .LVU62
 306 0024 8268     		ldr	r2, [r0, #8]
  69:App/Src/bms_response_log.c ****   responseLog.responseCanId = frame->id;
 307              		.loc 1 69 45 view .LVU63
 308 0026 9B1A     		subs	r3, r3, r2
  69:App/Src/bms_response_log.c ****   responseLog.responseCanId = frame->id;
 309              		.loc 1 69 31 view .LVU64
 310 0028 8361     		str	r3, [r0, #24]
  70:App/Src/bms_response_log.c ****   responseLog.responseCanIsExtended = frame->isExtended;
 311              		.loc 1 70 3 is_stmt 1 view .LVU65
  70:App/Src/bms_response_log.c ****   responseLog.responseCanIsExtended = frame->isExtended;
 312              		.loc 1 70 36 is_stmt 0 view .LVU66
 313 002a 0B68     		ldr	r3, [r1]
  70:App/Src/bms_response_log.c ****   responseLog.responseCanIsExtended = frame->isExtended;
 314              		.loc 1 70 29 view .LVU67
 315 002c C361     		str	r3, [r0, #28]
  71:App/Src/bms_response_log.c ****   responseLog.responseCanLength = frame->length;
 316              		.loc 1 71 3 is_stmt 1 view .LVU68
  71:App/Src/bms_response_log.c ****   responseLog.responseCanLength = frame->length;
ARM GAS  C:\Users\hh\AppData\Local\Temp\ccfAiW0d.s 			page 8


 317              		.loc 1 71 44 is_stmt 0 view .LVU69
 318 002e 0B7A     		ldrb	r3, [r1, #8]	@ zero_extendqisi2
  71:App/Src/bms_response_log.c ****   responseLog.responseCanLength = frame->length;
 319              		.loc 1 71 37 view .LVU70
 320 0030 80F82030 		strb	r3, [r0, #32]
  72:App/Src/bms_response_log.c ****   memcpy(responseLog.responseCanData, frame->data, frame->length);
 321              		.loc 1 72 3 is_stmt 1 view .LVU71
  72:App/Src/bms_response_log.c ****   memcpy(responseLog.responseCanData, frame->data, frame->length);
 322              		.loc 1 72 40 is_stmt 0 view .LVU72
 323 0034 4A7A     		ldrb	r2, [r1, #9]	@ zero_extendqisi2
  72:App/Src/bms_response_log.c ****   memcpy(responseLog.responseCanData, frame->data, frame->length);
 324              		.loc 1 72 33 view .LVU73
 325 0036 80F82120 		strb	r2, [r0, #33]
  73:App/Src/bms_response_log.c **** }
 326              		.loc 1 73 3 is_stmt 1 view .LVU74
 327 003a 0A31     		adds	r1, r1, #10
 328              	.LVL23:
  73:App/Src/bms_response_log.c **** }
 329              		.loc 1 73 3 is_stmt 0 view .LVU75
 330 003c 2230     		adds	r0, r0, #34
 331 003e FFF7FEFF 		bl	memcpy
 332              	.LVL24:
  73:App/Src/bms_response_log.c **** }
 333              		.loc 1 73 3 view .LVU76
 334 0042 E9E7     		b	.L20
 335              	.LVL25:
 336              	.L23:
 337              	.LCFI4:
 338              		.cfi_def_cfa_offset 0
 339              		.cfi_restore 3
 340              		.cfi_restore 14
  73:App/Src/bms_response_log.c **** }
 341              		.loc 1 73 3 view .LVU77
 342 0044 7047     		bx	lr
 343              	.L28:
 344 0046 00BF     		.align	2
 345              	.L27:
 346 0048 00000000 		.word	responseLog
 347              		.cfi_endproc
 348              	.LFE150:
 350              		.section	.bss.responseLog,"aw",%nobits
 351              		.align	2
 354              	responseLog:
 355 0000 00000000 		.space	44
 355      00000000 
 355      00000000 
 355      00000000 
 355      00000000 
 356              		.text
 357              	.Letext0:
 358              		.file 2 "C:/Program Files (x86)/ARM/arm-gnu-toolchain-15.2.rel1-mingw-w64-i686-arm-none-eabi/arm-n
 359              		.file 3 "C:/Program Files (x86)/ARM/arm-gnu-toolchain-15.2.rel1-mingw-w64-i686-arm-none-eabi/arm-n
 360              		.file 4 "BSP/Inc/bsp_can.h"
 361              		.file 5 "App/Inc/bms_response_log.h"
 362              		.file 6 "C:/Program Files (x86)/ARM/arm-gnu-toolchain-15.2.rel1-mingw-w64-i686-arm-none-eabi/arm-n
 363              		.file 7 "<built-in>"
 364              		.file 8 "Drivers/STM32H7xx_HAL_Driver/Inc/stm32h7xx_hal.h"
ARM GAS  C:\Users\hh\AppData\Local\Temp\ccfAiW0d.s 			page 9


ARM GAS  C:\Users\hh\AppData\Local\Temp\ccfAiW0d.s 			page 10


DEFINED SYMBOLS
                            *ABS*:00000000 bms_response_log.c
C:\Users\hh\AppData\Local\Temp\ccfAiW0d.s:20     .text.BmsResponseLog_RecordFaultTrigger:00000000 $t
C:\Users\hh\AppData\Local\Temp\ccfAiW0d.s:26     .text.BmsResponseLog_RecordFaultTrigger:00000000 BmsResponseLog_RecordFaultTrigger
C:\Users\hh\AppData\Local\Temp\ccfAiW0d.s:93     .text.BmsResponseLog_RecordFaultTrigger:00000038 $d
C:\Users\hh\AppData\Local\Temp\ccfAiW0d.s:354    .bss.responseLog:00000000 responseLog
C:\Users\hh\AppData\Local\Temp\ccfAiW0d.s:98     .text.BmsResponseLog_Clear:00000000 $t
C:\Users\hh\AppData\Local\Temp\ccfAiW0d.s:104    .text.BmsResponseLog_Clear:00000000 BmsResponseLog_Clear
C:\Users\hh\AppData\Local\Temp\ccfAiW0d.s:126    .text.BmsResponseLog_Clear:00000010 $d
C:\Users\hh\AppData\Local\Temp\ccfAiW0d.s:131    .text.BmsResponseLog_GetStatus:00000000 $t
C:\Users\hh\AppData\Local\Temp\ccfAiW0d.s:137    .text.BmsResponseLog_GetStatus:00000000 BmsResponseLog_GetStatus
C:\Users\hh\AppData\Local\Temp\ccfAiW0d.s:171    .text.BmsResponseLog_GetStatus:00000028 $d
C:\Users\hh\AppData\Local\Temp\ccfAiW0d.s:176    .rodata.BmsResponseLog_GetTriggerName.str1.4:00000000 $d
C:\Users\hh\AppData\Local\Temp\ccfAiW0d.s:189    .text.BmsResponseLog_GetTriggerName:00000000 $t
C:\Users\hh\AppData\Local\Temp\ccfAiW0d.s:195    .text.BmsResponseLog_GetTriggerName:00000000 BmsResponseLog_GetTriggerName
C:\Users\hh\AppData\Local\Temp\ccfAiW0d.s:238    .text.BmsResponseLog_GetTriggerName:0000001c $d
C:\Users\hh\AppData\Local\Temp\ccfAiW0d.s:246    .text.BspCan_OnRxFrame:00000000 $t
C:\Users\hh\AppData\Local\Temp\ccfAiW0d.s:252    .text.BspCan_OnRxFrame:00000000 BspCan_OnRxFrame
C:\Users\hh\AppData\Local\Temp\ccfAiW0d.s:346    .text.BspCan_OnRxFrame:00000048 $d
C:\Users\hh\AppData\Local\Temp\ccfAiW0d.s:351    .bss.responseLog:00000000 $d

UNDEFINED SYMBOLS
memset
HAL_GetTick
memcpy
