ARM GAS  C:\Users\hh\AppData\Local\Temp\cc4uDQtZ.s 			page 1


   1              		.cpu cortex-m7
   2              		.arch armv7e-m
   3              		.fpu fpv5-d16
   4              		.eabi_attribute 28, 1
   5              		.eabi_attribute 20, 1
   6              		.eabi_attribute 21, 1
   7              		.eabi_attribute 23, 3
   8              		.eabi_attribute 24, 1
   9              		.eabi_attribute 25, 1
  10              		.eabi_attribute 26, 1
  11              		.eabi_attribute 30, 1
  12              		.eabi_attribute 34, 1
  13              		.eabi_attribute 18, 4
  14              		.file	"bsp_sram.c"
  15              		.text
  16              	.Ltext0:
  17              		.cfi_sections	.debug_frame
  18              		.file 1 "BSP/Src/bsp_sram.c"
  19              		.section	.text.BspSram_RecordFailure,"ax",%progbits
  20              		.align	1
  21              		.syntax unified
  22              		.thumb
  23              		.thumb_func
  25              	BspSram_RecordFailure:
  26              	.LVL0:
  27              	.LFB146:
   1:BSP/Src/bsp_sram.c **** #include "bsp_sram.h"
   2:BSP/Src/bsp_sram.c **** 
   3:BSP/Src/bsp_sram.c **** #include <string.h>
   4:BSP/Src/bsp_sram.c **** 
   5:BSP/Src/bsp_sram.c **** static BspSram_Status sramStatus;
   6:BSP/Src/bsp_sram.c **** 
   7:BSP/Src/bsp_sram.c **** static void BspSram_RecordFailure(uint32_t index, uint16_t expected, uint16_t actual)
   8:BSP/Src/bsp_sram.c **** {
  28              		.loc 1 8 1 view -0
  29              		.cfi_startproc
  30              		@ args = 0, pretend = 0, frame = 0
  31              		@ frame_needed = 0, uses_anonymous_args = 0
  32              		@ link register save eliminated.
   9:BSP/Src/bsp_sram.c ****   sramStatus.lastFailedAddress = BSP_SRAM_BASE_ADDRESS + (index * sizeof(uint16_t));
  33              		.loc 1 9 3 view .LVU1
  34              		.loc 1 9 56 is_stmt 0 view .LVU2
  35 0000 00F14050 		add	r0, r0, #805306368
  36              	.LVL1:
  37              		.loc 1 9 56 view .LVU3
  38 0004 4000     		lsls	r0, r0, #1
  39              	.LVL2:
  40              		.loc 1 9 32 view .LVU4
  41 0006 054B     		ldr	r3, .L2
  42 0008 5861     		str	r0, [r3, #20]
  10:BSP/Src/bsp_sram.c ****   sramStatus.expected = expected;
  43              		.loc 1 10 3 is_stmt 1 view .LVU5
  44              		.loc 1 10 23 is_stmt 0 view .LVU6
  45 000a 1984     		strh	r1, [r3, #32]	@ movhi
  11:BSP/Src/bsp_sram.c ****   sramStatus.actual = actual;
  46              		.loc 1 11 3 is_stmt 1 view .LVU7
  47              		.loc 1 11 21 is_stmt 0 view .LVU8
ARM GAS  C:\Users\hh\AppData\Local\Temp\cc4uDQtZ.s 			page 2


  48 000c 5A84     		strh	r2, [r3, #34]	@ movhi
  12:BSP/Src/bsp_sram.c ****   sramStatus.lastResult = HAL_ERROR;
  49              		.loc 1 12 3 is_stmt 1 view .LVU9
  50              		.loc 1 12 25 is_stmt 0 view .LVU10
  51 000e 0122     		movs	r2, #1
  52              	.LVL3:
  53              		.loc 1 12 25 view .LVU11
  54 0010 83F82420 		strb	r2, [r3, #36]
  13:BSP/Src/bsp_sram.c ****   sramStatus.failCount++;
  55              		.loc 1 13 3 is_stmt 1 view .LVU12
  56              		.loc 1 13 13 is_stmt 0 view .LVU13
  57 0014 DA69     		ldr	r2, [r3, #28]
  58              		.loc 1 13 23 view .LVU14
  59 0016 0132     		adds	r2, r2, #1
  60 0018 DA61     		str	r2, [r3, #28]
  14:BSP/Src/bsp_sram.c **** }
  61              		.loc 1 14 1 view .LVU15
  62 001a 7047     		bx	lr
  63              	.L3:
  64              		.align	2
  65              	.L2:
  66 001c 00000000 		.word	sramStatus
  67              		.cfi_endproc
  68              	.LFE146:
  70              		.section	.text.BspSram_WriteAndVerifyPattern,"ax",%progbits
  71              		.align	1
  72              		.syntax unified
  73              		.thumb
  74              		.thumb_func
  76              	BspSram_WriteAndVerifyPattern:
  77              	.LVL4:
  78              	.LFB147:
  15:BSP/Src/bsp_sram.c **** 
  16:BSP/Src/bsp_sram.c **** static HAL_StatusTypeDef BspSram_WriteAndVerifyPattern(uint32_t halfwordCount, uint16_t pattern)
  17:BSP/Src/bsp_sram.c **** {
  79              		.loc 1 17 1 is_stmt 1 view -0
  80              		.cfi_startproc
  81              		@ args = 0, pretend = 0, frame = 0
  82              		@ frame_needed = 0, uses_anonymous_args = 0
  83              		.loc 1 17 1 is_stmt 0 view .LVU17
  84 0000 08B5     		push	{r3, lr}
  85              	.LCFI0:
  86              		.cfi_def_cfa_offset 8
  87              		.cfi_offset 3, -8
  88              		.cfi_offset 14, -4
  89 0002 8446     		mov	ip, r0
  18:BSP/Src/bsp_sram.c ****   volatile uint16_t *memory = (volatile uint16_t *)BSP_SRAM_BASE_ADDRESS;
  90              		.loc 1 18 3 is_stmt 1 view .LVU18
  91              	.LVL5:
  19:BSP/Src/bsp_sram.c **** 
  20:BSP/Src/bsp_sram.c ****   for (uint32_t index = 0U; index < halfwordCount; index++)
  92              		.loc 1 20 3 view .LVU19
  93              	.LBB12:
  94              		.loc 1 20 8 view .LVU20
  95              		.loc 1 20 17 is_stmt 0 view .LVU21
  96 0004 0023     		movs	r3, #0
  97              		.loc 1 20 3 view .LVU22
ARM GAS  C:\Users\hh\AppData\Local\Temp\cc4uDQtZ.s 			page 3


  98 0006 04E0     		b	.L5
  99              	.LVL6:
 100              	.L6:
  21:BSP/Src/bsp_sram.c ****   {
  22:BSP/Src/bsp_sram.c ****     memory[index] = pattern;
 101              		.loc 1 22 5 is_stmt 1 view .LVU23
 102              		.loc 1 22 11 is_stmt 0 view .LVU24
 103 0008 5A00     		lsls	r2, r3, #1
 104 000a 02F1C042 		add	r2, r2, #1610612736
 105              		.loc 1 22 19 view .LVU25
 106 000e 1180     		strh	r1, [r2]	@ movhi
  20:BSP/Src/bsp_sram.c ****   {
 107              		.loc 1 20 57 is_stmt 1 discriminator 3 view .LVU26
 108 0010 0133     		adds	r3, r3, #1
 109              	.LVL7:
 110              	.L5:
  20:BSP/Src/bsp_sram.c ****   {
 111              		.loc 1 20 35 discriminator 1 view .LVU27
 112 0012 6345     		cmp	r3, ip
 113 0014 F8D3     		bcc	.L6
 114              	.LBE12:
  23:BSP/Src/bsp_sram.c ****   }
  24:BSP/Src/bsp_sram.c ****   __DSB();
 115              		.loc 1 24 3 view .LVU28
 116              	.LBB13:
 117              	.LBI13:
 118              		.file 2 "Drivers/CMSIS/Include/cmsis_gcc.h"
   1:Drivers/CMSIS/Include/cmsis_gcc.h **** /**************************************************************************//**
   2:Drivers/CMSIS/Include/cmsis_gcc.h ****  * @file     cmsis_gcc.h
   3:Drivers/CMSIS/Include/cmsis_gcc.h ****  * @brief    CMSIS compiler GCC header file
   4:Drivers/CMSIS/Include/cmsis_gcc.h ****  * @version  V5.4.1
   5:Drivers/CMSIS/Include/cmsis_gcc.h ****  * @date     27. May 2021
   6:Drivers/CMSIS/Include/cmsis_gcc.h ****  ******************************************************************************/
   7:Drivers/CMSIS/Include/cmsis_gcc.h **** /*
   8:Drivers/CMSIS/Include/cmsis_gcc.h ****  * Copyright (c) 2009-2021 Arm Limited. All rights reserved.
   9:Drivers/CMSIS/Include/cmsis_gcc.h ****  *
  10:Drivers/CMSIS/Include/cmsis_gcc.h ****  * SPDX-License-Identifier: Apache-2.0
  11:Drivers/CMSIS/Include/cmsis_gcc.h ****  *
  12:Drivers/CMSIS/Include/cmsis_gcc.h ****  * Licensed under the Apache License, Version 2.0 (the License); you may
  13:Drivers/CMSIS/Include/cmsis_gcc.h ****  * not use this file except in compliance with the License.
  14:Drivers/CMSIS/Include/cmsis_gcc.h ****  * You may obtain a copy of the License at
  15:Drivers/CMSIS/Include/cmsis_gcc.h ****  *
  16:Drivers/CMSIS/Include/cmsis_gcc.h ****  * www.apache.org/licenses/LICENSE-2.0
  17:Drivers/CMSIS/Include/cmsis_gcc.h ****  *
  18:Drivers/CMSIS/Include/cmsis_gcc.h ****  * Unless required by applicable law or agreed to in writing, software
  19:Drivers/CMSIS/Include/cmsis_gcc.h ****  * distributed under the License is distributed on an AS IS BASIS, WITHOUT
  20:Drivers/CMSIS/Include/cmsis_gcc.h ****  * WARRANTIES OR CONDITIONS OF ANY KIND, either express or implied.
  21:Drivers/CMSIS/Include/cmsis_gcc.h ****  * See the License for the specific language governing permissions and
  22:Drivers/CMSIS/Include/cmsis_gcc.h ****  * limitations under the License.
  23:Drivers/CMSIS/Include/cmsis_gcc.h ****  */
  24:Drivers/CMSIS/Include/cmsis_gcc.h **** 
  25:Drivers/CMSIS/Include/cmsis_gcc.h **** #ifndef __CMSIS_GCC_H
  26:Drivers/CMSIS/Include/cmsis_gcc.h **** #define __CMSIS_GCC_H
  27:Drivers/CMSIS/Include/cmsis_gcc.h **** 
  28:Drivers/CMSIS/Include/cmsis_gcc.h **** /* ignore some GCC warnings */
  29:Drivers/CMSIS/Include/cmsis_gcc.h **** #pragma GCC diagnostic push
  30:Drivers/CMSIS/Include/cmsis_gcc.h **** #pragma GCC diagnostic ignored "-Wsign-conversion"
ARM GAS  C:\Users\hh\AppData\Local\Temp\cc4uDQtZ.s 			page 4


  31:Drivers/CMSIS/Include/cmsis_gcc.h **** #pragma GCC diagnostic ignored "-Wconversion"
  32:Drivers/CMSIS/Include/cmsis_gcc.h **** #pragma GCC diagnostic ignored "-Wunused-parameter"
  33:Drivers/CMSIS/Include/cmsis_gcc.h **** 
  34:Drivers/CMSIS/Include/cmsis_gcc.h **** /* Fallback for __has_builtin */
  35:Drivers/CMSIS/Include/cmsis_gcc.h **** #ifndef __has_builtin
  36:Drivers/CMSIS/Include/cmsis_gcc.h ****   #define __has_builtin(x) (0)
  37:Drivers/CMSIS/Include/cmsis_gcc.h **** #endif
  38:Drivers/CMSIS/Include/cmsis_gcc.h **** 
  39:Drivers/CMSIS/Include/cmsis_gcc.h **** /* CMSIS compiler specific defines */
  40:Drivers/CMSIS/Include/cmsis_gcc.h **** #ifndef   __ASM
  41:Drivers/CMSIS/Include/cmsis_gcc.h ****   #define __ASM                                  __asm
  42:Drivers/CMSIS/Include/cmsis_gcc.h **** #endif
  43:Drivers/CMSIS/Include/cmsis_gcc.h **** #ifndef   __INLINE
  44:Drivers/CMSIS/Include/cmsis_gcc.h ****   #define __INLINE                               inline
  45:Drivers/CMSIS/Include/cmsis_gcc.h **** #endif
  46:Drivers/CMSIS/Include/cmsis_gcc.h **** #ifndef   __STATIC_INLINE
  47:Drivers/CMSIS/Include/cmsis_gcc.h ****   #define __STATIC_INLINE                        static inline
  48:Drivers/CMSIS/Include/cmsis_gcc.h **** #endif
  49:Drivers/CMSIS/Include/cmsis_gcc.h **** #ifndef   __STATIC_FORCEINLINE
  50:Drivers/CMSIS/Include/cmsis_gcc.h ****   #define __STATIC_FORCEINLINE                   __attribute__((always_inline)) static inline
  51:Drivers/CMSIS/Include/cmsis_gcc.h **** #endif
  52:Drivers/CMSIS/Include/cmsis_gcc.h **** #ifndef   __NO_RETURN
  53:Drivers/CMSIS/Include/cmsis_gcc.h ****   #define __NO_RETURN                            __attribute__((__noreturn__))
  54:Drivers/CMSIS/Include/cmsis_gcc.h **** #endif
  55:Drivers/CMSIS/Include/cmsis_gcc.h **** #ifndef   __USED
  56:Drivers/CMSIS/Include/cmsis_gcc.h ****   #define __USED                                 __attribute__((used))
  57:Drivers/CMSIS/Include/cmsis_gcc.h **** #endif
  58:Drivers/CMSIS/Include/cmsis_gcc.h **** #ifndef   __WEAK
  59:Drivers/CMSIS/Include/cmsis_gcc.h ****   #define __WEAK                                 __attribute__((weak))
  60:Drivers/CMSIS/Include/cmsis_gcc.h **** #endif
  61:Drivers/CMSIS/Include/cmsis_gcc.h **** #ifndef   __PACKED
  62:Drivers/CMSIS/Include/cmsis_gcc.h ****   #define __PACKED                               __attribute__((packed, aligned(1)))
  63:Drivers/CMSIS/Include/cmsis_gcc.h **** #endif
  64:Drivers/CMSIS/Include/cmsis_gcc.h **** #ifndef   __PACKED_STRUCT
  65:Drivers/CMSIS/Include/cmsis_gcc.h ****   #define __PACKED_STRUCT                        struct __attribute__((packed, aligned(1)))
  66:Drivers/CMSIS/Include/cmsis_gcc.h **** #endif
  67:Drivers/CMSIS/Include/cmsis_gcc.h **** #ifndef   __PACKED_UNION
  68:Drivers/CMSIS/Include/cmsis_gcc.h ****   #define __PACKED_UNION                         union __attribute__((packed, aligned(1)))
  69:Drivers/CMSIS/Include/cmsis_gcc.h **** #endif
  70:Drivers/CMSIS/Include/cmsis_gcc.h **** #ifndef   __UNALIGNED_UINT32        /* deprecated */
  71:Drivers/CMSIS/Include/cmsis_gcc.h ****   #pragma GCC diagnostic push
  72:Drivers/CMSIS/Include/cmsis_gcc.h ****   #pragma GCC diagnostic ignored "-Wpacked"
  73:Drivers/CMSIS/Include/cmsis_gcc.h ****   #pragma GCC diagnostic ignored "-Wattributes"
  74:Drivers/CMSIS/Include/cmsis_gcc.h ****   struct __attribute__((packed)) T_UINT32 { uint32_t v; };
  75:Drivers/CMSIS/Include/cmsis_gcc.h ****   #pragma GCC diagnostic pop
  76:Drivers/CMSIS/Include/cmsis_gcc.h ****   #define __UNALIGNED_UINT32(x)                  (((struct T_UINT32 *)(x))->v)
  77:Drivers/CMSIS/Include/cmsis_gcc.h **** #endif
  78:Drivers/CMSIS/Include/cmsis_gcc.h **** #ifndef   __UNALIGNED_UINT16_WRITE
  79:Drivers/CMSIS/Include/cmsis_gcc.h ****   #pragma GCC diagnostic push
  80:Drivers/CMSIS/Include/cmsis_gcc.h ****   #pragma GCC diagnostic ignored "-Wpacked"
  81:Drivers/CMSIS/Include/cmsis_gcc.h ****   #pragma GCC diagnostic ignored "-Wattributes"
  82:Drivers/CMSIS/Include/cmsis_gcc.h ****   __PACKED_STRUCT T_UINT16_WRITE { uint16_t v; };
  83:Drivers/CMSIS/Include/cmsis_gcc.h ****   #pragma GCC diagnostic pop
  84:Drivers/CMSIS/Include/cmsis_gcc.h ****   #define __UNALIGNED_UINT16_WRITE(addr, val)    (void)((((struct T_UINT16_WRITE *)(void *)(addr))-
  85:Drivers/CMSIS/Include/cmsis_gcc.h **** #endif
  86:Drivers/CMSIS/Include/cmsis_gcc.h **** #ifndef   __UNALIGNED_UINT16_READ
  87:Drivers/CMSIS/Include/cmsis_gcc.h ****   #pragma GCC diagnostic push
ARM GAS  C:\Users\hh\AppData\Local\Temp\cc4uDQtZ.s 			page 5


  88:Drivers/CMSIS/Include/cmsis_gcc.h ****   #pragma GCC diagnostic ignored "-Wpacked"
  89:Drivers/CMSIS/Include/cmsis_gcc.h ****   #pragma GCC diagnostic ignored "-Wattributes"
  90:Drivers/CMSIS/Include/cmsis_gcc.h ****   __PACKED_STRUCT T_UINT16_READ { uint16_t v; };
  91:Drivers/CMSIS/Include/cmsis_gcc.h ****   #pragma GCC diagnostic pop
  92:Drivers/CMSIS/Include/cmsis_gcc.h ****   #define __UNALIGNED_UINT16_READ(addr)          (((const struct T_UINT16_READ *)(const void *)(add
  93:Drivers/CMSIS/Include/cmsis_gcc.h **** #endif
  94:Drivers/CMSIS/Include/cmsis_gcc.h **** #ifndef   __UNALIGNED_UINT32_WRITE
  95:Drivers/CMSIS/Include/cmsis_gcc.h ****   #pragma GCC diagnostic push
  96:Drivers/CMSIS/Include/cmsis_gcc.h ****   #pragma GCC diagnostic ignored "-Wpacked"
  97:Drivers/CMSIS/Include/cmsis_gcc.h ****   #pragma GCC diagnostic ignored "-Wattributes"
  98:Drivers/CMSIS/Include/cmsis_gcc.h ****   __PACKED_STRUCT T_UINT32_WRITE { uint32_t v; };
  99:Drivers/CMSIS/Include/cmsis_gcc.h ****   #pragma GCC diagnostic pop
 100:Drivers/CMSIS/Include/cmsis_gcc.h ****   #define __UNALIGNED_UINT32_WRITE(addr, val)    (void)((((struct T_UINT32_WRITE *)(void *)(addr))-
 101:Drivers/CMSIS/Include/cmsis_gcc.h **** #endif
 102:Drivers/CMSIS/Include/cmsis_gcc.h **** #ifndef   __UNALIGNED_UINT32_READ
 103:Drivers/CMSIS/Include/cmsis_gcc.h ****   #pragma GCC diagnostic push
 104:Drivers/CMSIS/Include/cmsis_gcc.h ****   #pragma GCC diagnostic ignored "-Wpacked"
 105:Drivers/CMSIS/Include/cmsis_gcc.h ****   #pragma GCC diagnostic ignored "-Wattributes"
 106:Drivers/CMSIS/Include/cmsis_gcc.h ****   __PACKED_STRUCT T_UINT32_READ { uint32_t v; };
 107:Drivers/CMSIS/Include/cmsis_gcc.h ****   #pragma GCC diagnostic pop
 108:Drivers/CMSIS/Include/cmsis_gcc.h ****   #define __UNALIGNED_UINT32_READ(addr)          (((const struct T_UINT32_READ *)(const void *)(add
 109:Drivers/CMSIS/Include/cmsis_gcc.h **** #endif
 110:Drivers/CMSIS/Include/cmsis_gcc.h **** #ifndef   __ALIGNED
 111:Drivers/CMSIS/Include/cmsis_gcc.h ****   #define __ALIGNED(x)                           __attribute__((aligned(x)))
 112:Drivers/CMSIS/Include/cmsis_gcc.h **** #endif
 113:Drivers/CMSIS/Include/cmsis_gcc.h **** #ifndef   __RESTRICT
 114:Drivers/CMSIS/Include/cmsis_gcc.h ****   #define __RESTRICT                             __restrict
 115:Drivers/CMSIS/Include/cmsis_gcc.h **** #endif
 116:Drivers/CMSIS/Include/cmsis_gcc.h **** #ifndef   __COMPILER_BARRIER
 117:Drivers/CMSIS/Include/cmsis_gcc.h ****   #define __COMPILER_BARRIER()                   __ASM volatile("":::"memory")
 118:Drivers/CMSIS/Include/cmsis_gcc.h **** #endif
 119:Drivers/CMSIS/Include/cmsis_gcc.h **** 
 120:Drivers/CMSIS/Include/cmsis_gcc.h **** /* #########################  Startup and Lowlevel Init  ######################## */
 121:Drivers/CMSIS/Include/cmsis_gcc.h **** 
 122:Drivers/CMSIS/Include/cmsis_gcc.h **** #ifndef __PROGRAM_START
 123:Drivers/CMSIS/Include/cmsis_gcc.h **** 
 124:Drivers/CMSIS/Include/cmsis_gcc.h **** /**
 125:Drivers/CMSIS/Include/cmsis_gcc.h ****   \brief   Initializes data and bss sections
 126:Drivers/CMSIS/Include/cmsis_gcc.h ****   \details This default implementations initialized all data and additional bss
 127:Drivers/CMSIS/Include/cmsis_gcc.h ****            sections relying on .copy.table and .zero.table specified properly
 128:Drivers/CMSIS/Include/cmsis_gcc.h ****            in the used linker script.
 129:Drivers/CMSIS/Include/cmsis_gcc.h **** 
 130:Drivers/CMSIS/Include/cmsis_gcc.h ****  */
 131:Drivers/CMSIS/Include/cmsis_gcc.h **** __STATIC_FORCEINLINE __NO_RETURN void __cmsis_start(void)
 132:Drivers/CMSIS/Include/cmsis_gcc.h **** {
 133:Drivers/CMSIS/Include/cmsis_gcc.h ****   extern void _start(void) __NO_RETURN;
 134:Drivers/CMSIS/Include/cmsis_gcc.h **** 
 135:Drivers/CMSIS/Include/cmsis_gcc.h ****   typedef struct {
 136:Drivers/CMSIS/Include/cmsis_gcc.h ****     uint32_t const* src;
 137:Drivers/CMSIS/Include/cmsis_gcc.h ****     uint32_t* dest;
 138:Drivers/CMSIS/Include/cmsis_gcc.h ****     uint32_t  wlen;
 139:Drivers/CMSIS/Include/cmsis_gcc.h ****   } __copy_table_t;
 140:Drivers/CMSIS/Include/cmsis_gcc.h **** 
 141:Drivers/CMSIS/Include/cmsis_gcc.h ****   typedef struct {
 142:Drivers/CMSIS/Include/cmsis_gcc.h ****     uint32_t* dest;
 143:Drivers/CMSIS/Include/cmsis_gcc.h ****     uint32_t  wlen;
 144:Drivers/CMSIS/Include/cmsis_gcc.h ****   } __zero_table_t;
ARM GAS  C:\Users\hh\AppData\Local\Temp\cc4uDQtZ.s 			page 6


 145:Drivers/CMSIS/Include/cmsis_gcc.h **** 
 146:Drivers/CMSIS/Include/cmsis_gcc.h ****   extern const __copy_table_t __copy_table_start__;
 147:Drivers/CMSIS/Include/cmsis_gcc.h ****   extern const __copy_table_t __copy_table_end__;
 148:Drivers/CMSIS/Include/cmsis_gcc.h ****   extern const __zero_table_t __zero_table_start__;
 149:Drivers/CMSIS/Include/cmsis_gcc.h ****   extern const __zero_table_t __zero_table_end__;
 150:Drivers/CMSIS/Include/cmsis_gcc.h **** 
 151:Drivers/CMSIS/Include/cmsis_gcc.h ****   for (__copy_table_t const* pTable = &__copy_table_start__; pTable < &__copy_table_end__; ++pTable
 152:Drivers/CMSIS/Include/cmsis_gcc.h ****     for(uint32_t i=0u; i<pTable->wlen; ++i) {
 153:Drivers/CMSIS/Include/cmsis_gcc.h ****       pTable->dest[i] = pTable->src[i];
 154:Drivers/CMSIS/Include/cmsis_gcc.h ****     }
 155:Drivers/CMSIS/Include/cmsis_gcc.h ****   }
 156:Drivers/CMSIS/Include/cmsis_gcc.h **** 
 157:Drivers/CMSIS/Include/cmsis_gcc.h ****   for (__zero_table_t const* pTable = &__zero_table_start__; pTable < &__zero_table_end__; ++pTable
 158:Drivers/CMSIS/Include/cmsis_gcc.h ****     for(uint32_t i=0u; i<pTable->wlen; ++i) {
 159:Drivers/CMSIS/Include/cmsis_gcc.h ****       pTable->dest[i] = 0u;
 160:Drivers/CMSIS/Include/cmsis_gcc.h ****     }
 161:Drivers/CMSIS/Include/cmsis_gcc.h ****   }
 162:Drivers/CMSIS/Include/cmsis_gcc.h **** 
 163:Drivers/CMSIS/Include/cmsis_gcc.h ****   _start();
 164:Drivers/CMSIS/Include/cmsis_gcc.h **** }
 165:Drivers/CMSIS/Include/cmsis_gcc.h **** 
 166:Drivers/CMSIS/Include/cmsis_gcc.h **** #define __PROGRAM_START           __cmsis_start
 167:Drivers/CMSIS/Include/cmsis_gcc.h **** #endif
 168:Drivers/CMSIS/Include/cmsis_gcc.h **** 
 169:Drivers/CMSIS/Include/cmsis_gcc.h **** #ifndef __INITIAL_SP
 170:Drivers/CMSIS/Include/cmsis_gcc.h **** #define __INITIAL_SP              __StackTop
 171:Drivers/CMSIS/Include/cmsis_gcc.h **** #endif
 172:Drivers/CMSIS/Include/cmsis_gcc.h **** 
 173:Drivers/CMSIS/Include/cmsis_gcc.h **** #ifndef __STACK_LIMIT
 174:Drivers/CMSIS/Include/cmsis_gcc.h **** #define __STACK_LIMIT             __StackLimit
 175:Drivers/CMSIS/Include/cmsis_gcc.h **** #endif
 176:Drivers/CMSIS/Include/cmsis_gcc.h **** 
 177:Drivers/CMSIS/Include/cmsis_gcc.h **** #ifndef __VECTOR_TABLE
 178:Drivers/CMSIS/Include/cmsis_gcc.h **** #define __VECTOR_TABLE            __Vectors
 179:Drivers/CMSIS/Include/cmsis_gcc.h **** #endif
 180:Drivers/CMSIS/Include/cmsis_gcc.h **** 
 181:Drivers/CMSIS/Include/cmsis_gcc.h **** #ifndef __VECTOR_TABLE_ATTRIBUTE
 182:Drivers/CMSIS/Include/cmsis_gcc.h **** #define __VECTOR_TABLE_ATTRIBUTE  __attribute__((used, section(".vectors")))
 183:Drivers/CMSIS/Include/cmsis_gcc.h **** #endif
 184:Drivers/CMSIS/Include/cmsis_gcc.h **** 
 185:Drivers/CMSIS/Include/cmsis_gcc.h **** #if defined (__ARM_FEATURE_CMSE) && (__ARM_FEATURE_CMSE == 3U)
 186:Drivers/CMSIS/Include/cmsis_gcc.h **** #ifndef __STACK_SEAL
 187:Drivers/CMSIS/Include/cmsis_gcc.h **** #define __STACK_SEAL              __StackSeal
 188:Drivers/CMSIS/Include/cmsis_gcc.h **** #endif
 189:Drivers/CMSIS/Include/cmsis_gcc.h **** 
 190:Drivers/CMSIS/Include/cmsis_gcc.h **** #ifndef __TZ_STACK_SEAL_SIZE
 191:Drivers/CMSIS/Include/cmsis_gcc.h **** #define __TZ_STACK_SEAL_SIZE      8U
 192:Drivers/CMSIS/Include/cmsis_gcc.h **** #endif
 193:Drivers/CMSIS/Include/cmsis_gcc.h **** 
 194:Drivers/CMSIS/Include/cmsis_gcc.h **** #ifndef __TZ_STACK_SEAL_VALUE
 195:Drivers/CMSIS/Include/cmsis_gcc.h **** #define __TZ_STACK_SEAL_VALUE     0xFEF5EDA5FEF5EDA5ULL
 196:Drivers/CMSIS/Include/cmsis_gcc.h **** #endif
 197:Drivers/CMSIS/Include/cmsis_gcc.h **** 
 198:Drivers/CMSIS/Include/cmsis_gcc.h **** 
 199:Drivers/CMSIS/Include/cmsis_gcc.h **** __STATIC_FORCEINLINE void __TZ_set_STACKSEAL_S (uint32_t* stackTop) {
 200:Drivers/CMSIS/Include/cmsis_gcc.h ****   *((uint64_t *)stackTop) = __TZ_STACK_SEAL_VALUE;
 201:Drivers/CMSIS/Include/cmsis_gcc.h **** }
ARM GAS  C:\Users\hh\AppData\Local\Temp\cc4uDQtZ.s 			page 7


 202:Drivers/CMSIS/Include/cmsis_gcc.h **** #endif
 203:Drivers/CMSIS/Include/cmsis_gcc.h **** 
 204:Drivers/CMSIS/Include/cmsis_gcc.h **** 
 205:Drivers/CMSIS/Include/cmsis_gcc.h **** /* ##########################  Core Instruction Access  ######################### */
 206:Drivers/CMSIS/Include/cmsis_gcc.h **** /** \defgroup CMSIS_Core_InstructionInterface CMSIS Core Instruction Interface
 207:Drivers/CMSIS/Include/cmsis_gcc.h ****   Access to dedicated instructions
 208:Drivers/CMSIS/Include/cmsis_gcc.h ****   @{
 209:Drivers/CMSIS/Include/cmsis_gcc.h **** */
 210:Drivers/CMSIS/Include/cmsis_gcc.h **** 
 211:Drivers/CMSIS/Include/cmsis_gcc.h **** /* Define macros for porting to both thumb1 and thumb2.
 212:Drivers/CMSIS/Include/cmsis_gcc.h ****  * For thumb1, use low register (r0-r7), specified by constraint "l"
 213:Drivers/CMSIS/Include/cmsis_gcc.h ****  * Otherwise, use general registers, specified by constraint "r" */
 214:Drivers/CMSIS/Include/cmsis_gcc.h **** #if defined (__thumb__) && !defined (__thumb2__)
 215:Drivers/CMSIS/Include/cmsis_gcc.h **** #define __CMSIS_GCC_OUT_REG(r) "=l" (r)
 216:Drivers/CMSIS/Include/cmsis_gcc.h **** #define __CMSIS_GCC_RW_REG(r) "+l" (r)
 217:Drivers/CMSIS/Include/cmsis_gcc.h **** #define __CMSIS_GCC_USE_REG(r) "l" (r)
 218:Drivers/CMSIS/Include/cmsis_gcc.h **** #else
 219:Drivers/CMSIS/Include/cmsis_gcc.h **** #define __CMSIS_GCC_OUT_REG(r) "=r" (r)
 220:Drivers/CMSIS/Include/cmsis_gcc.h **** #define __CMSIS_GCC_RW_REG(r) "+r" (r)
 221:Drivers/CMSIS/Include/cmsis_gcc.h **** #define __CMSIS_GCC_USE_REG(r) "r" (r)
 222:Drivers/CMSIS/Include/cmsis_gcc.h **** #endif
 223:Drivers/CMSIS/Include/cmsis_gcc.h **** 
 224:Drivers/CMSIS/Include/cmsis_gcc.h **** /**
 225:Drivers/CMSIS/Include/cmsis_gcc.h ****   \brief   No Operation
 226:Drivers/CMSIS/Include/cmsis_gcc.h ****   \details No Operation does nothing. This instruction can be used for code alignment purposes.
 227:Drivers/CMSIS/Include/cmsis_gcc.h ****  */
 228:Drivers/CMSIS/Include/cmsis_gcc.h **** #define __NOP()                             __ASM volatile ("nop")
 229:Drivers/CMSIS/Include/cmsis_gcc.h **** 
 230:Drivers/CMSIS/Include/cmsis_gcc.h **** /**
 231:Drivers/CMSIS/Include/cmsis_gcc.h ****   \brief   Wait For Interrupt
 232:Drivers/CMSIS/Include/cmsis_gcc.h ****   \details Wait For Interrupt is a hint instruction that suspends execution until one of a number o
 233:Drivers/CMSIS/Include/cmsis_gcc.h ****  */
 234:Drivers/CMSIS/Include/cmsis_gcc.h **** #define __WFI()                             __ASM volatile ("wfi":::"memory")
 235:Drivers/CMSIS/Include/cmsis_gcc.h **** 
 236:Drivers/CMSIS/Include/cmsis_gcc.h **** 
 237:Drivers/CMSIS/Include/cmsis_gcc.h **** /**
 238:Drivers/CMSIS/Include/cmsis_gcc.h ****   \brief   Wait For Event
 239:Drivers/CMSIS/Include/cmsis_gcc.h ****   \details Wait For Event is a hint instruction that permits the processor to enter
 240:Drivers/CMSIS/Include/cmsis_gcc.h ****            a low-power state until one of a number of events occurs.
 241:Drivers/CMSIS/Include/cmsis_gcc.h ****  */
 242:Drivers/CMSIS/Include/cmsis_gcc.h **** #define __WFE()                             __ASM volatile ("wfe":::"memory")
 243:Drivers/CMSIS/Include/cmsis_gcc.h **** 
 244:Drivers/CMSIS/Include/cmsis_gcc.h **** 
 245:Drivers/CMSIS/Include/cmsis_gcc.h **** /**
 246:Drivers/CMSIS/Include/cmsis_gcc.h ****   \brief   Send Event
 247:Drivers/CMSIS/Include/cmsis_gcc.h ****   \details Send Event is a hint instruction. It causes an event to be signaled to the CPU.
 248:Drivers/CMSIS/Include/cmsis_gcc.h ****  */
 249:Drivers/CMSIS/Include/cmsis_gcc.h **** #define __SEV()                             __ASM volatile ("sev")
 250:Drivers/CMSIS/Include/cmsis_gcc.h **** 
 251:Drivers/CMSIS/Include/cmsis_gcc.h **** 
 252:Drivers/CMSIS/Include/cmsis_gcc.h **** /**
 253:Drivers/CMSIS/Include/cmsis_gcc.h ****   \brief   Instruction Synchronization Barrier
 254:Drivers/CMSIS/Include/cmsis_gcc.h ****   \details Instruction Synchronization Barrier flushes the pipeline in the processor,
 255:Drivers/CMSIS/Include/cmsis_gcc.h ****            so that all instructions following the ISB are fetched from cache or memory,
 256:Drivers/CMSIS/Include/cmsis_gcc.h ****            after the instruction has been completed.
 257:Drivers/CMSIS/Include/cmsis_gcc.h ****  */
 258:Drivers/CMSIS/Include/cmsis_gcc.h **** __STATIC_FORCEINLINE void __ISB(void)
ARM GAS  C:\Users\hh\AppData\Local\Temp\cc4uDQtZ.s 			page 8


 259:Drivers/CMSIS/Include/cmsis_gcc.h **** {
 260:Drivers/CMSIS/Include/cmsis_gcc.h ****   __ASM volatile ("isb 0xF":::"memory");
 261:Drivers/CMSIS/Include/cmsis_gcc.h **** }
 262:Drivers/CMSIS/Include/cmsis_gcc.h **** 
 263:Drivers/CMSIS/Include/cmsis_gcc.h **** 
 264:Drivers/CMSIS/Include/cmsis_gcc.h **** /**
 265:Drivers/CMSIS/Include/cmsis_gcc.h ****   \brief   Data Synchronization Barrier
 266:Drivers/CMSIS/Include/cmsis_gcc.h ****   \details Acts as a special kind of Data Memory Barrier.
 267:Drivers/CMSIS/Include/cmsis_gcc.h ****            It completes when all explicit memory accesses before this instruction complete.
 268:Drivers/CMSIS/Include/cmsis_gcc.h ****  */
 269:Drivers/CMSIS/Include/cmsis_gcc.h **** __STATIC_FORCEINLINE void __DSB(void)
 119              		.loc 2 269 27 view .LVU29
 120              	.LBB14:
 270:Drivers/CMSIS/Include/cmsis_gcc.h **** {
 271:Drivers/CMSIS/Include/cmsis_gcc.h ****   __ASM volatile ("dsb 0xF":::"memory");
 121              		.loc 2 271 3 view .LVU30
 122              		.syntax unified
 123              	@ 271 "Drivers/CMSIS/Include/cmsis_gcc.h" 1
 124 0016 BFF34F8F 		dsb 0xF
 125              	@ 0 "" 2
 126              		.thumb
 127              		.syntax unified
 128              	.LBE14:
 129              	.LBE13:
  25:BSP/Src/bsp_sram.c **** 
  26:BSP/Src/bsp_sram.c ****   for (uint32_t index = 0U; index < halfwordCount; index++)
 130              		.loc 1 26 3 view .LVU31
 131              	.LBB15:
 132              		.loc 1 26 8 view .LVU32
 133              	.LVL8:
 134              		.loc 1 26 17 is_stmt 0 view .LVU33
 135 001a 0020     		movs	r0, #0
 136              	.LVL9:
 137              		.loc 1 26 3 view .LVU34
 138 001c 00E0     		b	.L7
 139              	.LVL10:
 140              	.L8:
 141              		.loc 1 26 57 is_stmt 1 discriminator 2 view .LVU35
 142 001e 0130     		adds	r0, r0, #1
 143              	.LVL11:
 144              	.L7:
 145              		.loc 1 26 35 discriminator 1 view .LVU36
 146 0020 6045     		cmp	r0, ip
 147 0022 0AD2     		bcs	.L12
 148              	.LBB16:
  27:BSP/Src/bsp_sram.c ****   {
  28:BSP/Src/bsp_sram.c ****     uint16_t actual = memory[index];
 149              		.loc 1 28 5 view .LVU37
 150              		.loc 1 28 29 is_stmt 0 view .LVU38
 151 0024 4300     		lsls	r3, r0, #1
 152 0026 03F1C043 		add	r3, r3, #1610612736
 153              		.loc 1 28 14 view .LVU39
 154 002a 1A88     		ldrh	r2, [r3]
 155 002c 92B2     		uxth	r2, r2
 156              	.LVL12:
  29:BSP/Src/bsp_sram.c **** 
  30:BSP/Src/bsp_sram.c ****     if (actual != pattern)
ARM GAS  C:\Users\hh\AppData\Local\Temp\cc4uDQtZ.s 			page 9


 157              		.loc 1 30 5 is_stmt 1 view .LVU40
 158              		.loc 1 30 8 is_stmt 0 view .LVU41
 159 002e 8A42     		cmp	r2, r1
 160 0030 F5D0     		beq	.L8
  31:BSP/Src/bsp_sram.c ****     {
  32:BSP/Src/bsp_sram.c ****       BspSram_RecordFailure(index, pattern, actual);
 161              		.loc 1 32 7 is_stmt 1 view .LVU42
 162 0032 FFF7FEFF 		bl	BspSram_RecordFailure
 163              	.LVL13:
  33:BSP/Src/bsp_sram.c ****       return HAL_ERROR;
 164              		.loc 1 33 7 view .LVU43
 165              		.loc 1 33 14 is_stmt 0 view .LVU44
 166 0036 0120     		movs	r0, #1
 167 0038 00E0     		b	.L9
 168              	.LVL14:
 169              	.L12:
 170              		.loc 1 33 14 view .LVU45
 171              	.LBE16:
 172              	.LBE15:
  34:BSP/Src/bsp_sram.c ****     }
  35:BSP/Src/bsp_sram.c ****   }
  36:BSP/Src/bsp_sram.c **** 
  37:BSP/Src/bsp_sram.c ****   return HAL_OK;
 173              		.loc 1 37 10 view .LVU46
 174 003a 0020     		movs	r0, #0
 175              	.LVL15:
 176              	.L9:
  38:BSP/Src/bsp_sram.c **** }
 177              		.loc 1 38 1 view .LVU47
 178 003c 08BD     		pop	{r3, pc}
 179              		.cfi_endproc
 180              	.LFE147:
 182              		.section	.text.BspSram_WriteAndVerifyAddressPattern,"ax",%progbits
 183              		.align	1
 184              		.syntax unified
 185              		.thumb
 186              		.thumb_func
 188              	BspSram_WriteAndVerifyAddressPattern:
 189              	.LVL16:
 190              	.LFB148:
  39:BSP/Src/bsp_sram.c **** 
  40:BSP/Src/bsp_sram.c **** static HAL_StatusTypeDef BspSram_WriteAndVerifyAddressPattern(uint32_t halfwordCount)
  41:BSP/Src/bsp_sram.c **** {
 191              		.loc 1 41 1 is_stmt 1 view -0
 192              		.cfi_startproc
 193              		@ args = 0, pretend = 0, frame = 0
 194              		@ frame_needed = 0, uses_anonymous_args = 0
 195              		.loc 1 41 1 is_stmt 0 view .LVU49
 196 0000 08B5     		push	{r3, lr}
 197              	.LCFI1:
 198              		.cfi_def_cfa_offset 8
 199              		.cfi_offset 3, -8
 200              		.cfi_offset 14, -4
 201 0002 8446     		mov	ip, r0
  42:BSP/Src/bsp_sram.c ****   volatile uint16_t *memory = (volatile uint16_t *)BSP_SRAM_BASE_ADDRESS;
 202              		.loc 1 42 3 is_stmt 1 view .LVU50
 203              	.LVL17:
ARM GAS  C:\Users\hh\AppData\Local\Temp\cc4uDQtZ.s 			page 10


  43:BSP/Src/bsp_sram.c **** 
  44:BSP/Src/bsp_sram.c ****   for (uint32_t index = 0U; index < halfwordCount; index++)
 204              		.loc 1 44 3 view .LVU51
 205              	.LBB17:
 206              		.loc 1 44 8 view .LVU52
 207              		.loc 1 44 17 is_stmt 0 view .LVU53
 208 0004 0022     		movs	r2, #0
 209              		.loc 1 44 3 view .LVU54
 210 0006 08E0     		b	.L14
 211              	.LVL18:
 212              	.L15:
  45:BSP/Src/bsp_sram.c ****   {
  46:BSP/Src/bsp_sram.c ****     memory[index] = (uint16_t)(0xA5A5U ^ index);
 213              		.loc 1 46 5 is_stmt 1 view .LVU55
 214              		.loc 1 46 11 is_stmt 0 view .LVU56
 215 0008 5100     		lsls	r1, r2, #1
 216 000a 01F1C041 		add	r1, r1, #1610612736
 217              		.loc 1 46 21 view .LVU57
 218 000e 4AF2A553 		movw	r3, #42405
 219 0012 5340     		eors	r3, r3, r2
 220 0014 9BB2     		uxth	r3, r3
 221              		.loc 1 46 19 view .LVU58
 222 0016 0B80     		strh	r3, [r1]	@ movhi
  44:BSP/Src/bsp_sram.c ****   {
 223              		.loc 1 44 57 is_stmt 1 discriminator 3 view .LVU59
 224 0018 0132     		adds	r2, r2, #1
 225              	.LVL19:
 226              	.L14:
  44:BSP/Src/bsp_sram.c ****   {
 227              		.loc 1 44 35 discriminator 1 view .LVU60
 228 001a 6245     		cmp	r2, ip
 229 001c F4D3     		bcc	.L15
 230              	.LBE17:
  47:BSP/Src/bsp_sram.c ****   }
  48:BSP/Src/bsp_sram.c ****   __DSB();
 231              		.loc 1 48 3 view .LVU61
 232              	.LBB18:
 233              	.LBI18:
 269:Drivers/CMSIS/Include/cmsis_gcc.h **** {
 234              		.loc 2 269 27 view .LVU62
 235              	.LBB19:
 236              		.loc 2 271 3 view .LVU63
 237              		.syntax unified
 238              	@ 271 "Drivers/CMSIS/Include/cmsis_gcc.h" 1
 239 001e BFF34F8F 		dsb 0xF
 240              	@ 0 "" 2
 241              		.thumb
 242              		.syntax unified
 243              	.LBE19:
 244              	.LBE18:
  49:BSP/Src/bsp_sram.c **** 
  50:BSP/Src/bsp_sram.c ****   for (uint32_t index = 0U; index < halfwordCount; index++)
 245              		.loc 1 50 3 view .LVU64
 246              	.LBB20:
 247              		.loc 1 50 8 view .LVU65
 248              	.LVL20:
 249              		.loc 1 50 17 is_stmt 0 view .LVU66
ARM GAS  C:\Users\hh\AppData\Local\Temp\cc4uDQtZ.s 			page 11


 250 0022 0020     		movs	r0, #0
 251              	.LVL21:
 252              		.loc 1 50 3 view .LVU67
 253 0024 00E0     		b	.L16
 254              	.LVL22:
 255              	.L17:
 256              		.loc 1 50 57 is_stmt 1 discriminator 2 view .LVU68
 257 0026 0130     		adds	r0, r0, #1
 258              	.LVL23:
 259              	.L16:
 260              		.loc 1 50 35 discriminator 1 view .LVU69
 261 0028 6045     		cmp	r0, ip
 262 002a 0ED2     		bcs	.L21
 263              	.LBB21:
  51:BSP/Src/bsp_sram.c ****   {
  52:BSP/Src/bsp_sram.c ****     uint16_t expected = (uint16_t)(0xA5A5U ^ index);
 264              		.loc 1 52 5 view .LVU70
 265              		.loc 1 52 25 is_stmt 0 view .LVU71
 266 002c 83B2     		uxth	r3, r0
 267              		.loc 1 52 14 view .LVU72
 268 002e 4AF2A551 		movw	r1, #42405
 269 0032 5940     		eors	r1, r1, r3
 270              	.LVL24:
  53:BSP/Src/bsp_sram.c ****     uint16_t actual = memory[index];
 271              		.loc 1 53 5 is_stmt 1 view .LVU73
 272              		.loc 1 53 29 is_stmt 0 view .LVU74
 273 0034 4300     		lsls	r3, r0, #1
 274 0036 03F1C043 		add	r3, r3, #1610612736
 275              		.loc 1 53 14 view .LVU75
 276 003a 1A88     		ldrh	r2, [r3]
 277 003c 92B2     		uxth	r2, r2
 278              	.LVL25:
  54:BSP/Src/bsp_sram.c **** 
  55:BSP/Src/bsp_sram.c ****     if (actual != expected)
 279              		.loc 1 55 5 is_stmt 1 view .LVU76
 280              		.loc 1 55 8 is_stmt 0 view .LVU77
 281 003e 9142     		cmp	r1, r2
 282 0040 F1D0     		beq	.L17
  56:BSP/Src/bsp_sram.c ****     {
  57:BSP/Src/bsp_sram.c ****       BspSram_RecordFailure(index, expected, actual);
 283              		.loc 1 57 7 is_stmt 1 view .LVU78
 284 0042 FFF7FEFF 		bl	BspSram_RecordFailure
 285              	.LVL26:
  58:BSP/Src/bsp_sram.c ****       return HAL_ERROR;
 286              		.loc 1 58 7 view .LVU79
 287              		.loc 1 58 14 is_stmt 0 view .LVU80
 288 0046 0120     		movs	r0, #1
 289 0048 00E0     		b	.L18
 290              	.LVL27:
 291              	.L21:
 292              		.loc 1 58 14 view .LVU81
 293              	.LBE21:
 294              	.LBE20:
  59:BSP/Src/bsp_sram.c ****     }
  60:BSP/Src/bsp_sram.c ****   }
  61:BSP/Src/bsp_sram.c **** 
  62:BSP/Src/bsp_sram.c ****   return HAL_OK;
ARM GAS  C:\Users\hh\AppData\Local\Temp\cc4uDQtZ.s 			page 12


 295              		.loc 1 62 10 view .LVU82
 296 004a 0020     		movs	r0, #0
 297              	.LVL28:
 298              	.L18:
  63:BSP/Src/bsp_sram.c **** }
 299              		.loc 1 63 1 view .LVU83
 300 004c 08BD     		pop	{r3, pc}
 301              		.cfi_endproc
 302              	.LFE148:
 304              		.section	.text.BspSram_Init,"ax",%progbits
 305              		.align	1
 306              		.global	BspSram_Init
 307              		.syntax unified
 308              		.thumb
 309              		.thumb_func
 311              	BspSram_Init:
 312              	.LFB149:
  64:BSP/Src/bsp_sram.c **** 
  65:BSP/Src/bsp_sram.c **** void BspSram_Init(void)
  66:BSP/Src/bsp_sram.c **** {
 313              		.loc 1 66 1 is_stmt 1 view -0
 314              		.cfi_startproc
 315              		@ args = 0, pretend = 0, frame = 0
 316              		@ frame_needed = 0, uses_anonymous_args = 0
 317 0000 10B5     		push	{r4, lr}
 318              	.LCFI2:
 319              		.cfi_def_cfa_offset 8
 320              		.cfi_offset 4, -8
 321              		.cfi_offset 14, -4
  67:BSP/Src/bsp_sram.c ****   memset(&sramStatus, 0, sizeof(sramStatus));
 322              		.loc 1 67 3 view .LVU85
 323 0002 074C     		ldr	r4, .L24
 324 0004 2822     		movs	r2, #40
 325 0006 0021     		movs	r1, #0
 326 0008 2046     		mov	r0, r4
 327 000a FFF7FEFF 		bl	memset
 328              	.LVL29:
  68:BSP/Src/bsp_sram.c ****   sramStatus.baseAddress = BSP_SRAM_BASE_ADDRESS;
 329              		.loc 1 68 3 view .LVU86
 330              		.loc 1 68 26 is_stmt 0 view .LVU87
 331 000e 4FF0C043 		mov	r3, #1610612736
 332 0012 2360     		str	r3, [r4]
  69:BSP/Src/bsp_sram.c ****   sramStatus.sizeBytes = BSP_SRAM_SIZE_BYTES;
 333              		.loc 1 69 3 is_stmt 1 view .LVU88
 334              		.loc 1 69 24 is_stmt 0 view .LVU89
 335 0014 4FF48013 		mov	r3, #1048576
 336 0018 6360     		str	r3, [r4, #4]
  70:BSP/Src/bsp_sram.c ****   sramStatus.busWidthBits = BSP_SRAM_BUS_WIDTH_BITS;
 337              		.loc 1 70 3 is_stmt 1 view .LVU90
 338              		.loc 1 70 27 is_stmt 0 view .LVU91
 339 001a 1023     		movs	r3, #16
 340 001c 2372     		strb	r3, [r4, #8]
  71:BSP/Src/bsp_sram.c ****   sramStatus.lastResult = HAL_OK;
 341              		.loc 1 71 3 is_stmt 1 view .LVU92
  72:BSP/Src/bsp_sram.c **** }
 342              		.loc 1 72 1 is_stmt 0 view .LVU93
 343 001e 10BD     		pop	{r4, pc}
ARM GAS  C:\Users\hh\AppData\Local\Temp\cc4uDQtZ.s 			page 13


 344              	.L25:
 345              		.align	2
 346              	.L24:
 347 0020 00000000 		.word	sramStatus
 348              		.cfi_endproc
 349              	.LFE149:
 351              		.section	.text.BspSram_RunSelfTest,"ax",%progbits
 352              		.align	1
 353              		.global	BspSram_RunSelfTest
 354              		.syntax unified
 355              		.thumb
 356              		.thumb_func
 358              	BspSram_RunSelfTest:
 359              	.LVL30:
 360              	.LFB150:
  73:BSP/Src/bsp_sram.c **** 
  74:BSP/Src/bsp_sram.c **** HAL_StatusTypeDef BspSram_RunSelfTest(uint32_t bytes)
  75:BSP/Src/bsp_sram.c **** {
 361              		.loc 1 75 1 is_stmt 1 view -0
 362              		.cfi_startproc
 363              		@ args = 0, pretend = 0, frame = 0
 364              		@ frame_needed = 0, uses_anonymous_args = 0
 365              		.loc 1 75 1 is_stmt 0 view .LVU95
 366 0000 70B5     		push	{r4, r5, r6, lr}
 367              	.LCFI3:
 368              		.cfi_def_cfa_offset 16
 369              		.cfi_offset 4, -16
 370              		.cfi_offset 5, -12
 371              		.cfi_offset 6, -8
 372              		.cfi_offset 14, -4
  76:BSP/Src/bsp_sram.c ****   static const uint16_t patterns[] = {0x0000U, 0xFFFFU, 0xAAAAU, 0x5555U};
 373              		.loc 1 76 3 is_stmt 1 view .LVU96
  77:BSP/Src/bsp_sram.c ****   uint32_t halfwordCount;
 374              		.loc 1 77 3 view .LVU97
  78:BSP/Src/bsp_sram.c **** 
  79:BSP/Src/bsp_sram.c ****   if (bytes == 0U)
 375              		.loc 1 79 3 view .LVU98
 376              		.loc 1 79 6 is_stmt 0 view .LVU99
 377 0002 30B1     		cbz	r0, .L32
 378 0004 0346     		mov	r3, r0
  80:BSP/Src/bsp_sram.c ****   {
  81:BSP/Src/bsp_sram.c ****     bytes = BSP_SRAM_DEFAULT_TEST_BYTES;
  82:BSP/Src/bsp_sram.c ****   }
  83:BSP/Src/bsp_sram.c **** 
  84:BSP/Src/bsp_sram.c ****   if (bytes > BSP_SRAM_SIZE_BYTES)
 379              		.loc 1 84 3 is_stmt 1 view .LVU100
 380              		.loc 1 84 6 is_stmt 0 view .LVU101
 381 0006 B0F5801F 		cmp	r0, #1048576
 382 000a 04D9     		bls	.L27
  85:BSP/Src/bsp_sram.c ****   {
  86:BSP/Src/bsp_sram.c ****     bytes = BSP_SRAM_SIZE_BYTES;
  87:BSP/Src/bsp_sram.c ****   }
  88:BSP/Src/bsp_sram.c **** 
  89:BSP/Src/bsp_sram.c ****   bytes &= ~1UL;
 383              		.loc 1 89 9 view .LVU102
 384 000c 4FF48014 		mov	r4, #1048576
 385 0010 04E0     		b	.L28
ARM GAS  C:\Users\hh\AppData\Local\Temp\cc4uDQtZ.s 			page 14


 386              	.L32:
  81:BSP/Src/bsp_sram.c ****   }
 387              		.loc 1 81 11 view .LVU103
 388 0012 4FF48033 		mov	r3, #65536
 389              	.L27:
 390              	.LVL31:
 391              		.loc 1 89 3 is_stmt 1 view .LVU104
  90:BSP/Src/bsp_sram.c ****   if (bytes == 0U)
 392              		.loc 1 90 3 view .LVU105
 393              		.loc 1 90 6 is_stmt 0 view .LVU106
 394 0016 33F00104 		bics	r4, r3, #1
 395              	.LVL32:
 396              		.loc 1 90 6 view .LVU107
 397 001a 2AD0     		beq	.L38
 398              	.LVL33:
 399              	.L28:
  91:BSP/Src/bsp_sram.c ****   {
  92:BSP/Src/bsp_sram.c ****     return HAL_ERROR;
  93:BSP/Src/bsp_sram.c ****   }
  94:BSP/Src/bsp_sram.c **** 
  95:BSP/Src/bsp_sram.c ****   sramStatus.lastTestBytes = bytes;
 400              		.loc 1 95 3 is_stmt 1 view .LVU108
 401              		.loc 1 95 28 is_stmt 0 view .LVU109
 402 001c 184D     		ldr	r5, .L41
 403 001e EC60     		str	r4, [r5, #12]
  96:BSP/Src/bsp_sram.c ****   sramStatus.lastTestTick = HAL_GetTick();
 404              		.loc 1 96 3 is_stmt 1 view .LVU110
 405              		.loc 1 96 29 is_stmt 0 view .LVU111
 406 0020 FFF7FEFF 		bl	HAL_GetTick
 407              	.LVL34:
 408              		.loc 1 96 27 discriminator 1 view .LVU112
 409 0024 2861     		str	r0, [r5, #16]
  97:BSP/Src/bsp_sram.c ****   sramStatus.lastFailedAddress = 0U;
 410              		.loc 1 97 3 is_stmt 1 view .LVU113
 411              		.loc 1 97 32 is_stmt 0 view .LVU114
 412 0026 0023     		movs	r3, #0
 413 0028 6B61     		str	r3, [r5, #20]
  98:BSP/Src/bsp_sram.c ****   sramStatus.expected = 0U;
 414              		.loc 1 98 3 is_stmt 1 view .LVU115
 415              		.loc 1 98 23 is_stmt 0 view .LVU116
 416 002a 2B84     		strh	r3, [r5, #32]	@ movhi
  99:BSP/Src/bsp_sram.c ****   sramStatus.actual = 0U;
 417              		.loc 1 99 3 is_stmt 1 view .LVU117
 418              		.loc 1 99 21 is_stmt 0 view .LVU118
 419 002c 6B84     		strh	r3, [r5, #34]	@ movhi
 100:BSP/Src/bsp_sram.c ****   sramStatus.lastResult = HAL_BUSY;
 420              		.loc 1 100 3 is_stmt 1 view .LVU119
 421              		.loc 1 100 25 is_stmt 0 view .LVU120
 422 002e 0223     		movs	r3, #2
 423 0030 85F82430 		strb	r3, [r5, #36]
 101:BSP/Src/bsp_sram.c **** 
 102:BSP/Src/bsp_sram.c ****   halfwordCount = bytes / sizeof(uint16_t);
 424              		.loc 1 102 3 is_stmt 1 view .LVU121
 425              		.loc 1 102 17 is_stmt 0 view .LVU122
 426 0034 6408     		lsrs	r4, r4, #1
 427              	.LVL35:
 103:BSP/Src/bsp_sram.c **** 
ARM GAS  C:\Users\hh\AppData\Local\Temp\cc4uDQtZ.s 			page 15


 104:BSP/Src/bsp_sram.c ****   if (BspSram_WriteAndVerifyAddressPattern(halfwordCount) != HAL_OK)
 428              		.loc 1 104 3 is_stmt 1 view .LVU123
 429              		.loc 1 104 7 is_stmt 0 view .LVU124
 430 0036 2046     		mov	r0, r4
 431 0038 FFF7FEFF 		bl	BspSram_WriteAndVerifyAddressPattern
 432              	.LVL36:
 433              		.loc 1 104 6 discriminator 1 view .LVU125
 434 003c 0646     		mov	r6, r0
 435 003e D8B9     		cbnz	r0, .L35
 436              	.LBB22:
 105:BSP/Src/bsp_sram.c ****   {
 106:BSP/Src/bsp_sram.c ****     return HAL_ERROR;
 107:BSP/Src/bsp_sram.c ****   }
 108:BSP/Src/bsp_sram.c **** 
 109:BSP/Src/bsp_sram.c ****   for (uint32_t index = 0U; index < (sizeof(patterns) / sizeof(patterns[0])); index++)
 437              		.loc 1 109 17 view .LVU126
 438 0040 0546     		mov	r5, r0
 439 0042 00E0     		b	.L30
 440              	.LVL37:
 441              	.L40:
 442              		.loc 1 109 84 is_stmt 1 discriminator 2 view .LVU127
 443 0044 0135     		adds	r5, r5, #1
 444              	.LVL38:
 445              	.L30:
 446              		.loc 1 109 35 discriminator 1 view .LVU128
 447 0046 032D     		cmp	r5, #3
 448 0048 0AD8     		bhi	.L39
 110:BSP/Src/bsp_sram.c ****   {
 111:BSP/Src/bsp_sram.c ****     if (BspSram_WriteAndVerifyPattern(halfwordCount, patterns[index]) != HAL_OK)
 449              		.loc 1 111 5 view .LVU129
 450              		.loc 1 111 9 is_stmt 0 view .LVU130
 451 004a 0E4B     		ldr	r3, .L41+4
 452 004c 33F81510 		ldrh	r1, [r3, r5, lsl #1]
 453 0050 2046     		mov	r0, r4
 454 0052 FFF7FEFF 		bl	BspSram_WriteAndVerifyPattern
 455              	.LVL39:
 456              		.loc 1 111 8 discriminator 1 view .LVU131
 457 0056 0028     		cmp	r0, #0
 458 0058 F4D0     		beq	.L40
 112:BSP/Src/bsp_sram.c ****     {
 113:BSP/Src/bsp_sram.c ****       return HAL_ERROR;
 459              		.loc 1 113 14 view .LVU132
 460 005a 0123     		movs	r3, #1
 461 005c 1E46     		mov	r6, r3
 462 005e 06E0     		b	.L29
 463              	.L39:
 464              		.loc 1 113 14 view .LVU133
 465              	.LBE22:
 114:BSP/Src/bsp_sram.c ****     }
 115:BSP/Src/bsp_sram.c ****   }
 116:BSP/Src/bsp_sram.c **** 
 117:BSP/Src/bsp_sram.c ****   sramStatus.lastResult = HAL_OK;
 466              		.loc 1 117 3 is_stmt 1 view .LVU134
 467              		.loc 1 117 25 is_stmt 0 view .LVU135
 468 0060 074B     		ldr	r3, .L41
 469 0062 0022     		movs	r2, #0
 470 0064 83F82420 		strb	r2, [r3, #36]
ARM GAS  C:\Users\hh\AppData\Local\Temp\cc4uDQtZ.s 			page 16


 118:BSP/Src/bsp_sram.c ****   sramStatus.passCount++;
 471              		.loc 1 118 3 is_stmt 1 view .LVU136
 472              		.loc 1 118 13 is_stmt 0 view .LVU137
 473 0068 9A69     		ldr	r2, [r3, #24]
 474              		.loc 1 118 23 view .LVU138
 475 006a 0132     		adds	r2, r2, #1
 476 006c 9A61     		str	r2, [r3, #24]
 119:BSP/Src/bsp_sram.c ****   return HAL_OK;
 477              		.loc 1 119 3 is_stmt 1 view .LVU139
 478              	.LVL40:
 479              	.L29:
 120:BSP/Src/bsp_sram.c **** }
 480              		.loc 1 120 1 is_stmt 0 view .LVU140
 481 006e 3046     		mov	r0, r6
 482 0070 70BD     		pop	{r4, r5, r6, pc}
 483              	.LVL41:
 484              	.L38:
  92:BSP/Src/bsp_sram.c ****   }
 485              		.loc 1 92 12 view .LVU141
 486 0072 0123     		movs	r3, #1
 487 0074 1E46     		mov	r6, r3
 488 0076 FAE7     		b	.L29
 489              	.LVL42:
 490              	.L35:
 106:BSP/Src/bsp_sram.c ****   }
 491              		.loc 1 106 12 view .LVU142
 492 0078 0123     		movs	r3, #1
 493 007a 1E46     		mov	r6, r3
 494 007c F7E7     		b	.L29
 495              	.L42:
 496 007e 00BF     		.align	2
 497              	.L41:
 498 0080 00000000 		.word	sramStatus
 499 0084 00000000 		.word	patterns.0
 500              		.cfi_endproc
 501              	.LFE150:
 503              		.section	.text.BspSram_GetStatus,"ax",%progbits
 504              		.align	1
 505              		.global	BspSram_GetStatus
 506              		.syntax unified
 507              		.thumb
 508              		.thumb_func
 510              	BspSram_GetStatus:
 511              	.LVL43:
 512              	.LFB151:
 121:BSP/Src/bsp_sram.c **** 
 122:BSP/Src/bsp_sram.c **** BspSram_Status BspSram_GetStatus(void)
 123:BSP/Src/bsp_sram.c **** {
 513              		.loc 1 123 1 is_stmt 1 view -0
 514              		.cfi_startproc
 515              		@ args = 0, pretend = 0, frame = 0
 516              		@ frame_needed = 0, uses_anonymous_args = 0
 517              		.loc 1 123 1 is_stmt 0 view .LVU144
 518 0000 10B5     		push	{r4, lr}
 519              	.LCFI4:
 520              		.cfi_def_cfa_offset 8
 521              		.cfi_offset 4, -8
ARM GAS  C:\Users\hh\AppData\Local\Temp\cc4uDQtZ.s 			page 17


 522              		.cfi_offset 14, -4
 523 0002 0446     		mov	r4, r0
 124:BSP/Src/bsp_sram.c ****   return sramStatus;
 524              		.loc 1 124 3 is_stmt 1 view .LVU145
 525              		.loc 1 124 10 is_stmt 0 view .LVU146
 526 0004 8446     		mov	ip, r0
 527 0006 DFF820E0 		ldr	lr, .L45
 528 000a BEE80F00 		ldmia	lr!, {r0, r1, r2, r3}
 529              	.LVL44:
 530              		.loc 1 124 10 view .LVU147
 531 000e ACE80F00 		stmia	ip!, {r0, r1, r2, r3}
 532 0012 BEE80F00 		ldmia	lr!, {r0, r1, r2, r3}
 533 0016 ACE80F00 		stmia	ip!, {r0, r1, r2, r3}
 534 001a 9EE80300 		ldm	lr, {r0, r1}
 535 001e 8CE80300 		stm	ip, {r0, r1}
 125:BSP/Src/bsp_sram.c **** }
 536              		.loc 1 125 1 view .LVU148
 537 0022 2046     		mov	r0, r4
 538 0024 10BD     		pop	{r4, pc}
 539              	.LVL45:
 540              	.L46:
 541              		.loc 1 125 1 view .LVU149
 542 0026 00BF     		.align	2
 543              	.L45:
 544 0028 00000000 		.word	sramStatus
 545              		.cfi_endproc
 546              	.LFE151:
 548              		.section	.rodata.BspSram_GetResultName.str1.4,"aMS",%progbits,1
 549              		.align	2
 550              	.LC0:
 551 0000 4F4B00   		.ascii	"OK\000"
 552 0003 00       		.align	2
 553              	.LC1:
 554 0004 45525200 		.ascii	"ERR\000"
 555              		.align	2
 556              	.LC2:
 557 0008 42555359 		.ascii	"BUSY\000"
 557      00
 558 000d 000000   		.align	2
 559              	.LC3:
 560 0010 54494D45 		.ascii	"TIMEOUT\000"
 560      4F555400 
 561              		.align	2
 562              	.LC4:
 563 0018 554E4B4E 		.ascii	"UNKNOWN\000"
 563      4F574E00 
 564              		.section	.text.BspSram_GetResultName,"ax",%progbits
 565              		.align	1
 566              		.global	BspSram_GetResultName
 567              		.syntax unified
 568              		.thumb
 569              		.thumb_func
 571              	BspSram_GetResultName:
 572              	.LVL46:
 573              	.LFB152:
 126:BSP/Src/bsp_sram.c **** 
 127:BSP/Src/bsp_sram.c **** const char *BspSram_GetResultName(HAL_StatusTypeDef result)
ARM GAS  C:\Users\hh\AppData\Local\Temp\cc4uDQtZ.s 			page 18


 128:BSP/Src/bsp_sram.c **** {
 574              		.loc 1 128 1 is_stmt 1 view -0
 575              		.cfi_startproc
 576              		@ args = 0, pretend = 0, frame = 0
 577              		@ frame_needed = 0, uses_anonymous_args = 0
 578              		@ link register save eliminated.
 129:BSP/Src/bsp_sram.c ****   switch (result)
 579              		.loc 1 129 3 view .LVU151
 580 0000 0228     		cmp	r0, #2
 581 0002 09D0     		beq	.L50
 582 0004 04D8     		bhi	.L49
 583 0006 48B1     		cbz	r0, .L51
 584 0008 0128     		cmp	r0, #1
 585 000a 09D1     		bne	.L52
 130:BSP/Src/bsp_sram.c ****   {
 131:BSP/Src/bsp_sram.c ****     case HAL_OK:
 132:BSP/Src/bsp_sram.c ****       return "OK";
 133:BSP/Src/bsp_sram.c ****     case HAL_ERROR:
 134:BSP/Src/bsp_sram.c ****       return "ERR";
 586              		.loc 1 134 14 is_stmt 0 view .LVU152
 587 000c 0648     		ldr	r0, .L54
 588              	.LVL47:
 589              		.loc 1 134 14 view .LVU153
 590 000e 7047     		bx	lr
 591              	.LVL48:
 592              	.L49:
 129:BSP/Src/bsp_sram.c ****   switch (result)
 593              		.loc 1 129 3 view .LVU154
 594 0010 0328     		cmp	r0, #3
 595 0012 07D1     		bne	.L53
 135:BSP/Src/bsp_sram.c ****     case HAL_BUSY:
 136:BSP/Src/bsp_sram.c ****       return "BUSY";
 137:BSP/Src/bsp_sram.c ****     case HAL_TIMEOUT:
 138:BSP/Src/bsp_sram.c ****       return "TIMEOUT";
 596              		.loc 1 138 14 view .LVU155
 597 0014 0548     		ldr	r0, .L54+4
 598              	.LVL49:
 599              		.loc 1 138 14 view .LVU156
 600 0016 7047     		bx	lr
 601              	.LVL50:
 602              	.L50:
 136:BSP/Src/bsp_sram.c ****     case HAL_TIMEOUT:
 603              		.loc 1 136 14 view .LVU157
 604 0018 0548     		ldr	r0, .L54+8
 605              	.LVL51:
 136:BSP/Src/bsp_sram.c ****     case HAL_TIMEOUT:
 606              		.loc 1 136 14 view .LVU158
 607 001a 7047     		bx	lr
 608              	.LVL52:
 609              	.L51:
 129:BSP/Src/bsp_sram.c ****   {
 610              		.loc 1 129 3 view .LVU159
 611 001c 0548     		ldr	r0, .L54+12
 612              	.LVL53:
 129:BSP/Src/bsp_sram.c ****   {
 613              		.loc 1 129 3 view .LVU160
 614 001e 7047     		bx	lr
ARM GAS  C:\Users\hh\AppData\Local\Temp\cc4uDQtZ.s 			page 19


 615              	.LVL54:
 616              	.L52:
 139:BSP/Src/bsp_sram.c ****     default:
 140:BSP/Src/bsp_sram.c ****       return "UNKNOWN";
 617              		.loc 1 140 14 view .LVU161
 618 0020 0548     		ldr	r0, .L54+16
 619              	.LVL55:
 620              		.loc 1 140 14 view .LVU162
 621 0022 7047     		bx	lr
 622              	.LVL56:
 623              	.L53:
 624              		.loc 1 140 14 view .LVU163
 625 0024 0448     		ldr	r0, .L54+16
 626              	.LVL57:
 141:BSP/Src/bsp_sram.c ****   }
 142:BSP/Src/bsp_sram.c **** }
 627              		.loc 1 142 1 view .LVU164
 628 0026 7047     		bx	lr
 629              	.L55:
 630              		.align	2
 631              	.L54:
 632 0028 04000000 		.word	.LC1
 633 002c 10000000 		.word	.LC3
 634 0030 08000000 		.word	.LC2
 635 0034 00000000 		.word	.LC0
 636 0038 18000000 		.word	.LC4
 637              		.cfi_endproc
 638              	.LFE152:
 640              		.section	.rodata.patterns.0,"a"
 641              		.align	2
 644              	patterns.0:
 645 0000 0000     		.short	0
 646 0002 FFFF     		.short	-1
 647 0004 AAAA     		.short	-21846
 648 0006 5555     		.short	21845
 649              		.section	.bss.sramStatus,"aw",%nobits
 650              		.align	2
 653              	sramStatus:
 654 0000 00000000 		.space	40
 654      00000000 
 654      00000000 
 654      00000000 
 654      00000000 
 655              		.text
 656              	.Letext0:
 657              		.file 3 "C:/Program Files (x86)/ARM/arm-gnu-toolchain-15.2.rel1-mingw-w64-i686-arm-none-eabi/arm-n
 658              		.file 4 "C:/Program Files (x86)/ARM/arm-gnu-toolchain-15.2.rel1-mingw-w64-i686-arm-none-eabi/arm-n
 659              		.file 5 "Drivers/STM32H7xx_HAL_Driver/Inc/stm32h7xx_hal_def.h"
 660              		.file 6 "BSP/Inc/bsp_sram.h"
 661              		.file 7 "Drivers/STM32H7xx_HAL_Driver/Inc/stm32h7xx_hal.h"
 662              		.file 8 "C:/Program Files (x86)/ARM/arm-gnu-toolchain-15.2.rel1-mingw-w64-i686-arm-none-eabi/arm-n
 663              		.file 9 "<built-in>"
ARM GAS  C:\Users\hh\AppData\Local\Temp\cc4uDQtZ.s 			page 20


DEFINED SYMBOLS
                            *ABS*:00000000 bsp_sram.c
C:\Users\hh\AppData\Local\Temp\cc4uDQtZ.s:20     .text.BspSram_RecordFailure:00000000 $t
C:\Users\hh\AppData\Local\Temp\cc4uDQtZ.s:25     .text.BspSram_RecordFailure:00000000 BspSram_RecordFailure
C:\Users\hh\AppData\Local\Temp\cc4uDQtZ.s:66     .text.BspSram_RecordFailure:0000001c $d
C:\Users\hh\AppData\Local\Temp\cc4uDQtZ.s:653    .bss.sramStatus:00000000 sramStatus
C:\Users\hh\AppData\Local\Temp\cc4uDQtZ.s:71     .text.BspSram_WriteAndVerifyPattern:00000000 $t
C:\Users\hh\AppData\Local\Temp\cc4uDQtZ.s:76     .text.BspSram_WriteAndVerifyPattern:00000000 BspSram_WriteAndVerifyPattern
C:\Users\hh\AppData\Local\Temp\cc4uDQtZ.s:183    .text.BspSram_WriteAndVerifyAddressPattern:00000000 $t
C:\Users\hh\AppData\Local\Temp\cc4uDQtZ.s:188    .text.BspSram_WriteAndVerifyAddressPattern:00000000 BspSram_WriteAndVerifyAddressPattern
C:\Users\hh\AppData\Local\Temp\cc4uDQtZ.s:305    .text.BspSram_Init:00000000 $t
C:\Users\hh\AppData\Local\Temp\cc4uDQtZ.s:311    .text.BspSram_Init:00000000 BspSram_Init
C:\Users\hh\AppData\Local\Temp\cc4uDQtZ.s:347    .text.BspSram_Init:00000020 $d
C:\Users\hh\AppData\Local\Temp\cc4uDQtZ.s:352    .text.BspSram_RunSelfTest:00000000 $t
C:\Users\hh\AppData\Local\Temp\cc4uDQtZ.s:358    .text.BspSram_RunSelfTest:00000000 BspSram_RunSelfTest
C:\Users\hh\AppData\Local\Temp\cc4uDQtZ.s:498    .text.BspSram_RunSelfTest:00000080 $d
C:\Users\hh\AppData\Local\Temp\cc4uDQtZ.s:644    .rodata.patterns.0:00000000 patterns.0
C:\Users\hh\AppData\Local\Temp\cc4uDQtZ.s:504    .text.BspSram_GetStatus:00000000 $t
C:\Users\hh\AppData\Local\Temp\cc4uDQtZ.s:510    .text.BspSram_GetStatus:00000000 BspSram_GetStatus
C:\Users\hh\AppData\Local\Temp\cc4uDQtZ.s:544    .text.BspSram_GetStatus:00000028 $d
C:\Users\hh\AppData\Local\Temp\cc4uDQtZ.s:549    .rodata.BspSram_GetResultName.str1.4:00000000 $d
C:\Users\hh\AppData\Local\Temp\cc4uDQtZ.s:565    .text.BspSram_GetResultName:00000000 $t
C:\Users\hh\AppData\Local\Temp\cc4uDQtZ.s:571    .text.BspSram_GetResultName:00000000 BspSram_GetResultName
C:\Users\hh\AppData\Local\Temp\cc4uDQtZ.s:632    .text.BspSram_GetResultName:00000028 $d
C:\Users\hh\AppData\Local\Temp\cc4uDQtZ.s:641    .rodata.patterns.0:00000000 $d
C:\Users\hh\AppData\Local\Temp\cc4uDQtZ.s:650    .bss.sramStatus:00000000 $d

UNDEFINED SYMBOLS
memset
HAL_GetTick
