ARM GAS  C:\Users\hh\AppData\Local\Temp\ccQUhbrs.s 			page 1


   1              		.cpu cortex-m7
   2              		.arch armv7e-m
   3              		.fpu fpv5-d16
   4              		.eabi_attribute 28, 1
   5              		.eabi_attribute 20, 1
   6              		.eabi_attribute 21, 1
   7              		.eabi_attribute 23, 3
   8              		.eabi_attribute 24, 1
   9              		.eabi_attribute 25, 1
  10              		.eabi_attribute 26, 1
  11              		.eabi_attribute 30, 1
  12              		.eabi_attribute 34, 1
  13              		.eabi_attribute 18, 4
  14              		.file	"fmc.c"
  15              		.text
  16              	.Ltext0:
  17              		.cfi_sections	.debug_frame
  18              		.file 1 "Core/Src/fmc.c"
  19              		.section	.text.HAL_FMC_MspInit,"ax",%progbits
  20              		.align	1
  21              		.syntax unified
  22              		.thumb
  23              		.thumb_func
  25              	HAL_FMC_MspInit:
  26              	.LFB147:
   1:Core/Src/fmc.c **** /* USER CODE BEGIN Header */
   2:Core/Src/fmc.c **** /**
   3:Core/Src/fmc.c ****   ******************************************************************************
   4:Core/Src/fmc.c ****   * File Name          : FMC.c
   5:Core/Src/fmc.c ****   * Description        : This file provides code for the configuration
   6:Core/Src/fmc.c ****   *                      of the FMC peripheral.
   7:Core/Src/fmc.c ****   ******************************************************************************
   8:Core/Src/fmc.c ****   * @attention
   9:Core/Src/fmc.c ****   *
  10:Core/Src/fmc.c ****   * Copyright (c) 2026 STMicroelectronics.
  11:Core/Src/fmc.c ****   * All rights reserved.
  12:Core/Src/fmc.c ****   *
  13:Core/Src/fmc.c ****   * This software is licensed under terms that can be found in the LICENSE file
  14:Core/Src/fmc.c ****   * in the root directory of this software component.
  15:Core/Src/fmc.c ****   * If no LICENSE file comes with this software, it is provided AS-IS.
  16:Core/Src/fmc.c ****   *
  17:Core/Src/fmc.c ****   ******************************************************************************
  18:Core/Src/fmc.c ****   */
  19:Core/Src/fmc.c **** /* USER CODE END Header */
  20:Core/Src/fmc.c **** 
  21:Core/Src/fmc.c **** /* Includes ------------------------------------------------------------------*/
  22:Core/Src/fmc.c **** #include "fmc.h"
  23:Core/Src/fmc.c **** 
  24:Core/Src/fmc.c **** /* USER CODE BEGIN 0 */
  25:Core/Src/fmc.c **** 
  26:Core/Src/fmc.c **** /* USER CODE END 0 */
  27:Core/Src/fmc.c **** 
  28:Core/Src/fmc.c **** SRAM_HandleTypeDef hsram1;
  29:Core/Src/fmc.c **** 
  30:Core/Src/fmc.c **** /* FMC initialization function */
  31:Core/Src/fmc.c **** void MX_FMC_Init(void)
  32:Core/Src/fmc.c **** {
ARM GAS  C:\Users\hh\AppData\Local\Temp\ccQUhbrs.s 			page 2


  33:Core/Src/fmc.c ****   /* USER CODE BEGIN FMC_Init 0 */
  34:Core/Src/fmc.c **** 
  35:Core/Src/fmc.c ****   /* USER CODE END FMC_Init 0 */
  36:Core/Src/fmc.c **** 
  37:Core/Src/fmc.c ****   FMC_NORSRAM_TimingTypeDef Timing = {0};
  38:Core/Src/fmc.c **** 
  39:Core/Src/fmc.c ****   /* USER CODE BEGIN FMC_Init 1 */
  40:Core/Src/fmc.c **** 
  41:Core/Src/fmc.c ****   /* USER CODE END FMC_Init 1 */
  42:Core/Src/fmc.c **** 
  43:Core/Src/fmc.c ****   /** Perform the SRAM1 memory initialization sequence
  44:Core/Src/fmc.c ****   */
  45:Core/Src/fmc.c ****   hsram1.Instance = FMC_NORSRAM_DEVICE;
  46:Core/Src/fmc.c ****   hsram1.Extended = FMC_NORSRAM_EXTENDED_DEVICE;
  47:Core/Src/fmc.c ****   /* hsram1.Init */
  48:Core/Src/fmc.c ****   hsram1.Init.NSBank = FMC_NORSRAM_BANK1;
  49:Core/Src/fmc.c ****   hsram1.Init.DataAddressMux = FMC_DATA_ADDRESS_MUX_DISABLE;
  50:Core/Src/fmc.c ****   hsram1.Init.MemoryType = FMC_MEMORY_TYPE_SRAM;
  51:Core/Src/fmc.c ****   hsram1.Init.MemoryDataWidth = FMC_NORSRAM_MEM_BUS_WIDTH_16;
  52:Core/Src/fmc.c ****   hsram1.Init.BurstAccessMode = FMC_BURST_ACCESS_MODE_DISABLE;
  53:Core/Src/fmc.c ****   hsram1.Init.WaitSignalPolarity = FMC_WAIT_SIGNAL_POLARITY_LOW;
  54:Core/Src/fmc.c ****   hsram1.Init.WaitSignalActive = FMC_WAIT_TIMING_BEFORE_WS;
  55:Core/Src/fmc.c ****   hsram1.Init.WriteOperation = FMC_WRITE_OPERATION_DISABLE;
  56:Core/Src/fmc.c ****   hsram1.Init.WaitSignal = FMC_WAIT_SIGNAL_DISABLE;
  57:Core/Src/fmc.c ****   hsram1.Init.ExtendedMode = FMC_EXTENDED_MODE_DISABLE;
  58:Core/Src/fmc.c ****   hsram1.Init.AsynchronousWait = FMC_ASYNCHRONOUS_WAIT_DISABLE;
  59:Core/Src/fmc.c ****   hsram1.Init.WriteBurst = FMC_WRITE_BURST_DISABLE;
  60:Core/Src/fmc.c ****   hsram1.Init.ContinuousClock = FMC_CONTINUOUS_CLOCK_SYNC_ONLY;
  61:Core/Src/fmc.c ****   hsram1.Init.WriteFifo = FMC_WRITE_FIFO_ENABLE;
  62:Core/Src/fmc.c ****   hsram1.Init.PageSize = FMC_PAGE_SIZE_NONE;
  63:Core/Src/fmc.c ****   /* Timing */
  64:Core/Src/fmc.c ****   Timing.AddressSetupTime = 15;
  65:Core/Src/fmc.c ****   Timing.AddressHoldTime = 15;
  66:Core/Src/fmc.c ****   Timing.DataSetupTime = 60;
  67:Core/Src/fmc.c ****   Timing.BusTurnAroundDuration = 15;
  68:Core/Src/fmc.c ****   Timing.CLKDivision = 16;
  69:Core/Src/fmc.c ****   Timing.DataLatency = 17;
  70:Core/Src/fmc.c ****   Timing.AccessMode = FMC_ACCESS_MODE_A;
  71:Core/Src/fmc.c ****   /* ExtTiming */
  72:Core/Src/fmc.c **** 
  73:Core/Src/fmc.c ****   if (HAL_SRAM_Init(&hsram1, &Timing, NULL) != HAL_OK)
  74:Core/Src/fmc.c ****   {
  75:Core/Src/fmc.c ****     Error_Handler( );
  76:Core/Src/fmc.c ****   }
  77:Core/Src/fmc.c **** 
  78:Core/Src/fmc.c ****   /* USER CODE BEGIN FMC_Init 2 */
  79:Core/Src/fmc.c **** 
  80:Core/Src/fmc.c ****   /* USER CODE END FMC_Init 2 */
  81:Core/Src/fmc.c **** }
  82:Core/Src/fmc.c **** 
  83:Core/Src/fmc.c **** static uint32_t FMC_Initialized = 0;
  84:Core/Src/fmc.c **** 
  85:Core/Src/fmc.c **** static void HAL_FMC_MspInit(void){
  27              		.loc 1 85 34 view -0
  28              		.cfi_startproc
  29              		@ args = 0, pretend = 0, frame = 224
  30              		@ frame_needed = 0, uses_anonymous_args = 0
ARM GAS  C:\Users\hh\AppData\Local\Temp\ccQUhbrs.s 			page 3


  31 0000 F0B5     		push	{r4, r5, r6, r7, lr}
  32              	.LCFI0:
  33              		.cfi_def_cfa_offset 20
  34              		.cfi_offset 4, -20
  35              		.cfi_offset 5, -16
  36              		.cfi_offset 6, -12
  37              		.cfi_offset 7, -8
  38              		.cfi_offset 14, -4
  39 0002 B9B0     		sub	sp, sp, #228
  40              	.LCFI1:
  41              		.cfi_def_cfa_offset 248
  86:Core/Src/fmc.c ****   /* USER CODE BEGIN FMC_MspInit 0 */
  87:Core/Src/fmc.c **** 
  88:Core/Src/fmc.c ****   /* USER CODE END FMC_MspInit 0 */
  89:Core/Src/fmc.c ****   GPIO_InitTypeDef GPIO_InitStruct = {0};
  42              		.loc 1 89 3 view .LVU1
  43              		.loc 1 89 20 is_stmt 0 view .LVU2
  44 0004 0023     		movs	r3, #0
  45 0006 3393     		str	r3, [sp, #204]
  46 0008 3493     		str	r3, [sp, #208]
  47 000a 3593     		str	r3, [sp, #212]
  48 000c 3693     		str	r3, [sp, #216]
  49 000e 3793     		str	r3, [sp, #220]
  90:Core/Src/fmc.c ****   if (FMC_Initialized) {
  50              		.loc 1 90 3 is_stmt 1 view .LVU3
  51              		.loc 1 90 7 is_stmt 0 view .LVU4
  52 0010 334B     		ldr	r3, .L8
  53 0012 1B68     		ldr	r3, [r3]
  54              		.loc 1 90 6 view .LVU5
  55 0014 0BB1     		cbz	r3, .L6
  56              	.L1:
  91:Core/Src/fmc.c ****     return;
  92:Core/Src/fmc.c ****   }
  93:Core/Src/fmc.c ****   FMC_Initialized = 1;
  94:Core/Src/fmc.c ****   RCC_PeriphCLKInitTypeDef PeriphClkInitStruct = {0};
  95:Core/Src/fmc.c **** 
  96:Core/Src/fmc.c ****   /** Initializes the peripherals clock
  97:Core/Src/fmc.c ****   */
  98:Core/Src/fmc.c ****     PeriphClkInitStruct.PeriphClockSelection = RCC_PERIPHCLK_FMC;
  99:Core/Src/fmc.c ****     PeriphClkInitStruct.FmcClockSelection = RCC_FMCCLKSOURCE_D1HCLK;
 100:Core/Src/fmc.c ****     if (HAL_RCCEx_PeriphCLKConfig(&PeriphClkInitStruct) != HAL_OK)
 101:Core/Src/fmc.c ****     {
 102:Core/Src/fmc.c ****       Error_Handler();
 103:Core/Src/fmc.c ****     }
 104:Core/Src/fmc.c **** 
 105:Core/Src/fmc.c ****   /* Peripheral clock enable */
 106:Core/Src/fmc.c ****   __HAL_RCC_FMC_CLK_ENABLE();
 107:Core/Src/fmc.c **** 
 108:Core/Src/fmc.c ****   /** FMC GPIO Configuration
 109:Core/Src/fmc.c ****   PF0   ------> FMC_A0
 110:Core/Src/fmc.c ****   PF1   ------> FMC_A1
 111:Core/Src/fmc.c ****   PF2   ------> FMC_A2
 112:Core/Src/fmc.c ****   PF3   ------> FMC_A3
 113:Core/Src/fmc.c ****   PF4   ------> FMC_A4
 114:Core/Src/fmc.c ****   PF5   ------> FMC_A5
 115:Core/Src/fmc.c ****   PF12   ------> FMC_A6
 116:Core/Src/fmc.c ****   PF13   ------> FMC_A7
ARM GAS  C:\Users\hh\AppData\Local\Temp\ccQUhbrs.s 			page 4


 117:Core/Src/fmc.c ****   PF14   ------> FMC_A8
 118:Core/Src/fmc.c ****   PF15   ------> FMC_A9
 119:Core/Src/fmc.c ****   PG0   ------> FMC_A10
 120:Core/Src/fmc.c ****   PG1   ------> FMC_A11
 121:Core/Src/fmc.c ****   PE7   ------> FMC_D4
 122:Core/Src/fmc.c ****   PE8   ------> FMC_D5
 123:Core/Src/fmc.c ****   PE9   ------> FMC_D6
 124:Core/Src/fmc.c ****   PE10   ------> FMC_D7
 125:Core/Src/fmc.c ****   PE11   ------> FMC_D8
 126:Core/Src/fmc.c ****   PE12   ------> FMC_D9
 127:Core/Src/fmc.c ****   PE13   ------> FMC_D10
 128:Core/Src/fmc.c ****   PE14   ------> FMC_D11
 129:Core/Src/fmc.c ****   PE15   ------> FMC_D12
 130:Core/Src/fmc.c ****   PD8   ------> FMC_D13
 131:Core/Src/fmc.c ****   PD9   ------> FMC_D14
 132:Core/Src/fmc.c ****   PD10   ------> FMC_D15
 133:Core/Src/fmc.c ****   PD11   ------> FMC_A16
 134:Core/Src/fmc.c ****   PD12   ------> FMC_A17
 135:Core/Src/fmc.c ****   PD13   ------> FMC_A18
 136:Core/Src/fmc.c ****   PD14   ------> FMC_D0
 137:Core/Src/fmc.c ****   PD15   ------> FMC_D1
 138:Core/Src/fmc.c ****   PG2   ------> FMC_A12
 139:Core/Src/fmc.c ****   PG3   ------> FMC_A13
 140:Core/Src/fmc.c ****   PG4   ------> FMC_A14
 141:Core/Src/fmc.c ****   PG5   ------> FMC_A15
 142:Core/Src/fmc.c ****   PC7   ------> FMC_NE1
 143:Core/Src/fmc.c ****   PD0   ------> FMC_D2
 144:Core/Src/fmc.c ****   PD1   ------> FMC_D3
 145:Core/Src/fmc.c ****   PD4   ------> FMC_NOE
 146:Core/Src/fmc.c ****   PD5   ------> FMC_NWE
 147:Core/Src/fmc.c ****   */
 148:Core/Src/fmc.c ****   /* GPIO_InitStruct */
 149:Core/Src/fmc.c ****   GPIO_InitStruct.Pin = GPIO_PIN_0|GPIO_PIN_1|GPIO_PIN_2|GPIO_PIN_3
 150:Core/Src/fmc.c ****                           |GPIO_PIN_4|GPIO_PIN_5|GPIO_PIN_12|GPIO_PIN_13
 151:Core/Src/fmc.c ****                           |GPIO_PIN_14|GPIO_PIN_15;
 152:Core/Src/fmc.c ****   GPIO_InitStruct.Mode = GPIO_MODE_AF_PP;
 153:Core/Src/fmc.c ****   GPIO_InitStruct.Pull = GPIO_NOPULL;
 154:Core/Src/fmc.c ****   GPIO_InitStruct.Speed = GPIO_SPEED_FREQ_VERY_HIGH;
 155:Core/Src/fmc.c ****   GPIO_InitStruct.Alternate = GPIO_AF12_FMC;
 156:Core/Src/fmc.c **** 
 157:Core/Src/fmc.c ****   HAL_GPIO_Init(GPIOF, &GPIO_InitStruct);
 158:Core/Src/fmc.c **** 
 159:Core/Src/fmc.c ****   /* GPIO_InitStruct */
 160:Core/Src/fmc.c ****   GPIO_InitStruct.Pin = GPIO_PIN_0|GPIO_PIN_1|GPIO_PIN_2|GPIO_PIN_3
 161:Core/Src/fmc.c ****                           |GPIO_PIN_4|GPIO_PIN_5;
 162:Core/Src/fmc.c ****   GPIO_InitStruct.Mode = GPIO_MODE_AF_PP;
 163:Core/Src/fmc.c ****   GPIO_InitStruct.Pull = GPIO_NOPULL;
 164:Core/Src/fmc.c ****   GPIO_InitStruct.Speed = GPIO_SPEED_FREQ_VERY_HIGH;
 165:Core/Src/fmc.c ****   GPIO_InitStruct.Alternate = GPIO_AF12_FMC;
 166:Core/Src/fmc.c **** 
 167:Core/Src/fmc.c ****   HAL_GPIO_Init(GPIOG, &GPIO_InitStruct);
 168:Core/Src/fmc.c **** 
 169:Core/Src/fmc.c ****   /* GPIO_InitStruct */
 170:Core/Src/fmc.c ****   GPIO_InitStruct.Pin = GPIO_PIN_7|GPIO_PIN_8|GPIO_PIN_9|GPIO_PIN_10
 171:Core/Src/fmc.c ****                           |GPIO_PIN_11|GPIO_PIN_12|GPIO_PIN_13|GPIO_PIN_14
 172:Core/Src/fmc.c ****                           |GPIO_PIN_15;
 173:Core/Src/fmc.c ****   GPIO_InitStruct.Mode = GPIO_MODE_AF_PP;
ARM GAS  C:\Users\hh\AppData\Local\Temp\ccQUhbrs.s 			page 5


 174:Core/Src/fmc.c ****   GPIO_InitStruct.Pull = GPIO_NOPULL;
 175:Core/Src/fmc.c ****   GPIO_InitStruct.Speed = GPIO_SPEED_FREQ_VERY_HIGH;
 176:Core/Src/fmc.c ****   GPIO_InitStruct.Alternate = GPIO_AF12_FMC;
 177:Core/Src/fmc.c **** 
 178:Core/Src/fmc.c ****   HAL_GPIO_Init(GPIOE, &GPIO_InitStruct);
 179:Core/Src/fmc.c **** 
 180:Core/Src/fmc.c ****   /* GPIO_InitStruct */
 181:Core/Src/fmc.c ****   GPIO_InitStruct.Pin = GPIO_PIN_8|GPIO_PIN_9|GPIO_PIN_10|GPIO_PIN_11
 182:Core/Src/fmc.c ****                           |GPIO_PIN_12|GPIO_PIN_13|GPIO_PIN_14|GPIO_PIN_15
 183:Core/Src/fmc.c ****                           |GPIO_PIN_0|GPIO_PIN_1|GPIO_PIN_4|GPIO_PIN_5;
 184:Core/Src/fmc.c ****   GPIO_InitStruct.Mode = GPIO_MODE_AF_PP;
 185:Core/Src/fmc.c ****   GPIO_InitStruct.Pull = GPIO_NOPULL;
 186:Core/Src/fmc.c ****   GPIO_InitStruct.Speed = GPIO_SPEED_FREQ_VERY_HIGH;
 187:Core/Src/fmc.c ****   GPIO_InitStruct.Alternate = GPIO_AF12_FMC;
 188:Core/Src/fmc.c **** 
 189:Core/Src/fmc.c ****   HAL_GPIO_Init(GPIOD, &GPIO_InitStruct);
 190:Core/Src/fmc.c **** 
 191:Core/Src/fmc.c ****   /* GPIO_InitStruct */
 192:Core/Src/fmc.c ****   GPIO_InitStruct.Pin = GPIO_PIN_7;
 193:Core/Src/fmc.c ****   GPIO_InitStruct.Mode = GPIO_MODE_AF_PP;
 194:Core/Src/fmc.c ****   GPIO_InitStruct.Pull = GPIO_NOPULL;
 195:Core/Src/fmc.c ****   GPIO_InitStruct.Speed = GPIO_SPEED_FREQ_VERY_HIGH;
 196:Core/Src/fmc.c ****   GPIO_InitStruct.Alternate = GPIO_AF9_FMC;
 197:Core/Src/fmc.c **** 
 198:Core/Src/fmc.c ****   HAL_GPIO_Init(GPIOC, &GPIO_InitStruct);
 199:Core/Src/fmc.c **** 
 200:Core/Src/fmc.c ****   /* USER CODE BEGIN FMC_MspInit 1 */
 201:Core/Src/fmc.c **** 
 202:Core/Src/fmc.c ****   /* USER CODE END FMC_MspInit 1 */
 203:Core/Src/fmc.c **** }
  57              		.loc 1 203 1 view .LVU6
  58 0016 39B0     		add	sp, sp, #228
  59              	.LCFI2:
  60              		.cfi_remember_state
  61              		.cfi_def_cfa_offset 20
  62              		@ sp needed
  63 0018 F0BD     		pop	{r4, r5, r6, r7, pc}
  64              	.L6:
  65              	.LCFI3:
  66              		.cfi_restore_state
  93:Core/Src/fmc.c ****   RCC_PeriphCLKInitTypeDef PeriphClkInitStruct = {0};
  67              		.loc 1 93 3 is_stmt 1 view .LVU7
  93:Core/Src/fmc.c ****   RCC_PeriphCLKInitTypeDef PeriphClkInitStruct = {0};
  68              		.loc 1 93 19 is_stmt 0 view .LVU8
  69 001a 314B     		ldr	r3, .L8
  70 001c 0122     		movs	r2, #1
  71 001e 1A60     		str	r2, [r3]
  94:Core/Src/fmc.c **** 
  72              		.loc 1 94 3 is_stmt 1 view .LVU9
  94:Core/Src/fmc.c **** 
  73              		.loc 1 94 28 is_stmt 0 view .LVU10
  74 0020 02AC     		add	r4, sp, #8
  75 0022 C022     		movs	r2, #192
  76 0024 0021     		movs	r1, #0
  77 0026 2046     		mov	r0, r4
  78 0028 FFF7FEFF 		bl	memset
  79              	.LVL0:
ARM GAS  C:\Users\hh\AppData\Local\Temp\ccQUhbrs.s 			page 6


  98:Core/Src/fmc.c ****     PeriphClkInitStruct.FmcClockSelection = RCC_FMCCLKSOURCE_D1HCLK;
  80              		.loc 1 98 5 is_stmt 1 view .LVU11
  98:Core/Src/fmc.c ****     PeriphClkInitStruct.FmcClockSelection = RCC_FMCCLKSOURCE_D1HCLK;
  81              		.loc 1 98 46 is_stmt 0 view .LVU12
  82 002c 4FF08072 		mov	r2, #16777216
  83 0030 0023     		movs	r3, #0
  84 0032 CDE90223 		strd	r2, [sp, #8]
  99:Core/Src/fmc.c ****     if (HAL_RCCEx_PeriphCLKConfig(&PeriphClkInitStruct) != HAL_OK)
  85              		.loc 1 99 5 is_stmt 1 view .LVU13
 100:Core/Src/fmc.c ****     {
  86              		.loc 1 100 5 view .LVU14
 100:Core/Src/fmc.c ****     {
  87              		.loc 1 100 9 is_stmt 0 view .LVU15
  88 0036 2046     		mov	r0, r4
  89 0038 FFF7FEFF 		bl	HAL_RCCEx_PeriphCLKConfig
  90              	.LVL1:
 100:Core/Src/fmc.c ****     {
  91              		.loc 1 100 8 discriminator 1 view .LVU16
  92 003c 0028     		cmp	r0, #0
  93 003e 4BD1     		bne	.L7
  94              	.L4:
 106:Core/Src/fmc.c **** 
  95              		.loc 1 106 3 is_stmt 1 view .LVU17
  96              	.LBB2:
 106:Core/Src/fmc.c **** 
  97              		.loc 1 106 3 view .LVU18
 106:Core/Src/fmc.c **** 
  98              		.loc 1 106 3 view .LVU19
  99 0040 284B     		ldr	r3, .L8+4
 100 0042 D3F8D420 		ldr	r2, [r3, #212]
 101 0046 42F48052 		orr	r2, r2, #4096
 102 004a C3F8D420 		str	r2, [r3, #212]
 106:Core/Src/fmc.c **** 
 103              		.loc 1 106 3 view .LVU20
 104 004e D3F8D430 		ldr	r3, [r3, #212]
 105 0052 03F48053 		and	r3, r3, #4096
 106 0056 0193     		str	r3, [sp, #4]
 106:Core/Src/fmc.c **** 
 107              		.loc 1 106 3 view .LVU21
 108 0058 019B     		ldr	r3, [sp, #4]
 109              	.LBE2:
 106:Core/Src/fmc.c **** 
 110              		.loc 1 106 3 view .LVU22
 149:Core/Src/fmc.c ****                           |GPIO_PIN_4|GPIO_PIN_5|GPIO_PIN_12|GPIO_PIN_13
 111              		.loc 1 149 3 view .LVU23
 149:Core/Src/fmc.c ****                           |GPIO_PIN_4|GPIO_PIN_5|GPIO_PIN_12|GPIO_PIN_13
 112              		.loc 1 149 23 is_stmt 0 view .LVU24
 113 005a 4FF23F03 		movw	r3, #61503
 114 005e 3393     		str	r3, [sp, #204]
 152:Core/Src/fmc.c ****   GPIO_InitStruct.Pull = GPIO_NOPULL;
 115              		.loc 1 152 3 is_stmt 1 view .LVU25
 152:Core/Src/fmc.c ****   GPIO_InitStruct.Pull = GPIO_NOPULL;
 116              		.loc 1 152 24 is_stmt 0 view .LVU26
 117 0060 0227     		movs	r7, #2
 118 0062 3497     		str	r7, [sp, #208]
 153:Core/Src/fmc.c ****   GPIO_InitStruct.Speed = GPIO_SPEED_FREQ_VERY_HIGH;
 119              		.loc 1 153 3 is_stmt 1 view .LVU27
ARM GAS  C:\Users\hh\AppData\Local\Temp\ccQUhbrs.s 			page 7


 153:Core/Src/fmc.c ****   GPIO_InitStruct.Speed = GPIO_SPEED_FREQ_VERY_HIGH;
 120              		.loc 1 153 24 is_stmt 0 view .LVU28
 121 0064 0026     		movs	r6, #0
 122 0066 3596     		str	r6, [sp, #212]
 154:Core/Src/fmc.c ****   GPIO_InitStruct.Alternate = GPIO_AF12_FMC;
 123              		.loc 1 154 3 is_stmt 1 view .LVU29
 154:Core/Src/fmc.c ****   GPIO_InitStruct.Alternate = GPIO_AF12_FMC;
 124              		.loc 1 154 25 is_stmt 0 view .LVU30
 125 0068 0325     		movs	r5, #3
 126 006a 3695     		str	r5, [sp, #216]
 155:Core/Src/fmc.c **** 
 127              		.loc 1 155 3 is_stmt 1 view .LVU31
 155:Core/Src/fmc.c **** 
 128              		.loc 1 155 29 is_stmt 0 view .LVU32
 129 006c 0C23     		movs	r3, #12
 130 006e 3793     		str	r3, [sp, #220]
 157:Core/Src/fmc.c **** 
 131              		.loc 1 157 3 is_stmt 1 view .LVU33
 132 0070 33AC     		add	r4, sp, #204
 133 0072 2146     		mov	r1, r4
 134 0074 1C48     		ldr	r0, .L8+8
 135 0076 FFF7FEFF 		bl	HAL_GPIO_Init
 136              	.LVL2:
 160:Core/Src/fmc.c ****                           |GPIO_PIN_4|GPIO_PIN_5;
 137              		.loc 1 160 3 view .LVU34
 160:Core/Src/fmc.c ****                           |GPIO_PIN_4|GPIO_PIN_5;
 138              		.loc 1 160 23 is_stmt 0 view .LVU35
 139 007a 3F23     		movs	r3, #63
 140 007c 3393     		str	r3, [sp, #204]
 162:Core/Src/fmc.c ****   GPIO_InitStruct.Pull = GPIO_NOPULL;
 141              		.loc 1 162 3 is_stmt 1 view .LVU36
 162:Core/Src/fmc.c ****   GPIO_InitStruct.Pull = GPIO_NOPULL;
 142              		.loc 1 162 24 is_stmt 0 view .LVU37
 143 007e 3497     		str	r7, [sp, #208]
 163:Core/Src/fmc.c ****   GPIO_InitStruct.Speed = GPIO_SPEED_FREQ_VERY_HIGH;
 144              		.loc 1 163 3 is_stmt 1 view .LVU38
 163:Core/Src/fmc.c ****   GPIO_InitStruct.Speed = GPIO_SPEED_FREQ_VERY_HIGH;
 145              		.loc 1 163 24 is_stmt 0 view .LVU39
 146 0080 3596     		str	r6, [sp, #212]
 164:Core/Src/fmc.c ****   GPIO_InitStruct.Alternate = GPIO_AF12_FMC;
 147              		.loc 1 164 3 is_stmt 1 view .LVU40
 164:Core/Src/fmc.c ****   GPIO_InitStruct.Alternate = GPIO_AF12_FMC;
 148              		.loc 1 164 25 is_stmt 0 view .LVU41
 149 0082 3695     		str	r5, [sp, #216]
 165:Core/Src/fmc.c **** 
 150              		.loc 1 165 3 is_stmt 1 view .LVU42
 165:Core/Src/fmc.c **** 
 151              		.loc 1 165 29 is_stmt 0 view .LVU43
 152 0084 0C23     		movs	r3, #12
 153 0086 3793     		str	r3, [sp, #220]
 167:Core/Src/fmc.c **** 
 154              		.loc 1 167 3 is_stmt 1 view .LVU44
 155 0088 2146     		mov	r1, r4
 156 008a 1848     		ldr	r0, .L8+12
 157 008c FFF7FEFF 		bl	HAL_GPIO_Init
 158              	.LVL3:
 170:Core/Src/fmc.c ****                           |GPIO_PIN_11|GPIO_PIN_12|GPIO_PIN_13|GPIO_PIN_14
ARM GAS  C:\Users\hh\AppData\Local\Temp\ccQUhbrs.s 			page 8


 159              		.loc 1 170 3 view .LVU45
 170:Core/Src/fmc.c ****                           |GPIO_PIN_11|GPIO_PIN_12|GPIO_PIN_13|GPIO_PIN_14
 160              		.loc 1 170 23 is_stmt 0 view .LVU46
 161 0090 4FF68073 		movw	r3, #65408
 162 0094 3393     		str	r3, [sp, #204]
 173:Core/Src/fmc.c ****   GPIO_InitStruct.Pull = GPIO_NOPULL;
 163              		.loc 1 173 3 is_stmt 1 view .LVU47
 173:Core/Src/fmc.c ****   GPIO_InitStruct.Pull = GPIO_NOPULL;
 164              		.loc 1 173 24 is_stmt 0 view .LVU48
 165 0096 3497     		str	r7, [sp, #208]
 174:Core/Src/fmc.c ****   GPIO_InitStruct.Speed = GPIO_SPEED_FREQ_VERY_HIGH;
 166              		.loc 1 174 3 is_stmt 1 view .LVU49
 174:Core/Src/fmc.c ****   GPIO_InitStruct.Speed = GPIO_SPEED_FREQ_VERY_HIGH;
 167              		.loc 1 174 24 is_stmt 0 view .LVU50
 168 0098 3596     		str	r6, [sp, #212]
 175:Core/Src/fmc.c ****   GPIO_InitStruct.Alternate = GPIO_AF12_FMC;
 169              		.loc 1 175 3 is_stmt 1 view .LVU51
 175:Core/Src/fmc.c ****   GPIO_InitStruct.Alternate = GPIO_AF12_FMC;
 170              		.loc 1 175 25 is_stmt 0 view .LVU52
 171 009a 3695     		str	r5, [sp, #216]
 176:Core/Src/fmc.c **** 
 172              		.loc 1 176 3 is_stmt 1 view .LVU53
 176:Core/Src/fmc.c **** 
 173              		.loc 1 176 29 is_stmt 0 view .LVU54
 174 009c 0C23     		movs	r3, #12
 175 009e 3793     		str	r3, [sp, #220]
 178:Core/Src/fmc.c **** 
 176              		.loc 1 178 3 is_stmt 1 view .LVU55
 177 00a0 2146     		mov	r1, r4
 178 00a2 1348     		ldr	r0, .L8+16
 179 00a4 FFF7FEFF 		bl	HAL_GPIO_Init
 180              	.LVL4:
 181:Core/Src/fmc.c ****                           |GPIO_PIN_12|GPIO_PIN_13|GPIO_PIN_14|GPIO_PIN_15
 181              		.loc 1 181 3 view .LVU56
 181:Core/Src/fmc.c ****                           |GPIO_PIN_12|GPIO_PIN_13|GPIO_PIN_14|GPIO_PIN_15
 182              		.loc 1 181 23 is_stmt 0 view .LVU57
 183 00a8 4FF63373 		movw	r3, #65331
 184 00ac 3393     		str	r3, [sp, #204]
 184:Core/Src/fmc.c ****   GPIO_InitStruct.Pull = GPIO_NOPULL;
 185              		.loc 1 184 3 is_stmt 1 view .LVU58
 184:Core/Src/fmc.c ****   GPIO_InitStruct.Pull = GPIO_NOPULL;
 186              		.loc 1 184 24 is_stmt 0 view .LVU59
 187 00ae 3497     		str	r7, [sp, #208]
 185:Core/Src/fmc.c ****   GPIO_InitStruct.Speed = GPIO_SPEED_FREQ_VERY_HIGH;
 188              		.loc 1 185 3 is_stmt 1 view .LVU60
 185:Core/Src/fmc.c ****   GPIO_InitStruct.Speed = GPIO_SPEED_FREQ_VERY_HIGH;
 189              		.loc 1 185 24 is_stmt 0 view .LVU61
 190 00b0 3596     		str	r6, [sp, #212]
 186:Core/Src/fmc.c ****   GPIO_InitStruct.Alternate = GPIO_AF12_FMC;
 191              		.loc 1 186 3 is_stmt 1 view .LVU62
 186:Core/Src/fmc.c ****   GPIO_InitStruct.Alternate = GPIO_AF12_FMC;
 192              		.loc 1 186 25 is_stmt 0 view .LVU63
 193 00b2 3695     		str	r5, [sp, #216]
 187:Core/Src/fmc.c **** 
 194              		.loc 1 187 3 is_stmt 1 view .LVU64
 187:Core/Src/fmc.c **** 
 195              		.loc 1 187 29 is_stmt 0 view .LVU65
ARM GAS  C:\Users\hh\AppData\Local\Temp\ccQUhbrs.s 			page 9


 196 00b4 0C23     		movs	r3, #12
 197 00b6 3793     		str	r3, [sp, #220]
 189:Core/Src/fmc.c **** 
 198              		.loc 1 189 3 is_stmt 1 view .LVU66
 199 00b8 2146     		mov	r1, r4
 200 00ba 0E48     		ldr	r0, .L8+20
 201 00bc FFF7FEFF 		bl	HAL_GPIO_Init
 202              	.LVL5:
 192:Core/Src/fmc.c ****   GPIO_InitStruct.Mode = GPIO_MODE_AF_PP;
 203              		.loc 1 192 3 view .LVU67
 192:Core/Src/fmc.c ****   GPIO_InitStruct.Mode = GPIO_MODE_AF_PP;
 204              		.loc 1 192 23 is_stmt 0 view .LVU68
 205 00c0 8023     		movs	r3, #128
 206 00c2 3393     		str	r3, [sp, #204]
 193:Core/Src/fmc.c ****   GPIO_InitStruct.Pull = GPIO_NOPULL;
 207              		.loc 1 193 3 is_stmt 1 view .LVU69
 193:Core/Src/fmc.c ****   GPIO_InitStruct.Pull = GPIO_NOPULL;
 208              		.loc 1 193 24 is_stmt 0 view .LVU70
 209 00c4 3497     		str	r7, [sp, #208]
 194:Core/Src/fmc.c ****   GPIO_InitStruct.Speed = GPIO_SPEED_FREQ_VERY_HIGH;
 210              		.loc 1 194 3 is_stmt 1 view .LVU71
 194:Core/Src/fmc.c ****   GPIO_InitStruct.Speed = GPIO_SPEED_FREQ_VERY_HIGH;
 211              		.loc 1 194 24 is_stmt 0 view .LVU72
 212 00c6 3596     		str	r6, [sp, #212]
 195:Core/Src/fmc.c ****   GPIO_InitStruct.Alternate = GPIO_AF9_FMC;
 213              		.loc 1 195 3 is_stmt 1 view .LVU73
 195:Core/Src/fmc.c ****   GPIO_InitStruct.Alternate = GPIO_AF9_FMC;
 214              		.loc 1 195 25 is_stmt 0 view .LVU74
 215 00c8 3695     		str	r5, [sp, #216]
 196:Core/Src/fmc.c **** 
 216              		.loc 1 196 3 is_stmt 1 view .LVU75
 196:Core/Src/fmc.c **** 
 217              		.loc 1 196 29 is_stmt 0 view .LVU76
 218 00ca 0923     		movs	r3, #9
 219 00cc 3793     		str	r3, [sp, #220]
 198:Core/Src/fmc.c **** 
 220              		.loc 1 198 3 is_stmt 1 view .LVU77
 221 00ce 2146     		mov	r1, r4
 222 00d0 0948     		ldr	r0, .L8+24
 223 00d2 FFF7FEFF 		bl	HAL_GPIO_Init
 224              	.LVL6:
 225 00d6 9EE7     		b	.L1
 226              	.L7:
 102:Core/Src/fmc.c ****     }
 227              		.loc 1 102 7 view .LVU78
 228 00d8 FFF7FEFF 		bl	Error_Handler
 229              	.LVL7:
 230 00dc B0E7     		b	.L4
 231              	.L9:
 232 00de 00BF     		.align	2
 233              	.L8:
 234 00e0 00000000 		.word	FMC_Initialized
 235 00e4 00440258 		.word	1476543488
 236 00e8 00140258 		.word	1476531200
 237 00ec 00180258 		.word	1476532224
 238 00f0 00100258 		.word	1476530176
 239 00f4 000C0258 		.word	1476529152
ARM GAS  C:\Users\hh\AppData\Local\Temp\ccQUhbrs.s 			page 10


 240 00f8 00080258 		.word	1476528128
 241              		.cfi_endproc
 242              	.LFE147:
 244              		.section	.text.HAL_FMC_MspDeInit,"ax",%progbits
 245              		.align	1
 246              		.syntax unified
 247              		.thumb
 248              		.thumb_func
 250              	HAL_FMC_MspDeInit:
 251              	.LFB149:
 204:Core/Src/fmc.c **** 
 205:Core/Src/fmc.c **** void HAL_SRAM_MspInit(SRAM_HandleTypeDef* sramHandle){
 206:Core/Src/fmc.c ****   /* USER CODE BEGIN SRAM_MspInit 0 */
 207:Core/Src/fmc.c **** 
 208:Core/Src/fmc.c ****   /* USER CODE END SRAM_MspInit 0 */
 209:Core/Src/fmc.c ****   HAL_FMC_MspInit();
 210:Core/Src/fmc.c ****   /* USER CODE BEGIN SRAM_MspInit 1 */
 211:Core/Src/fmc.c **** 
 212:Core/Src/fmc.c ****   /* USER CODE END SRAM_MspInit 1 */
 213:Core/Src/fmc.c **** }
 214:Core/Src/fmc.c **** 
 215:Core/Src/fmc.c **** static uint32_t FMC_DeInitialized = 0;
 216:Core/Src/fmc.c **** 
 217:Core/Src/fmc.c **** static void HAL_FMC_MspDeInit(void){
 252              		.loc 1 217 36 view -0
 253              		.cfi_startproc
 254              		@ args = 0, pretend = 0, frame = 0
 255              		@ frame_needed = 0, uses_anonymous_args = 0
 256 0000 08B5     		push	{r3, lr}
 257              	.LCFI4:
 258              		.cfi_def_cfa_offset 8
 259              		.cfi_offset 3, -8
 260              		.cfi_offset 14, -4
 218:Core/Src/fmc.c ****   /* USER CODE BEGIN FMC_MspDeInit 0 */
 219:Core/Src/fmc.c **** 
 220:Core/Src/fmc.c ****   /* USER CODE END FMC_MspDeInit 0 */
 221:Core/Src/fmc.c ****   if (FMC_DeInitialized) {
 261              		.loc 1 221 3 view .LVU80
 262              		.loc 1 221 7 is_stmt 0 view .LVU81
 263 0002 134B     		ldr	r3, .L14
 264 0004 1B68     		ldr	r3, [r3]
 265              		.loc 1 221 6 view .LVU82
 266 0006 03B1     		cbz	r3, .L13
 267              	.L10:
 222:Core/Src/fmc.c ****     return;
 223:Core/Src/fmc.c ****   }
 224:Core/Src/fmc.c ****   FMC_DeInitialized = 1;
 225:Core/Src/fmc.c ****   /* Peripheral clock enable */
 226:Core/Src/fmc.c ****   __HAL_RCC_FMC_CLK_DISABLE();
 227:Core/Src/fmc.c **** 
 228:Core/Src/fmc.c ****   /** FMC GPIO Configuration
 229:Core/Src/fmc.c ****   PF0   ------> FMC_A0
 230:Core/Src/fmc.c ****   PF1   ------> FMC_A1
 231:Core/Src/fmc.c ****   PF2   ------> FMC_A2
 232:Core/Src/fmc.c ****   PF3   ------> FMC_A3
 233:Core/Src/fmc.c ****   PF4   ------> FMC_A4
 234:Core/Src/fmc.c ****   PF5   ------> FMC_A5
ARM GAS  C:\Users\hh\AppData\Local\Temp\ccQUhbrs.s 			page 11


 235:Core/Src/fmc.c ****   PF12   ------> FMC_A6
 236:Core/Src/fmc.c ****   PF13   ------> FMC_A7
 237:Core/Src/fmc.c ****   PF14   ------> FMC_A8
 238:Core/Src/fmc.c ****   PF15   ------> FMC_A9
 239:Core/Src/fmc.c ****   PG0   ------> FMC_A10
 240:Core/Src/fmc.c ****   PG1   ------> FMC_A11
 241:Core/Src/fmc.c ****   PE7   ------> FMC_D4
 242:Core/Src/fmc.c ****   PE8   ------> FMC_D5
 243:Core/Src/fmc.c ****   PE9   ------> FMC_D6
 244:Core/Src/fmc.c ****   PE10   ------> FMC_D7
 245:Core/Src/fmc.c ****   PE11   ------> FMC_D8
 246:Core/Src/fmc.c ****   PE12   ------> FMC_D9
 247:Core/Src/fmc.c ****   PE13   ------> FMC_D10
 248:Core/Src/fmc.c ****   PE14   ------> FMC_D11
 249:Core/Src/fmc.c ****   PE15   ------> FMC_D12
 250:Core/Src/fmc.c ****   PD8   ------> FMC_D13
 251:Core/Src/fmc.c ****   PD9   ------> FMC_D14
 252:Core/Src/fmc.c ****   PD10   ------> FMC_D15
 253:Core/Src/fmc.c ****   PD11   ------> FMC_A16
 254:Core/Src/fmc.c ****   PD12   ------> FMC_A17
 255:Core/Src/fmc.c ****   PD13   ------> FMC_A18
 256:Core/Src/fmc.c ****   PD14   ------> FMC_D0
 257:Core/Src/fmc.c ****   PD15   ------> FMC_D1
 258:Core/Src/fmc.c ****   PG2   ------> FMC_A12
 259:Core/Src/fmc.c ****   PG3   ------> FMC_A13
 260:Core/Src/fmc.c ****   PG4   ------> FMC_A14
 261:Core/Src/fmc.c ****   PG5   ------> FMC_A15
 262:Core/Src/fmc.c ****   PC7   ------> FMC_NE1
 263:Core/Src/fmc.c ****   PD0   ------> FMC_D2
 264:Core/Src/fmc.c ****   PD1   ------> FMC_D3
 265:Core/Src/fmc.c ****   PD4   ------> FMC_NOE
 266:Core/Src/fmc.c ****   PD5   ------> FMC_NWE
 267:Core/Src/fmc.c ****   */
 268:Core/Src/fmc.c **** 
 269:Core/Src/fmc.c ****   HAL_GPIO_DeInit(GPIOF, GPIO_PIN_0|GPIO_PIN_1|GPIO_PIN_2|GPIO_PIN_3
 270:Core/Src/fmc.c ****                           |GPIO_PIN_4|GPIO_PIN_5|GPIO_PIN_12|GPIO_PIN_13
 271:Core/Src/fmc.c ****                           |GPIO_PIN_14|GPIO_PIN_15);
 272:Core/Src/fmc.c **** 
 273:Core/Src/fmc.c ****   HAL_GPIO_DeInit(GPIOG, GPIO_PIN_0|GPIO_PIN_1|GPIO_PIN_2|GPIO_PIN_3
 274:Core/Src/fmc.c ****                           |GPIO_PIN_4|GPIO_PIN_5);
 275:Core/Src/fmc.c **** 
 276:Core/Src/fmc.c ****   HAL_GPIO_DeInit(GPIOE, GPIO_PIN_7|GPIO_PIN_8|GPIO_PIN_9|GPIO_PIN_10
 277:Core/Src/fmc.c ****                           |GPIO_PIN_11|GPIO_PIN_12|GPIO_PIN_13|GPIO_PIN_14
 278:Core/Src/fmc.c ****                           |GPIO_PIN_15);
 279:Core/Src/fmc.c **** 
 280:Core/Src/fmc.c ****   HAL_GPIO_DeInit(GPIOD, GPIO_PIN_8|GPIO_PIN_9|GPIO_PIN_10|GPIO_PIN_11
 281:Core/Src/fmc.c ****                           |GPIO_PIN_12|GPIO_PIN_13|GPIO_PIN_14|GPIO_PIN_15
 282:Core/Src/fmc.c ****                           |GPIO_PIN_0|GPIO_PIN_1|GPIO_PIN_4|GPIO_PIN_5);
 283:Core/Src/fmc.c **** 
 284:Core/Src/fmc.c ****   HAL_GPIO_DeInit(GPIOC, GPIO_PIN_7);
 285:Core/Src/fmc.c **** 
 286:Core/Src/fmc.c ****   /* USER CODE BEGIN FMC_MspDeInit 1 */
 287:Core/Src/fmc.c **** 
 288:Core/Src/fmc.c ****   /* USER CODE END FMC_MspDeInit 1 */
 289:Core/Src/fmc.c **** }
 268              		.loc 1 289 1 view .LVU83
 269 0008 08BD     		pop	{r3, pc}
ARM GAS  C:\Users\hh\AppData\Local\Temp\ccQUhbrs.s 			page 12


 270              	.L13:
 224:Core/Src/fmc.c ****   /* Peripheral clock enable */
 271              		.loc 1 224 3 is_stmt 1 view .LVU84
 224:Core/Src/fmc.c ****   /* Peripheral clock enable */
 272              		.loc 1 224 21 is_stmt 0 view .LVU85
 273 000a 114B     		ldr	r3, .L14
 274 000c 0122     		movs	r2, #1
 275 000e 1A60     		str	r2, [r3]
 226:Core/Src/fmc.c **** 
 276              		.loc 1 226 3 is_stmt 1 view .LVU86
 277 0010 104A     		ldr	r2, .L14+4
 278 0012 D2F8D430 		ldr	r3, [r2, #212]
 279 0016 23F48053 		bic	r3, r3, #4096
 280 001a C2F8D430 		str	r3, [r2, #212]
 269:Core/Src/fmc.c ****                           |GPIO_PIN_4|GPIO_PIN_5|GPIO_PIN_12|GPIO_PIN_13
 281              		.loc 1 269 3 view .LVU87
 282 001e 4FF23F01 		movw	r1, #61503
 283 0022 0D48     		ldr	r0, .L14+8
 284 0024 FFF7FEFF 		bl	HAL_GPIO_DeInit
 285              	.LVL8:
 273:Core/Src/fmc.c ****                           |GPIO_PIN_4|GPIO_PIN_5);
 286              		.loc 1 273 3 view .LVU88
 287 0028 3F21     		movs	r1, #63
 288 002a 0C48     		ldr	r0, .L14+12
 289 002c FFF7FEFF 		bl	HAL_GPIO_DeInit
 290              	.LVL9:
 276:Core/Src/fmc.c ****                           |GPIO_PIN_11|GPIO_PIN_12|GPIO_PIN_13|GPIO_PIN_14
 291              		.loc 1 276 3 view .LVU89
 292 0030 4FF68071 		movw	r1, #65408
 293 0034 0A48     		ldr	r0, .L14+16
 294 0036 FFF7FEFF 		bl	HAL_GPIO_DeInit
 295              	.LVL10:
 280:Core/Src/fmc.c ****                           |GPIO_PIN_12|GPIO_PIN_13|GPIO_PIN_14|GPIO_PIN_15
 296              		.loc 1 280 3 view .LVU90
 297 003a 4FF63371 		movw	r1, #65331
 298 003e 0948     		ldr	r0, .L14+20
 299 0040 FFF7FEFF 		bl	HAL_GPIO_DeInit
 300              	.LVL11:
 284:Core/Src/fmc.c **** 
 301              		.loc 1 284 3 view .LVU91
 302 0044 8021     		movs	r1, #128
 303 0046 0848     		ldr	r0, .L14+24
 304 0048 FFF7FEFF 		bl	HAL_GPIO_DeInit
 305              	.LVL12:
 306 004c DCE7     		b	.L10
 307              	.L15:
 308 004e 00BF     		.align	2
 309              	.L14:
 310 0050 00000000 		.word	FMC_DeInitialized
 311 0054 00440258 		.word	1476543488
 312 0058 00140258 		.word	1476531200
 313 005c 00180258 		.word	1476532224
 314 0060 00100258 		.word	1476530176
 315 0064 000C0258 		.word	1476529152
 316 0068 00080258 		.word	1476528128
 317              		.cfi_endproc
 318              	.LFE149:
ARM GAS  C:\Users\hh\AppData\Local\Temp\ccQUhbrs.s 			page 13


 320              		.section	.text.MX_FMC_Init,"ax",%progbits
 321              		.align	1
 322              		.global	MX_FMC_Init
 323              		.syntax unified
 324              		.thumb
 325              		.thumb_func
 327              	MX_FMC_Init:
 328              	.LFB146:
  32:Core/Src/fmc.c ****   /* USER CODE BEGIN FMC_Init 0 */
 329              		.loc 1 32 1 view -0
 330              		.cfi_startproc
 331              		@ args = 0, pretend = 0, frame = 32
 332              		@ frame_needed = 0, uses_anonymous_args = 0
 333 0000 00B5     		push	{lr}
 334              	.LCFI5:
 335              		.cfi_def_cfa_offset 4
 336              		.cfi_offset 14, -4
 337 0002 89B0     		sub	sp, sp, #36
 338              	.LCFI6:
 339              		.cfi_def_cfa_offset 40
  37:Core/Src/fmc.c **** 
 340              		.loc 1 37 3 view .LVU93
  37:Core/Src/fmc.c **** 
 341              		.loc 1 37 29 is_stmt 0 view .LVU94
 342 0004 01A9     		add	r1, sp, #4
 343 0006 0022     		movs	r2, #0
 344 0008 0192     		str	r2, [sp, #4]
 345 000a 4A60     		str	r2, [r1, #4]
 346 000c 8A60     		str	r2, [r1, #8]
 347 000e CA60     		str	r2, [r1, #12]
 348 0010 0A61     		str	r2, [r1, #16]
 349 0012 4A61     		str	r2, [r1, #20]
 350 0014 8A61     		str	r2, [r1, #24]
  45:Core/Src/fmc.c ****   hsram1.Extended = FMC_NORSRAM_EXTENDED_DEVICE;
 351              		.loc 1 45 3 is_stmt 1 view .LVU95
  45:Core/Src/fmc.c ****   hsram1.Extended = FMC_NORSRAM_EXTENDED_DEVICE;
 352              		.loc 1 45 19 is_stmt 0 view .LVU96
 353 0016 1648     		ldr	r0, .L20
 354 0018 164B     		ldr	r3, .L20+4
 355 001a 0360     		str	r3, [r0]
  46:Core/Src/fmc.c ****   /* hsram1.Init */
 356              		.loc 1 46 3 is_stmt 1 view .LVU97
  46:Core/Src/fmc.c ****   /* hsram1.Init */
 357              		.loc 1 46 19 is_stmt 0 view .LVU98
 358 001c 03F58273 		add	r3, r3, #260
 359 0020 4360     		str	r3, [r0, #4]
  48:Core/Src/fmc.c ****   hsram1.Init.DataAddressMux = FMC_DATA_ADDRESS_MUX_DISABLE;
 360              		.loc 1 48 3 is_stmt 1 view .LVU99
  48:Core/Src/fmc.c ****   hsram1.Init.DataAddressMux = FMC_DATA_ADDRESS_MUX_DISABLE;
 361              		.loc 1 48 22 is_stmt 0 view .LVU100
 362 0022 8260     		str	r2, [r0, #8]
  49:Core/Src/fmc.c ****   hsram1.Init.MemoryType = FMC_MEMORY_TYPE_SRAM;
 363              		.loc 1 49 3 is_stmt 1 view .LVU101
  49:Core/Src/fmc.c ****   hsram1.Init.MemoryType = FMC_MEMORY_TYPE_SRAM;
 364              		.loc 1 49 30 is_stmt 0 view .LVU102
 365 0024 C260     		str	r2, [r0, #12]
  50:Core/Src/fmc.c ****   hsram1.Init.MemoryDataWidth = FMC_NORSRAM_MEM_BUS_WIDTH_16;
ARM GAS  C:\Users\hh\AppData\Local\Temp\ccQUhbrs.s 			page 14


 366              		.loc 1 50 3 is_stmt 1 view .LVU103
  50:Core/Src/fmc.c ****   hsram1.Init.MemoryDataWidth = FMC_NORSRAM_MEM_BUS_WIDTH_16;
 367              		.loc 1 50 26 is_stmt 0 view .LVU104
 368 0026 0261     		str	r2, [r0, #16]
  51:Core/Src/fmc.c ****   hsram1.Init.BurstAccessMode = FMC_BURST_ACCESS_MODE_DISABLE;
 369              		.loc 1 51 3 is_stmt 1 view .LVU105
  51:Core/Src/fmc.c ****   hsram1.Init.BurstAccessMode = FMC_BURST_ACCESS_MODE_DISABLE;
 370              		.loc 1 51 31 is_stmt 0 view .LVU106
 371 0028 4FF0100C 		mov	ip, #16
 372 002c C0F814C0 		str	ip, [r0, #20]
  52:Core/Src/fmc.c ****   hsram1.Init.WaitSignalPolarity = FMC_WAIT_SIGNAL_POLARITY_LOW;
 373              		.loc 1 52 3 is_stmt 1 view .LVU107
  52:Core/Src/fmc.c ****   hsram1.Init.WaitSignalPolarity = FMC_WAIT_SIGNAL_POLARITY_LOW;
 374              		.loc 1 52 31 is_stmt 0 view .LVU108
 375 0030 8261     		str	r2, [r0, #24]
  53:Core/Src/fmc.c ****   hsram1.Init.WaitSignalActive = FMC_WAIT_TIMING_BEFORE_WS;
 376              		.loc 1 53 3 is_stmt 1 view .LVU109
  53:Core/Src/fmc.c ****   hsram1.Init.WaitSignalActive = FMC_WAIT_TIMING_BEFORE_WS;
 377              		.loc 1 53 34 is_stmt 0 view .LVU110
 378 0032 C261     		str	r2, [r0, #28]
  54:Core/Src/fmc.c ****   hsram1.Init.WriteOperation = FMC_WRITE_OPERATION_DISABLE;
 379              		.loc 1 54 3 is_stmt 1 view .LVU111
  54:Core/Src/fmc.c ****   hsram1.Init.WriteOperation = FMC_WRITE_OPERATION_DISABLE;
 380              		.loc 1 54 32 is_stmt 0 view .LVU112
 381 0034 0262     		str	r2, [r0, #32]
  55:Core/Src/fmc.c ****   hsram1.Init.WaitSignal = FMC_WAIT_SIGNAL_DISABLE;
 382              		.loc 1 55 3 is_stmt 1 view .LVU113
  55:Core/Src/fmc.c ****   hsram1.Init.WaitSignal = FMC_WAIT_SIGNAL_DISABLE;
 383              		.loc 1 55 30 is_stmt 0 view .LVU114
 384 0036 4262     		str	r2, [r0, #36]
  56:Core/Src/fmc.c ****   hsram1.Init.ExtendedMode = FMC_EXTENDED_MODE_DISABLE;
 385              		.loc 1 56 3 is_stmt 1 view .LVU115
  56:Core/Src/fmc.c ****   hsram1.Init.ExtendedMode = FMC_EXTENDED_MODE_DISABLE;
 386              		.loc 1 56 26 is_stmt 0 view .LVU116
 387 0038 8262     		str	r2, [r0, #40]
  57:Core/Src/fmc.c ****   hsram1.Init.AsynchronousWait = FMC_ASYNCHRONOUS_WAIT_DISABLE;
 388              		.loc 1 57 3 is_stmt 1 view .LVU117
  57:Core/Src/fmc.c ****   hsram1.Init.AsynchronousWait = FMC_ASYNCHRONOUS_WAIT_DISABLE;
 389              		.loc 1 57 28 is_stmt 0 view .LVU118
 390 003a C262     		str	r2, [r0, #44]
  58:Core/Src/fmc.c ****   hsram1.Init.WriteBurst = FMC_WRITE_BURST_DISABLE;
 391              		.loc 1 58 3 is_stmt 1 view .LVU119
  58:Core/Src/fmc.c ****   hsram1.Init.WriteBurst = FMC_WRITE_BURST_DISABLE;
 392              		.loc 1 58 32 is_stmt 0 view .LVU120
 393 003c 0263     		str	r2, [r0, #48]
  59:Core/Src/fmc.c ****   hsram1.Init.ContinuousClock = FMC_CONTINUOUS_CLOCK_SYNC_ONLY;
 394              		.loc 1 59 3 is_stmt 1 view .LVU121
  59:Core/Src/fmc.c ****   hsram1.Init.ContinuousClock = FMC_CONTINUOUS_CLOCK_SYNC_ONLY;
 395              		.loc 1 59 26 is_stmt 0 view .LVU122
 396 003e 4263     		str	r2, [r0, #52]
  60:Core/Src/fmc.c ****   hsram1.Init.WriteFifo = FMC_WRITE_FIFO_ENABLE;
 397              		.loc 1 60 3 is_stmt 1 view .LVU123
  60:Core/Src/fmc.c ****   hsram1.Init.WriteFifo = FMC_WRITE_FIFO_ENABLE;
 398              		.loc 1 60 31 is_stmt 0 view .LVU124
 399 0040 8263     		str	r2, [r0, #56]
  61:Core/Src/fmc.c ****   hsram1.Init.PageSize = FMC_PAGE_SIZE_NONE;
 400              		.loc 1 61 3 is_stmt 1 view .LVU125
ARM GAS  C:\Users\hh\AppData\Local\Temp\ccQUhbrs.s 			page 15


  61:Core/Src/fmc.c ****   hsram1.Init.PageSize = FMC_PAGE_SIZE_NONE;
 401              		.loc 1 61 25 is_stmt 0 view .LVU126
 402 0042 C263     		str	r2, [r0, #60]
  62:Core/Src/fmc.c ****   /* Timing */
 403              		.loc 1 62 3 is_stmt 1 view .LVU127
  62:Core/Src/fmc.c ****   /* Timing */
 404              		.loc 1 62 24 is_stmt 0 view .LVU128
 405 0044 0264     		str	r2, [r0, #64]
  64:Core/Src/fmc.c ****   Timing.AddressHoldTime = 15;
 406              		.loc 1 64 3 is_stmt 1 view .LVU129
  64:Core/Src/fmc.c ****   Timing.AddressHoldTime = 15;
 407              		.loc 1 64 27 is_stmt 0 view .LVU130
 408 0046 0F23     		movs	r3, #15
 409 0048 0193     		str	r3, [sp, #4]
  65:Core/Src/fmc.c ****   Timing.DataSetupTime = 60;
 410              		.loc 1 65 3 is_stmt 1 view .LVU131
  65:Core/Src/fmc.c ****   Timing.DataSetupTime = 60;
 411              		.loc 1 65 26 is_stmt 0 view .LVU132
 412 004a 0293     		str	r3, [sp, #8]
  66:Core/Src/fmc.c ****   Timing.BusTurnAroundDuration = 15;
 413              		.loc 1 66 3 is_stmt 1 view .LVU133
  66:Core/Src/fmc.c ****   Timing.BusTurnAroundDuration = 15;
 414              		.loc 1 66 24 is_stmt 0 view .LVU134
 415 004c 4FF03C0E 		mov	lr, #60
 416 0050 CDF80CE0 		str	lr, [sp, #12]
  67:Core/Src/fmc.c ****   Timing.CLKDivision = 16;
 417              		.loc 1 67 3 is_stmt 1 view .LVU135
  67:Core/Src/fmc.c ****   Timing.CLKDivision = 16;
 418              		.loc 1 67 32 is_stmt 0 view .LVU136
 419 0054 0493     		str	r3, [sp, #16]
  68:Core/Src/fmc.c ****   Timing.DataLatency = 17;
 420              		.loc 1 68 3 is_stmt 1 view .LVU137
  68:Core/Src/fmc.c ****   Timing.DataLatency = 17;
 421              		.loc 1 68 22 is_stmt 0 view .LVU138
 422 0056 CDF814C0 		str	ip, [sp, #20]
  69:Core/Src/fmc.c ****   Timing.AccessMode = FMC_ACCESS_MODE_A;
 423              		.loc 1 69 3 is_stmt 1 view .LVU139
  69:Core/Src/fmc.c ****   Timing.AccessMode = FMC_ACCESS_MODE_A;
 424              		.loc 1 69 22 is_stmt 0 view .LVU140
 425 005a 1123     		movs	r3, #17
 426 005c 0693     		str	r3, [sp, #24]
  70:Core/Src/fmc.c ****   /* ExtTiming */
 427              		.loc 1 70 3 is_stmt 1 view .LVU141
  73:Core/Src/fmc.c ****   {
 428              		.loc 1 73 3 view .LVU142
  73:Core/Src/fmc.c ****   {
 429              		.loc 1 73 7 is_stmt 0 view .LVU143
 430 005e FFF7FEFF 		bl	HAL_SRAM_Init
 431              	.LVL13:
  73:Core/Src/fmc.c ****   {
 432              		.loc 1 73 6 discriminator 1 view .LVU144
 433 0062 08B9     		cbnz	r0, .L19
 434              	.L16:
  81:Core/Src/fmc.c **** 
 435              		.loc 1 81 1 view .LVU145
 436 0064 09B0     		add	sp, sp, #36
 437              	.LCFI7:
ARM GAS  C:\Users\hh\AppData\Local\Temp\ccQUhbrs.s 			page 16


 438              		.cfi_remember_state
 439              		.cfi_def_cfa_offset 4
 440              		@ sp needed
 441 0066 00BD     		pop	{pc}
 442              	.L19:
 443              	.LCFI8:
 444              		.cfi_restore_state
  75:Core/Src/fmc.c ****   }
 445              		.loc 1 75 5 is_stmt 1 view .LVU146
 446 0068 FFF7FEFF 		bl	Error_Handler
 447              	.LVL14:
  81:Core/Src/fmc.c **** 
 448              		.loc 1 81 1 is_stmt 0 view .LVU147
 449 006c FAE7     		b	.L16
 450              	.L21:
 451 006e 00BF     		.align	2
 452              	.L20:
 453 0070 00000000 		.word	hsram1
 454 0074 00400052 		.word	1375748096
 455              		.cfi_endproc
 456              	.LFE146:
 458              		.section	.text.HAL_SRAM_MspInit,"ax",%progbits
 459              		.align	1
 460              		.global	HAL_SRAM_MspInit
 461              		.syntax unified
 462              		.thumb
 463              		.thumb_func
 465              	HAL_SRAM_MspInit:
 466              	.LVL15:
 467              	.LFB148:
 205:Core/Src/fmc.c ****   /* USER CODE BEGIN SRAM_MspInit 0 */
 468              		.loc 1 205 54 is_stmt 1 view -0
 469              		.cfi_startproc
 470              		@ args = 0, pretend = 0, frame = 0
 471              		@ frame_needed = 0, uses_anonymous_args = 0
 205:Core/Src/fmc.c ****   /* USER CODE BEGIN SRAM_MspInit 0 */
 472              		.loc 1 205 54 is_stmt 0 view .LVU149
 473 0000 08B5     		push	{r3, lr}
 474              	.LCFI9:
 475              		.cfi_def_cfa_offset 8
 476              		.cfi_offset 3, -8
 477              		.cfi_offset 14, -4
 209:Core/Src/fmc.c ****   /* USER CODE BEGIN SRAM_MspInit 1 */
 478              		.loc 1 209 3 is_stmt 1 view .LVU150
 479 0002 FFF7FEFF 		bl	HAL_FMC_MspInit
 480              	.LVL16:
 213:Core/Src/fmc.c **** 
 481              		.loc 1 213 1 is_stmt 0 view .LVU151
 482 0006 08BD     		pop	{r3, pc}
 483              		.cfi_endproc
 484              	.LFE148:
 486              		.section	.text.HAL_SRAM_MspDeInit,"ax",%progbits
 487              		.align	1
 488              		.global	HAL_SRAM_MspDeInit
 489              		.syntax unified
 490              		.thumb
 491              		.thumb_func
ARM GAS  C:\Users\hh\AppData\Local\Temp\ccQUhbrs.s 			page 17


 493              	HAL_SRAM_MspDeInit:
 494              	.LVL17:
 495              	.LFB150:
 290:Core/Src/fmc.c **** 
 291:Core/Src/fmc.c **** void HAL_SRAM_MspDeInit(SRAM_HandleTypeDef* sramHandle){
 496              		.loc 1 291 56 is_stmt 1 view -0
 497              		.cfi_startproc
 498              		@ args = 0, pretend = 0, frame = 0
 499              		@ frame_needed = 0, uses_anonymous_args = 0
 500              		.loc 1 291 56 is_stmt 0 view .LVU153
 501 0000 08B5     		push	{r3, lr}
 502              	.LCFI10:
 503              		.cfi_def_cfa_offset 8
 504              		.cfi_offset 3, -8
 505              		.cfi_offset 14, -4
 292:Core/Src/fmc.c ****   /* USER CODE BEGIN SRAM_MspDeInit 0 */
 293:Core/Src/fmc.c **** 
 294:Core/Src/fmc.c ****   /* USER CODE END SRAM_MspDeInit 0 */
 295:Core/Src/fmc.c ****   HAL_FMC_MspDeInit();
 506              		.loc 1 295 3 is_stmt 1 view .LVU154
 507 0002 FFF7FEFF 		bl	HAL_FMC_MspDeInit
 508              	.LVL18:
 296:Core/Src/fmc.c ****   /* USER CODE BEGIN SRAM_MspDeInit 1 */
 297:Core/Src/fmc.c **** 
 298:Core/Src/fmc.c ****   /* USER CODE END SRAM_MspDeInit 1 */
 299:Core/Src/fmc.c **** }
 509              		.loc 1 299 1 is_stmt 0 view .LVU155
 510 0006 08BD     		pop	{r3, pc}
 511              		.cfi_endproc
 512              	.LFE150:
 514              		.section	.bss.FMC_DeInitialized,"aw",%nobits
 515              		.align	2
 518              	FMC_DeInitialized:
 519 0000 00000000 		.space	4
 520              		.section	.bss.FMC_Initialized,"aw",%nobits
 521              		.align	2
 524              	FMC_Initialized:
 525 0000 00000000 		.space	4
 526              		.global	hsram1
 527              		.section	.bss.hsram1,"aw",%nobits
 528              		.align	2
 531              	hsram1:
 532 0000 00000000 		.space	76
 532      00000000 
 532      00000000 
 532      00000000 
 532      00000000 
 533              		.text
 534              	.Letext0:
 535              		.file 2 "C:/Program Files (x86)/ARM/arm-gnu-toolchain-15.2.rel1-mingw-w64-i686-arm-none-eabi/arm-n
 536              		.file 3 "C:/Program Files (x86)/ARM/arm-gnu-toolchain-15.2.rel1-mingw-w64-i686-arm-none-eabi/arm-n
 537              		.file 4 "Drivers/CMSIS/Device/ST/STM32H7xx/Include/stm32h743xx.h"
 538              		.file 5 "Drivers/STM32H7xx_HAL_Driver/Inc/stm32h7xx_hal_def.h"
 539              		.file 6 "Drivers/STM32H7xx_HAL_Driver/Inc/stm32h7xx_hal_rcc_ex.h"
 540              		.file 7 "Drivers/STM32H7xx_HAL_Driver/Inc/stm32h7xx_hal_gpio.h"
 541              		.file 8 "Drivers/STM32H7xx_HAL_Driver/Inc/stm32h7xx_hal_mdma.h"
 542              		.file 9 "Drivers/STM32H7xx_HAL_Driver/Inc/stm32h7xx_ll_fmc.h"
ARM GAS  C:\Users\hh\AppData\Local\Temp\ccQUhbrs.s 			page 18


 543              		.file 10 "Drivers/STM32H7xx_HAL_Driver/Inc/stm32h7xx_hal_sram.h"
 544              		.file 11 "Core/Inc/fmc.h"
 545              		.file 12 "Core/Inc/main.h"
 546              		.file 13 "<built-in>"
ARM GAS  C:\Users\hh\AppData\Local\Temp\ccQUhbrs.s 			page 19


DEFINED SYMBOLS
                            *ABS*:00000000 fmc.c
C:\Users\hh\AppData\Local\Temp\ccQUhbrs.s:20     .text.HAL_FMC_MspInit:00000000 $t
C:\Users\hh\AppData\Local\Temp\ccQUhbrs.s:25     .text.HAL_FMC_MspInit:00000000 HAL_FMC_MspInit
C:\Users\hh\AppData\Local\Temp\ccQUhbrs.s:234    .text.HAL_FMC_MspInit:000000e0 $d
C:\Users\hh\AppData\Local\Temp\ccQUhbrs.s:524    .bss.FMC_Initialized:00000000 FMC_Initialized
C:\Users\hh\AppData\Local\Temp\ccQUhbrs.s:245    .text.HAL_FMC_MspDeInit:00000000 $t
C:\Users\hh\AppData\Local\Temp\ccQUhbrs.s:250    .text.HAL_FMC_MspDeInit:00000000 HAL_FMC_MspDeInit
C:\Users\hh\AppData\Local\Temp\ccQUhbrs.s:310    .text.HAL_FMC_MspDeInit:00000050 $d
C:\Users\hh\AppData\Local\Temp\ccQUhbrs.s:518    .bss.FMC_DeInitialized:00000000 FMC_DeInitialized
C:\Users\hh\AppData\Local\Temp\ccQUhbrs.s:321    .text.MX_FMC_Init:00000000 $t
C:\Users\hh\AppData\Local\Temp\ccQUhbrs.s:327    .text.MX_FMC_Init:00000000 MX_FMC_Init
C:\Users\hh\AppData\Local\Temp\ccQUhbrs.s:453    .text.MX_FMC_Init:00000070 $d
C:\Users\hh\AppData\Local\Temp\ccQUhbrs.s:531    .bss.hsram1:00000000 hsram1
C:\Users\hh\AppData\Local\Temp\ccQUhbrs.s:459    .text.HAL_SRAM_MspInit:00000000 $t
C:\Users\hh\AppData\Local\Temp\ccQUhbrs.s:465    .text.HAL_SRAM_MspInit:00000000 HAL_SRAM_MspInit
C:\Users\hh\AppData\Local\Temp\ccQUhbrs.s:487    .text.HAL_SRAM_MspDeInit:00000000 $t
C:\Users\hh\AppData\Local\Temp\ccQUhbrs.s:493    .text.HAL_SRAM_MspDeInit:00000000 HAL_SRAM_MspDeInit
C:\Users\hh\AppData\Local\Temp\ccQUhbrs.s:515    .bss.FMC_DeInitialized:00000000 $d
C:\Users\hh\AppData\Local\Temp\ccQUhbrs.s:521    .bss.FMC_Initialized:00000000 $d
C:\Users\hh\AppData\Local\Temp\ccQUhbrs.s:528    .bss.hsram1:00000000 $d

UNDEFINED SYMBOLS
memset
HAL_RCCEx_PeriphCLKConfig
HAL_GPIO_Init
Error_Handler
HAL_GPIO_DeInit
HAL_SRAM_Init
