ARM GAS  C:\Users\hh\AppData\Local\Temp\ccPgoHFd.s 			page 1


   1              		.cpu cortex-m7
   2              		.arch armv7e-m
   3              		.fpu fpv5-d16
   4              		.eabi_attribute 28, 1
   5              		.eabi_attribute 20, 1
   6              		.eabi_attribute 21, 1
   7              		.eabi_attribute 23, 3
   8              		.eabi_attribute 24, 1
   9              		.eabi_attribute 25, 1
  10              		.eabi_attribute 26, 1
  11              		.eabi_attribute 30, 1
  12              		.eabi_attribute 34, 1
  13              		.eabi_attribute 18, 4
  14              		.file	"ip4_addr.c"
  15              		.text
  16              	.Ltext0:
  17              		.cfi_sections	.debug_frame
  18              		.file 1 "Middlewares/Third_Party/LwIP/src/core/ipv4/ip4_addr.c"
  19              		.section	.text.ip4_addr_isbroadcast_u32,"ax",%progbits
  20              		.align	1
  21              		.global	ip4_addr_isbroadcast_u32
  22              		.syntax unified
  23              		.thumb
  24              		.thumb_func
  26              	ip4_addr_isbroadcast_u32:
  27              	.LVL0:
  28              	.LFB172:
   1:Middlewares/Third_Party/LwIP/src/core/ipv4/ip4_addr.c **** /**
   2:Middlewares/Third_Party/LwIP/src/core/ipv4/ip4_addr.c ****  * @file
   3:Middlewares/Third_Party/LwIP/src/core/ipv4/ip4_addr.c ****  * This is the IPv4 address tools implementation.
   4:Middlewares/Third_Party/LwIP/src/core/ipv4/ip4_addr.c ****  *
   5:Middlewares/Third_Party/LwIP/src/core/ipv4/ip4_addr.c ****  */
   6:Middlewares/Third_Party/LwIP/src/core/ipv4/ip4_addr.c **** 
   7:Middlewares/Third_Party/LwIP/src/core/ipv4/ip4_addr.c **** /*
   8:Middlewares/Third_Party/LwIP/src/core/ipv4/ip4_addr.c ****  * Copyright (c) 2001-2004 Swedish Institute of Computer Science.
   9:Middlewares/Third_Party/LwIP/src/core/ipv4/ip4_addr.c ****  * All rights reserved.
  10:Middlewares/Third_Party/LwIP/src/core/ipv4/ip4_addr.c ****  *
  11:Middlewares/Third_Party/LwIP/src/core/ipv4/ip4_addr.c ****  * Redistribution and use in source and binary forms, with or without modification,
  12:Middlewares/Third_Party/LwIP/src/core/ipv4/ip4_addr.c ****  * are permitted provided that the following conditions are met:
  13:Middlewares/Third_Party/LwIP/src/core/ipv4/ip4_addr.c ****  *
  14:Middlewares/Third_Party/LwIP/src/core/ipv4/ip4_addr.c ****  * 1. Redistributions of source code must retain the above copyright notice,
  15:Middlewares/Third_Party/LwIP/src/core/ipv4/ip4_addr.c ****  *    this list of conditions and the following disclaimer.
  16:Middlewares/Third_Party/LwIP/src/core/ipv4/ip4_addr.c ****  * 2. Redistributions in binary form must reproduce the above copyright notice,
  17:Middlewares/Third_Party/LwIP/src/core/ipv4/ip4_addr.c ****  *    this list of conditions and the following disclaimer in the documentation
  18:Middlewares/Third_Party/LwIP/src/core/ipv4/ip4_addr.c ****  *    and/or other materials provided with the distribution.
  19:Middlewares/Third_Party/LwIP/src/core/ipv4/ip4_addr.c ****  * 3. The name of the author may not be used to endorse or promote products
  20:Middlewares/Third_Party/LwIP/src/core/ipv4/ip4_addr.c ****  *    derived from this software without specific prior written permission.
  21:Middlewares/Third_Party/LwIP/src/core/ipv4/ip4_addr.c ****  *
  22:Middlewares/Third_Party/LwIP/src/core/ipv4/ip4_addr.c ****  * THIS SOFTWARE IS PROVIDED BY THE AUTHOR ``AS IS'' AND ANY EXPRESS OR IMPLIED
  23:Middlewares/Third_Party/LwIP/src/core/ipv4/ip4_addr.c ****  * WARRANTIES, INCLUDING, BUT NOT LIMITED TO, THE IMPLIED WARRANTIES OF
  24:Middlewares/Third_Party/LwIP/src/core/ipv4/ip4_addr.c ****  * MERCHANTABILITY AND FITNESS FOR A PARTICULAR PURPOSE ARE DISCLAIMED. IN NO EVENT
  25:Middlewares/Third_Party/LwIP/src/core/ipv4/ip4_addr.c ****  * SHALL THE AUTHOR BE LIABLE FOR ANY DIRECT, INDIRECT, INCIDENTAL, SPECIAL,
  26:Middlewares/Third_Party/LwIP/src/core/ipv4/ip4_addr.c ****  * EXEMPLARY, OR CONSEQUENTIAL DAMAGES (INCLUDING, BUT NOT LIMITED TO, PROCUREMENT
  27:Middlewares/Third_Party/LwIP/src/core/ipv4/ip4_addr.c ****  * OF SUBSTITUTE GOODS OR SERVICES; LOSS OF USE, DATA, OR PROFITS; OR BUSINESS
  28:Middlewares/Third_Party/LwIP/src/core/ipv4/ip4_addr.c ****  * INTERRUPTION) HOWEVER CAUSED AND ON ANY THEORY OF LIABILITY, WHETHER IN
  29:Middlewares/Third_Party/LwIP/src/core/ipv4/ip4_addr.c ****  * CONTRACT, STRICT LIABILITY, OR TORT (INCLUDING NEGLIGENCE OR OTHERWISE) ARISING
  30:Middlewares/Third_Party/LwIP/src/core/ipv4/ip4_addr.c ****  * IN ANY WAY OUT OF THE USE OF THIS SOFTWARE, EVEN IF ADVISED OF THE POSSIBILITY
ARM GAS  C:\Users\hh\AppData\Local\Temp\ccPgoHFd.s 			page 2


  31:Middlewares/Third_Party/LwIP/src/core/ipv4/ip4_addr.c ****  * OF SUCH DAMAGE.
  32:Middlewares/Third_Party/LwIP/src/core/ipv4/ip4_addr.c ****  *
  33:Middlewares/Third_Party/LwIP/src/core/ipv4/ip4_addr.c ****  * This file is part of the lwIP TCP/IP stack.
  34:Middlewares/Third_Party/LwIP/src/core/ipv4/ip4_addr.c ****  *
  35:Middlewares/Third_Party/LwIP/src/core/ipv4/ip4_addr.c ****  * Author: Adam Dunkels <adam@sics.se>
  36:Middlewares/Third_Party/LwIP/src/core/ipv4/ip4_addr.c ****  *
  37:Middlewares/Third_Party/LwIP/src/core/ipv4/ip4_addr.c ****  */
  38:Middlewares/Third_Party/LwIP/src/core/ipv4/ip4_addr.c **** 
  39:Middlewares/Third_Party/LwIP/src/core/ipv4/ip4_addr.c **** #include "lwip/opt.h"
  40:Middlewares/Third_Party/LwIP/src/core/ipv4/ip4_addr.c **** 
  41:Middlewares/Third_Party/LwIP/src/core/ipv4/ip4_addr.c **** #if LWIP_IPV4
  42:Middlewares/Third_Party/LwIP/src/core/ipv4/ip4_addr.c **** 
  43:Middlewares/Third_Party/LwIP/src/core/ipv4/ip4_addr.c **** #include "lwip/ip_addr.h"
  44:Middlewares/Third_Party/LwIP/src/core/ipv4/ip4_addr.c **** #include "lwip/netif.h"
  45:Middlewares/Third_Party/LwIP/src/core/ipv4/ip4_addr.c **** 
  46:Middlewares/Third_Party/LwIP/src/core/ipv4/ip4_addr.c **** /* used by IP4_ADDR_ANY and IP_ADDR_BROADCAST in ip_addr.h */
  47:Middlewares/Third_Party/LwIP/src/core/ipv4/ip4_addr.c **** const ip_addr_t ip_addr_any = IPADDR4_INIT(IPADDR_ANY);
  48:Middlewares/Third_Party/LwIP/src/core/ipv4/ip4_addr.c **** const ip_addr_t ip_addr_broadcast = IPADDR4_INIT(IPADDR_BROADCAST);
  49:Middlewares/Third_Party/LwIP/src/core/ipv4/ip4_addr.c **** 
  50:Middlewares/Third_Party/LwIP/src/core/ipv4/ip4_addr.c **** /**
  51:Middlewares/Third_Party/LwIP/src/core/ipv4/ip4_addr.c ****  * Determine if an address is a broadcast address on a network interface
  52:Middlewares/Third_Party/LwIP/src/core/ipv4/ip4_addr.c ****  *
  53:Middlewares/Third_Party/LwIP/src/core/ipv4/ip4_addr.c ****  * @param addr address to be checked
  54:Middlewares/Third_Party/LwIP/src/core/ipv4/ip4_addr.c ****  * @param netif the network interface against which the address is checked
  55:Middlewares/Third_Party/LwIP/src/core/ipv4/ip4_addr.c ****  * @return returns non-zero if the address is a broadcast address
  56:Middlewares/Third_Party/LwIP/src/core/ipv4/ip4_addr.c ****  */
  57:Middlewares/Third_Party/LwIP/src/core/ipv4/ip4_addr.c **** u8_t
  58:Middlewares/Third_Party/LwIP/src/core/ipv4/ip4_addr.c **** ip4_addr_isbroadcast_u32(u32_t addr, const struct netif *netif)
  59:Middlewares/Third_Party/LwIP/src/core/ipv4/ip4_addr.c **** {
  29              		.loc 1 59 1 view -0
  30              		.cfi_startproc
  31              		@ args = 0, pretend = 0, frame = 0
  32              		@ frame_needed = 0, uses_anonymous_args = 0
  33              		@ link register save eliminated.
  34              		.loc 1 59 1 is_stmt 0 view .LVU1
  35 0000 0346     		mov	r3, r0
  60:Middlewares/Third_Party/LwIP/src/core/ipv4/ip4_addr.c ****   ip4_addr_t ipaddr;
  36              		.loc 1 60 3 is_stmt 1 view .LVU2
  61:Middlewares/Third_Party/LwIP/src/core/ipv4/ip4_addr.c ****   ip4_addr_set_u32(&ipaddr, addr);
  37              		.loc 1 61 3 view .LVU3
  62:Middlewares/Third_Party/LwIP/src/core/ipv4/ip4_addr.c **** 
  63:Middlewares/Third_Party/LwIP/src/core/ipv4/ip4_addr.c ****   /* all ones (broadcast) or all zeroes (old skool broadcast) */
  64:Middlewares/Third_Party/LwIP/src/core/ipv4/ip4_addr.c ****   if ((~addr == IPADDR_ANY) ||
  38              		.loc 1 64 3 view .LVU4
  39              		.loc 1 64 29 is_stmt 0 view .LVU5
  40 0002 421E     		subs	r2, r0, #1
  41              		.loc 1 64 6 view .LVU6
  42 0004 12F1030F 		cmn	r2, #3
  43 0008 12D8     		bhi	.L3
  65:Middlewares/Third_Party/LwIP/src/core/ipv4/ip4_addr.c ****       (addr == IPADDR_ANY)) {
  66:Middlewares/Third_Party/LwIP/src/core/ipv4/ip4_addr.c ****     return 1;
  67:Middlewares/Third_Party/LwIP/src/core/ipv4/ip4_addr.c ****     /* no broadcast support on this network interface? */
  68:Middlewares/Third_Party/LwIP/src/core/ipv4/ip4_addr.c ****   } else if ((netif->flags & NETIF_FLAG_BROADCAST) == 0) {
  44              		.loc 1 68 10 is_stmt 1 view .LVU7
  45              		.loc 1 68 20 is_stmt 0 view .LVU8
  46 000a 91F82D00 		ldrb	r0, [r1, #45]	@ zero_extendqisi2
  47              	.LVL1:
ARM GAS  C:\Users\hh\AppData\Local\Temp\ccPgoHFd.s 			page 3


  48              		.loc 1 68 13 view .LVU9
  49 000e 10F00200 		ands	r0, r0, #2
  50 0012 14D0     		beq	.L2
  69:Middlewares/Third_Party/LwIP/src/core/ipv4/ip4_addr.c ****     /* the given address cannot be a broadcast address
  70:Middlewares/Third_Party/LwIP/src/core/ipv4/ip4_addr.c ****      * nor can we check against any broadcast addresses */
  71:Middlewares/Third_Party/LwIP/src/core/ipv4/ip4_addr.c ****     return 0;
  72:Middlewares/Third_Party/LwIP/src/core/ipv4/ip4_addr.c ****     /* address matches network interface address exactly? => no broadcast */
  73:Middlewares/Third_Party/LwIP/src/core/ipv4/ip4_addr.c ****   } else if (addr == ip4_addr_get_u32(netif_ip4_addr(netif))) {
  51              		.loc 1 73 10 is_stmt 1 view .LVU10
  52              		.loc 1 73 22 is_stmt 0 view .LVU11
  53 0014 4A68     		ldr	r2, [r1, #4]
  54              		.loc 1 73 13 view .LVU12
  55 0016 9A42     		cmp	r2, r3
  56 0018 0CD0     		beq	.L4
  74:Middlewares/Third_Party/LwIP/src/core/ipv4/ip4_addr.c ****     return 0;
  75:Middlewares/Third_Party/LwIP/src/core/ipv4/ip4_addr.c ****     /*  on the same (sub) network... */
  76:Middlewares/Third_Party/LwIP/src/core/ipv4/ip4_addr.c ****   } else if (ip4_addr_net_eq(&ipaddr, netif_ip4_addr(netif), netif_ip4_netmask(netif))
  57              		.loc 1 76 10 is_stmt 1 view .LVU13
  58              		.loc 1 76 14 is_stmt 0 view .LVU14
  59 001a 8968     		ldr	r1, [r1, #8]
  60              	.LVL2:
  61              		.loc 1 76 14 view .LVU15
  62 001c 5A40     		eors	r2, r2, r3
  63              		.loc 1 76 13 view .LVU16
  64 001e 0A42     		tst	r2, r1
  65 0020 0AD1     		bne	.L5
  77:Middlewares/Third_Party/LwIP/src/core/ipv4/ip4_addr.c ****              /* ...and host identifier bits are all ones? =>... */
  78:Middlewares/Third_Party/LwIP/src/core/ipv4/ip4_addr.c ****              && ((addr & ~ip4_addr_get_u32(netif_ip4_netmask(netif))) ==
  66              		.loc 1 78 26 view .LVU17
  67 0022 CA43     		mvns	r2, r1
  68              		.loc 1 78 24 view .LVU18
  69 0024 23EA0103 		bic	r3, r3, r1
  70              	.LVL3:
  71              		.loc 1 78 14 view .LVU19
  72 0028 9A42     		cmp	r2, r3
  73 002a 07D0     		beq	.L6
  79:Middlewares/Third_Party/LwIP/src/core/ipv4/ip4_addr.c ****                  (IPADDR_BROADCAST & ~ip4_addr_get_u32(netif_ip4_netmask(netif))))) {
  80:Middlewares/Third_Party/LwIP/src/core/ipv4/ip4_addr.c ****     /* => network broadcast address */
  81:Middlewares/Third_Party/LwIP/src/core/ipv4/ip4_addr.c ****     return 1;
  82:Middlewares/Third_Party/LwIP/src/core/ipv4/ip4_addr.c ****   } else {
  83:Middlewares/Third_Party/LwIP/src/core/ipv4/ip4_addr.c ****     return 0;
  74              		.loc 1 83 12 view .LVU20
  75 002c 0020     		movs	r0, #0
  76 002e 7047     		bx	lr
  77              	.LVL4:
  78              	.L3:
  66:Middlewares/Third_Party/LwIP/src/core/ipv4/ip4_addr.c ****     /* no broadcast support on this network interface? */
  79              		.loc 1 66 12 view .LVU21
  80 0030 0120     		movs	r0, #1
  81              	.LVL5:
  66:Middlewares/Third_Party/LwIP/src/core/ipv4/ip4_addr.c ****     /* no broadcast support on this network interface? */
  82              		.loc 1 66 12 view .LVU22
  83 0032 7047     		bx	lr
  84              	.L4:
  74:Middlewares/Third_Party/LwIP/src/core/ipv4/ip4_addr.c ****     /*  on the same (sub) network... */
  85              		.loc 1 74 12 view .LVU23
  86 0034 0020     		movs	r0, #0
ARM GAS  C:\Users\hh\AppData\Local\Temp\ccPgoHFd.s 			page 4


  87 0036 7047     		bx	lr
  88              	.LVL6:
  89              	.L5:
  90              		.loc 1 83 12 view .LVU24
  91 0038 0020     		movs	r0, #0
  92 003a 7047     		bx	lr
  93              	.LVL7:
  94              	.L6:
  81:Middlewares/Third_Party/LwIP/src/core/ipv4/ip4_addr.c ****   } else {
  95              		.loc 1 81 12 view .LVU25
  96 003c 0120     		movs	r0, #1
  97              	.L2:
  84:Middlewares/Third_Party/LwIP/src/core/ipv4/ip4_addr.c ****   }
  85:Middlewares/Third_Party/LwIP/src/core/ipv4/ip4_addr.c **** }
  98              		.loc 1 85 1 view .LVU26
  99 003e 7047     		bx	lr
 100              		.cfi_endproc
 101              	.LFE172:
 103              		.section	.text.ip4_addr_netmask_valid,"ax",%progbits
 104              		.align	1
 105              		.global	ip4_addr_netmask_valid
 106              		.syntax unified
 107              		.thumb
 108              		.thumb_func
 110              	ip4_addr_netmask_valid:
 111              	.LVL8:
 112              	.LFB173:
  86:Middlewares/Third_Party/LwIP/src/core/ipv4/ip4_addr.c **** 
  87:Middlewares/Third_Party/LwIP/src/core/ipv4/ip4_addr.c **** /** Checks if a netmask is valid (starting with ones, then only zeros)
  88:Middlewares/Third_Party/LwIP/src/core/ipv4/ip4_addr.c ****  *
  89:Middlewares/Third_Party/LwIP/src/core/ipv4/ip4_addr.c ****  * @param netmask the IPv4 netmask to check (in network byte order!)
  90:Middlewares/Third_Party/LwIP/src/core/ipv4/ip4_addr.c ****  * @return 1 if the netmask is valid, 0 if it is not
  91:Middlewares/Third_Party/LwIP/src/core/ipv4/ip4_addr.c ****  */
  92:Middlewares/Third_Party/LwIP/src/core/ipv4/ip4_addr.c **** u8_t
  93:Middlewares/Third_Party/LwIP/src/core/ipv4/ip4_addr.c **** ip4_addr_netmask_valid(u32_t netmask)
  94:Middlewares/Third_Party/LwIP/src/core/ipv4/ip4_addr.c **** {
 113              		.loc 1 94 1 is_stmt 1 view -0
 114              		.cfi_startproc
 115              		@ args = 0, pretend = 0, frame = 0
 116              		@ frame_needed = 0, uses_anonymous_args = 0
 117              		.loc 1 94 1 is_stmt 0 view .LVU28
 118 0000 08B5     		push	{r3, lr}
 119              	.LCFI0:
 120              		.cfi_def_cfa_offset 8
 121              		.cfi_offset 3, -8
 122              		.cfi_offset 14, -4
  95:Middlewares/Third_Party/LwIP/src/core/ipv4/ip4_addr.c ****   u32_t mask;
 123              		.loc 1 95 3 is_stmt 1 view .LVU29
  96:Middlewares/Third_Party/LwIP/src/core/ipv4/ip4_addr.c ****   u32_t nm_hostorder = lwip_htonl(netmask);
 124              		.loc 1 96 3 view .LVU30
 125              		.loc 1 96 24 is_stmt 0 view .LVU31
 126 0002 FFF7FEFF 		bl	lwip_htonl
 127              	.LVL9:
  97:Middlewares/Third_Party/LwIP/src/core/ipv4/ip4_addr.c **** 
  98:Middlewares/Third_Party/LwIP/src/core/ipv4/ip4_addr.c ****   /* first, check for the first zero */
  99:Middlewares/Third_Party/LwIP/src/core/ipv4/ip4_addr.c ****   for (mask = 1UL << 31 ; mask != 0; mask >>= 1) {
 128              		.loc 1 99 3 is_stmt 1 view .LVU32
ARM GAS  C:\Users\hh\AppData\Local\Temp\ccPgoHFd.s 			page 5


 129              		.loc 1 99 13 is_stmt 0 view .LVU33
 130 0006 4FF00043 		mov	r3, #-2147483648
 131              	.LVL10:
 132              	.L8:
 133              		.loc 1 99 32 is_stmt 1 discriminator 1 view .LVU34
 134 000a 1BB1     		cbz	r3, .L12
 100:Middlewares/Third_Party/LwIP/src/core/ipv4/ip4_addr.c ****     if ((nm_hostorder & mask) == 0) {
 135              		.loc 1 100 5 view .LVU35
 136              		.loc 1 100 8 is_stmt 0 view .LVU36
 137 000c 0342     		tst	r3, r0
 138 000e 01D0     		beq	.L12
  99:Middlewares/Third_Party/LwIP/src/core/ipv4/ip4_addr.c ****     if ((nm_hostorder & mask) == 0) {
 139              		.loc 1 99 43 is_stmt 1 discriminator 2 view .LVU37
 140 0010 5B08     		lsrs	r3, r3, #1
 141              	.LVL11:
  99:Middlewares/Third_Party/LwIP/src/core/ipv4/ip4_addr.c ****     if ((nm_hostorder & mask) == 0) {
 142              		.loc 1 99 43 is_stmt 0 discriminator 2 view .LVU38
 143 0012 FAE7     		b	.L8
 144              	.LVL12:
 145              	.L12:
 101:Middlewares/Third_Party/LwIP/src/core/ipv4/ip4_addr.c ****       break;
 102:Middlewares/Third_Party/LwIP/src/core/ipv4/ip4_addr.c ****     }
 103:Middlewares/Third_Party/LwIP/src/core/ipv4/ip4_addr.c ****   }
 104:Middlewares/Third_Party/LwIP/src/core/ipv4/ip4_addr.c ****   /* then check that there is no one */
 105:Middlewares/Third_Party/LwIP/src/core/ipv4/ip4_addr.c ****   for (; mask != 0; mask >>= 1) {
 146              		.loc 1 105 15 is_stmt 1 discriminator 1 view .LVU39
 147 0014 1BB1     		cbz	r3, .L16
 106:Middlewares/Third_Party/LwIP/src/core/ipv4/ip4_addr.c ****     if ((nm_hostorder & mask) != 0) {
 148              		.loc 1 106 5 view .LVU40
 149              		.loc 1 106 8 is_stmt 0 view .LVU41
 150 0016 0342     		tst	r3, r0
 151 0018 03D1     		bne	.L14
 105:Middlewares/Third_Party/LwIP/src/core/ipv4/ip4_addr.c ****     if ((nm_hostorder & mask) != 0) {
 152              		.loc 1 105 26 is_stmt 1 view .LVU42
 153 001a 5B08     		lsrs	r3, r3, #1
 154              	.LVL13:
 105:Middlewares/Third_Party/LwIP/src/core/ipv4/ip4_addr.c ****     if ((nm_hostorder & mask) != 0) {
 155              		.loc 1 105 26 is_stmt 0 view .LVU43
 156 001c FAE7     		b	.L12
 157              	.LVL14:
 158              	.L16:
 107:Middlewares/Third_Party/LwIP/src/core/ipv4/ip4_addr.c ****       /* there is a one after the first zero -> invalid */
 108:Middlewares/Third_Party/LwIP/src/core/ipv4/ip4_addr.c ****       return 0;
 109:Middlewares/Third_Party/LwIP/src/core/ipv4/ip4_addr.c ****     }
 110:Middlewares/Third_Party/LwIP/src/core/ipv4/ip4_addr.c ****   }
 111:Middlewares/Third_Party/LwIP/src/core/ipv4/ip4_addr.c ****   /* no one after the first zero -> valid */
 112:Middlewares/Third_Party/LwIP/src/core/ipv4/ip4_addr.c ****   return 1;
 159              		.loc 1 112 10 view .LVU44
 160 001e 0120     		movs	r0, #1
 161              	.LVL15:
 162              	.L11:
 113:Middlewares/Third_Party/LwIP/src/core/ipv4/ip4_addr.c **** }
 163              		.loc 1 113 1 view .LVU45
 164 0020 08BD     		pop	{r3, pc}
 165              	.LVL16:
 166              	.L14:
 108:Middlewares/Third_Party/LwIP/src/core/ipv4/ip4_addr.c ****     }
ARM GAS  C:\Users\hh\AppData\Local\Temp\ccPgoHFd.s 			page 6


 167              		.loc 1 108 14 view .LVU46
 168 0022 0020     		movs	r0, #0
 169              	.LVL17:
 108:Middlewares/Third_Party/LwIP/src/core/ipv4/ip4_addr.c ****     }
 170              		.loc 1 108 14 view .LVU47
 171 0024 FCE7     		b	.L11
 172              		.cfi_endproc
 173              	.LFE173:
 175              		.section	.rodata.ip4addr_aton.str1.4,"aMS",%progbits,1
 176              		.align	2
 177              	.LC0:
 178 0000 4D696464 		.ascii	"Middlewares/Third_Party/LwIP/src/core/ipv4/ip4_addr"
 178      6C657761 
 178      7265732F 
 178      54686972 
 178      645F5061 
 179 0033 2E6300   		.ascii	".c\000"
 180 0036 0000     		.align	2
 181              	.LC1:
 182 0038 756E6861 		.ascii	"unhandled\000"
 182      6E646C65 
 182      6400
 183 0042 0000     		.align	2
 184              	.LC2:
 185 0044 41737365 		.ascii	"Assertion \"%s\" failed at line %d in %s\012\000"
 185      7274696F 
 185      6E202225 
 185      73222066 
 185      61696C65 
 186              		.section	.text.ip4addr_aton,"ax",%progbits
 187              		.align	1
 188              		.global	ip4addr_aton
 189              		.syntax unified
 190              		.thumb
 191              		.thumb_func
 193              	ip4addr_aton:
 194              	.LVL18:
 195              	.LFB175:
 114:Middlewares/Third_Party/LwIP/src/core/ipv4/ip4_addr.c **** 
 115:Middlewares/Third_Party/LwIP/src/core/ipv4/ip4_addr.c **** /**
 116:Middlewares/Third_Party/LwIP/src/core/ipv4/ip4_addr.c ****  * Ascii internet address interpretation routine.
 117:Middlewares/Third_Party/LwIP/src/core/ipv4/ip4_addr.c ****  * The value returned is in network order.
 118:Middlewares/Third_Party/LwIP/src/core/ipv4/ip4_addr.c ****  *
 119:Middlewares/Third_Party/LwIP/src/core/ipv4/ip4_addr.c ****  * @param cp IP address in ascii representation (e.g. "127.0.0.1")
 120:Middlewares/Third_Party/LwIP/src/core/ipv4/ip4_addr.c ****  * @return ip address in network order
 121:Middlewares/Third_Party/LwIP/src/core/ipv4/ip4_addr.c ****  */
 122:Middlewares/Third_Party/LwIP/src/core/ipv4/ip4_addr.c **** u32_t
 123:Middlewares/Third_Party/LwIP/src/core/ipv4/ip4_addr.c **** ipaddr_addr(const char *cp)
 124:Middlewares/Third_Party/LwIP/src/core/ipv4/ip4_addr.c **** {
 125:Middlewares/Third_Party/LwIP/src/core/ipv4/ip4_addr.c ****   ip4_addr_t val;
 126:Middlewares/Third_Party/LwIP/src/core/ipv4/ip4_addr.c **** 
 127:Middlewares/Third_Party/LwIP/src/core/ipv4/ip4_addr.c ****   if (ip4addr_aton(cp, &val)) {
 128:Middlewares/Third_Party/LwIP/src/core/ipv4/ip4_addr.c ****     return ip4_addr_get_u32(&val);
 129:Middlewares/Third_Party/LwIP/src/core/ipv4/ip4_addr.c ****   }
 130:Middlewares/Third_Party/LwIP/src/core/ipv4/ip4_addr.c ****   return (IPADDR_NONE);
 131:Middlewares/Third_Party/LwIP/src/core/ipv4/ip4_addr.c **** }
 132:Middlewares/Third_Party/LwIP/src/core/ipv4/ip4_addr.c **** 
ARM GAS  C:\Users\hh\AppData\Local\Temp\ccPgoHFd.s 			page 7


 133:Middlewares/Third_Party/LwIP/src/core/ipv4/ip4_addr.c **** /**
 134:Middlewares/Third_Party/LwIP/src/core/ipv4/ip4_addr.c ****  * Check whether "cp" is a valid ascii representation
 135:Middlewares/Third_Party/LwIP/src/core/ipv4/ip4_addr.c ****  * of an Internet address and convert to a binary address.
 136:Middlewares/Third_Party/LwIP/src/core/ipv4/ip4_addr.c ****  * Returns 1 if the address is valid, 0 if not.
 137:Middlewares/Third_Party/LwIP/src/core/ipv4/ip4_addr.c ****  * This replaces inet_addr, the return value from which
 138:Middlewares/Third_Party/LwIP/src/core/ipv4/ip4_addr.c ****  * cannot distinguish between failure and a local broadcast address.
 139:Middlewares/Third_Party/LwIP/src/core/ipv4/ip4_addr.c ****  *
 140:Middlewares/Third_Party/LwIP/src/core/ipv4/ip4_addr.c ****  * @param cp IP address in ascii representation (e.g. "127.0.0.1")
 141:Middlewares/Third_Party/LwIP/src/core/ipv4/ip4_addr.c ****  * @param addr pointer to which to save the ip address in network order
 142:Middlewares/Third_Party/LwIP/src/core/ipv4/ip4_addr.c ****  * @return 1 if cp could be converted to addr, 0 on failure
 143:Middlewares/Third_Party/LwIP/src/core/ipv4/ip4_addr.c ****  */
 144:Middlewares/Third_Party/LwIP/src/core/ipv4/ip4_addr.c **** int
 145:Middlewares/Third_Party/LwIP/src/core/ipv4/ip4_addr.c **** ip4addr_aton(const char *cp, ip4_addr_t *addr)
 146:Middlewares/Third_Party/LwIP/src/core/ipv4/ip4_addr.c **** {
 196              		.loc 1 146 1 is_stmt 1 view -0
 197              		.cfi_startproc
 198              		@ args = 0, pretend = 0, frame = 16
 199              		@ frame_needed = 0, uses_anonymous_args = 0
 200              		.loc 1 146 1 is_stmt 0 view .LVU49
 201 0000 70B5     		push	{r4, r5, r6, lr}
 202              	.LCFI1:
 203              		.cfi_def_cfa_offset 16
 204              		.cfi_offset 4, -16
 205              		.cfi_offset 5, -12
 206              		.cfi_offset 6, -8
 207              		.cfi_offset 14, -4
 208 0002 84B0     		sub	sp, sp, #16
 209              	.LCFI2:
 210              		.cfi_def_cfa_offset 32
 211 0004 0E46     		mov	r6, r1
 147:Middlewares/Third_Party/LwIP/src/core/ipv4/ip4_addr.c ****   u32_t val;
 212              		.loc 1 147 3 is_stmt 1 view .LVU50
 148:Middlewares/Third_Party/LwIP/src/core/ipv4/ip4_addr.c ****   u8_t base;
 213              		.loc 1 148 3 view .LVU51
 149:Middlewares/Third_Party/LwIP/src/core/ipv4/ip4_addr.c ****   char c;
 214              		.loc 1 149 3 view .LVU52
 150:Middlewares/Third_Party/LwIP/src/core/ipv4/ip4_addr.c ****   u32_t parts[4];
 215              		.loc 1 150 3 view .LVU53
 151:Middlewares/Third_Party/LwIP/src/core/ipv4/ip4_addr.c ****   u32_t *pp = parts;
 216              		.loc 1 151 3 view .LVU54
 217              	.LVL19:
 152:Middlewares/Third_Party/LwIP/src/core/ipv4/ip4_addr.c **** 
 153:Middlewares/Third_Party/LwIP/src/core/ipv4/ip4_addr.c ****   c = *cp;
 218              		.loc 1 153 3 view .LVU55
 219              		.loc 1 153 5 is_stmt 0 view .LVU56
 220 0006 0378     		ldrb	r3, [r0]	@ zero_extendqisi2
 221              	.LVL20:
 151:Middlewares/Third_Party/LwIP/src/core/ipv4/ip4_addr.c ****   u32_t *pp = parts;
 222              		.loc 1 151 10 view .LVU57
 223 0008 EE46     		mov	lr, sp
 224 000a 27E0     		b	.L27
 225              	.LVL21:
 226              	.L52:
 154:Middlewares/Third_Party/LwIP/src/core/ipv4/ip4_addr.c ****   for (;;) {
 155:Middlewares/Third_Party/LwIP/src/core/ipv4/ip4_addr.c ****     /*
 156:Middlewares/Third_Party/LwIP/src/core/ipv4/ip4_addr.c ****      * Collect number up to ``.''.
 157:Middlewares/Third_Party/LwIP/src/core/ipv4/ip4_addr.c ****      * Values are specified as for C:
ARM GAS  C:\Users\hh\AppData\Local\Temp\ccPgoHFd.s 			page 8


 158:Middlewares/Third_Party/LwIP/src/core/ipv4/ip4_addr.c ****      * 0x=hex, 0=octal, 1-9=decimal.
 159:Middlewares/Third_Party/LwIP/src/core/ipv4/ip4_addr.c ****      */
 160:Middlewares/Third_Party/LwIP/src/core/ipv4/ip4_addr.c ****     if (!lwip_isdigit(c)) {
 161:Middlewares/Third_Party/LwIP/src/core/ipv4/ip4_addr.c ****       return 0;
 162:Middlewares/Third_Party/LwIP/src/core/ipv4/ip4_addr.c ****     }
 163:Middlewares/Third_Party/LwIP/src/core/ipv4/ip4_addr.c ****     val = 0;
 164:Middlewares/Third_Party/LwIP/src/core/ipv4/ip4_addr.c ****     base = 10;
 165:Middlewares/Third_Party/LwIP/src/core/ipv4/ip4_addr.c ****     if (c == '0') {
 166:Middlewares/Third_Party/LwIP/src/core/ipv4/ip4_addr.c ****       c = *++cp;
 227              		.loc 1 166 7 is_stmt 1 view .LVU58
 228              		.loc 1 166 9 is_stmt 0 view .LVU59
 229 000c 421C     		adds	r2, r0, #1
 230              	.LVL22:
 231              		.loc 1 166 9 view .LVU60
 232 000e 4378     		ldrb	r3, [r0, #1]	@ zero_extendqisi2
 233              	.LVL23:
 167:Middlewares/Third_Party/LwIP/src/core/ipv4/ip4_addr.c ****       if (c == 'x' || c == 'X') {
 234              		.loc 1 167 7 is_stmt 1 view .LVU61
 235              		.loc 1 167 10 is_stmt 0 view .LVU62
 236 0010 582B     		cmp	r3, #88
 237 0012 18BF     		it	ne
 238 0014 782B     		cmpne	r3, #120
 239 0016 03D1     		bne	.L37
 168:Middlewares/Third_Party/LwIP/src/core/ipv4/ip4_addr.c ****         base = 16;
 240              		.loc 1 168 9 is_stmt 1 view .LVU63
 241              	.LVL24:
 169:Middlewares/Third_Party/LwIP/src/core/ipv4/ip4_addr.c ****         c = *++cp;
 242              		.loc 1 169 9 view .LVU64
 243              		.loc 1 169 11 is_stmt 0 view .LVU65
 244 0018 8378     		ldrb	r3, [r0, #2]	@ zero_extendqisi2
 245              	.LVL25:
 246              		.loc 1 169 11 view .LVU66
 247 001a 0230     		adds	r0, r0, #2
 248              	.LVL26:
 168:Middlewares/Third_Party/LwIP/src/core/ipv4/ip4_addr.c ****         base = 16;
 249              		.loc 1 168 14 view .LVU67
 250 001c 1021     		movs	r1, #16
 251 001e 25E0     		b	.L19
 252              	.LVL27:
 253              	.L37:
 166:Middlewares/Third_Party/LwIP/src/core/ipv4/ip4_addr.c ****       if (c == 'x' || c == 'X') {
 254              		.loc 1 166 9 view .LVU68
 255 0020 1046     		mov	r0, r2
 170:Middlewares/Third_Party/LwIP/src/core/ipv4/ip4_addr.c ****       } else {
 171:Middlewares/Third_Party/LwIP/src/core/ipv4/ip4_addr.c ****         base = 8;
 256              		.loc 1 171 14 view .LVU69
 257 0022 0821     		movs	r1, #8
 258 0024 22E0     		b	.L19
 259              	.LVL28:
 260              	.L22:
 172:Middlewares/Third_Party/LwIP/src/core/ipv4/ip4_addr.c ****       }
 173:Middlewares/Third_Party/LwIP/src/core/ipv4/ip4_addr.c ****     }
 174:Middlewares/Third_Party/LwIP/src/core/ipv4/ip4_addr.c ****     for (;;) {
 175:Middlewares/Third_Party/LwIP/src/core/ipv4/ip4_addr.c ****       if (lwip_isdigit(c)) {
 176:Middlewares/Third_Party/LwIP/src/core/ipv4/ip4_addr.c ****         if((base == 8) && ((u32_t)(c - '0') >= 8))
 177:Middlewares/Third_Party/LwIP/src/core/ipv4/ip4_addr.c ****           break;
 178:Middlewares/Third_Party/LwIP/src/core/ipv4/ip4_addr.c ****         val = (val * base) + (u32_t)(c - '0');
ARM GAS  C:\Users\hh\AppData\Local\Temp\ccPgoHFd.s 			page 9


 261              		.loc 1 178 9 is_stmt 1 view .LVU70
 262              		.loc 1 178 28 is_stmt 0 view .LVU71
 263 0026 04FB01CC 		mla	ip, r4, r1, ip
 264              		.loc 1 178 13 view .LVU72
 265 002a ACF13004 		sub	r4, ip, #48
 266              	.LVL29:
 179:Middlewares/Third_Party/LwIP/src/core/ipv4/ip4_addr.c ****         c = *++cp;
 267              		.loc 1 179 9 is_stmt 1 view .LVU73
 268              		.loc 1 179 11 is_stmt 0 view .LVU74
 269 002e 10F8013F 		ldrb	r3, [r0, #1]!	@ zero_extendqisi2
 270              	.LVL30:
 271              	.L20:
 174:Middlewares/Third_Party/LwIP/src/core/ipv4/ip4_addr.c ****       if (lwip_isdigit(c)) {
 272              		.loc 1 174 5 is_stmt 1 view .LVU75
 175:Middlewares/Third_Party/LwIP/src/core/ipv4/ip4_addr.c ****         if((base == 8) && ((u32_t)(c - '0') >= 8))
 273              		.loc 1 175 7 view .LVU76
 175:Middlewares/Third_Party/LwIP/src/core/ipv4/ip4_addr.c ****         if((base == 8) && ((u32_t)(c - '0') >= 8))
 274              		.loc 1 175 11 is_stmt 0 view .LVU77
 275 0032 9C46     		mov	ip, r3
 276 0034 4B4A     		ldr	r2, .L55
 277 0036 D25C     		ldrb	r2, [r2, r3]	@ zero_extendqisi2
 175:Middlewares/Third_Party/LwIP/src/core/ipv4/ip4_addr.c ****         if((base == 8) && ((u32_t)(c - '0') >= 8))
 278              		.loc 1 175 10 view .LVU78
 279 0038 12F0040F 		tst	r2, #4
 280 003c 18D0     		beq	.L21
 176:Middlewares/Third_Party/LwIP/src/core/ipv4/ip4_addr.c ****           break;
 281              		.loc 1 176 9 is_stmt 1 view .LVU79
 176:Middlewares/Third_Party/LwIP/src/core/ipv4/ip4_addr.c ****           break;
 282              		.loc 1 176 11 is_stmt 0 view .LVU80
 283 003e 0829     		cmp	r1, #8
 284 0040 F1D1     		bne	.L22
 176:Middlewares/Third_Party/LwIP/src/core/ipv4/ip4_addr.c ****           break;
 285              		.loc 1 176 38 discriminator 1 view .LVU81
 286 0042 A3F13005 		sub	r5, r3, #48
 176:Middlewares/Third_Party/LwIP/src/core/ipv4/ip4_addr.c ****           break;
 287              		.loc 1 176 24 discriminator 1 view .LVU82
 288 0046 072D     		cmp	r5, #7
 289 0048 EDD9     		bls	.L22
 290              	.L23:
 180:Middlewares/Third_Party/LwIP/src/core/ipv4/ip4_addr.c ****       } else if (base == 16 && lwip_isxdigit(c)) {
 181:Middlewares/Third_Party/LwIP/src/core/ipv4/ip4_addr.c ****         val = (val << 4) | (u32_t)(c + 10 - (lwip_islower(c) ? 'a' : 'A'));
 182:Middlewares/Third_Party/LwIP/src/core/ipv4/ip4_addr.c ****         c = *++cp;
 183:Middlewares/Third_Party/LwIP/src/core/ipv4/ip4_addr.c ****       } else {
 184:Middlewares/Third_Party/LwIP/src/core/ipv4/ip4_addr.c ****         break;
 185:Middlewares/Third_Party/LwIP/src/core/ipv4/ip4_addr.c ****       }
 186:Middlewares/Third_Party/LwIP/src/core/ipv4/ip4_addr.c ****     }
 187:Middlewares/Third_Party/LwIP/src/core/ipv4/ip4_addr.c ****     if (c == '.') {
 291              		.loc 1 187 5 is_stmt 1 view .LVU83
 292              		.loc 1 187 8 is_stmt 0 view .LVU84
 293 004a 2E2B     		cmp	r3, #46
 294 004c 23D1     		bne	.L26
 188:Middlewares/Third_Party/LwIP/src/core/ipv4/ip4_addr.c ****       /*
 189:Middlewares/Third_Party/LwIP/src/core/ipv4/ip4_addr.c ****        * Internet format:
 190:Middlewares/Third_Party/LwIP/src/core/ipv4/ip4_addr.c ****        *  a.b.c.d
 191:Middlewares/Third_Party/LwIP/src/core/ipv4/ip4_addr.c ****        *  a.b.c   (with c treated as 16 bits)
 192:Middlewares/Third_Party/LwIP/src/core/ipv4/ip4_addr.c ****        *  a.b (with b treated as 24 bits)
 193:Middlewares/Third_Party/LwIP/src/core/ipv4/ip4_addr.c ****        */
ARM GAS  C:\Users\hh\AppData\Local\Temp\ccPgoHFd.s 			page 10


 194:Middlewares/Third_Party/LwIP/src/core/ipv4/ip4_addr.c ****       if (pp >= parts + 3) {
 295              		.loc 1 194 7 is_stmt 1 view .LVU85
 296              		.loc 1 194 10 is_stmt 0 view .LVU86
 297 004e 03AB     		add	r3, sp, #12
 298              	.LVL31:
 299              		.loc 1 194 10 view .LVU87
 300 0050 9E45     		cmp	lr, r3
 301 0052 6ED2     		bcs	.L39
 195:Middlewares/Third_Party/LwIP/src/core/ipv4/ip4_addr.c ****         return 0;
 196:Middlewares/Third_Party/LwIP/src/core/ipv4/ip4_addr.c ****       }
 197:Middlewares/Third_Party/LwIP/src/core/ipv4/ip4_addr.c ****       *pp++ = val;
 302              		.loc 1 197 7 is_stmt 1 view .LVU88
 303              	.LVL32:
 304              		.loc 1 197 13 is_stmt 0 view .LVU89
 305 0054 4EF8044B 		str	r4, [lr], #4
 306              	.LVL33:
 198:Middlewares/Third_Party/LwIP/src/core/ipv4/ip4_addr.c ****       c = *++cp;
 307              		.loc 1 198 7 is_stmt 1 view .LVU90
 308              		.loc 1 198 9 is_stmt 0 view .LVU91
 309 0058 4378     		ldrb	r3, [r0, #1]	@ zero_extendqisi2
 310              	.LVL34:
 154:Middlewares/Third_Party/LwIP/src/core/ipv4/ip4_addr.c ****     /*
 311              		.loc 1 154 3 is_stmt 1 view .LVU92
 312              		.loc 1 198 9 is_stmt 0 view .LVU93
 313 005a 0130     		adds	r0, r0, #1
 314              	.LVL35:
 315              	.L27:
 154:Middlewares/Third_Party/LwIP/src/core/ipv4/ip4_addr.c ****     /*
 316              		.loc 1 154 3 is_stmt 1 view .LVU94
 160:Middlewares/Third_Party/LwIP/src/core/ipv4/ip4_addr.c ****       return 0;
 317              		.loc 1 160 5 view .LVU95
 160:Middlewares/Third_Party/LwIP/src/core/ipv4/ip4_addr.c ****       return 0;
 318              		.loc 1 160 10 is_stmt 0 view .LVU96
 319 005c 414A     		ldr	r2, .L55
 320 005e D25C     		ldrb	r2, [r2, r3]	@ zero_extendqisi2
 160:Middlewares/Third_Party/LwIP/src/core/ipv4/ip4_addr.c ****       return 0;
 321              		.loc 1 160 8 view .LVU97
 322 0060 12F0040F 		tst	r2, #4
 323 0064 63D0     		beq	.L35
 163:Middlewares/Third_Party/LwIP/src/core/ipv4/ip4_addr.c ****     base = 10;
 324              		.loc 1 163 5 is_stmt 1 view .LVU98
 325              	.LVL36:
 164:Middlewares/Third_Party/LwIP/src/core/ipv4/ip4_addr.c ****     if (c == '0') {
 326              		.loc 1 164 5 view .LVU99
 165:Middlewares/Third_Party/LwIP/src/core/ipv4/ip4_addr.c ****       c = *++cp;
 327              		.loc 1 165 5 view .LVU100
 165:Middlewares/Third_Party/LwIP/src/core/ipv4/ip4_addr.c ****       c = *++cp;
 328              		.loc 1 165 8 is_stmt 0 view .LVU101
 329 0066 302B     		cmp	r3, #48
 330 0068 D0D0     		beq	.L52
 164:Middlewares/Third_Party/LwIP/src/core/ipv4/ip4_addr.c ****     if (c == '0') {
 331              		.loc 1 164 10 view .LVU102
 332 006a 0A21     		movs	r1, #10
 333              	.LVL37:
 334              	.L19:
 171:Middlewares/Third_Party/LwIP/src/core/ipv4/ip4_addr.c ****       }
 335              		.loc 1 171 14 view .LVU103
ARM GAS  C:\Users\hh\AppData\Local\Temp\ccPgoHFd.s 			page 11


 336 006c 0024     		movs	r4, #0
 337 006e E0E7     		b	.L20
 338              	.LVL38:
 339              	.L21:
 180:Middlewares/Third_Party/LwIP/src/core/ipv4/ip4_addr.c ****         val = (val << 4) | (u32_t)(c + 10 - (lwip_islower(c) ? 'a' : 'A'));
 340              		.loc 1 180 14 is_stmt 1 view .LVU104
 180:Middlewares/Third_Party/LwIP/src/core/ipv4/ip4_addr.c ****         val = (val << 4) | (u32_t)(c + 10 - (lwip_islower(c) ? 'a' : 'A'));
 341              		.loc 1 180 17 is_stmt 0 view .LVU105
 342 0070 1029     		cmp	r1, #16
 343 0072 EAD1     		bne	.L23
 180:Middlewares/Third_Party/LwIP/src/core/ipv4/ip4_addr.c ****         val = (val << 4) | (u32_t)(c + 10 - (lwip_islower(c) ? 'a' : 'A'));
 344              		.loc 1 180 29 discriminator 1 view .LVU106
 345 0074 12F0440F 		tst	r2, #68
 346 0078 E7D0     		beq	.L23
 181:Middlewares/Third_Party/LwIP/src/core/ipv4/ip4_addr.c ****         c = *++cp;
 347              		.loc 1 181 9 is_stmt 1 view .LVU107
 181:Middlewares/Third_Party/LwIP/src/core/ipv4/ip4_addr.c ****         c = *++cp;
 348              		.loc 1 181 20 is_stmt 0 view .LVU108
 349 007a 2401     		lsls	r4, r4, #4
 350              	.LVL39:
 181:Middlewares/Third_Party/LwIP/src/core/ipv4/ip4_addr.c ****         c = *++cp;
 351              		.loc 1 181 38 view .LVU109
 352 007c 0A33     		adds	r3, r3, #10
 353              	.LVL40:
 181:Middlewares/Third_Party/LwIP/src/core/ipv4/ip4_addr.c ****         c = *++cp;
 354              		.loc 1 181 68 view .LVU110
 355 007e 02F00302 		and	r2, r2, #3
 356 0082 022A     		cmp	r2, #2
 357 0084 05D0     		beq	.L53
 181:Middlewares/Third_Party/LwIP/src/core/ipv4/ip4_addr.c ****         c = *++cp;
 358              		.loc 1 181 68 discriminator 2 view .LVU111
 359 0086 4122     		movs	r2, #65
 360              	.L25:
 181:Middlewares/Third_Party/LwIP/src/core/ipv4/ip4_addr.c ****         c = *++cp;
 361              		.loc 1 181 43 discriminator 4 view .LVU112
 362 0088 9B1A     		subs	r3, r3, r2
 181:Middlewares/Third_Party/LwIP/src/core/ipv4/ip4_addr.c ****         c = *++cp;
 363              		.loc 1 181 13 discriminator 4 view .LVU113
 364 008a 1C43     		orrs	r4, r4, r3
 365              	.LVL41:
 182:Middlewares/Third_Party/LwIP/src/core/ipv4/ip4_addr.c ****       } else {
 366              		.loc 1 182 9 is_stmt 1 view .LVU114
 182:Middlewares/Third_Party/LwIP/src/core/ipv4/ip4_addr.c ****       } else {
 367              		.loc 1 182 11 is_stmt 0 view .LVU115
 368 008c 10F8013F 		ldrb	r3, [r0, #1]!	@ zero_extendqisi2
 369              	.LVL42:
 182:Middlewares/Third_Party/LwIP/src/core/ipv4/ip4_addr.c ****       } else {
 370              		.loc 1 182 11 view .LVU116
 371 0090 CFE7     		b	.L20
 372              	.LVL43:
 373              	.L53:
 181:Middlewares/Third_Party/LwIP/src/core/ipv4/ip4_addr.c ****         c = *++cp;
 374              		.loc 1 181 68 discriminator 1 view .LVU117
 375 0092 6122     		movs	r2, #97
 376 0094 F8E7     		b	.L25
 377              	.LVL44:
 378              	.L26:
ARM GAS  C:\Users\hh\AppData\Local\Temp\ccPgoHFd.s 			page 12


 199:Middlewares/Third_Party/LwIP/src/core/ipv4/ip4_addr.c ****     } else {
 200:Middlewares/Third_Party/LwIP/src/core/ipv4/ip4_addr.c ****       break;
 201:Middlewares/Third_Party/LwIP/src/core/ipv4/ip4_addr.c ****     }
 202:Middlewares/Third_Party/LwIP/src/core/ipv4/ip4_addr.c ****   }
 203:Middlewares/Third_Party/LwIP/src/core/ipv4/ip4_addr.c ****   /*
 204:Middlewares/Third_Party/LwIP/src/core/ipv4/ip4_addr.c ****    * Check for trailing characters.
 205:Middlewares/Third_Party/LwIP/src/core/ipv4/ip4_addr.c ****    */
 206:Middlewares/Third_Party/LwIP/src/core/ipv4/ip4_addr.c ****   if (c != '\0' && !lwip_isspace(c)) {
 379              		.loc 1 206 3 is_stmt 1 view .LVU118
 380              		.loc 1 206 6 is_stmt 0 view .LVU119
 381 0096 13B1     		cbz	r3, .L28
 382              		.loc 1 206 17 discriminator 1 view .LVU120
 383 0098 12F0080F 		tst	r2, #8
 384 009c 4CD0     		beq	.L40
 385              	.L28:
 207:Middlewares/Third_Party/LwIP/src/core/ipv4/ip4_addr.c ****     return 0;
 208:Middlewares/Third_Party/LwIP/src/core/ipv4/ip4_addr.c ****   }
 209:Middlewares/Third_Party/LwIP/src/core/ipv4/ip4_addr.c ****   /*
 210:Middlewares/Third_Party/LwIP/src/core/ipv4/ip4_addr.c ****    * Concoct the address according to
 211:Middlewares/Third_Party/LwIP/src/core/ipv4/ip4_addr.c ****    * the number of parts specified.
 212:Middlewares/Third_Party/LwIP/src/core/ipv4/ip4_addr.c ****    */
 213:Middlewares/Third_Party/LwIP/src/core/ipv4/ip4_addr.c ****   switch (pp - parts + 1) {
 386              		.loc 1 213 3 is_stmt 1 view .LVU121
 387              		.loc 1 213 14 is_stmt 0 view .LVU122
 388 009e 6B46     		mov	r3, sp
 389              	.LVL45:
 390              		.loc 1 213 14 view .LVU123
 391 00a0 AEEB0303 		sub	r3, lr, r3
 392 00a4 9B10     		asrs	r3, r3, #2
 393              		.loc 1 213 22 view .LVU124
 394 00a6 581C     		adds	r0, r3, #1
 395              	.LVL46:
 396              		.loc 1 213 3 view .LVU125
 397 00a8 012B     		cmp	r3, #1
 398 00aa 22D0     		beq	.L29
 399 00ac 0228     		cmp	r0, #2
 400 00ae 15DD     		ble	.L54
 401 00b0 0328     		cmp	r0, #3
 402 00b2 27D0     		beq	.L33
 403 00b4 0428     		cmp	r0, #4
 404 00b6 33D1     		bne	.L32
 214:Middlewares/Third_Party/LwIP/src/core/ipv4/ip4_addr.c **** 
 215:Middlewares/Third_Party/LwIP/src/core/ipv4/ip4_addr.c ****     case 0:
 216:Middlewares/Third_Party/LwIP/src/core/ipv4/ip4_addr.c ****       return 0;       /* initial nondigit */
 217:Middlewares/Third_Party/LwIP/src/core/ipv4/ip4_addr.c **** 
 218:Middlewares/Third_Party/LwIP/src/core/ipv4/ip4_addr.c ****     case 1:             /* a -- 32 bits */
 219:Middlewares/Third_Party/LwIP/src/core/ipv4/ip4_addr.c ****       break;
 220:Middlewares/Third_Party/LwIP/src/core/ipv4/ip4_addr.c **** 
 221:Middlewares/Third_Party/LwIP/src/core/ipv4/ip4_addr.c ****     case 2:             /* a.b -- 8.24 bits */
 222:Middlewares/Third_Party/LwIP/src/core/ipv4/ip4_addr.c ****       if (val > 0xffffffUL) {
 223:Middlewares/Third_Party/LwIP/src/core/ipv4/ip4_addr.c ****         return 0;
 224:Middlewares/Third_Party/LwIP/src/core/ipv4/ip4_addr.c ****       }
 225:Middlewares/Third_Party/LwIP/src/core/ipv4/ip4_addr.c ****       if (parts[0] > 0xff) {
 226:Middlewares/Third_Party/LwIP/src/core/ipv4/ip4_addr.c ****         return 0;
 227:Middlewares/Third_Party/LwIP/src/core/ipv4/ip4_addr.c ****       }
 228:Middlewares/Third_Party/LwIP/src/core/ipv4/ip4_addr.c ****       val |= parts[0] << 24;
 229:Middlewares/Third_Party/LwIP/src/core/ipv4/ip4_addr.c ****       break;
ARM GAS  C:\Users\hh\AppData\Local\Temp\ccPgoHFd.s 			page 13


 230:Middlewares/Third_Party/LwIP/src/core/ipv4/ip4_addr.c **** 
 231:Middlewares/Third_Party/LwIP/src/core/ipv4/ip4_addr.c ****     case 3:             /* a.b.c -- 8.8.16 bits */
 232:Middlewares/Third_Party/LwIP/src/core/ipv4/ip4_addr.c ****       if (val > 0xffff) {
 233:Middlewares/Third_Party/LwIP/src/core/ipv4/ip4_addr.c ****         return 0;
 234:Middlewares/Third_Party/LwIP/src/core/ipv4/ip4_addr.c ****       }
 235:Middlewares/Third_Party/LwIP/src/core/ipv4/ip4_addr.c ****       if ((parts[0] > 0xff) || (parts[1] > 0xff)) {
 236:Middlewares/Third_Party/LwIP/src/core/ipv4/ip4_addr.c ****         return 0;
 237:Middlewares/Third_Party/LwIP/src/core/ipv4/ip4_addr.c ****       }
 238:Middlewares/Third_Party/LwIP/src/core/ipv4/ip4_addr.c ****       val |= (parts[0] << 24) | (parts[1] << 16);
 239:Middlewares/Third_Party/LwIP/src/core/ipv4/ip4_addr.c ****       break;
 240:Middlewares/Third_Party/LwIP/src/core/ipv4/ip4_addr.c **** 
 241:Middlewares/Third_Party/LwIP/src/core/ipv4/ip4_addr.c ****     case 4:             /* a.b.c.d -- 8.8.8.8 bits */
 242:Middlewares/Third_Party/LwIP/src/core/ipv4/ip4_addr.c ****       if (val > 0xff) {
 405              		.loc 1 242 7 is_stmt 1 view .LVU126
 406              		.loc 1 242 10 is_stmt 0 view .LVU127
 407 00b8 FF2C     		cmp	r4, #255
 408 00ba 49D8     		bhi	.L46
 243:Middlewares/Third_Party/LwIP/src/core/ipv4/ip4_addr.c ****         return 0;
 244:Middlewares/Third_Party/LwIP/src/core/ipv4/ip4_addr.c ****       }
 245:Middlewares/Third_Party/LwIP/src/core/ipv4/ip4_addr.c ****       if ((parts[0] > 0xff) || (parts[1] > 0xff) || (parts[2] > 0xff)) {
 409              		.loc 1 245 7 is_stmt 1 view .LVU128
 410              		.loc 1 245 17 is_stmt 0 view .LVU129
 411 00bc 0099     		ldr	r1, [sp]
 412              	.LVL47:
 413              		.loc 1 245 10 view .LVU130
 414 00be FF29     		cmp	r1, #255
 415 00c0 48D8     		bhi	.L47
 416              		.loc 1 245 38 discriminator 1 view .LVU131
 417 00c2 019B     		ldr	r3, [sp, #4]
 418              		.loc 1 245 29 discriminator 1 view .LVU132
 419 00c4 FF2B     		cmp	r3, #255
 420 00c6 47D8     		bhi	.L48
 421              		.loc 1 245 59 discriminator 2 view .LVU133
 422 00c8 029A     		ldr	r2, [sp, #8]
 423              		.loc 1 245 50 discriminator 2 view .LVU134
 424 00ca FF2A     		cmp	r2, #255
 425 00cc 46D8     		bhi	.L49
 246:Middlewares/Third_Party/LwIP/src/core/ipv4/ip4_addr.c ****         return 0;
 247:Middlewares/Third_Party/LwIP/src/core/ipv4/ip4_addr.c ****       }
 248:Middlewares/Third_Party/LwIP/src/core/ipv4/ip4_addr.c ****       val |= (parts[0] << 24) | (parts[1] << 16) | (parts[2] << 8);
 426              		.loc 1 248 7 is_stmt 1 view .LVU135
 427              		.loc 1 248 43 is_stmt 0 view .LVU136
 428 00ce 1B04     		lsls	r3, r3, #16
 429              		.loc 1 248 31 view .LVU137
 430 00d0 43EA0163 		orr	r3, r3, r1, lsl #24
 431              		.loc 1 248 50 view .LVU138
 432 00d4 43EA0223 		orr	r3, r3, r2, lsl #8
 433              		.loc 1 248 11 view .LVU139
 434 00d8 1C43     		orrs	r4, r4, r3
 435              	.LVL48:
 249:Middlewares/Third_Party/LwIP/src/core/ipv4/ip4_addr.c ****       break;
 436              		.loc 1 249 7 is_stmt 1 view .LVU140
 437 00da 02E0     		b	.L31
 438              	.LVL49:
 439              	.L54:
 213:Middlewares/Third_Party/LwIP/src/core/ipv4/ip4_addr.c **** 
 440              		.loc 1 213 3 is_stmt 0 view .LVU141
ARM GAS  C:\Users\hh\AppData\Local\Temp\ccPgoHFd.s 			page 14


 441 00dc 50B3     		cbz	r0, .L17
 442 00de 0128     		cmp	r0, #1
 443 00e0 1ED1     		bne	.L32
 444              	.LVL50:
 445              	.L31:
 250:Middlewares/Third_Party/LwIP/src/core/ipv4/ip4_addr.c ****     default:
 251:Middlewares/Third_Party/LwIP/src/core/ipv4/ip4_addr.c ****       LWIP_ASSERT("unhandled", 0);
 252:Middlewares/Third_Party/LwIP/src/core/ipv4/ip4_addr.c ****       break;
 253:Middlewares/Third_Party/LwIP/src/core/ipv4/ip4_addr.c ****   }
 254:Middlewares/Third_Party/LwIP/src/core/ipv4/ip4_addr.c ****   if (addr) {
 446              		.loc 1 254 3 is_stmt 1 view .LVU142
 447              		.loc 1 254 6 is_stmt 0 view .LVU143
 448 00e2 002E     		cmp	r6, #0
 449 00e4 3CD0     		beq	.L50
 255:Middlewares/Third_Party/LwIP/src/core/ipv4/ip4_addr.c ****     ip4_addr_set_u32(addr, lwip_htonl(val));
 450              		.loc 1 255 5 is_stmt 1 view .LVU144
 451 00e6 2046     		mov	r0, r4
 452 00e8 FFF7FEFF 		bl	lwip_htonl
 453              	.LVL51:
 454              		.loc 1 255 5 is_stmt 0 discriminator 1 view .LVU145
 455 00ec 3060     		str	r0, [r6]
 256:Middlewares/Third_Party/LwIP/src/core/ipv4/ip4_addr.c ****   }
 257:Middlewares/Third_Party/LwIP/src/core/ipv4/ip4_addr.c ****   return 1;
 456              		.loc 1 257 10 view .LVU146
 457 00ee 0120     		movs	r0, #1
 458 00f0 20E0     		b	.L17
 459              	.LVL52:
 460              	.L29:
 222:Middlewares/Third_Party/LwIP/src/core/ipv4/ip4_addr.c ****         return 0;
 461              		.loc 1 222 7 is_stmt 1 view .LVU147
 222:Middlewares/Third_Party/LwIP/src/core/ipv4/ip4_addr.c ****         return 0;
 462              		.loc 1 222 10 is_stmt 0 view .LVU148
 463 00f2 B4F1807F 		cmp	r4, #16777216
 464 00f6 21D2     		bcs	.L41
 225:Middlewares/Third_Party/LwIP/src/core/ipv4/ip4_addr.c ****         return 0;
 465              		.loc 1 225 7 is_stmt 1 view .LVU149
 225:Middlewares/Third_Party/LwIP/src/core/ipv4/ip4_addr.c ****         return 0;
 466              		.loc 1 225 16 is_stmt 0 view .LVU150
 467 00f8 009B     		ldr	r3, [sp]
 225:Middlewares/Third_Party/LwIP/src/core/ipv4/ip4_addr.c ****         return 0;
 468              		.loc 1 225 10 view .LVU151
 469 00fa FF2B     		cmp	r3, #255
 470 00fc 20D8     		bhi	.L42
 228:Middlewares/Third_Party/LwIP/src/core/ipv4/ip4_addr.c ****       break;
 471              		.loc 1 228 7 is_stmt 1 view .LVU152
 228:Middlewares/Third_Party/LwIP/src/core/ipv4/ip4_addr.c ****       break;
 472              		.loc 1 228 11 is_stmt 0 view .LVU153
 473 00fe 44EA0364 		orr	r4, r4, r3, lsl #24
 474              	.LVL53:
 229:Middlewares/Third_Party/LwIP/src/core/ipv4/ip4_addr.c **** 
 475              		.loc 1 229 7 is_stmt 1 view .LVU154
 476 0102 EEE7     		b	.L31
 477              	.L33:
 232:Middlewares/Third_Party/LwIP/src/core/ipv4/ip4_addr.c ****         return 0;
 478              		.loc 1 232 7 view .LVU155
 232:Middlewares/Third_Party/LwIP/src/core/ipv4/ip4_addr.c ****         return 0;
 479              		.loc 1 232 10 is_stmt 0 view .LVU156
ARM GAS  C:\Users\hh\AppData\Local\Temp\ccPgoHFd.s 			page 15


 480 0104 B4F5803F 		cmp	r4, #65536
 481 0108 1CD2     		bcs	.L43
 235:Middlewares/Third_Party/LwIP/src/core/ipv4/ip4_addr.c ****         return 0;
 482              		.loc 1 235 7 is_stmt 1 view .LVU157
 235:Middlewares/Third_Party/LwIP/src/core/ipv4/ip4_addr.c ****         return 0;
 483              		.loc 1 235 17 is_stmt 0 view .LVU158
 484 010a 009A     		ldr	r2, [sp]
 235:Middlewares/Third_Party/LwIP/src/core/ipv4/ip4_addr.c ****         return 0;
 485              		.loc 1 235 10 view .LVU159
 486 010c FF2A     		cmp	r2, #255
 487 010e 1BD8     		bhi	.L44
 235:Middlewares/Third_Party/LwIP/src/core/ipv4/ip4_addr.c ****         return 0;
 488              		.loc 1 235 38 discriminator 1 view .LVU160
 489 0110 019B     		ldr	r3, [sp, #4]
 235:Middlewares/Third_Party/LwIP/src/core/ipv4/ip4_addr.c ****         return 0;
 490              		.loc 1 235 29 discriminator 1 view .LVU161
 491 0112 FF2B     		cmp	r3, #255
 492 0114 1AD8     		bhi	.L45
 238:Middlewares/Third_Party/LwIP/src/core/ipv4/ip4_addr.c ****       break;
 493              		.loc 1 238 7 is_stmt 1 view .LVU162
 238:Middlewares/Third_Party/LwIP/src/core/ipv4/ip4_addr.c ****       break;
 494              		.loc 1 238 43 is_stmt 0 view .LVU163
 495 0116 1B04     		lsls	r3, r3, #16
 238:Middlewares/Third_Party/LwIP/src/core/ipv4/ip4_addr.c ****       break;
 496              		.loc 1 238 31 view .LVU164
 497 0118 43EA0263 		orr	r3, r3, r2, lsl #24
 238:Middlewares/Third_Party/LwIP/src/core/ipv4/ip4_addr.c ****       break;
 498              		.loc 1 238 11 view .LVU165
 499 011c 1C43     		orrs	r4, r4, r3
 500              	.LVL54:
 239:Middlewares/Third_Party/LwIP/src/core/ipv4/ip4_addr.c **** 
 501              		.loc 1 239 7 is_stmt 1 view .LVU166
 502 011e E0E7     		b	.L31
 503              	.L32:
 251:Middlewares/Third_Party/LwIP/src/core/ipv4/ip4_addr.c ****       break;
 504              		.loc 1 251 7 view .LVU167
 251:Middlewares/Third_Party/LwIP/src/core/ipv4/ip4_addr.c ****       break;
 505              		.loc 1 251 7 view .LVU168
 251:Middlewares/Third_Party/LwIP/src/core/ipv4/ip4_addr.c ****       break;
 506              		.loc 1 251 7 discriminator 1 view .LVU169
 251:Middlewares/Third_Party/LwIP/src/core/ipv4/ip4_addr.c ****       break;
 507              		.loc 1 251 7 discriminator 1 view .LVU170
 508 0120 114B     		ldr	r3, .L55+4
 509 0122 FB22     		movs	r2, #251
 510 0124 1149     		ldr	r1, .L55+8
 511              	.LVL55:
 251:Middlewares/Third_Party/LwIP/src/core/ipv4/ip4_addr.c ****       break;
 512              		.loc 1 251 7 is_stmt 0 discriminator 1 view .LVU171
 513 0126 1248     		ldr	r0, .L55+12
 514 0128 FFF7FEFF 		bl	printf
 515              	.LVL56:
 251:Middlewares/Third_Party/LwIP/src/core/ipv4/ip4_addr.c ****       break;
 516              		.loc 1 251 7 is_stmt 1 view .LVU172
 251:Middlewares/Third_Party/LwIP/src/core/ipv4/ip4_addr.c ****       break;
 517              		.loc 1 251 7 view .LVU173
 252:Middlewares/Third_Party/LwIP/src/core/ipv4/ip4_addr.c ****   }
 518              		.loc 1 252 7 view .LVU174
ARM GAS  C:\Users\hh\AppData\Local\Temp\ccPgoHFd.s 			page 16


 519 012c D9E7     		b	.L31
 520              	.LVL57:
 521              	.L35:
 161:Middlewares/Third_Party/LwIP/src/core/ipv4/ip4_addr.c ****     }
 522              		.loc 1 161 14 is_stmt 0 view .LVU175
 523 012e 0020     		movs	r0, #0
 524              	.LVL58:
 161:Middlewares/Third_Party/LwIP/src/core/ipv4/ip4_addr.c ****     }
 525              		.loc 1 161 14 view .LVU176
 526 0130 00E0     		b	.L17
 527              	.LVL59:
 528              	.L39:
 195:Middlewares/Third_Party/LwIP/src/core/ipv4/ip4_addr.c ****       }
 529              		.loc 1 195 16 view .LVU177
 530 0132 0020     		movs	r0, #0
 531              	.LVL60:
 532              	.L17:
 258:Middlewares/Third_Party/LwIP/src/core/ipv4/ip4_addr.c **** }
 533              		.loc 1 258 1 view .LVU178
 534 0134 04B0     		add	sp, sp, #16
 535              	.LCFI3:
 536              		.cfi_remember_state
 537              		.cfi_def_cfa_offset 16
 538              		@ sp needed
 539 0136 70BD     		pop	{r4, r5, r6, pc}
 540              	.LVL61:
 541              	.L40:
 542              	.LCFI4:
 543              		.cfi_restore_state
 207:Middlewares/Third_Party/LwIP/src/core/ipv4/ip4_addr.c ****   }
 544              		.loc 1 207 12 view .LVU179
 545 0138 0020     		movs	r0, #0
 546              	.LVL62:
 207:Middlewares/Third_Party/LwIP/src/core/ipv4/ip4_addr.c ****   }
 547              		.loc 1 207 12 view .LVU180
 548 013a FBE7     		b	.L17
 549              	.LVL63:
 550              	.L41:
 223:Middlewares/Third_Party/LwIP/src/core/ipv4/ip4_addr.c ****       }
 551              		.loc 1 223 16 view .LVU181
 552 013c 0020     		movs	r0, #0
 553 013e F9E7     		b	.L17
 554              	.L42:
 226:Middlewares/Third_Party/LwIP/src/core/ipv4/ip4_addr.c ****       }
 555              		.loc 1 226 16 view .LVU182
 556 0140 0020     		movs	r0, #0
 557 0142 F7E7     		b	.L17
 558              	.L43:
 233:Middlewares/Third_Party/LwIP/src/core/ipv4/ip4_addr.c ****       }
 559              		.loc 1 233 16 view .LVU183
 560 0144 0020     		movs	r0, #0
 561 0146 F5E7     		b	.L17
 562              	.L44:
 236:Middlewares/Third_Party/LwIP/src/core/ipv4/ip4_addr.c ****       }
 563              		.loc 1 236 16 view .LVU184
 564 0148 0020     		movs	r0, #0
 565 014a F3E7     		b	.L17
ARM GAS  C:\Users\hh\AppData\Local\Temp\ccPgoHFd.s 			page 17


 566              	.L45:
 567 014c 0020     		movs	r0, #0
 568 014e F1E7     		b	.L17
 569              	.L46:
 243:Middlewares/Third_Party/LwIP/src/core/ipv4/ip4_addr.c ****       }
 570              		.loc 1 243 16 view .LVU185
 571 0150 0020     		movs	r0, #0
 572 0152 EFE7     		b	.L17
 573              	.LVL64:
 574              	.L47:
 246:Middlewares/Third_Party/LwIP/src/core/ipv4/ip4_addr.c ****       }
 575              		.loc 1 246 16 view .LVU186
 576 0154 0020     		movs	r0, #0
 577 0156 EDE7     		b	.L17
 578              	.L48:
 579 0158 0020     		movs	r0, #0
 580 015a EBE7     		b	.L17
 581              	.L49:
 582 015c 0020     		movs	r0, #0
 583 015e E9E7     		b	.L17
 584              	.LVL65:
 585              	.L50:
 257:Middlewares/Third_Party/LwIP/src/core/ipv4/ip4_addr.c **** }
 586              		.loc 1 257 10 view .LVU187
 587 0160 0120     		movs	r0, #1
 588 0162 E7E7     		b	.L17
 589              	.L56:
 590              		.align	2
 591              	.L55:
 592 0164 01000000 		.word	_ctype_+1
 593 0168 00000000 		.word	.LC0
 594 016c 38000000 		.word	.LC1
 595 0170 44000000 		.word	.LC2
 596              		.cfi_endproc
 597              	.LFE175:
 599              		.section	.text.ipaddr_addr,"ax",%progbits
 600              		.align	1
 601              		.global	ipaddr_addr
 602              		.syntax unified
 603              		.thumb
 604              		.thumb_func
 606              	ipaddr_addr:
 607              	.LVL66:
 608              	.LFB174:
 124:Middlewares/Third_Party/LwIP/src/core/ipv4/ip4_addr.c ****   ip4_addr_t val;
 609              		.loc 1 124 1 is_stmt 1 view -0
 610              		.cfi_startproc
 611              		@ args = 0, pretend = 0, frame = 8
 612              		@ frame_needed = 0, uses_anonymous_args = 0
 124:Middlewares/Third_Party/LwIP/src/core/ipv4/ip4_addr.c ****   ip4_addr_t val;
 613              		.loc 1 124 1 is_stmt 0 view .LVU189
 614 0000 00B5     		push	{lr}
 615              	.LCFI5:
 616              		.cfi_def_cfa_offset 4
 617              		.cfi_offset 14, -4
 618 0002 83B0     		sub	sp, sp, #12
 619              	.LCFI6:
ARM GAS  C:\Users\hh\AppData\Local\Temp\ccPgoHFd.s 			page 18


 620              		.cfi_def_cfa_offset 16
 125:Middlewares/Third_Party/LwIP/src/core/ipv4/ip4_addr.c **** 
 621              		.loc 1 125 3 is_stmt 1 view .LVU190
 127:Middlewares/Third_Party/LwIP/src/core/ipv4/ip4_addr.c ****     return ip4_addr_get_u32(&val);
 622              		.loc 1 127 3 view .LVU191
 127:Middlewares/Third_Party/LwIP/src/core/ipv4/ip4_addr.c ****     return ip4_addr_get_u32(&val);
 623              		.loc 1 127 7 is_stmt 0 view .LVU192
 624 0004 01A9     		add	r1, sp, #4
 625 0006 FFF7FEFF 		bl	ip4addr_aton
 626              	.LVL67:
 127:Middlewares/Third_Party/LwIP/src/core/ipv4/ip4_addr.c ****     return ip4_addr_get_u32(&val);
 627              		.loc 1 127 6 discriminator 1 view .LVU193
 628 000a 18B9     		cbnz	r0, .L61
 130:Middlewares/Third_Party/LwIP/src/core/ipv4/ip4_addr.c **** }
 629              		.loc 1 130 10 view .LVU194
 630 000c 4FF0FF30 		mov	r0, #-1
 631              	.L57:
 131:Middlewares/Third_Party/LwIP/src/core/ipv4/ip4_addr.c **** 
 632              		.loc 1 131 1 view .LVU195
 633 0010 03B0     		add	sp, sp, #12
 634              	.LCFI7:
 635              		.cfi_remember_state
 636              		.cfi_def_cfa_offset 4
 637              		@ sp needed
 638 0012 00BD     		pop	{pc}
 639              	.L61:
 640              	.LCFI8:
 641              		.cfi_restore_state
 128:Middlewares/Third_Party/LwIP/src/core/ipv4/ip4_addr.c ****   }
 642              		.loc 1 128 5 is_stmt 1 view .LVU196
 128:Middlewares/Third_Party/LwIP/src/core/ipv4/ip4_addr.c ****   }
 643              		.loc 1 128 12 is_stmt 0 view .LVU197
 644 0014 0198     		ldr	r0, [sp, #4]
 645 0016 FBE7     		b	.L57
 646              		.cfi_endproc
 647              	.LFE174:
 649              		.section	.text.ip4addr_ntoa_r,"ax",%progbits
 650              		.align	1
 651              		.global	ip4addr_ntoa_r
 652              		.syntax unified
 653              		.thumb
 654              		.thumb_func
 656              	ip4addr_ntoa_r:
 657              	.LVL68:
 658              	.LFB177:
 259:Middlewares/Third_Party/LwIP/src/core/ipv4/ip4_addr.c **** 
 260:Middlewares/Third_Party/LwIP/src/core/ipv4/ip4_addr.c **** /**
 261:Middlewares/Third_Party/LwIP/src/core/ipv4/ip4_addr.c ****  * Convert numeric IP address into decimal dotted ASCII representation.
 262:Middlewares/Third_Party/LwIP/src/core/ipv4/ip4_addr.c ****  * returns ptr to static buffer; not reentrant!
 263:Middlewares/Third_Party/LwIP/src/core/ipv4/ip4_addr.c ****  *
 264:Middlewares/Third_Party/LwIP/src/core/ipv4/ip4_addr.c ****  * @param addr ip address in network order to convert
 265:Middlewares/Third_Party/LwIP/src/core/ipv4/ip4_addr.c ****  * @return pointer to a global static (!) buffer that holds the ASCII
 266:Middlewares/Third_Party/LwIP/src/core/ipv4/ip4_addr.c ****  *         representation of addr
 267:Middlewares/Third_Party/LwIP/src/core/ipv4/ip4_addr.c ****  */
 268:Middlewares/Third_Party/LwIP/src/core/ipv4/ip4_addr.c **** char *
 269:Middlewares/Third_Party/LwIP/src/core/ipv4/ip4_addr.c **** ip4addr_ntoa(const ip4_addr_t *addr)
 270:Middlewares/Third_Party/LwIP/src/core/ipv4/ip4_addr.c **** {
ARM GAS  C:\Users\hh\AppData\Local\Temp\ccPgoHFd.s 			page 19


 271:Middlewares/Third_Party/LwIP/src/core/ipv4/ip4_addr.c ****   static char str[IP4ADDR_STRLEN_MAX];
 272:Middlewares/Third_Party/LwIP/src/core/ipv4/ip4_addr.c ****   return ip4addr_ntoa_r(addr, str, IP4ADDR_STRLEN_MAX);
 273:Middlewares/Third_Party/LwIP/src/core/ipv4/ip4_addr.c **** }
 274:Middlewares/Third_Party/LwIP/src/core/ipv4/ip4_addr.c **** 
 275:Middlewares/Third_Party/LwIP/src/core/ipv4/ip4_addr.c **** /**
 276:Middlewares/Third_Party/LwIP/src/core/ipv4/ip4_addr.c ****  * Same as ip4addr_ntoa, but reentrant since a user-supplied buffer is used.
 277:Middlewares/Third_Party/LwIP/src/core/ipv4/ip4_addr.c ****  *
 278:Middlewares/Third_Party/LwIP/src/core/ipv4/ip4_addr.c ****  * @param addr ip address in network order to convert
 279:Middlewares/Third_Party/LwIP/src/core/ipv4/ip4_addr.c ****  * @param buf target buffer where the string is stored
 280:Middlewares/Third_Party/LwIP/src/core/ipv4/ip4_addr.c ****  * @param buflen length of buf
 281:Middlewares/Third_Party/LwIP/src/core/ipv4/ip4_addr.c ****  * @return either pointer to buf which now holds the ASCII
 282:Middlewares/Third_Party/LwIP/src/core/ipv4/ip4_addr.c ****  *         representation of addr or NULL if buf was too small
 283:Middlewares/Third_Party/LwIP/src/core/ipv4/ip4_addr.c ****  */
 284:Middlewares/Third_Party/LwIP/src/core/ipv4/ip4_addr.c **** char *
 285:Middlewares/Third_Party/LwIP/src/core/ipv4/ip4_addr.c **** ip4addr_ntoa_r(const ip4_addr_t *addr, char *buf, int buflen)
 286:Middlewares/Third_Party/LwIP/src/core/ipv4/ip4_addr.c **** {
 659              		.loc 1 286 1 is_stmt 1 view -0
 660              		.cfi_startproc
 661              		@ args = 0, pretend = 0, frame = 8
 662              		@ frame_needed = 0, uses_anonymous_args = 0
 663              		.loc 1 286 1 is_stmt 0 view .LVU199
 664 0000 2DE9F041 		push	{r4, r5, r6, r7, r8, lr}
 665              	.LCFI9:
 666              		.cfi_def_cfa_offset 24
 667              		.cfi_offset 4, -24
 668              		.cfi_offset 5, -20
 669              		.cfi_offset 6, -16
 670              		.cfi_offset 7, -12
 671              		.cfi_offset 8, -8
 672              		.cfi_offset 14, -4
 673 0004 82B0     		sub	sp, sp, #8
 674              	.LCFI10:
 675              		.cfi_def_cfa_offset 32
 676 0006 8846     		mov	r8, r1
 677 0008 1546     		mov	r5, r2
 287:Middlewares/Third_Party/LwIP/src/core/ipv4/ip4_addr.c ****   u32_t s_addr;
 678              		.loc 1 287 3 is_stmt 1 view .LVU200
 288:Middlewares/Third_Party/LwIP/src/core/ipv4/ip4_addr.c ****   char inv[3];
 679              		.loc 1 288 3 view .LVU201
 289:Middlewares/Third_Party/LwIP/src/core/ipv4/ip4_addr.c ****   char *rp;
 680              		.loc 1 289 3 view .LVU202
 290:Middlewares/Third_Party/LwIP/src/core/ipv4/ip4_addr.c ****   u8_t *ap;
 681              		.loc 1 290 3 view .LVU203
 291:Middlewares/Third_Party/LwIP/src/core/ipv4/ip4_addr.c ****   u8_t rem;
 682              		.loc 1 291 3 view .LVU204
 292:Middlewares/Third_Party/LwIP/src/core/ipv4/ip4_addr.c ****   u8_t n;
 683              		.loc 1 292 3 view .LVU205
 293:Middlewares/Third_Party/LwIP/src/core/ipv4/ip4_addr.c ****   u8_t i;
 684              		.loc 1 293 3 view .LVU206
 294:Middlewares/Third_Party/LwIP/src/core/ipv4/ip4_addr.c ****   int len = 0;
 685              		.loc 1 294 3 view .LVU207
 686              	.LVL69:
 295:Middlewares/Third_Party/LwIP/src/core/ipv4/ip4_addr.c **** 
 296:Middlewares/Third_Party/LwIP/src/core/ipv4/ip4_addr.c ****   s_addr = ip4_addr_get_u32(addr);
 687              		.loc 1 296 3 view .LVU208
 688              		.loc 1 296 12 is_stmt 0 view .LVU209
 689 000a 0368     		ldr	r3, [r0]
ARM GAS  C:\Users\hh\AppData\Local\Temp\ccPgoHFd.s 			page 20


 690              		.loc 1 296 10 view .LVU210
 691 000c 0193     		str	r3, [sp, #4]
 297:Middlewares/Third_Party/LwIP/src/core/ipv4/ip4_addr.c **** 
 298:Middlewares/Third_Party/LwIP/src/core/ipv4/ip4_addr.c ****   rp = buf;
 692              		.loc 1 298 3 is_stmt 1 view .LVU211
 693              	.LVL70:
 299:Middlewares/Third_Party/LwIP/src/core/ipv4/ip4_addr.c ****   ap = (u8_t *)&s_addr;
 694              		.loc 1 299 3 view .LVU212
 300:Middlewares/Third_Party/LwIP/src/core/ipv4/ip4_addr.c ****   for (n = 0; n < 4; n++) {
 695              		.loc 1 300 3 view .LVU213
 298:Middlewares/Third_Party/LwIP/src/core/ipv4/ip4_addr.c ****   ap = (u8_t *)&s_addr;
 696              		.loc 1 298 6 is_stmt 0 view .LVU214
 697 000e 0846     		mov	r0, r1
 698              	.LVL71:
 294:Middlewares/Third_Party/LwIP/src/core/ipv4/ip4_addr.c **** 
 699              		.loc 1 294 7 view .LVU215
 700 0010 0021     		movs	r1, #0
 701              	.LVL72:
 702              		.loc 1 300 10 view .LVU216
 703 0012 0E46     		mov	r6, r1
 299:Middlewares/Third_Party/LwIP/src/core/ipv4/ip4_addr.c ****   for (n = 0; n < 4; n++) {
 704              		.loc 1 299 6 view .LVU217
 705 0014 01AC     		add	r4, sp, #4
 706              	.LVL73:
 707              	.L63:
 708              		.loc 1 300 17 is_stmt 1 discriminator 1 view .LVU218
 709 0016 032E     		cmp	r6, #3
 710 0018 3AD8     		bhi	.L72
 301:Middlewares/Third_Party/LwIP/src/core/ipv4/ip4_addr.c ****     i = 0;
 711              		.loc 1 301 7 is_stmt 0 view .LVU219
 712 001a 0023     		movs	r3, #0
 713              	.L64:
 714              	.LVL74:
 302:Middlewares/Third_Party/LwIP/src/core/ipv4/ip4_addr.c ****     do {
 715              		.loc 1 302 5 is_stmt 1 view .LVU220
 303:Middlewares/Third_Party/LwIP/src/core/ipv4/ip4_addr.c ****       rem = *ap % (u8_t)10;
 716              		.loc 1 303 7 view .LVU221
 717              		.loc 1 303 13 is_stmt 0 view .LVU222
 718 001c 2278     		ldrb	r2, [r4]	@ zero_extendqisi2
 719              		.loc 1 303 11 view .LVU223
 720 001e 204F     		ldr	r7, .L75
 721 0020 A7FB02CE 		umull	ip, lr, r7, r2
 722 0024 4FEADE0E 		lsr	lr, lr, #3
 723 0028 0EEB8E0C 		add	ip, lr, lr, lsl #2
 724 002c A2EB4C0C 		sub	ip, r2, ip, lsl #1
 725 0030 5FFA8CFC 		uxtb	ip, ip
 726              	.LVL75:
 304:Middlewares/Third_Party/LwIP/src/core/ipv4/ip4_addr.c ****       *ap /= (u8_t)10;
 727              		.loc 1 304 7 is_stmt 1 view .LVU224
 728              		.loc 1 304 11 is_stmt 0 view .LVU225
 729 0034 84F800E0 		strb	lr, [r4]
 305:Middlewares/Third_Party/LwIP/src/core/ipv4/ip4_addr.c ****       inv[i++] = (char)('0' + rem);
 730              		.loc 1 305 7 is_stmt 1 view .LVU226
 731 0038 9E46     		mov	lr, r3
 732              		.loc 1 305 12 is_stmt 0 view .LVU227
 733 003a 0133     		adds	r3, r3, #1
 734              	.LVL76:
ARM GAS  C:\Users\hh\AppData\Local\Temp\ccPgoHFd.s 			page 21


 735              		.loc 1 305 12 view .LVU228
 736 003c DBB2     		uxtb	r3, r3
 737              	.LVL77:
 738              		.loc 1 305 18 view .LVU229
 739 003e 0CF1300C 		add	ip, ip, #48
 740              	.LVL78:
 741              		.loc 1 305 16 view .LVU230
 742 0042 0EF10807 		add	r7, lr, #8
 743 0046 0DEB070E 		add	lr, sp, r7
 744 004a 0EF808CC 		strb	ip, [lr, #-8]
 306:Middlewares/Third_Party/LwIP/src/core/ipv4/ip4_addr.c ****     } while (*ap);
 745              		.loc 1 306 14 is_stmt 1 discriminator 1 view .LVU231
 746 004e 092A     		cmp	r2, #9
 747 0050 E4D8     		bhi	.L64
 748 0052 08E0     		b	.L65
 749              	.LVL79:
 750              	.L74:
 307:Middlewares/Third_Party/LwIP/src/core/ipv4/ip4_addr.c ****     while (i--) {
 308:Middlewares/Third_Party/LwIP/src/core/ipv4/ip4_addr.c ****       if (len++ >= buflen) {
 309:Middlewares/Third_Party/LwIP/src/core/ipv4/ip4_addr.c ****         return NULL;
 310:Middlewares/Third_Party/LwIP/src/core/ipv4/ip4_addr.c ****       }
 311:Middlewares/Third_Party/LwIP/src/core/ipv4/ip4_addr.c ****       *rp++ = inv[i];
 751              		.loc 1 311 7 view .LVU232
 752              		.loc 1 311 18 is_stmt 0 view .LVU233
 753 0054 02F10801 		add	r1, r2, #8
 754 0058 6944     		add	r1, sp, r1
 755 005a 11F8081C 		ldrb	r1, [r1, #-8]	@ zero_extendqisi2
 756              		.loc 1 311 13 view .LVU234
 757 005e 00F8011B 		strb	r1, [r0], #1
 758              	.LVL80:
 308:Middlewares/Third_Party/LwIP/src/core/ipv4/ip4_addr.c ****         return NULL;
 759              		.loc 1 308 14 view .LVU235
 760 0062 1946     		mov	r1, r3
 307:Middlewares/Third_Party/LwIP/src/core/ipv4/ip4_addr.c ****     while (i--) {
 761              		.loc 1 307 13 view .LVU236
 762 0064 1346     		mov	r3, r2
 763              	.LVL81:
 764              	.L65:
 307:Middlewares/Third_Party/LwIP/src/core/ipv4/ip4_addr.c ****     while (i--) {
 765              		.loc 1 307 12 is_stmt 1 view .LVU237
 307:Middlewares/Third_Party/LwIP/src/core/ipv4/ip4_addr.c ****     while (i--) {
 766              		.loc 1 307 13 is_stmt 0 view .LVU238
 767 0066 5A1E     		subs	r2, r3, #1
 768 0068 D2B2     		uxtb	r2, r2
 769              	.LVL82:
 307:Middlewares/Third_Party/LwIP/src/core/ipv4/ip4_addr.c ****     while (i--) {
 770              		.loc 1 307 12 view .LVU239
 771 006a 33B1     		cbz	r3, .L73
 308:Middlewares/Third_Party/LwIP/src/core/ipv4/ip4_addr.c ****         return NULL;
 772              		.loc 1 308 7 is_stmt 1 view .LVU240
 308:Middlewares/Third_Party/LwIP/src/core/ipv4/ip4_addr.c ****         return NULL;
 773              		.loc 1 308 14 is_stmt 0 view .LVU241
 774 006c 4B1C     		adds	r3, r1, #1
 775              	.LVL83:
 308:Middlewares/Third_Party/LwIP/src/core/ipv4/ip4_addr.c ****         return NULL;
 776              		.loc 1 308 10 view .LVU242
 777 006e A942     		cmp	r1, r5
ARM GAS  C:\Users\hh\AppData\Local\Temp\ccPgoHFd.s 			page 22


 778 0070 F0DB     		blt	.L74
 309:Middlewares/Third_Party/LwIP/src/core/ipv4/ip4_addr.c ****       }
 779              		.loc 1 309 16 view .LVU243
 780 0072 0020     		movs	r0, #0
 781              	.LVL84:
 782              	.L62:
 312:Middlewares/Third_Party/LwIP/src/core/ipv4/ip4_addr.c ****     }
 313:Middlewares/Third_Party/LwIP/src/core/ipv4/ip4_addr.c ****     if (len++ >= buflen) {
 314:Middlewares/Third_Party/LwIP/src/core/ipv4/ip4_addr.c ****       return NULL;
 315:Middlewares/Third_Party/LwIP/src/core/ipv4/ip4_addr.c ****     }
 316:Middlewares/Third_Party/LwIP/src/core/ipv4/ip4_addr.c ****     *rp++ = '.';
 317:Middlewares/Third_Party/LwIP/src/core/ipv4/ip4_addr.c ****     ap++;
 318:Middlewares/Third_Party/LwIP/src/core/ipv4/ip4_addr.c ****   }
 319:Middlewares/Third_Party/LwIP/src/core/ipv4/ip4_addr.c ****   *--rp = 0;
 320:Middlewares/Third_Party/LwIP/src/core/ipv4/ip4_addr.c ****   return buf;
 321:Middlewares/Third_Party/LwIP/src/core/ipv4/ip4_addr.c **** }
 783              		.loc 1 321 1 view .LVU244
 784 0074 02B0     		add	sp, sp, #8
 785              	.LCFI11:
 786              		.cfi_remember_state
 787              		.cfi_def_cfa_offset 24
 788              		@ sp needed
 789 0076 BDE8F081 		pop	{r4, r5, r6, r7, r8, pc}
 790              	.LVL85:
 791              	.L73:
 792              	.LCFI12:
 793              		.cfi_restore_state
 313:Middlewares/Third_Party/LwIP/src/core/ipv4/ip4_addr.c ****       return NULL;
 794              		.loc 1 313 5 is_stmt 1 view .LVU245
 313:Middlewares/Third_Party/LwIP/src/core/ipv4/ip4_addr.c ****       return NULL;
 795              		.loc 1 313 12 is_stmt 0 view .LVU246
 796 007a 4B1C     		adds	r3, r1, #1
 797              	.LVL86:
 313:Middlewares/Third_Party/LwIP/src/core/ipv4/ip4_addr.c ****       return NULL;
 798              		.loc 1 313 8 view .LVU247
 799 007c A942     		cmp	r1, r5
 800 007e 0CDA     		bge	.L69
 316:Middlewares/Third_Party/LwIP/src/core/ipv4/ip4_addr.c ****     ap++;
 801              		.loc 1 316 5 is_stmt 1 view .LVU248
 802              	.LVL87:
 316:Middlewares/Third_Party/LwIP/src/core/ipv4/ip4_addr.c ****     ap++;
 803              		.loc 1 316 11 is_stmt 0 view .LVU249
 804 0080 2E22     		movs	r2, #46
 805              	.LVL88:
 316:Middlewares/Third_Party/LwIP/src/core/ipv4/ip4_addr.c ****     ap++;
 806              		.loc 1 316 11 view .LVU250
 807 0082 00F8012B 		strb	r2, [r0], #1
 808              	.LVL89:
 317:Middlewares/Third_Party/LwIP/src/core/ipv4/ip4_addr.c ****   }
 809              		.loc 1 317 5 is_stmt 1 view .LVU251
 317:Middlewares/Third_Party/LwIP/src/core/ipv4/ip4_addr.c ****   }
 810              		.loc 1 317 7 is_stmt 0 view .LVU252
 811 0086 0134     		adds	r4, r4, #1
 812              	.LVL90:
 300:Middlewares/Third_Party/LwIP/src/core/ipv4/ip4_addr.c ****     i = 0;
 813              		.loc 1 300 23 is_stmt 1 discriminator 2 view .LVU253
 814 0088 0136     		adds	r6, r6, #1
ARM GAS  C:\Users\hh\AppData\Local\Temp\ccPgoHFd.s 			page 23


 815              	.LVL91:
 300:Middlewares/Third_Party/LwIP/src/core/ipv4/ip4_addr.c ****     i = 0;
 816              		.loc 1 300 23 is_stmt 0 discriminator 2 view .LVU254
 817 008a F6B2     		uxtb	r6, r6
 818              	.LVL92:
 313:Middlewares/Third_Party/LwIP/src/core/ipv4/ip4_addr.c ****       return NULL;
 819              		.loc 1 313 12 view .LVU255
 820 008c 1946     		mov	r1, r3
 821 008e C2E7     		b	.L63
 822              	.LVL93:
 823              	.L72:
 319:Middlewares/Third_Party/LwIP/src/core/ipv4/ip4_addr.c ****   return buf;
 824              		.loc 1 319 3 is_stmt 1 view .LVU256
 319:Middlewares/Third_Party/LwIP/src/core/ipv4/ip4_addr.c ****   return buf;
 825              		.loc 1 319 9 is_stmt 0 view .LVU257
 826 0090 0023     		movs	r3, #0
 827 0092 00F8013C 		strb	r3, [r0, #-1]
 320:Middlewares/Third_Party/LwIP/src/core/ipv4/ip4_addr.c **** }
 828              		.loc 1 320 3 is_stmt 1 view .LVU258
 320:Middlewares/Third_Party/LwIP/src/core/ipv4/ip4_addr.c **** }
 829              		.loc 1 320 10 is_stmt 0 view .LVU259
 830 0096 4046     		mov	r0, r8
 831              	.LVL94:
 320:Middlewares/Third_Party/LwIP/src/core/ipv4/ip4_addr.c **** }
 832              		.loc 1 320 10 view .LVU260
 833 0098 ECE7     		b	.L62
 834              	.LVL95:
 835              	.L69:
 314:Middlewares/Third_Party/LwIP/src/core/ipv4/ip4_addr.c ****     }
 836              		.loc 1 314 14 view .LVU261
 837 009a 0020     		movs	r0, #0
 838              	.LVL96:
 314:Middlewares/Third_Party/LwIP/src/core/ipv4/ip4_addr.c ****     }
 839              		.loc 1 314 14 view .LVU262
 840 009c EAE7     		b	.L62
 841              	.L76:
 842 009e 00BF     		.align	2
 843              	.L75:
 844 00a0 CDCCCCCC 		.word	-858993459
 845              		.cfi_endproc
 846              	.LFE177:
 848              		.section	.text.ip4addr_ntoa,"ax",%progbits
 849              		.align	1
 850              		.global	ip4addr_ntoa
 851              		.syntax unified
 852              		.thumb
 853              		.thumb_func
 855              	ip4addr_ntoa:
 856              	.LVL97:
 857              	.LFB176:
 270:Middlewares/Third_Party/LwIP/src/core/ipv4/ip4_addr.c ****   static char str[IP4ADDR_STRLEN_MAX];
 858              		.loc 1 270 1 is_stmt 1 view -0
 859              		.cfi_startproc
 860              		@ args = 0, pretend = 0, frame = 0
 861              		@ frame_needed = 0, uses_anonymous_args = 0
 270:Middlewares/Third_Party/LwIP/src/core/ipv4/ip4_addr.c ****   static char str[IP4ADDR_STRLEN_MAX];
 862              		.loc 1 270 1 is_stmt 0 view .LVU264
ARM GAS  C:\Users\hh\AppData\Local\Temp\ccPgoHFd.s 			page 24


 863 0000 08B5     		push	{r3, lr}
 864              	.LCFI13:
 865              		.cfi_def_cfa_offset 8
 866              		.cfi_offset 3, -8
 867              		.cfi_offset 14, -4
 271:Middlewares/Third_Party/LwIP/src/core/ipv4/ip4_addr.c ****   return ip4addr_ntoa_r(addr, str, IP4ADDR_STRLEN_MAX);
 868              		.loc 1 271 3 is_stmt 1 view .LVU265
 272:Middlewares/Third_Party/LwIP/src/core/ipv4/ip4_addr.c **** }
 869              		.loc 1 272 3 view .LVU266
 272:Middlewares/Third_Party/LwIP/src/core/ipv4/ip4_addr.c **** }
 870              		.loc 1 272 10 is_stmt 0 view .LVU267
 871 0002 1022     		movs	r2, #16
 872 0004 0149     		ldr	r1, .L79
 873 0006 FFF7FEFF 		bl	ip4addr_ntoa_r
 874              	.LVL98:
 273:Middlewares/Third_Party/LwIP/src/core/ipv4/ip4_addr.c **** 
 875              		.loc 1 273 1 view .LVU268
 876 000a 08BD     		pop	{r3, pc}
 877              	.L80:
 878              		.align	2
 879              	.L79:
 880 000c 00000000 		.word	str.0
 881              		.cfi_endproc
 882              	.LFE176:
 884              		.section	.bss.str.0,"aw",%nobits
 885              		.align	2
 888              	str.0:
 889 0000 00000000 		.space	16
 889      00000000 
 889      00000000 
 889      00000000 
 890              		.global	ip_addr_broadcast
 891              		.section	.rodata.ip_addr_broadcast,"a"
 892              		.align	2
 895              	ip_addr_broadcast:
 896 0000 FFFFFFFF 		.word	-1
 897              		.global	ip_addr_any
 898              		.section	.rodata.ip_addr_any,"a"
 899              		.align	2
 902              	ip_addr_any:
 903 0000 00000000 		.space	4
 904              		.text
 905              	.Letext0:
 906              		.file 2 "C:/Program Files (x86)/ARM/arm-gnu-toolchain-15.2.rel1-mingw-w64-i686-arm-none-eabi/arm-n
 907              		.file 3 "C:/Program Files (x86)/ARM/arm-gnu-toolchain-15.2.rel1-mingw-w64-i686-arm-none-eabi/arm-n
 908              		.file 4 "Middlewares/Third_Party/LwIP/src/include/lwip/arch.h"
 909              		.file 5 "Middlewares/Third_Party/LwIP/src/include/lwip/ip4_addr.h"
 910              		.file 6 "Middlewares/Third_Party/LwIP/src/include/lwip/ip_addr.h"
 911              		.file 7 "C:/Program Files (x86)/ARM/arm-gnu-toolchain-15.2.rel1-mingw-w64-i686-arm-none-eabi/arm-n
 912              		.file 8 "Middlewares/Third_Party/LwIP/src/include/lwip/err.h"
 913              		.file 9 "Middlewares/Third_Party/LwIP/src/include/lwip/pbuf.h"
 914              		.file 10 "Middlewares/Third_Party/LwIP/src/include/lwip/netif.h"
 915              		.file 11 "C:/Program Files (x86)/ARM/arm-gnu-toolchain-15.2.rel1-mingw-w64-i686-arm-none-eabi/arm-
 916              		.file 12 "Middlewares/Third_Party/LwIP/src/include/lwip/def.h"
 917              		.file 13 "Middlewares/Third_Party/LwIP/src/include/lwip/memp.h"
ARM GAS  C:\Users\hh\AppData\Local\Temp\ccPgoHFd.s 			page 25


DEFINED SYMBOLS
                            *ABS*:00000000 ip4_addr.c
C:\Users\hh\AppData\Local\Temp\ccPgoHFd.s:20     .text.ip4_addr_isbroadcast_u32:00000000 $t
C:\Users\hh\AppData\Local\Temp\ccPgoHFd.s:26     .text.ip4_addr_isbroadcast_u32:00000000 ip4_addr_isbroadcast_u32
C:\Users\hh\AppData\Local\Temp\ccPgoHFd.s:104    .text.ip4_addr_netmask_valid:00000000 $t
C:\Users\hh\AppData\Local\Temp\ccPgoHFd.s:110    .text.ip4_addr_netmask_valid:00000000 ip4_addr_netmask_valid
C:\Users\hh\AppData\Local\Temp\ccPgoHFd.s:176    .rodata.ip4addr_aton.str1.4:00000000 $d
C:\Users\hh\AppData\Local\Temp\ccPgoHFd.s:187    .text.ip4addr_aton:00000000 $t
C:\Users\hh\AppData\Local\Temp\ccPgoHFd.s:193    .text.ip4addr_aton:00000000 ip4addr_aton
C:\Users\hh\AppData\Local\Temp\ccPgoHFd.s:592    .text.ip4addr_aton:00000164 $d
C:\Users\hh\AppData\Local\Temp\ccPgoHFd.s:600    .text.ipaddr_addr:00000000 $t
C:\Users\hh\AppData\Local\Temp\ccPgoHFd.s:606    .text.ipaddr_addr:00000000 ipaddr_addr
C:\Users\hh\AppData\Local\Temp\ccPgoHFd.s:650    .text.ip4addr_ntoa_r:00000000 $t
C:\Users\hh\AppData\Local\Temp\ccPgoHFd.s:656    .text.ip4addr_ntoa_r:00000000 ip4addr_ntoa_r
C:\Users\hh\AppData\Local\Temp\ccPgoHFd.s:844    .text.ip4addr_ntoa_r:000000a0 $d
C:\Users\hh\AppData\Local\Temp\ccPgoHFd.s:849    .text.ip4addr_ntoa:00000000 $t
C:\Users\hh\AppData\Local\Temp\ccPgoHFd.s:855    .text.ip4addr_ntoa:00000000 ip4addr_ntoa
C:\Users\hh\AppData\Local\Temp\ccPgoHFd.s:880    .text.ip4addr_ntoa:0000000c $d
C:\Users\hh\AppData\Local\Temp\ccPgoHFd.s:888    .bss.str.0:00000000 str.0
C:\Users\hh\AppData\Local\Temp\ccPgoHFd.s:885    .bss.str.0:00000000 $d
C:\Users\hh\AppData\Local\Temp\ccPgoHFd.s:895    .rodata.ip_addr_broadcast:00000000 ip_addr_broadcast
C:\Users\hh\AppData\Local\Temp\ccPgoHFd.s:892    .rodata.ip_addr_broadcast:00000000 $d
C:\Users\hh\AppData\Local\Temp\ccPgoHFd.s:902    .rodata.ip_addr_any:00000000 ip_addr_any
C:\Users\hh\AppData\Local\Temp\ccPgoHFd.s:899    .rodata.ip_addr_any:00000000 $d

UNDEFINED SYMBOLS
lwip_htonl
printf
_ctype_
