<<<<<<< HEAD
ARM GAS  C:\Users\hh\AppData\Local\Temp\ccY9Q0BM.s 			page 1
=======
ARM GAS  C:\Users\hh\AppData\Local\Temp\ccUR27su.s 			page 1
>>>>>>> f4c64959d37a1ca5ac670db93692e329027a8e2d


   1              		.cpu cortex-m7
   2              		.arch armv7e-m
   3              		.fpu fpv5-d16
   4              		.eabi_attribute 28, 1
   5              		.eabi_attribute 20, 1
   6              		.eabi_attribute 21, 1
   7              		.eabi_attribute 23, 3
   8              		.eabi_attribute 24, 1
   9              		.eabi_attribute 25, 1
  10              		.eabi_attribute 26, 1
  11              		.eabi_attribute 30, 1
  12              		.eabi_attribute 34, 1
  13              		.eabi_attribute 18, 4
  14              		.file	"stm32h7xx_hal_sdram.c"
  15              		.text
  16              	.Ltext0:
  17              		.cfi_sections	.debug_frame
  18              		.file 1 "Drivers/STM32H7xx_HAL_Driver/Src/stm32h7xx_hal_sdram.c"
  19              	.Letext0:
<<<<<<< HEAD
ARM GAS  C:\Users\hh\AppData\Local\Temp\ccY9Q0BM.s 			page 2
=======
ARM GAS  C:\Users\hh\AppData\Local\Temp\ccUR27su.s 			page 2
>>>>>>> f4c64959d37a1ca5ac670db93692e329027a8e2d


DEFINED SYMBOLS
                            *ABS*:00000000 stm32h7xx_hal_sdram.c

NO UNDEFINED SYMBOLS
