<<<<<<< HEAD
ARM GAS  C:\Users\hh\AppData\Local\Temp\cctw9eF9.s 			page 1
=======
ARM GAS  C:\Users\hh\AppData\Local\Temp\cclMRv3N.s 			page 1
>>>>>>> f4c64959d37a1ca5ac670db93692e329027a8e2d


   1              		.cpu cortex-m7
   2              		.arch armv7e-m
   3              		.fpu fpv5-d16
   4              		.eabi_attribute 28, 1
   5              		.eabi_attribute 20, 1
   6              		.eabi_attribute 21, 1
   7              		.eabi_attribute 23, 3
   8              		.eabi_attribute 24, 1
   9              		.eabi_attribute 25, 1
  10              		.eabi_attribute 26, 1
  11              		.eabi_attribute 30, 1
  12              		.eabi_attribute 34, 1
  13              		.eabi_attribute 18, 4
  14              		.file	"sys_arch.c"
  15              		.text
  16              	.Ltext0:
  17              		.cfi_sections	.debug_frame
  18              		.file 1 "Middlewares/Third_Party/LwIP/system/OS/sys_arch.c"
  19              		.section	.text.sys_mbox_new,"ax",%progbits
  20              		.align	1
  21              		.global	sys_mbox_new
  22              		.syntax unified
  23              		.thumb
  24              		.thumb_func
  26              	sys_mbox_new:
  27              	.LVL0:
  28              	.LFB172:
   1:Middlewares/Third_Party/LwIP/system/OS/sys_arch.c **** /*
   2:Middlewares/Third_Party/LwIP/system/OS/sys_arch.c ****  * Copyright (c) 2001-2003 Swedish Institute of Computer Science.
   3:Middlewares/Third_Party/LwIP/system/OS/sys_arch.c ****  * All rights reserved.
   4:Middlewares/Third_Party/LwIP/system/OS/sys_arch.c ****  *
   5:Middlewares/Third_Party/LwIP/system/OS/sys_arch.c ****  * Redistribution and use in source and binary forms, with or without modification,
   6:Middlewares/Third_Party/LwIP/system/OS/sys_arch.c ****  * are permitted provided that the following conditions are met:
   7:Middlewares/Third_Party/LwIP/system/OS/sys_arch.c ****  *
   8:Middlewares/Third_Party/LwIP/system/OS/sys_arch.c ****  * 1. Redistributions of source code must retain the above copyright notice,
   9:Middlewares/Third_Party/LwIP/system/OS/sys_arch.c ****  *    this list of conditions and the following disclaimer.
  10:Middlewares/Third_Party/LwIP/system/OS/sys_arch.c ****  * 2. Redistributions in binary form must reproduce the above copyright notice,
  11:Middlewares/Third_Party/LwIP/system/OS/sys_arch.c ****  *    this list of conditions and the following disclaimer in the documentation
  12:Middlewares/Third_Party/LwIP/system/OS/sys_arch.c ****  *    and/or other materials provided with the distribution.
  13:Middlewares/Third_Party/LwIP/system/OS/sys_arch.c ****  * 3. The name of the author may not be used to endorse or promote products
  14:Middlewares/Third_Party/LwIP/system/OS/sys_arch.c ****  *    derived from this software without specific prior written permission.
  15:Middlewares/Third_Party/LwIP/system/OS/sys_arch.c ****  *
  16:Middlewares/Third_Party/LwIP/system/OS/sys_arch.c ****  * THIS SOFTWARE IS PROVIDED BY THE AUTHOR ``AS IS'' AND ANY EXPRESS OR IMPLIED
  17:Middlewares/Third_Party/LwIP/system/OS/sys_arch.c ****  * WARRANTIES, INCLUDING, BUT NOT LIMITED TO, THE IMPLIED WARRANTIES OF
  18:Middlewares/Third_Party/LwIP/system/OS/sys_arch.c ****  * MERCHANTABILITY AND FITNESS FOR A PARTICULAR PURPOSE ARE DISCLAIMED. IN NO EVENT
  19:Middlewares/Third_Party/LwIP/system/OS/sys_arch.c ****  * SHALL THE AUTHOR BE LIABLE FOR ANY DIRECT, INDIRECT, INCIDENTAL, SPECIAL,
  20:Middlewares/Third_Party/LwIP/system/OS/sys_arch.c ****  * EXEMPLARY, OR CONSEQUENTIAL DAMAGES (INCLUDING, BUT NOT LIMITED TO, PROCUREMENT
  21:Middlewares/Third_Party/LwIP/system/OS/sys_arch.c ****  * OF SUBSTITUTE GOODS OR SERVICES; LOSS OF USE, DATA, OR PROFITS; OR BUSINESS
  22:Middlewares/Third_Party/LwIP/system/OS/sys_arch.c ****  * INTERRUPTION) HOWEVER CAUSED AND ON ANY THEORY OF LIABILITY, WHETHER IN
  23:Middlewares/Third_Party/LwIP/system/OS/sys_arch.c ****  * CONTRACT, STRICT LIABILITY, OR TORT (INCLUDING NEGLIGENCE OR OTHERWISE) ARISING
  24:Middlewares/Third_Party/LwIP/system/OS/sys_arch.c ****  * IN ANY WAY OUT OF THE USE OF THIS SOFTWARE, EVEN IF ADVISED OF THE POSSIBILITY
  25:Middlewares/Third_Party/LwIP/system/OS/sys_arch.c ****  * OF SUCH DAMAGE.
  26:Middlewares/Third_Party/LwIP/system/OS/sys_arch.c ****  *
  27:Middlewares/Third_Party/LwIP/system/OS/sys_arch.c ****  * This file is part of the lwIP TCP/IP stack.
  28:Middlewares/Third_Party/LwIP/system/OS/sys_arch.c ****  *
  29:Middlewares/Third_Party/LwIP/system/OS/sys_arch.c ****  * Author: Adam Dunkels <adam@sics.se>
  30:Middlewares/Third_Party/LwIP/system/OS/sys_arch.c ****  *
<<<<<<< HEAD
ARM GAS  C:\Users\hh\AppData\Local\Temp\cctw9eF9.s 			page 2
=======
ARM GAS  C:\Users\hh\AppData\Local\Temp\cclMRv3N.s 			page 2
>>>>>>> f4c64959d37a1ca5ac670db93692e329027a8e2d


  31:Middlewares/Third_Party/LwIP/system/OS/sys_arch.c ****  */
  32:Middlewares/Third_Party/LwIP/system/OS/sys_arch.c **** 
  33:Middlewares/Third_Party/LwIP/system/OS/sys_arch.c **** /* lwIP includes. */
  34:Middlewares/Third_Party/LwIP/system/OS/sys_arch.c **** #include "lwip/debug.h"
  35:Middlewares/Third_Party/LwIP/system/OS/sys_arch.c **** #include "lwip/def.h"
  36:Middlewares/Third_Party/LwIP/system/OS/sys_arch.c **** #include "lwip/sys.h"
  37:Middlewares/Third_Party/LwIP/system/OS/sys_arch.c **** #include "lwip/mem.h"
  38:Middlewares/Third_Party/LwIP/system/OS/sys_arch.c **** #include "lwip/stats.h"
  39:Middlewares/Third_Party/LwIP/system/OS/sys_arch.c **** #include "lwip/tcpip.h"
  40:Middlewares/Third_Party/LwIP/system/OS/sys_arch.c **** 
  41:Middlewares/Third_Party/LwIP/system/OS/sys_arch.c **** #if !NO_SYS
  42:Middlewares/Third_Party/LwIP/system/OS/sys_arch.c **** 
  43:Middlewares/Third_Party/LwIP/system/OS/sys_arch.c **** #include "cmsis_os2.h"
  44:Middlewares/Third_Party/LwIP/system/OS/sys_arch.c **** 
  45:Middlewares/Third_Party/LwIP/system/OS/sys_arch.c **** #if (defined (__CC_ARM) || defined (__ARMCC_VERSION) || defined (__ICCARM__))
  46:Middlewares/Third_Party/LwIP/system/OS/sys_arch.c **** int errno;
  47:Middlewares/Third_Party/LwIP/system/OS/sys_arch.c **** #endif
  48:Middlewares/Third_Party/LwIP/system/OS/sys_arch.c **** 
  49:Middlewares/Third_Party/LwIP/system/OS/sys_arch.c **** #if    (__ARM_ARCH_7A__      == 1U)
  50:Middlewares/Third_Party/LwIP/system/OS/sys_arch.c **** /* CPSR mode bitmasks */
  51:Middlewares/Third_Party/LwIP/system/OS/sys_arch.c **** #define CPSR_MODE_USER            0x10U
  52:Middlewares/Third_Party/LwIP/system/OS/sys_arch.c **** #define CPSR_MODE_SYSTEM          0x1FU
  53:Middlewares/Third_Party/LwIP/system/OS/sys_arch.c **** 
  54:Middlewares/Third_Party/LwIP/system/OS/sys_arch.c **** #define IS_IRQ_MODE()             ((__get_mode() != CPSR_MODE_USER) && (__get_mode() != CPSR_MODE_S
  55:Middlewares/Third_Party/LwIP/system/OS/sys_arch.c **** #else
  56:Middlewares/Third_Party/LwIP/system/OS/sys_arch.c **** #define IS_IRQ_MODE()             (__get_IPSR() != 0U)
  57:Middlewares/Third_Party/LwIP/system/OS/sys_arch.c **** #endif
  58:Middlewares/Third_Party/LwIP/system/OS/sys_arch.c **** 
  59:Middlewares/Third_Party/LwIP/system/OS/sys_arch.c **** /* Enables multithreading check functions in this port.
  60:Middlewares/Third_Party/LwIP/system/OS/sys_arch.c **** 
  61:Middlewares/Third_Party/LwIP/system/OS/sys_arch.c ****    For this to work, in your lwipopts.h file, you need to set this flag to 1,
  62:Middlewares/Third_Party/LwIP/system/OS/sys_arch.c ****    define LWIP_ASSERT_CORE_LOCKED() and LWIP_MARK_TCPIP_THREAD() macros,
  63:Middlewares/Third_Party/LwIP/system/OS/sys_arch.c ****    point them to functions sys_check_core_locking() and sys_mark_tcpip_thread()
  64:Middlewares/Third_Party/LwIP/system/OS/sys_arch.c ****    respectively and add the functions prototypes.
  65:Middlewares/Third_Party/LwIP/system/OS/sys_arch.c **** 
  66:Middlewares/Third_Party/LwIP/system/OS/sys_arch.c ****    If you use LWIP_TCPIP_CORE_LOCKING, you also have to define LOCK_TCPIP_CORE()
  67:Middlewares/Third_Party/LwIP/system/OS/sys_arch.c ****    and UNLOCK_TCPIP_CORE() macros, point them to functions sys_lock_tcpip_core()
  68:Middlewares/Third_Party/LwIP/system/OS/sys_arch.c ****    and sys_unlock_tcpip_core() respectively and add the functions prototypes.
  69:Middlewares/Third_Party/LwIP/system/OS/sys_arch.c **** */
  70:Middlewares/Third_Party/LwIP/system/OS/sys_arch.c **** #ifndef LWIP_CHECK_MULTITHREADING
  71:Middlewares/Third_Party/LwIP/system/OS/sys_arch.c **** #define LWIP_CHECK_MULTITHREADING           0
  72:Middlewares/Third_Party/LwIP/system/OS/sys_arch.c **** #endif /* LWIP_CHECK_MULTITHREADING */
  73:Middlewares/Third_Party/LwIP/system/OS/sys_arch.c **** 
  74:Middlewares/Third_Party/LwIP/system/OS/sys_arch.c **** #if LWIP_CHECK_MULTITHREADING
  75:Middlewares/Third_Party/LwIP/system/OS/sys_arch.c **** #if LWIP_TCPIP_CORE_LOCKING
  76:Middlewares/Third_Party/LwIP/system/OS/sys_arch.c **** /* Flag the core lock held. A counter for recursive locks. */
  77:Middlewares/Third_Party/LwIP/system/OS/sys_arch.c **** static u8_t lwip_core_lock_count;
  78:Middlewares/Third_Party/LwIP/system/OS/sys_arch.c **** /* Mark the current core lock holder. */
  79:Middlewares/Third_Party/LwIP/system/OS/sys_arch.c **** static osThreadId_t lwip_core_lock_holder_thread;
  80:Middlewares/Third_Party/LwIP/system/OS/sys_arch.c **** #endif /* LWIP_TCPIP_CORE_LOCKING */
  81:Middlewares/Third_Party/LwIP/system/OS/sys_arch.c **** /* Mark the tcpip thread. */
  82:Middlewares/Third_Party/LwIP/system/OS/sys_arch.c **** static osThreadId_t lwip_tcpip_thread;
  83:Middlewares/Third_Party/LwIP/system/OS/sys_arch.c **** #endif /* LWIP_CHECK_MULTITHREADING */
  84:Middlewares/Third_Party/LwIP/system/OS/sys_arch.c **** 
  85:Middlewares/Third_Party/LwIP/system/OS/sys_arch.c **** /*-----------------------------------------------------------------------------------*/
  86:Middlewares/Third_Party/LwIP/system/OS/sys_arch.c **** //  Creates an empty mailbox.
  87:Middlewares/Third_Party/LwIP/system/OS/sys_arch.c **** err_t sys_mbox_new(sys_mbox_t *mbox, int size)
<<<<<<< HEAD
ARM GAS  C:\Users\hh\AppData\Local\Temp\cctw9eF9.s 			page 3
=======
ARM GAS  C:\Users\hh\AppData\Local\Temp\cclMRv3N.s 			page 3
>>>>>>> f4c64959d37a1ca5ac670db93692e329027a8e2d


  88:Middlewares/Third_Party/LwIP/system/OS/sys_arch.c **** {
  29              		.loc 1 88 1 view -0
  30              		.cfi_startproc
  31              		@ args = 0, pretend = 0, frame = 0
  32              		@ frame_needed = 0, uses_anonymous_args = 0
  33              		.loc 1 88 1 is_stmt 0 view .LVU1
  34 0000 10B5     		push	{r4, lr}
  35              	.LCFI0:
  36              		.cfi_def_cfa_offset 8
  37              		.cfi_offset 4, -8
  38              		.cfi_offset 14, -4
  39 0002 0446     		mov	r4, r0
  40 0004 0846     		mov	r0, r1
  41              	.LVL1:
  89:Middlewares/Third_Party/LwIP/system/OS/sys_arch.c ****   *mbox = osMessageQueueNew(size, sizeof(void *), NULL);
  42              		.loc 1 89 3 is_stmt 1 view .LVU2
  43              		.loc 1 89 11 is_stmt 0 view .LVU3
  44 0006 0022     		movs	r2, #0
  45 0008 0421     		movs	r1, #4
  46              	.LVL2:
  47              		.loc 1 89 11 view .LVU4
  48 000a FFF7FEFF 		bl	osMessageQueueNew
  49              	.LVL3:
  50              		.loc 1 89 9 discriminator 1 view .LVU5
  51 000e 2060     		str	r0, [r4]
  90:Middlewares/Third_Party/LwIP/system/OS/sys_arch.c **** 
  91:Middlewares/Third_Party/LwIP/system/OS/sys_arch.c **** #if SYS_STATS
  92:Middlewares/Third_Party/LwIP/system/OS/sys_arch.c ****   ++lwip_stats.sys.mbox.used;
  93:Middlewares/Third_Party/LwIP/system/OS/sys_arch.c ****   if(lwip_stats.sys.mbox.max < lwip_stats.sys.mbox.used)
  94:Middlewares/Third_Party/LwIP/system/OS/sys_arch.c ****   {
  95:Middlewares/Third_Party/LwIP/system/OS/sys_arch.c ****     lwip_stats.sys.mbox.max = lwip_stats.sys.mbox.used;
  96:Middlewares/Third_Party/LwIP/system/OS/sys_arch.c ****   }
  97:Middlewares/Third_Party/LwIP/system/OS/sys_arch.c **** #endif /* SYS_STATS */
  98:Middlewares/Third_Party/LwIP/system/OS/sys_arch.c ****   if(*mbox == NULL)
  52              		.loc 1 98 3 is_stmt 1 view .LVU6
  53              		.loc 1 98 5 is_stmt 0 view .LVU7
  54 0010 08B1     		cbz	r0, .L3
  99:Middlewares/Third_Party/LwIP/system/OS/sys_arch.c ****     return ERR_MEM;
 100:Middlewares/Third_Party/LwIP/system/OS/sys_arch.c **** 
 101:Middlewares/Third_Party/LwIP/system/OS/sys_arch.c ****   return ERR_OK;
  55              		.loc 1 101 10 view .LVU8
  56 0012 0020     		movs	r0, #0
  57              	.L2:
 102:Middlewares/Third_Party/LwIP/system/OS/sys_arch.c **** }
  58              		.loc 1 102 1 view .LVU9
  59 0014 10BD     		pop	{r4, pc}
  60              	.LVL4:
  61              	.L3:
  99:Middlewares/Third_Party/LwIP/system/OS/sys_arch.c ****     return ERR_MEM;
  62              		.loc 1 99 12 view .LVU10
  63 0016 4FF0FF30 		mov	r0, #-1
  64 001a FBE7     		b	.L2
  65              		.cfi_endproc
  66              	.LFE172:
  68              		.section	.text.sys_mbox_free,"ax",%progbits
  69              		.align	1
  70              		.global	sys_mbox_free
<<<<<<< HEAD
ARM GAS  C:\Users\hh\AppData\Local\Temp\cctw9eF9.s 			page 4
=======
ARM GAS  C:\Users\hh\AppData\Local\Temp\cclMRv3N.s 			page 4
>>>>>>> f4c64959d37a1ca5ac670db93692e329027a8e2d


  71              		.syntax unified
  72              		.thumb
  73              		.thumb_func
  75              	sys_mbox_free:
  76              	.LVL5:
  77              	.LFB173:
 103:Middlewares/Third_Party/LwIP/system/OS/sys_arch.c **** 
 104:Middlewares/Third_Party/LwIP/system/OS/sys_arch.c **** /*-----------------------------------------------------------------------------------*/
 105:Middlewares/Third_Party/LwIP/system/OS/sys_arch.c **** /*
 106:Middlewares/Third_Party/LwIP/system/OS/sys_arch.c ****   Deallocates a mailbox. If there are messages still present in the
 107:Middlewares/Third_Party/LwIP/system/OS/sys_arch.c ****   mailbox when the mailbox is deallocated, it is an indication of a
 108:Middlewares/Third_Party/LwIP/system/OS/sys_arch.c ****   programming error in lwIP and the developer should be notified.
 109:Middlewares/Third_Party/LwIP/system/OS/sys_arch.c **** */
 110:Middlewares/Third_Party/LwIP/system/OS/sys_arch.c **** void sys_mbox_free(sys_mbox_t *mbox)
 111:Middlewares/Third_Party/LwIP/system/OS/sys_arch.c **** {
  78              		.loc 1 111 1 is_stmt 1 view -0
  79              		.cfi_startproc
  80              		@ args = 0, pretend = 0, frame = 0
  81              		@ frame_needed = 0, uses_anonymous_args = 0
  82              		.loc 1 111 1 is_stmt 0 view .LVU12
  83 0000 10B5     		push	{r4, lr}
  84              	.LCFI1:
  85              		.cfi_def_cfa_offset 8
  86              		.cfi_offset 4, -8
  87              		.cfi_offset 14, -4
  88 0002 0446     		mov	r4, r0
 112:Middlewares/Third_Party/LwIP/system/OS/sys_arch.c ****   if(osMessageQueueGetCount(*mbox))
  89              		.loc 1 112 3 is_stmt 1 view .LVU13
  90              		.loc 1 112 6 is_stmt 0 view .LVU14
  91 0004 0068     		ldr	r0, [r0]
  92              	.LVL6:
  93              		.loc 1 112 6 view .LVU15
  94 0006 FFF7FEFF 		bl	osMessageQueueGetCount
  95              	.LVL7:
 113:Middlewares/Third_Party/LwIP/system/OS/sys_arch.c ****   {
 114:Middlewares/Third_Party/LwIP/system/OS/sys_arch.c ****     /* Line for breakpoint.  Should never break here! */
 115:Middlewares/Third_Party/LwIP/system/OS/sys_arch.c **** #if SYS_STATS
 116:Middlewares/Third_Party/LwIP/system/OS/sys_arch.c ****     lwip_stats.sys.mbox.err++;
 117:Middlewares/Third_Party/LwIP/system/OS/sys_arch.c **** #endif /* SYS_STATS */
 118:Middlewares/Third_Party/LwIP/system/OS/sys_arch.c **** 
 119:Middlewares/Third_Party/LwIP/system/OS/sys_arch.c ****   }
  96              		.loc 1 119 3 is_stmt 1 view .LVU16
 120:Middlewares/Third_Party/LwIP/system/OS/sys_arch.c ****   osMessageQueueDelete(*mbox);
  97              		.loc 1 120 3 view .LVU17
  98 000a 2068     		ldr	r0, [r4]
  99 000c FFF7FEFF 		bl	osMessageQueueDelete
 100              	.LVL8:
 121:Middlewares/Third_Party/LwIP/system/OS/sys_arch.c **** #if SYS_STATS
 122:Middlewares/Third_Party/LwIP/system/OS/sys_arch.c ****   --lwip_stats.sys.mbox.used;
 123:Middlewares/Third_Party/LwIP/system/OS/sys_arch.c **** #endif /* SYS_STATS */
 124:Middlewares/Third_Party/LwIP/system/OS/sys_arch.c **** }
 101              		.loc 1 124 1 is_stmt 0 view .LVU18
 102 0010 10BD     		pop	{r4, pc}
 103              		.loc 1 124 1 view .LVU19
 104              		.cfi_endproc
 105              	.LFE173:
 107              		.section	.text.sys_mbox_post,"ax",%progbits
<<<<<<< HEAD
ARM GAS  C:\Users\hh\AppData\Local\Temp\cctw9eF9.s 			page 5
=======
ARM GAS  C:\Users\hh\AppData\Local\Temp\cclMRv3N.s 			page 5
>>>>>>> f4c64959d37a1ca5ac670db93692e329027a8e2d


 108              		.align	1
 109              		.global	sys_mbox_post
 110              		.syntax unified
 111              		.thumb
 112              		.thumb_func
 114              	sys_mbox_post:
 115              	.LVL9:
 116              	.LFB174:
 125:Middlewares/Third_Party/LwIP/system/OS/sys_arch.c **** 
 126:Middlewares/Third_Party/LwIP/system/OS/sys_arch.c **** /*-----------------------------------------------------------------------------------*/
 127:Middlewares/Third_Party/LwIP/system/OS/sys_arch.c **** //   Posts the "msg" to the mailbox.
 128:Middlewares/Third_Party/LwIP/system/OS/sys_arch.c **** void sys_mbox_post(sys_mbox_t *mbox, void *data)
 129:Middlewares/Third_Party/LwIP/system/OS/sys_arch.c **** {
 117              		.loc 1 129 1 is_stmt 1 view -0
 118              		.cfi_startproc
 119              		@ args = 0, pretend = 0, frame = 8
 120              		@ frame_needed = 0, uses_anonymous_args = 0
 121              		.loc 1 129 1 is_stmt 0 view .LVU21
 122 0000 10B5     		push	{r4, lr}
 123              	.LCFI2:
 124              		.cfi_def_cfa_offset 8
 125              		.cfi_offset 4, -8
 126              		.cfi_offset 14, -4
 127 0002 82B0     		sub	sp, sp, #8
 128              	.LCFI3:
 129              		.cfi_def_cfa_offset 16
 130 0004 0446     		mov	r4, r0
 131 0006 0191     		str	r1, [sp, #4]
 130:Middlewares/Third_Party/LwIP/system/OS/sys_arch.c ****   while(osMessageQueuePut(*mbox, &data, 0, osWaitForever) != osOK);
 132              		.loc 1 130 3 is_stmt 1 view .LVU22
 133              	.LVL10:
 134              	.L8:
 135              		.loc 1 130 59 discriminator 2 view .LVU23
 136              		.loc 1 130 9 is_stmt 0 discriminator 2 view .LVU24
 137 0008 4FF0FF33 		mov	r3, #-1
 138 000c 0022     		movs	r2, #0
 139 000e 01A9     		add	r1, sp, #4
 140 0010 2068     		ldr	r0, [r4]
 141 0012 FFF7FEFF 		bl	osMessageQueuePut
 142              	.LVL11:
 143              		.loc 1 130 59 discriminator 2 view .LVU25
 144 0016 0028     		cmp	r0, #0
 145 0018 F6D1     		bne	.L8
 131:Middlewares/Third_Party/LwIP/system/OS/sys_arch.c **** }
 146              		.loc 1 131 1 view .LVU26
 147 001a 02B0     		add	sp, sp, #8
 148              	.LCFI4:
 149              		.cfi_def_cfa_offset 8
 150              		@ sp needed
 151 001c 10BD     		pop	{r4, pc}
 152              		.loc 1 131 1 view .LVU27
 153              		.cfi_endproc
 154              	.LFE174:
 156              		.section	.text.sys_mbox_trypost,"ax",%progbits
 157              		.align	1
 158              		.global	sys_mbox_trypost
 159              		.syntax unified
<<<<<<< HEAD
ARM GAS  C:\Users\hh\AppData\Local\Temp\cctw9eF9.s 			page 6
=======
ARM GAS  C:\Users\hh\AppData\Local\Temp\cclMRv3N.s 			page 6
>>>>>>> f4c64959d37a1ca5ac670db93692e329027a8e2d


 160              		.thumb
 161              		.thumb_func
 163              	sys_mbox_trypost:
 164              	.LVL12:
 165              	.LFB175:
 132:Middlewares/Third_Party/LwIP/system/OS/sys_arch.c **** 
 133:Middlewares/Third_Party/LwIP/system/OS/sys_arch.c **** 
 134:Middlewares/Third_Party/LwIP/system/OS/sys_arch.c **** /*-----------------------------------------------------------------------------------*/
 135:Middlewares/Third_Party/LwIP/system/OS/sys_arch.c **** //   Try to post the "msg" to the mailbox.
 136:Middlewares/Third_Party/LwIP/system/OS/sys_arch.c **** err_t sys_mbox_trypost(sys_mbox_t *mbox, void *msg)
 137:Middlewares/Third_Party/LwIP/system/OS/sys_arch.c **** {
 166              		.loc 1 137 1 is_stmt 1 view -0
 167              		.cfi_startproc
 168              		@ args = 0, pretend = 0, frame = 8
 169              		@ frame_needed = 0, uses_anonymous_args = 0
 170              		.loc 1 137 1 is_stmt 0 view .LVU29
 171 0000 00B5     		push	{lr}
 172              	.LCFI5:
 173              		.cfi_def_cfa_offset 4
 174              		.cfi_offset 14, -4
 175 0002 83B0     		sub	sp, sp, #12
 176              	.LCFI6:
 177              		.cfi_def_cfa_offset 16
 178 0004 0191     		str	r1, [sp, #4]
 138:Middlewares/Third_Party/LwIP/system/OS/sys_arch.c ****   err_t result;
 179              		.loc 1 138 3 is_stmt 1 view .LVU30
 139:Middlewares/Third_Party/LwIP/system/OS/sys_arch.c ****   if(osMessageQueuePut(*mbox, &msg, 0, 0) == osOK)
 180              		.loc 1 139 3 view .LVU31
 181              		.loc 1 139 6 is_stmt 0 view .LVU32
 182 0006 0023     		movs	r3, #0
 183 0008 1A46     		mov	r2, r3
 184 000a 01A9     		add	r1, sp, #4
 185              	.LVL13:
 186              		.loc 1 139 6 view .LVU33
 187 000c 0068     		ldr	r0, [r0]
 188              	.LVL14:
 189              		.loc 1 139 6 view .LVU34
 190 000e FFF7FEFF 		bl	osMessageQueuePut
 191              	.LVL15:
 192              		.loc 1 139 5 discriminator 1 view .LVU35
 193 0012 08B9     		cbnz	r0, .L14
 194              	.L11:
 195              	.LVL16:
 140:Middlewares/Third_Party/LwIP/system/OS/sys_arch.c ****   {
 141:Middlewares/Third_Party/LwIP/system/OS/sys_arch.c ****     result = ERR_OK;
 142:Middlewares/Third_Party/LwIP/system/OS/sys_arch.c ****   }
 143:Middlewares/Third_Party/LwIP/system/OS/sys_arch.c ****   else
 144:Middlewares/Third_Party/LwIP/system/OS/sys_arch.c ****   {
 145:Middlewares/Third_Party/LwIP/system/OS/sys_arch.c ****     // could not post, queue must be full
 146:Middlewares/Third_Party/LwIP/system/OS/sys_arch.c ****     result = ERR_MEM;
 147:Middlewares/Third_Party/LwIP/system/OS/sys_arch.c **** 
 148:Middlewares/Third_Party/LwIP/system/OS/sys_arch.c **** #if SYS_STATS
 149:Middlewares/Third_Party/LwIP/system/OS/sys_arch.c ****     lwip_stats.sys.mbox.err++;
 150:Middlewares/Third_Party/LwIP/system/OS/sys_arch.c **** #endif /* SYS_STATS */
 151:Middlewares/Third_Party/LwIP/system/OS/sys_arch.c ****   }
 152:Middlewares/Third_Party/LwIP/system/OS/sys_arch.c **** 
 153:Middlewares/Third_Party/LwIP/system/OS/sys_arch.c ****   return result;
<<<<<<< HEAD
ARM GAS  C:\Users\hh\AppData\Local\Temp\cctw9eF9.s 			page 7
=======
ARM GAS  C:\Users\hh\AppData\Local\Temp\cclMRv3N.s 			page 7
>>>>>>> f4c64959d37a1ca5ac670db93692e329027a8e2d


 196              		.loc 1 153 3 is_stmt 1 view .LVU36
 154:Middlewares/Third_Party/LwIP/system/OS/sys_arch.c **** }
 197              		.loc 1 154 1 is_stmt 0 view .LVU37
 198 0014 03B0     		add	sp, sp, #12
 199              	.LCFI7:
 200              		.cfi_remember_state
 201              		.cfi_def_cfa_offset 4
 202              		@ sp needed
 203 0016 00BD     		pop	{pc}
 204              	.LVL17:
 205              	.L14:
 206              	.LCFI8:
 207              		.cfi_restore_state
 146:Middlewares/Third_Party/LwIP/system/OS/sys_arch.c **** 
 208              		.loc 1 146 12 view .LVU38
 209 0018 4FF0FF30 		mov	r0, #-1
 210 001c FAE7     		b	.L11
 211              		.cfi_endproc
 212              	.LFE175:
 214              		.section	.text.sys_mbox_trypost_fromisr,"ax",%progbits
 215              		.align	1
 216              		.global	sys_mbox_trypost_fromisr
 217              		.syntax unified
 218              		.thumb
 219              		.thumb_func
 221              	sys_mbox_trypost_fromisr:
 222              	.LVL18:
 223              	.LFB176:
 155:Middlewares/Third_Party/LwIP/system/OS/sys_arch.c **** 
 156:Middlewares/Third_Party/LwIP/system/OS/sys_arch.c **** 
 157:Middlewares/Third_Party/LwIP/system/OS/sys_arch.c **** /*-----------------------------------------------------------------------------------*/
 158:Middlewares/Third_Party/LwIP/system/OS/sys_arch.c **** //   Try to post the "msg" to the mailbox.
 159:Middlewares/Third_Party/LwIP/system/OS/sys_arch.c **** err_t sys_mbox_trypost_fromisr(sys_mbox_t *mbox, void *msg)
 160:Middlewares/Third_Party/LwIP/system/OS/sys_arch.c **** {
 224              		.loc 1 160 1 is_stmt 1 view -0
 225              		.cfi_startproc
 226              		@ args = 0, pretend = 0, frame = 0
 227              		@ frame_needed = 0, uses_anonymous_args = 0
 228              		.loc 1 160 1 is_stmt 0 view .LVU40
 229 0000 08B5     		push	{r3, lr}
 230              	.LCFI9:
 231              		.cfi_def_cfa_offset 8
 232              		.cfi_offset 3, -8
 233              		.cfi_offset 14, -4
 161:Middlewares/Third_Party/LwIP/system/OS/sys_arch.c ****   return sys_mbox_trypost(mbox, msg);
 234              		.loc 1 161 3 is_stmt 1 view .LVU41
 235              		.loc 1 161 10 is_stmt 0 view .LVU42
 236 0002 FFF7FEFF 		bl	sys_mbox_trypost
 237              	.LVL19:
 162:Middlewares/Third_Party/LwIP/system/OS/sys_arch.c **** }
 238              		.loc 1 162 1 view .LVU43
 239 0006 08BD     		pop	{r3, pc}
 240              		.cfi_endproc
 241              	.LFE176:
 243              		.section	.text.sys_arch_mbox_fetch,"ax",%progbits
 244              		.align	1
 245              		.global	sys_arch_mbox_fetch
<<<<<<< HEAD
ARM GAS  C:\Users\hh\AppData\Local\Temp\cctw9eF9.s 			page 8
=======
ARM GAS  C:\Users\hh\AppData\Local\Temp\cclMRv3N.s 			page 8
>>>>>>> f4c64959d37a1ca5ac670db93692e329027a8e2d


 246              		.syntax unified
 247              		.thumb
 248              		.thumb_func
 250              	sys_arch_mbox_fetch:
 251              	.LVL20:
 252              	.LFB177:
 163:Middlewares/Third_Party/LwIP/system/OS/sys_arch.c **** 
 164:Middlewares/Third_Party/LwIP/system/OS/sys_arch.c **** /*-----------------------------------------------------------------------------------*/
 165:Middlewares/Third_Party/LwIP/system/OS/sys_arch.c **** /*
 166:Middlewares/Third_Party/LwIP/system/OS/sys_arch.c ****   Blocks the thread until a message arrives in the mailbox, but does
 167:Middlewares/Third_Party/LwIP/system/OS/sys_arch.c ****   not block the thread longer than "timeout" milliseconds (similar to
 168:Middlewares/Third_Party/LwIP/system/OS/sys_arch.c ****   the sys_arch_sem_wait() function). The "msg" argument is a result
 169:Middlewares/Third_Party/LwIP/system/OS/sys_arch.c ****   parameter that is set by the function (i.e., by doing "*msg =
 170:Middlewares/Third_Party/LwIP/system/OS/sys_arch.c ****   ptr"). The "msg" parameter maybe NULL to indicate that the message
 171:Middlewares/Third_Party/LwIP/system/OS/sys_arch.c ****   should be dropped.
 172:Middlewares/Third_Party/LwIP/system/OS/sys_arch.c **** 
 173:Middlewares/Third_Party/LwIP/system/OS/sys_arch.c ****   The return values are the same as for the sys_arch_sem_wait() function:
 174:Middlewares/Third_Party/LwIP/system/OS/sys_arch.c ****   Number of milliseconds spent waiting or SYS_ARCH_TIMEOUT if there was a
 175:Middlewares/Third_Party/LwIP/system/OS/sys_arch.c ****   timeout.
 176:Middlewares/Third_Party/LwIP/system/OS/sys_arch.c **** 
 177:Middlewares/Third_Party/LwIP/system/OS/sys_arch.c ****   Note that a function with a similar name, sys_mbox_fetch(), is
 178:Middlewares/Third_Party/LwIP/system/OS/sys_arch.c ****   implemented by lwIP.
 179:Middlewares/Third_Party/LwIP/system/OS/sys_arch.c **** */
 180:Middlewares/Third_Party/LwIP/system/OS/sys_arch.c **** u32_t sys_arch_mbox_fetch(sys_mbox_t *mbox, void **msg, u32_t timeout)
 181:Middlewares/Third_Party/LwIP/system/OS/sys_arch.c **** {
 253              		.loc 1 181 1 is_stmt 1 view -0
 254              		.cfi_startproc
 255              		@ args = 0, pretend = 0, frame = 0
 256              		@ frame_needed = 0, uses_anonymous_args = 0
 257              		.loc 1 181 1 is_stmt 0 view .LVU45
 258 0000 F8B5     		push	{r3, r4, r5, r6, r7, lr}
 259              	.LCFI10:
 260              		.cfi_def_cfa_offset 24
 261              		.cfi_offset 3, -24
 262              		.cfi_offset 4, -20
 263              		.cfi_offset 5, -16
 264              		.cfi_offset 6, -12
 265              		.cfi_offset 7, -8
 266              		.cfi_offset 14, -4
 267 0002 0546     		mov	r5, r0
 268 0004 0C46     		mov	r4, r1
 269 0006 1746     		mov	r7, r2
 182:Middlewares/Third_Party/LwIP/system/OS/sys_arch.c ****   osStatus_t status;
 270              		.loc 1 182 3 is_stmt 1 view .LVU46
 183:Middlewares/Third_Party/LwIP/system/OS/sys_arch.c ****   uint32_t starttime = osKernelGetTickCount();
 271              		.loc 1 183 3 view .LVU47
 272              		.loc 1 183 24 is_stmt 0 view .LVU48
 273 0008 FFF7FEFF 		bl	osKernelGetTickCount
 274              	.LVL21:
 275              		.loc 1 183 24 view .LVU49
 276 000c 0646     		mov	r6, r0
 277              	.LVL22:
 184:Middlewares/Third_Party/LwIP/system/OS/sys_arch.c **** 
 185:Middlewares/Third_Party/LwIP/system/OS/sys_arch.c ****   if(timeout != 0)
 278              		.loc 1 185 3 is_stmt 1 view .LVU50
 279              		.loc 1 185 5 is_stmt 0 view .LVU51
 280 000e 6FB1     		cbz	r7, .L18
<<<<<<< HEAD
ARM GAS  C:\Users\hh\AppData\Local\Temp\cctw9eF9.s 			page 9
=======
ARM GAS  C:\Users\hh\AppData\Local\Temp\cclMRv3N.s 			page 9
>>>>>>> f4c64959d37a1ca5ac670db93692e329027a8e2d


 281 0010 3B46     		mov	r3, r7
 186:Middlewares/Third_Party/LwIP/system/OS/sys_arch.c ****   {
 187:Middlewares/Third_Party/LwIP/system/OS/sys_arch.c ****     status = osMessageQueueGet(*mbox, msg, 0, timeout);
 282              		.loc 1 187 5 is_stmt 1 view .LVU52
 283              		.loc 1 187 14 is_stmt 0 view .LVU53
 284 0012 0022     		movs	r2, #0
 285 0014 2146     		mov	r1, r4
 286 0016 2868     		ldr	r0, [r5]
 287              	.LVL23:
 288              		.loc 1 187 14 view .LVU54
 289 0018 FFF7FEFF 		bl	osMessageQueueGet
 290              	.LVL24:
 188:Middlewares/Third_Party/LwIP/system/OS/sys_arch.c ****     if (status == osOK)
 291              		.loc 1 188 5 is_stmt 1 view .LVU55
 292              		.loc 1 188 8 is_stmt 0 view .LVU56
 293 001c 10B1     		cbz	r0, .L22
 189:Middlewares/Third_Party/LwIP/system/OS/sys_arch.c ****     {
 190:Middlewares/Third_Party/LwIP/system/OS/sys_arch.c ****       return (osKernelGetTickCount() - starttime);
 191:Middlewares/Third_Party/LwIP/system/OS/sys_arch.c ****     }
 192:Middlewares/Third_Party/LwIP/system/OS/sys_arch.c ****     else
 193:Middlewares/Third_Party/LwIP/system/OS/sys_arch.c ****     {
 194:Middlewares/Third_Party/LwIP/system/OS/sys_arch.c ****       return SYS_ARCH_TIMEOUT;
 294              		.loc 1 194 14 view .LVU57
 295 001e 4FF0FF30 		mov	r0, #-1
 296              	.LVL25:
 297              	.L17:
 195:Middlewares/Third_Party/LwIP/system/OS/sys_arch.c ****     }
 196:Middlewares/Third_Party/LwIP/system/OS/sys_arch.c ****   }
 197:Middlewares/Third_Party/LwIP/system/OS/sys_arch.c ****   else
 198:Middlewares/Third_Party/LwIP/system/OS/sys_arch.c ****   {
 199:Middlewares/Third_Party/LwIP/system/OS/sys_arch.c ****     osMessageQueueGet(*mbox, msg, 0, osWaitForever );
 200:Middlewares/Third_Party/LwIP/system/OS/sys_arch.c ****     return (osKernelGetTickCount() - starttime);
 201:Middlewares/Third_Party/LwIP/system/OS/sys_arch.c ****   }
 202:Middlewares/Third_Party/LwIP/system/OS/sys_arch.c **** }
 298              		.loc 1 202 1 view .LVU58
 299 0022 F8BD     		pop	{r3, r4, r5, r6, r7, pc}
 300              	.LVL26:
 301              	.L22:
 190:Middlewares/Third_Party/LwIP/system/OS/sys_arch.c ****     }
 302              		.loc 1 190 7 is_stmt 1 view .LVU59
 190:Middlewares/Third_Party/LwIP/system/OS/sys_arch.c ****     }
 303              		.loc 1 190 15 is_stmt 0 view .LVU60
 304 0024 FFF7FEFF 		bl	osKernelGetTickCount
 305              	.LVL27:
 190:Middlewares/Third_Party/LwIP/system/OS/sys_arch.c ****     }
 306              		.loc 1 190 38 discriminator 1 view .LVU61
 307 0028 801B     		subs	r0, r0, r6
 190:Middlewares/Third_Party/LwIP/system/OS/sys_arch.c ****     }
 308              		.loc 1 190 38 view .LVU62
 309 002a FAE7     		b	.L17
 310              	.LVL28:
 311              	.L18:
 199:Middlewares/Third_Party/LwIP/system/OS/sys_arch.c ****     return (osKernelGetTickCount() - starttime);
 312              		.loc 1 199 5 is_stmt 1 view .LVU63
 313 002c 4FF0FF33 		mov	r3, #-1
 314 0030 0022     		movs	r2, #0
 315 0032 2146     		mov	r1, r4
<<<<<<< HEAD
ARM GAS  C:\Users\hh\AppData\Local\Temp\cctw9eF9.s 			page 10
=======
ARM GAS  C:\Users\hh\AppData\Local\Temp\cclMRv3N.s 			page 10
>>>>>>> f4c64959d37a1ca5ac670db93692e329027a8e2d


 316 0034 2868     		ldr	r0, [r5]
 317              	.LVL29:
 199:Middlewares/Third_Party/LwIP/system/OS/sys_arch.c ****     return (osKernelGetTickCount() - starttime);
 318              		.loc 1 199 5 is_stmt 0 view .LVU64
 319 0036 FFF7FEFF 		bl	osMessageQueueGet
 320              	.LVL30:
 200:Middlewares/Third_Party/LwIP/system/OS/sys_arch.c ****   }
 321              		.loc 1 200 5 is_stmt 1 view .LVU65
 200:Middlewares/Third_Party/LwIP/system/OS/sys_arch.c ****   }
 322              		.loc 1 200 13 is_stmt 0 view .LVU66
 323 003a FFF7FEFF 		bl	osKernelGetTickCount
 324              	.LVL31:
 200:Middlewares/Third_Party/LwIP/system/OS/sys_arch.c ****   }
 325              		.loc 1 200 36 discriminator 1 view .LVU67
 326 003e 801B     		subs	r0, r0, r6
 200:Middlewares/Third_Party/LwIP/system/OS/sys_arch.c ****   }
 327              		.loc 1 200 36 view .LVU68
 328 0040 EFE7     		b	.L17
 329              		.cfi_endproc
 330              	.LFE177:
 332              		.section	.text.sys_arch_mbox_tryfetch,"ax",%progbits
 333              		.align	1
 334              		.global	sys_arch_mbox_tryfetch
 335              		.syntax unified
 336              		.thumb
 337              		.thumb_func
 339              	sys_arch_mbox_tryfetch:
 340              	.LVL32:
 341              	.LFB178:
 203:Middlewares/Third_Party/LwIP/system/OS/sys_arch.c **** 
 204:Middlewares/Third_Party/LwIP/system/OS/sys_arch.c **** /*-----------------------------------------------------------------------------------*/
 205:Middlewares/Third_Party/LwIP/system/OS/sys_arch.c **** /*
 206:Middlewares/Third_Party/LwIP/system/OS/sys_arch.c ****   Similar to sys_arch_mbox_fetch, but if message is not ready immediately, we'll
 207:Middlewares/Third_Party/LwIP/system/OS/sys_arch.c ****   return with SYS_MBOX_EMPTY.  On success, 0 is returned.
 208:Middlewares/Third_Party/LwIP/system/OS/sys_arch.c **** */
 209:Middlewares/Third_Party/LwIP/system/OS/sys_arch.c **** u32_t sys_arch_mbox_tryfetch(sys_mbox_t *mbox, void **msg)
 210:Middlewares/Third_Party/LwIP/system/OS/sys_arch.c **** {
 342              		.loc 1 210 1 is_stmt 1 view -0
 343              		.cfi_startproc
 344              		@ args = 0, pretend = 0, frame = 0
 345              		@ frame_needed = 0, uses_anonymous_args = 0
 346              		.loc 1 210 1 is_stmt 0 view .LVU70
 347 0000 08B5     		push	{r3, lr}
 348              	.LCFI11:
 349              		.cfi_def_cfa_offset 8
 350              		.cfi_offset 3, -8
 351              		.cfi_offset 14, -4
 211:Middlewares/Third_Party/LwIP/system/OS/sys_arch.c ****   if (osMessageQueueGet(*mbox, msg, 0, 0) == osOK)
 352              		.loc 1 211 3 is_stmt 1 view .LVU71
 353              		.loc 1 211 7 is_stmt 0 view .LVU72
 354 0002 0023     		movs	r3, #0
 355 0004 1A46     		mov	r2, r3
 356 0006 0068     		ldr	r0, [r0]
 357              	.LVL33:
 358              		.loc 1 211 7 view .LVU73
 359 0008 FFF7FEFF 		bl	osMessageQueueGet
 360              	.LVL34:
<<<<<<< HEAD
ARM GAS  C:\Users\hh\AppData\Local\Temp\cctw9eF9.s 			page 11
=======
ARM GAS  C:\Users\hh\AppData\Local\Temp\cclMRv3N.s 			page 11
>>>>>>> f4c64959d37a1ca5ac670db93692e329027a8e2d


 361              		.loc 1 211 6 discriminator 1 view .LVU74
 362 000c 00B9     		cbnz	r0, .L27
 363              	.L23:
 212:Middlewares/Third_Party/LwIP/system/OS/sys_arch.c ****   {
 213:Middlewares/Third_Party/LwIP/system/OS/sys_arch.c ****     return ERR_OK;
 214:Middlewares/Third_Party/LwIP/system/OS/sys_arch.c ****   }
 215:Middlewares/Third_Party/LwIP/system/OS/sys_arch.c ****   else
 216:Middlewares/Third_Party/LwIP/system/OS/sys_arch.c ****   {
 217:Middlewares/Third_Party/LwIP/system/OS/sys_arch.c ****     return SYS_MBOX_EMPTY;
 218:Middlewares/Third_Party/LwIP/system/OS/sys_arch.c ****   }
 219:Middlewares/Third_Party/LwIP/system/OS/sys_arch.c **** }
 364              		.loc 1 219 1 view .LVU75
 365 000e 08BD     		pop	{r3, pc}
 366              	.L27:
 217:Middlewares/Third_Party/LwIP/system/OS/sys_arch.c ****   }
 367              		.loc 1 217 12 view .LVU76
 368 0010 4FF0FF30 		mov	r0, #-1
 369 0014 FBE7     		b	.L23
 370              		.cfi_endproc
 371              	.LFE178:
 373              		.section	.text.sys_mbox_valid,"ax",%progbits
 374              		.align	1
 375              		.global	sys_mbox_valid
 376              		.syntax unified
 377              		.thumb
 378              		.thumb_func
 380              	sys_mbox_valid:
 381              	.LVL35:
 382              	.LFB179:
 220:Middlewares/Third_Party/LwIP/system/OS/sys_arch.c **** /*----------------------------------------------------------------------------------*/
 221:Middlewares/Third_Party/LwIP/system/OS/sys_arch.c **** int sys_mbox_valid(sys_mbox_t *mbox)
 222:Middlewares/Third_Party/LwIP/system/OS/sys_arch.c **** {
 383              		.loc 1 222 1 is_stmt 1 view -0
 384              		.cfi_startproc
 385              		@ args = 0, pretend = 0, frame = 0
 386              		@ frame_needed = 0, uses_anonymous_args = 0
 387              		@ link register save eliminated.
 223:Middlewares/Third_Party/LwIP/system/OS/sys_arch.c ****   if (*mbox == SYS_MBOX_NULL)
 388              		.loc 1 223 3 view .LVU78
 389              		.loc 1 223 7 is_stmt 0 view .LVU79
 390 0000 0368     		ldr	r3, [r0]
 391              		.loc 1 223 6 view .LVU80
 392 0002 0BB1     		cbz	r3, .L31
 224:Middlewares/Third_Party/LwIP/system/OS/sys_arch.c ****     return 0;
 225:Middlewares/Third_Party/LwIP/system/OS/sys_arch.c ****   else
 226:Middlewares/Third_Party/LwIP/system/OS/sys_arch.c ****     return 1;
 393              		.loc 1 226 12 view .LVU81
 394 0004 0120     		movs	r0, #1
 395              	.LVL36:
 227:Middlewares/Third_Party/LwIP/system/OS/sys_arch.c **** }
 396              		.loc 1 227 1 view .LVU82
 397 0006 7047     		bx	lr
 398              	.LVL37:
 399              	.L31:
 224:Middlewares/Third_Party/LwIP/system/OS/sys_arch.c ****     return 0;
 400              		.loc 1 224 12 view .LVU83
 401 0008 1846     		mov	r0, r3
<<<<<<< HEAD
ARM GAS  C:\Users\hh\AppData\Local\Temp\cctw9eF9.s 			page 12
=======
ARM GAS  C:\Users\hh\AppData\Local\Temp\cclMRv3N.s 			page 12
>>>>>>> f4c64959d37a1ca5ac670db93692e329027a8e2d


 402              	.LVL38:
 224:Middlewares/Third_Party/LwIP/system/OS/sys_arch.c ****     return 0;
 403              		.loc 1 224 12 view .LVU84
 404 000a 7047     		bx	lr
 405              		.cfi_endproc
 406              	.LFE179:
 408              		.section	.text.sys_mbox_set_invalid,"ax",%progbits
 409              		.align	1
 410              		.global	sys_mbox_set_invalid
 411              		.syntax unified
 412              		.thumb
 413              		.thumb_func
 415              	sys_mbox_set_invalid:
 416              	.LVL39:
 417              	.LFB180:
 228:Middlewares/Third_Party/LwIP/system/OS/sys_arch.c **** /*-----------------------------------------------------------------------------------*/
 229:Middlewares/Third_Party/LwIP/system/OS/sys_arch.c **** void sys_mbox_set_invalid(sys_mbox_t *mbox)
 230:Middlewares/Third_Party/LwIP/system/OS/sys_arch.c **** {
 418              		.loc 1 230 1 is_stmt 1 view -0
 419              		.cfi_startproc
 420              		@ args = 0, pretend = 0, frame = 0
 421              		@ frame_needed = 0, uses_anonymous_args = 0
 422              		@ link register save eliminated.
 231:Middlewares/Third_Party/LwIP/system/OS/sys_arch.c ****   *mbox = SYS_MBOX_NULL;
 423              		.loc 1 231 3 view .LVU86
 424              		.loc 1 231 9 is_stmt 0 view .LVU87
 425 0000 0023     		movs	r3, #0
 426 0002 0360     		str	r3, [r0]
 232:Middlewares/Third_Party/LwIP/system/OS/sys_arch.c **** }
 427              		.loc 1 232 1 view .LVU88
 428 0004 7047     		bx	lr
 429              		.cfi_endproc
 430              	.LFE180:
 432              		.section	.text.sys_sem_new,"ax",%progbits
 433              		.align	1
 434              		.global	sys_sem_new
 435              		.syntax unified
 436              		.thumb
 437              		.thumb_func
 439              	sys_sem_new:
 440              	.LVL40:
 441              	.LFB181:
 233:Middlewares/Third_Party/LwIP/system/OS/sys_arch.c **** 
 234:Middlewares/Third_Party/LwIP/system/OS/sys_arch.c **** /*-----------------------------------------------------------------------------------*/
 235:Middlewares/Third_Party/LwIP/system/OS/sys_arch.c **** //  Creates a new semaphore. The "count" argument specifies
 236:Middlewares/Third_Party/LwIP/system/OS/sys_arch.c **** //  the initial state of the semaphore.
 237:Middlewares/Third_Party/LwIP/system/OS/sys_arch.c **** err_t sys_sem_new(sys_sem_t *sem, u8_t count)
 238:Middlewares/Third_Party/LwIP/system/OS/sys_arch.c **** {
 442              		.loc 1 238 1 is_stmt 1 view -0
 443              		.cfi_startproc
 444              		@ args = 0, pretend = 0, frame = 0
 445              		@ frame_needed = 0, uses_anonymous_args = 0
 446              		.loc 1 238 1 is_stmt 0 view .LVU90
 447 0000 38B5     		push	{r3, r4, r5, lr}
 448              	.LCFI12:
 449              		.cfi_def_cfa_offset 16
 450              		.cfi_offset 3, -16
<<<<<<< HEAD
ARM GAS  C:\Users\hh\AppData\Local\Temp\cctw9eF9.s 			page 13
=======
ARM GAS  C:\Users\hh\AppData\Local\Temp\cclMRv3N.s 			page 13
>>>>>>> f4c64959d37a1ca5ac670db93692e329027a8e2d


 451              		.cfi_offset 4, -12
 452              		.cfi_offset 5, -8
 453              		.cfi_offset 14, -4
 454 0002 0446     		mov	r4, r0
 455 0004 0D46     		mov	r5, r1
 239:Middlewares/Third_Party/LwIP/system/OS/sys_arch.c ****   *sem = osSemaphoreNew(UINT16_MAX, count, NULL);
 456              		.loc 1 239 3 is_stmt 1 view .LVU91
 457              		.loc 1 239 10 is_stmt 0 view .LVU92
 458 0006 0022     		movs	r2, #0
 459 0008 4FF6FF70 		movw	r0, #65535
 460              	.LVL41:
 461              		.loc 1 239 10 view .LVU93
 462 000c FFF7FEFF 		bl	osSemaphoreNew
 463              	.LVL42:
 464              		.loc 1 239 8 discriminator 1 view .LVU94
 465 0010 2060     		str	r0, [r4]
 240:Middlewares/Third_Party/LwIP/system/OS/sys_arch.c **** 
 241:Middlewares/Third_Party/LwIP/system/OS/sys_arch.c ****   if(*sem == NULL)
 466              		.loc 1 241 3 is_stmt 1 view .LVU95
 467              		.loc 1 241 5 is_stmt 0 view .LVU96
 468 0012 38B1     		cbz	r0, .L35
 242:Middlewares/Third_Party/LwIP/system/OS/sys_arch.c ****   {
 243:Middlewares/Third_Party/LwIP/system/OS/sys_arch.c **** #if SYS_STATS
 244:Middlewares/Third_Party/LwIP/system/OS/sys_arch.c ****     ++lwip_stats.sys.sem.err;
 245:Middlewares/Third_Party/LwIP/system/OS/sys_arch.c **** #endif /* SYS_STATS */
 246:Middlewares/Third_Party/LwIP/system/OS/sys_arch.c ****     return ERR_MEM;
 247:Middlewares/Third_Party/LwIP/system/OS/sys_arch.c ****   }
 248:Middlewares/Third_Party/LwIP/system/OS/sys_arch.c **** 
 249:Middlewares/Third_Party/LwIP/system/OS/sys_arch.c ****   if(count == 0)	// Means it can't be taken
 469              		.loc 1 249 3 is_stmt 1 view .LVU97
 470              		.loc 1 249 5 is_stmt 0 view .LVU98
 471 0014 0DB1     		cbz	r5, .L38
 250:Middlewares/Third_Party/LwIP/system/OS/sys_arch.c ****   {
 251:Middlewares/Third_Party/LwIP/system/OS/sys_arch.c ****     osSemaphoreAcquire(*sem, 0);
 252:Middlewares/Third_Party/LwIP/system/OS/sys_arch.c ****   }
 253:Middlewares/Third_Party/LwIP/system/OS/sys_arch.c **** 
 254:Middlewares/Third_Party/LwIP/system/OS/sys_arch.c **** #if SYS_STATS
 255:Middlewares/Third_Party/LwIP/system/OS/sys_arch.c ****   ++lwip_stats.sys.sem.used;
 256:Middlewares/Third_Party/LwIP/system/OS/sys_arch.c ****   if (lwip_stats.sys.sem.max < lwip_stats.sys.sem.used) {
 257:Middlewares/Third_Party/LwIP/system/OS/sys_arch.c ****     lwip_stats.sys.sem.max = lwip_stats.sys.sem.used;
 258:Middlewares/Third_Party/LwIP/system/OS/sys_arch.c ****   }
 259:Middlewares/Third_Party/LwIP/system/OS/sys_arch.c **** #endif /* SYS_STATS */
 260:Middlewares/Third_Party/LwIP/system/OS/sys_arch.c **** 
 261:Middlewares/Third_Party/LwIP/system/OS/sys_arch.c ****   return ERR_OK;
 472              		.loc 1 261 10 view .LVU99
 473 0016 0020     		movs	r0, #0
 474              	.L34:
 262:Middlewares/Third_Party/LwIP/system/OS/sys_arch.c **** }
 475              		.loc 1 262 1 view .LVU100
 476 0018 38BD     		pop	{r3, r4, r5, pc}
 477              	.LVL43:
 478              	.L38:
 251:Middlewares/Third_Party/LwIP/system/OS/sys_arch.c ****   }
 479              		.loc 1 251 5 is_stmt 1 view .LVU101
 480 001a 2946     		mov	r1, r5
 481 001c FFF7FEFF 		bl	osSemaphoreAcquire
 482              	.LVL44:
<<<<<<< HEAD
ARM GAS  C:\Users\hh\AppData\Local\Temp\cctw9eF9.s 			page 14
=======
ARM GAS  C:\Users\hh\AppData\Local\Temp\cclMRv3N.s 			page 14
>>>>>>> f4c64959d37a1ca5ac670db93692e329027a8e2d


 261:Middlewares/Third_Party/LwIP/system/OS/sys_arch.c **** }
 483              		.loc 1 261 10 is_stmt 0 view .LVU102
 484 0020 0020     		movs	r0, #0
 485 0022 F9E7     		b	.L34
 486              	.L35:
 246:Middlewares/Third_Party/LwIP/system/OS/sys_arch.c ****   }
 487              		.loc 1 246 12 view .LVU103
 488 0024 4FF0FF30 		mov	r0, #-1
 489 0028 F6E7     		b	.L34
 490              		.cfi_endproc
 491              	.LFE181:
 493              		.section	.text.sys_arch_sem_wait,"ax",%progbits
 494              		.align	1
 495              		.global	sys_arch_sem_wait
 496              		.syntax unified
 497              		.thumb
 498              		.thumb_func
 500              	sys_arch_sem_wait:
 501              	.LVL45:
 502              	.LFB182:
 263:Middlewares/Third_Party/LwIP/system/OS/sys_arch.c **** 
 264:Middlewares/Third_Party/LwIP/system/OS/sys_arch.c **** /*-----------------------------------------------------------------------------------*/
 265:Middlewares/Third_Party/LwIP/system/OS/sys_arch.c **** /*
 266:Middlewares/Third_Party/LwIP/system/OS/sys_arch.c ****   Blocks the thread while waiting for the semaphore to be
 267:Middlewares/Third_Party/LwIP/system/OS/sys_arch.c ****   signaled. If the "timeout" argument is non-zero, the thread should
 268:Middlewares/Third_Party/LwIP/system/OS/sys_arch.c ****   only be blocked for the specified time (measured in
 269:Middlewares/Third_Party/LwIP/system/OS/sys_arch.c ****   milliseconds).
 270:Middlewares/Third_Party/LwIP/system/OS/sys_arch.c **** 
 271:Middlewares/Third_Party/LwIP/system/OS/sys_arch.c ****   If the timeout argument is non-zero, the return value is the number of
 272:Middlewares/Third_Party/LwIP/system/OS/sys_arch.c ****   milliseconds spent waiting for the semaphore to be signaled. If the
 273:Middlewares/Third_Party/LwIP/system/OS/sys_arch.c ****   semaphore wasn't signaled within the specified time, the return value is
 274:Middlewares/Third_Party/LwIP/system/OS/sys_arch.c ****   SYS_ARCH_TIMEOUT. If the thread didn't have to wait for the semaphore
 275:Middlewares/Third_Party/LwIP/system/OS/sys_arch.c ****   (i.e., it was already signaled), the function may return zero.
 276:Middlewares/Third_Party/LwIP/system/OS/sys_arch.c **** 
 277:Middlewares/Third_Party/LwIP/system/OS/sys_arch.c ****   Notice that lwIP implements a function with a similar name,
 278:Middlewares/Third_Party/LwIP/system/OS/sys_arch.c ****   sys_sem_wait(), that uses the sys_arch_sem_wait() function.
 279:Middlewares/Third_Party/LwIP/system/OS/sys_arch.c **** */
 280:Middlewares/Third_Party/LwIP/system/OS/sys_arch.c **** u32_t sys_arch_sem_wait(sys_sem_t *sem, u32_t timeout)
 281:Middlewares/Third_Party/LwIP/system/OS/sys_arch.c **** {
 503              		.loc 1 281 1 is_stmt 1 view -0
 504              		.cfi_startproc
 505              		@ args = 0, pretend = 0, frame = 0
 506              		@ frame_needed = 0, uses_anonymous_args = 0
 507              		.loc 1 281 1 is_stmt 0 view .LVU105
 508 0000 70B5     		push	{r4, r5, r6, lr}
 509              	.LCFI13:
 510              		.cfi_def_cfa_offset 16
 511              		.cfi_offset 4, -16
 512              		.cfi_offset 5, -12
 513              		.cfi_offset 6, -8
 514              		.cfi_offset 14, -4
 515 0002 0446     		mov	r4, r0
 516 0004 0E46     		mov	r6, r1
 282:Middlewares/Third_Party/LwIP/system/OS/sys_arch.c ****   uint32_t starttime = osKernelGetTickCount();
 517              		.loc 1 282 3 is_stmt 1 view .LVU106
 518              		.loc 1 282 24 is_stmt 0 view .LVU107
 519 0006 FFF7FEFF 		bl	osKernelGetTickCount
<<<<<<< HEAD
ARM GAS  C:\Users\hh\AppData\Local\Temp\cctw9eF9.s 			page 15
=======
ARM GAS  C:\Users\hh\AppData\Local\Temp\cclMRv3N.s 			page 15
>>>>>>> f4c64959d37a1ca5ac670db93692e329027a8e2d


 520              	.LVL46:
 521              		.loc 1 282 24 view .LVU108
 522 000a 0546     		mov	r5, r0
 523              	.LVL47:
 283:Middlewares/Third_Party/LwIP/system/OS/sys_arch.c **** 
 284:Middlewares/Third_Party/LwIP/system/OS/sys_arch.c ****   if(timeout != 0)
 524              		.loc 1 284 3 is_stmt 1 view .LVU109
 525              		.loc 1 284 5 is_stmt 0 view .LVU110
 526 000c 56B9     		cbnz	r6, .L44
 527              	.LVL48:
 528              	.L40:
 285:Middlewares/Third_Party/LwIP/system/OS/sys_arch.c ****   {
 286:Middlewares/Third_Party/LwIP/system/OS/sys_arch.c ****     if(osSemaphoreAcquire(*sem, timeout) == osOK)
 287:Middlewares/Third_Party/LwIP/system/OS/sys_arch.c ****     {
 288:Middlewares/Third_Party/LwIP/system/OS/sys_arch.c ****         return (osKernelGetTickCount() - starttime);
 289:Middlewares/Third_Party/LwIP/system/OS/sys_arch.c ****     }
 290:Middlewares/Third_Party/LwIP/system/OS/sys_arch.c ****     else
 291:Middlewares/Third_Party/LwIP/system/OS/sys_arch.c ****     {
 292:Middlewares/Third_Party/LwIP/system/OS/sys_arch.c ****       return SYS_ARCH_TIMEOUT;
 293:Middlewares/Third_Party/LwIP/system/OS/sys_arch.c ****     }
 294:Middlewares/Third_Party/LwIP/system/OS/sys_arch.c ****   }
 295:Middlewares/Third_Party/LwIP/system/OS/sys_arch.c ****   else
 296:Middlewares/Third_Party/LwIP/system/OS/sys_arch.c ****   {
 297:Middlewares/Third_Party/LwIP/system/OS/sys_arch.c ****     while(osSemaphoreAcquire(*sem, osWaitForever) != osOK);
 529              		.loc 1 297 51 is_stmt 1 discriminator 2 view .LVU111
 530              		.loc 1 297 11 is_stmt 0 discriminator 2 view .LVU112
 531 000e 4FF0FF31 		mov	r1, #-1
 532 0012 2068     		ldr	r0, [r4]
 533 0014 FFF7FEFF 		bl	osSemaphoreAcquire
 534              	.LVL49:
 535              		.loc 1 297 51 discriminator 2 view .LVU113
 536 0018 0028     		cmp	r0, #0
 537 001a F8D1     		bne	.L40
 298:Middlewares/Third_Party/LwIP/system/OS/sys_arch.c ****     return (osKernelGetTickCount() - starttime);
 538              		.loc 1 298 5 is_stmt 1 view .LVU114
 539              		.loc 1 298 13 is_stmt 0 view .LVU115
 540 001c FFF7FEFF 		bl	osKernelGetTickCount
 541              	.LVL50:
 542              		.loc 1 298 36 discriminator 1 view .LVU116
 543 0020 401B     		subs	r0, r0, r5
 544              	.L39:
 299:Middlewares/Third_Party/LwIP/system/OS/sys_arch.c ****   }
 300:Middlewares/Third_Party/LwIP/system/OS/sys_arch.c **** }
 545              		.loc 1 300 1 view .LVU117
 546 0022 70BD     		pop	{r4, r5, r6, pc}
 547              	.LVL51:
 548              	.L44:
 286:Middlewares/Third_Party/LwIP/system/OS/sys_arch.c ****     {
 549              		.loc 1 286 5 is_stmt 1 view .LVU118
 286:Middlewares/Third_Party/LwIP/system/OS/sys_arch.c ****     {
 550              		.loc 1 286 8 is_stmt 0 view .LVU119
 551 0024 3146     		mov	r1, r6
 552 0026 2068     		ldr	r0, [r4]
 553              	.LVL52:
 286:Middlewares/Third_Party/LwIP/system/OS/sys_arch.c ****     {
 554              		.loc 1 286 8 view .LVU120
 555 0028 FFF7FEFF 		bl	osSemaphoreAcquire
<<<<<<< HEAD
ARM GAS  C:\Users\hh\AppData\Local\Temp\cctw9eF9.s 			page 16
=======
ARM GAS  C:\Users\hh\AppData\Local\Temp\cclMRv3N.s 			page 16
>>>>>>> f4c64959d37a1ca5ac670db93692e329027a8e2d


 556              	.LVL53:
 286:Middlewares/Third_Party/LwIP/system/OS/sys_arch.c ****     {
 557              		.loc 1 286 7 discriminator 1 view .LVU121
 558 002c 10B1     		cbz	r0, .L45
 292:Middlewares/Third_Party/LwIP/system/OS/sys_arch.c ****     }
 559              		.loc 1 292 14 view .LVU122
 560 002e 4FF0FF30 		mov	r0, #-1
 561 0032 F6E7     		b	.L39
 562              	.L45:
 288:Middlewares/Third_Party/LwIP/system/OS/sys_arch.c ****     }
 563              		.loc 1 288 9 is_stmt 1 view .LVU123
 288:Middlewares/Third_Party/LwIP/system/OS/sys_arch.c ****     }
 564              		.loc 1 288 17 is_stmt 0 view .LVU124
 565 0034 FFF7FEFF 		bl	osKernelGetTickCount
 566              	.LVL54:
 288:Middlewares/Third_Party/LwIP/system/OS/sys_arch.c ****     }
 567              		.loc 1 288 40 discriminator 1 view .LVU125
 568 0038 401B     		subs	r0, r0, r5
 288:Middlewares/Third_Party/LwIP/system/OS/sys_arch.c ****     }
 569              		.loc 1 288 40 view .LVU126
 570 003a F2E7     		b	.L39
 571              		.cfi_endproc
 572              	.LFE182:
 574              		.section	.text.sys_sem_signal,"ax",%progbits
 575              		.align	1
 576              		.global	sys_sem_signal
 577              		.syntax unified
 578              		.thumb
 579              		.thumb_func
 581              	sys_sem_signal:
 582              	.LVL55:
 583              	.LFB183:
 301:Middlewares/Third_Party/LwIP/system/OS/sys_arch.c **** 
 302:Middlewares/Third_Party/LwIP/system/OS/sys_arch.c **** /*-----------------------------------------------------------------------------------*/
 303:Middlewares/Third_Party/LwIP/system/OS/sys_arch.c **** // Signals a semaphore
 304:Middlewares/Third_Party/LwIP/system/OS/sys_arch.c **** void sys_sem_signal(sys_sem_t *sem)
 305:Middlewares/Third_Party/LwIP/system/OS/sys_arch.c **** {
 584              		.loc 1 305 1 is_stmt 1 view -0
 585              		.cfi_startproc
 586              		@ args = 0, pretend = 0, frame = 0
 587              		@ frame_needed = 0, uses_anonymous_args = 0
 588              		.loc 1 305 1 is_stmt 0 view .LVU128
 589 0000 08B5     		push	{r3, lr}
 590              	.LCFI14:
 591              		.cfi_def_cfa_offset 8
 592              		.cfi_offset 3, -8
 593              		.cfi_offset 14, -4
 306:Middlewares/Third_Party/LwIP/system/OS/sys_arch.c ****   osSemaphoreRelease(*sem);
 594              		.loc 1 306 3 is_stmt 1 view .LVU129
 595 0002 0068     		ldr	r0, [r0]
 596              	.LVL56:
 597              		.loc 1 306 3 is_stmt 0 view .LVU130
 598 0004 FFF7FEFF 		bl	osSemaphoreRelease
 599              	.LVL57:
 307:Middlewares/Third_Party/LwIP/system/OS/sys_arch.c **** }
 600              		.loc 1 307 1 view .LVU131
 601 0008 08BD     		pop	{r3, pc}
<<<<<<< HEAD
ARM GAS  C:\Users\hh\AppData\Local\Temp\cctw9eF9.s 			page 17
=======
ARM GAS  C:\Users\hh\AppData\Local\Temp\cclMRv3N.s 			page 17
>>>>>>> f4c64959d37a1ca5ac670db93692e329027a8e2d


 602              		.cfi_endproc
 603              	.LFE183:
 605              		.section	.text.sys_sem_free,"ax",%progbits
 606              		.align	1
 607              		.global	sys_sem_free
 608              		.syntax unified
 609              		.thumb
 610              		.thumb_func
 612              	sys_sem_free:
 613              	.LVL58:
 614              	.LFB184:
 308:Middlewares/Third_Party/LwIP/system/OS/sys_arch.c **** 
 309:Middlewares/Third_Party/LwIP/system/OS/sys_arch.c **** /*-----------------------------------------------------------------------------------*/
 310:Middlewares/Third_Party/LwIP/system/OS/sys_arch.c **** // Deallocates a semaphore
 311:Middlewares/Third_Party/LwIP/system/OS/sys_arch.c **** void sys_sem_free(sys_sem_t *sem)
 312:Middlewares/Third_Party/LwIP/system/OS/sys_arch.c **** {
 615              		.loc 1 312 1 is_stmt 1 view -0
 616              		.cfi_startproc
 617              		@ args = 0, pretend = 0, frame = 0
 618              		@ frame_needed = 0, uses_anonymous_args = 0
 619              		.loc 1 312 1 is_stmt 0 view .LVU133
 620 0000 08B5     		push	{r3, lr}
 621              	.LCFI15:
 622              		.cfi_def_cfa_offset 8
 623              		.cfi_offset 3, -8
 624              		.cfi_offset 14, -4
 313:Middlewares/Third_Party/LwIP/system/OS/sys_arch.c **** #if SYS_STATS
 314:Middlewares/Third_Party/LwIP/system/OS/sys_arch.c ****   --lwip_stats.sys.sem.used;
 315:Middlewares/Third_Party/LwIP/system/OS/sys_arch.c **** #endif /* SYS_STATS */
 316:Middlewares/Third_Party/LwIP/system/OS/sys_arch.c **** 
 317:Middlewares/Third_Party/LwIP/system/OS/sys_arch.c ****   osSemaphoreDelete(*sem);
 625              		.loc 1 317 3 is_stmt 1 view .LVU134
 626 0002 0068     		ldr	r0, [r0]
 627              	.LVL59:
 628              		.loc 1 317 3 is_stmt 0 view .LVU135
 629 0004 FFF7FEFF 		bl	osSemaphoreDelete
 630              	.LVL60:
 318:Middlewares/Third_Party/LwIP/system/OS/sys_arch.c **** }
 631              		.loc 1 318 1 view .LVU136
 632 0008 08BD     		pop	{r3, pc}
 633              		.cfi_endproc
 634              	.LFE184:
 636              		.section	.text.sys_sem_valid,"ax",%progbits
 637              		.align	1
 638              		.global	sys_sem_valid
 639              		.syntax unified
 640              		.thumb
 641              		.thumb_func
 643              	sys_sem_valid:
 644              	.LVL61:
 645              	.LFB185:
 319:Middlewares/Third_Party/LwIP/system/OS/sys_arch.c **** /*-----------------------------------------------------------------------------------*/
 320:Middlewares/Third_Party/LwIP/system/OS/sys_arch.c **** int sys_sem_valid(sys_sem_t *sem)
 321:Middlewares/Third_Party/LwIP/system/OS/sys_arch.c **** {
 646              		.loc 1 321 1 is_stmt 1 view -0
 647              		.cfi_startproc
 648              		@ args = 0, pretend = 0, frame = 0
<<<<<<< HEAD
ARM GAS  C:\Users\hh\AppData\Local\Temp\cctw9eF9.s 			page 18
=======
ARM GAS  C:\Users\hh\AppData\Local\Temp\cclMRv3N.s 			page 18
>>>>>>> f4c64959d37a1ca5ac670db93692e329027a8e2d


 649              		@ frame_needed = 0, uses_anonymous_args = 0
 650              		@ link register save eliminated.
 322:Middlewares/Third_Party/LwIP/system/OS/sys_arch.c ****   if (*sem == SYS_SEM_NULL)
 651              		.loc 1 322 3 view .LVU138
 652              		.loc 1 322 7 is_stmt 0 view .LVU139
 653 0000 0368     		ldr	r3, [r0]
 654              		.loc 1 322 6 view .LVU140
 655 0002 0BB1     		cbz	r3, .L53
 323:Middlewares/Third_Party/LwIP/system/OS/sys_arch.c ****     return 0;
 324:Middlewares/Third_Party/LwIP/system/OS/sys_arch.c ****   else
 325:Middlewares/Third_Party/LwIP/system/OS/sys_arch.c ****     return 1;
 656              		.loc 1 325 12 view .LVU141
 657 0004 0120     		movs	r0, #1
 658              	.LVL62:
 326:Middlewares/Third_Party/LwIP/system/OS/sys_arch.c **** }
 659              		.loc 1 326 1 view .LVU142
 660 0006 7047     		bx	lr
 661              	.LVL63:
 662              	.L53:
 323:Middlewares/Third_Party/LwIP/system/OS/sys_arch.c ****     return 0;
 663              		.loc 1 323 12 view .LVU143
 664 0008 1846     		mov	r0, r3
 665              	.LVL64:
 323:Middlewares/Third_Party/LwIP/system/OS/sys_arch.c ****     return 0;
 666              		.loc 1 323 12 view .LVU144
 667 000a 7047     		bx	lr
 668              		.cfi_endproc
 669              	.LFE185:
 671              		.section	.text.sys_sem_set_invalid,"ax",%progbits
 672              		.align	1
 673              		.global	sys_sem_set_invalid
 674              		.syntax unified
 675              		.thumb
 676              		.thumb_func
 678              	sys_sem_set_invalid:
 679              	.LVL65:
 680              	.LFB186:
 327:Middlewares/Third_Party/LwIP/system/OS/sys_arch.c **** 
 328:Middlewares/Third_Party/LwIP/system/OS/sys_arch.c **** /*-----------------------------------------------------------------------------------*/
 329:Middlewares/Third_Party/LwIP/system/OS/sys_arch.c **** void sys_sem_set_invalid(sys_sem_t *sem)
 330:Middlewares/Third_Party/LwIP/system/OS/sys_arch.c **** {
 681              		.loc 1 330 1 is_stmt 1 view -0
 682              		.cfi_startproc
 683              		@ args = 0, pretend = 0, frame = 0
 684              		@ frame_needed = 0, uses_anonymous_args = 0
 685              		@ link register save eliminated.
 331:Middlewares/Third_Party/LwIP/system/OS/sys_arch.c ****   *sem = SYS_SEM_NULL;
 686              		.loc 1 331 3 view .LVU146
 687              		.loc 1 331 8 is_stmt 0 view .LVU147
 688 0000 0023     		movs	r3, #0
 689 0002 0360     		str	r3, [r0]
 332:Middlewares/Third_Party/LwIP/system/OS/sys_arch.c **** }
 690              		.loc 1 332 1 view .LVU148
 691 0004 7047     		bx	lr
 692              		.cfi_endproc
 693              	.LFE186:
 695              		.section	.text.sys_init,"ax",%progbits
<<<<<<< HEAD
ARM GAS  C:\Users\hh\AppData\Local\Temp\cctw9eF9.s 			page 19
=======
ARM GAS  C:\Users\hh\AppData\Local\Temp\cclMRv3N.s 			page 19
>>>>>>> f4c64959d37a1ca5ac670db93692e329027a8e2d


 696              		.align	1
 697              		.global	sys_init
 698              		.syntax unified
 699              		.thumb
 700              		.thumb_func
 702              	sys_init:
 703              	.LFB187:
 333:Middlewares/Third_Party/LwIP/system/OS/sys_arch.c **** 
 334:Middlewares/Third_Party/LwIP/system/OS/sys_arch.c **** /*-----------------------------------------------------------------------------------*/
 335:Middlewares/Third_Party/LwIP/system/OS/sys_arch.c **** /* Attributes to support recursive Mutex. */
 336:Middlewares/Third_Party/LwIP/system/OS/sys_arch.c **** const osMutexAttr_t Mutex_attributes = {
 337:Middlewares/Third_Party/LwIP/system/OS/sys_arch.c ****   .attr_bits = osMutexRecursive,
 338:Middlewares/Third_Party/LwIP/system/OS/sys_arch.c **** };
 339:Middlewares/Third_Party/LwIP/system/OS/sys_arch.c **** 
 340:Middlewares/Third_Party/LwIP/system/OS/sys_arch.c **** osMutexId_t lwip_sys_mutex;
 341:Middlewares/Third_Party/LwIP/system/OS/sys_arch.c **** 
 342:Middlewares/Third_Party/LwIP/system/OS/sys_arch.c **** // Initialize sys arch
 343:Middlewares/Third_Party/LwIP/system/OS/sys_arch.c **** void sys_init(void)
 344:Middlewares/Third_Party/LwIP/system/OS/sys_arch.c **** {
 704              		.loc 1 344 1 is_stmt 1 view -0
 705              		.cfi_startproc
 706              		@ args = 0, pretend = 0, frame = 0
 707              		@ frame_needed = 0, uses_anonymous_args = 0
 708 0000 08B5     		push	{r3, lr}
 709              	.LCFI16:
 710              		.cfi_def_cfa_offset 8
 711              		.cfi_offset 3, -8
 712              		.cfi_offset 14, -4
 345:Middlewares/Third_Party/LwIP/system/OS/sys_arch.c ****   lwip_sys_mutex = osMutexNew(&Mutex_attributes);
 713              		.loc 1 345 3 view .LVU150
 714              		.loc 1 345 20 is_stmt 0 view .LVU151
 715 0002 0348     		ldr	r0, .L57
 716 0004 FFF7FEFF 		bl	osMutexNew
 717              	.LVL66:
 718              		.loc 1 345 18 discriminator 1 view .LVU152
 719 0008 024B     		ldr	r3, .L57+4
 720 000a 1860     		str	r0, [r3]
 346:Middlewares/Third_Party/LwIP/system/OS/sys_arch.c **** }
 721              		.loc 1 346 1 view .LVU153
 722 000c 08BD     		pop	{r3, pc}
 723              	.L58:
 724 000e 00BF     		.align	2
 725              	.L57:
 726 0010 00000000 		.word	Mutex_attributes
 727 0014 00000000 		.word	lwip_sys_mutex
 728              		.cfi_endproc
 729              	.LFE187:
 731              		.section	.text.sys_mutex_new,"ax",%progbits
 732              		.align	1
 733              		.global	sys_mutex_new
 734              		.syntax unified
 735              		.thumb
 736              		.thumb_func
 738              	sys_mutex_new:
 739              	.LVL67:
 740              	.LFB188:
 347:Middlewares/Third_Party/LwIP/system/OS/sys_arch.c **** /*-----------------------------------------------------------------------------------*/
<<<<<<< HEAD
ARM GAS  C:\Users\hh\AppData\Local\Temp\cctw9eF9.s 			page 20
=======
ARM GAS  C:\Users\hh\AppData\Local\Temp\cclMRv3N.s 			page 20
>>>>>>> f4c64959d37a1ca5ac670db93692e329027a8e2d


 348:Middlewares/Third_Party/LwIP/system/OS/sys_arch.c ****                                       /* Mutexes*/
 349:Middlewares/Third_Party/LwIP/system/OS/sys_arch.c **** /*-----------------------------------------------------------------------------------*/
 350:Middlewares/Third_Party/LwIP/system/OS/sys_arch.c **** /*-----------------------------------------------------------------------------------*/
 351:Middlewares/Third_Party/LwIP/system/OS/sys_arch.c **** #if LWIP_COMPAT_MUTEX == 0
 352:Middlewares/Third_Party/LwIP/system/OS/sys_arch.c **** /* Create a new mutex*/
 353:Middlewares/Third_Party/LwIP/system/OS/sys_arch.c **** err_t sys_mutex_new(sys_mutex_t *mutex) {
 741              		.loc 1 353 41 is_stmt 1 view -0
 742              		.cfi_startproc
 743              		@ args = 0, pretend = 0, frame = 0
 744              		@ frame_needed = 0, uses_anonymous_args = 0
 745              		.loc 1 353 41 is_stmt 0 view .LVU155
 746 0000 10B5     		push	{r4, lr}
 747              	.LCFI17:
 748              		.cfi_def_cfa_offset 8
 749              		.cfi_offset 4, -8
 750              		.cfi_offset 14, -4
 751 0002 0446     		mov	r4, r0
 354:Middlewares/Third_Party/LwIP/system/OS/sys_arch.c **** 
 355:Middlewares/Third_Party/LwIP/system/OS/sys_arch.c ****   *mutex = osMutexNew(&Mutex_attributes);
 752              		.loc 1 355 3 is_stmt 1 view .LVU156
 753              		.loc 1 355 12 is_stmt 0 view .LVU157
 754 0004 0448     		ldr	r0, .L63
 755              	.LVL68:
 756              		.loc 1 355 12 view .LVU158
 757 0006 FFF7FEFF 		bl	osMutexNew
 758              	.LVL69:
 759              		.loc 1 355 10 discriminator 1 view .LVU159
 760 000a 2060     		str	r0, [r4]
 356:Middlewares/Third_Party/LwIP/system/OS/sys_arch.c **** 
 357:Middlewares/Third_Party/LwIP/system/OS/sys_arch.c ****   if(*mutex == NULL)
 761              		.loc 1 357 3 is_stmt 1 view .LVU160
 762              		.loc 1 357 5 is_stmt 0 view .LVU161
 763 000c 08B1     		cbz	r0, .L61
 358:Middlewares/Third_Party/LwIP/system/OS/sys_arch.c ****   {
 359:Middlewares/Third_Party/LwIP/system/OS/sys_arch.c **** #if SYS_STATS
 360:Middlewares/Third_Party/LwIP/system/OS/sys_arch.c ****     ++lwip_stats.sys.mutex.err;
 361:Middlewares/Third_Party/LwIP/system/OS/sys_arch.c **** #endif /* SYS_STATS */
 362:Middlewares/Third_Party/LwIP/system/OS/sys_arch.c ****     return ERR_MEM;
 363:Middlewares/Third_Party/LwIP/system/OS/sys_arch.c ****   }
 364:Middlewares/Third_Party/LwIP/system/OS/sys_arch.c **** 
 365:Middlewares/Third_Party/LwIP/system/OS/sys_arch.c **** #if SYS_STATS
 366:Middlewares/Third_Party/LwIP/system/OS/sys_arch.c ****   ++lwip_stats.sys.mutex.used;
 367:Middlewares/Third_Party/LwIP/system/OS/sys_arch.c ****   if (lwip_stats.sys.mutex.max < lwip_stats.sys.mutex.used) {
 368:Middlewares/Third_Party/LwIP/system/OS/sys_arch.c ****     lwip_stats.sys.mutex.max = lwip_stats.sys.mutex.used;
 369:Middlewares/Third_Party/LwIP/system/OS/sys_arch.c ****   }
 370:Middlewares/Third_Party/LwIP/system/OS/sys_arch.c **** #endif /* SYS_STATS */
 371:Middlewares/Third_Party/LwIP/system/OS/sys_arch.c ****   return ERR_OK;
 764              		.loc 1 371 10 view .LVU162
 765 000e 0020     		movs	r0, #0
 766              	.L60:
 372:Middlewares/Third_Party/LwIP/system/OS/sys_arch.c **** }
 767              		.loc 1 372 1 view .LVU163
 768 0010 10BD     		pop	{r4, pc}
 769              	.LVL70:
 770              	.L61:
 362:Middlewares/Third_Party/LwIP/system/OS/sys_arch.c ****   }
 771              		.loc 1 362 12 view .LVU164
<<<<<<< HEAD
ARM GAS  C:\Users\hh\AppData\Local\Temp\cctw9eF9.s 			page 21
=======
ARM GAS  C:\Users\hh\AppData\Local\Temp\cclMRv3N.s 			page 21
>>>>>>> f4c64959d37a1ca5ac670db93692e329027a8e2d


 772 0012 4FF0FF30 		mov	r0, #-1
 773 0016 FBE7     		b	.L60
 774              	.L64:
 775              		.align	2
 776              	.L63:
 777 0018 00000000 		.word	Mutex_attributes
 778              		.cfi_endproc
 779              	.LFE188:
 781              		.section	.text.sys_mutex_free,"ax",%progbits
 782              		.align	1
 783              		.global	sys_mutex_free
 784              		.syntax unified
 785              		.thumb
 786              		.thumb_func
 788              	sys_mutex_free:
 789              	.LVL71:
 790              	.LFB189:
 373:Middlewares/Third_Party/LwIP/system/OS/sys_arch.c **** /*-----------------------------------------------------------------------------------*/
 374:Middlewares/Third_Party/LwIP/system/OS/sys_arch.c **** /* Deallocate a mutex*/
 375:Middlewares/Third_Party/LwIP/system/OS/sys_arch.c **** void sys_mutex_free(sys_mutex_t *mutex)
 376:Middlewares/Third_Party/LwIP/system/OS/sys_arch.c **** {
 791              		.loc 1 376 1 is_stmt 1 view -0
 792              		.cfi_startproc
 793              		@ args = 0, pretend = 0, frame = 0
 794              		@ frame_needed = 0, uses_anonymous_args = 0
 795              		.loc 1 376 1 is_stmt 0 view .LVU166
 796 0000 08B5     		push	{r3, lr}
 797              	.LCFI18:
 798              		.cfi_def_cfa_offset 8
 799              		.cfi_offset 3, -8
 800              		.cfi_offset 14, -4
 377:Middlewares/Third_Party/LwIP/system/OS/sys_arch.c **** #if SYS_STATS
 378:Middlewares/Third_Party/LwIP/system/OS/sys_arch.c ****       --lwip_stats.sys.mutex.used;
 379:Middlewares/Third_Party/LwIP/system/OS/sys_arch.c **** #endif /* SYS_STATS */
 380:Middlewares/Third_Party/LwIP/system/OS/sys_arch.c **** 
 381:Middlewares/Third_Party/LwIP/system/OS/sys_arch.c ****   osMutexDelete(*mutex);
 801              		.loc 1 381 3 is_stmt 1 view .LVU167
 802 0002 0068     		ldr	r0, [r0]
 803              	.LVL72:
 804              		.loc 1 381 3 is_stmt 0 view .LVU168
 805 0004 FFF7FEFF 		bl	osMutexDelete
 806              	.LVL73:
 382:Middlewares/Third_Party/LwIP/system/OS/sys_arch.c **** }
 807              		.loc 1 382 1 view .LVU169
 808 0008 08BD     		pop	{r3, pc}
 809              		.cfi_endproc
 810              	.LFE189:
 812              		.section	.text.sys_mutex_lock,"ax",%progbits
 813              		.align	1
 814              		.global	sys_mutex_lock
 815              		.syntax unified
 816              		.thumb
 817              		.thumb_func
 819              	sys_mutex_lock:
 820              	.LVL74:
 821              	.LFB190:
 383:Middlewares/Third_Party/LwIP/system/OS/sys_arch.c **** /*-----------------------------------------------------------------------------------*/
<<<<<<< HEAD
ARM GAS  C:\Users\hh\AppData\Local\Temp\cctw9eF9.s 			page 22
=======
ARM GAS  C:\Users\hh\AppData\Local\Temp\cclMRv3N.s 			page 22
>>>>>>> f4c64959d37a1ca5ac670db93692e329027a8e2d


 384:Middlewares/Third_Party/LwIP/system/OS/sys_arch.c **** /* Lock a mutex*/
 385:Middlewares/Third_Party/LwIP/system/OS/sys_arch.c **** void sys_mutex_lock(sys_mutex_t *mutex)
 386:Middlewares/Third_Party/LwIP/system/OS/sys_arch.c **** {
 822              		.loc 1 386 1 is_stmt 1 view -0
 823              		.cfi_startproc
 824              		@ args = 0, pretend = 0, frame = 0
 825              		@ frame_needed = 0, uses_anonymous_args = 0
 826              		.loc 1 386 1 is_stmt 0 view .LVU171
 827 0000 08B5     		push	{r3, lr}
 828              	.LCFI19:
 829              		.cfi_def_cfa_offset 8
 830              		.cfi_offset 3, -8
 831              		.cfi_offset 14, -4
 387:Middlewares/Third_Party/LwIP/system/OS/sys_arch.c ****   osMutexAcquire(*mutex, osWaitForever);
 832              		.loc 1 387 3 is_stmt 1 view .LVU172
 833 0002 4FF0FF31 		mov	r1, #-1
 834 0006 0068     		ldr	r0, [r0]
 835              	.LVL75:
 836              		.loc 1 387 3 is_stmt 0 view .LVU173
 837 0008 FFF7FEFF 		bl	osMutexAcquire
 838              	.LVL76:
 388:Middlewares/Third_Party/LwIP/system/OS/sys_arch.c **** }
 839              		.loc 1 388 1 view .LVU174
 840 000c 08BD     		pop	{r3, pc}
 841              		.cfi_endproc
 842              	.LFE190:
 844              		.section	.text.sys_mutex_unlock,"ax",%progbits
 845              		.align	1
 846              		.global	sys_mutex_unlock
 847              		.syntax unified
 848              		.thumb
 849              		.thumb_func
 851              	sys_mutex_unlock:
 852              	.LVL77:
 853              	.LFB191:
 389:Middlewares/Third_Party/LwIP/system/OS/sys_arch.c **** 
 390:Middlewares/Third_Party/LwIP/system/OS/sys_arch.c **** /*-----------------------------------------------------------------------------------*/
 391:Middlewares/Third_Party/LwIP/system/OS/sys_arch.c **** /* Unlock a mutex*/
 392:Middlewares/Third_Party/LwIP/system/OS/sys_arch.c **** void sys_mutex_unlock(sys_mutex_t *mutex)
 393:Middlewares/Third_Party/LwIP/system/OS/sys_arch.c **** {
 854              		.loc 1 393 1 is_stmt 1 view -0
 855              		.cfi_startproc
 856              		@ args = 0, pretend = 0, frame = 0
 857              		@ frame_needed = 0, uses_anonymous_args = 0
 858              		.loc 1 393 1 is_stmt 0 view .LVU176
 859 0000 08B5     		push	{r3, lr}
 860              	.LCFI20:
 861              		.cfi_def_cfa_offset 8
 862              		.cfi_offset 3, -8
 863              		.cfi_offset 14, -4
 394:Middlewares/Third_Party/LwIP/system/OS/sys_arch.c ****   osMutexRelease(*mutex);
 864              		.loc 1 394 3 is_stmt 1 view .LVU177
 865 0002 0068     		ldr	r0, [r0]
 866              	.LVL78:
 867              		.loc 1 394 3 is_stmt 0 view .LVU178
 868 0004 FFF7FEFF 		bl	osMutexRelease
 869              	.LVL79:
<<<<<<< HEAD
ARM GAS  C:\Users\hh\AppData\Local\Temp\cctw9eF9.s 			page 23
=======
ARM GAS  C:\Users\hh\AppData\Local\Temp\cclMRv3N.s 			page 23
>>>>>>> f4c64959d37a1ca5ac670db93692e329027a8e2d


 395:Middlewares/Third_Party/LwIP/system/OS/sys_arch.c **** }
 870              		.loc 1 395 1 view .LVU179
 871 0008 08BD     		pop	{r3, pc}
 872              		.cfi_endproc
 873              	.LFE191:
 875              		.section	.text.sys_thread_new,"ax",%progbits
 876              		.align	1
 877              		.global	sys_thread_new
 878              		.syntax unified
 879              		.thumb
 880              		.thumb_func
 882              	sys_thread_new:
 883              	.LVL80:
 884              	.LFB192:
 396:Middlewares/Third_Party/LwIP/system/OS/sys_arch.c **** #endif /*LWIP_COMPAT_MUTEX*/
 397:Middlewares/Third_Party/LwIP/system/OS/sys_arch.c **** /*-----------------------------------------------------------------------------------*/
 398:Middlewares/Third_Party/LwIP/system/OS/sys_arch.c **** // TODO
 399:Middlewares/Third_Party/LwIP/system/OS/sys_arch.c **** /*-----------------------------------------------------------------------------------*/
 400:Middlewares/Third_Party/LwIP/system/OS/sys_arch.c **** /*
 401:Middlewares/Third_Party/LwIP/system/OS/sys_arch.c ****   Starts a new thread with priority "prio" that will begin its execution in the
 402:Middlewares/Third_Party/LwIP/system/OS/sys_arch.c ****   function "thread()". The "arg" argument will be passed as an argument to the
 403:Middlewares/Third_Party/LwIP/system/OS/sys_arch.c ****   thread() function. The id of the new thread is returned. Both the id and
 404:Middlewares/Third_Party/LwIP/system/OS/sys_arch.c ****   the priority are system dependent.
 405:Middlewares/Third_Party/LwIP/system/OS/sys_arch.c **** */
 406:Middlewares/Third_Party/LwIP/system/OS/sys_arch.c **** sys_thread_t sys_thread_new(const char *name, lwip_thread_fn thread , void *arg, int stacksize, int
 407:Middlewares/Third_Party/LwIP/system/OS/sys_arch.c **** {
 885              		.loc 1 407 1 is_stmt 1 view -0
 886              		.cfi_startproc
 887              		@ args = 4, pretend = 0, frame = 40
 888              		@ frame_needed = 0, uses_anonymous_args = 0
 889              		.loc 1 407 1 is_stmt 0 view .LVU181
 890 0000 2DE9F041 		push	{r4, r5, r6, r7, r8, lr}
 891              	.LCFI21:
 892              		.cfi_def_cfa_offset 24
 893              		.cfi_offset 4, -24
 894              		.cfi_offset 5, -20
 895              		.cfi_offset 6, -16
 896              		.cfi_offset 7, -12
 897              		.cfi_offset 8, -8
 898              		.cfi_offset 14, -4
 899 0004 8AB0     		sub	sp, sp, #40
 900              	.LCFI22:
 901              		.cfi_def_cfa_offset 64
 902 0006 8046     		mov	r8, r0
 903 0008 0F46     		mov	r7, r1
 904 000a 1646     		mov	r6, r2
 905 000c 1D46     		mov	r5, r3
 408:Middlewares/Third_Party/LwIP/system/OS/sys_arch.c ****   const osThreadAttr_t attributes = {
 906              		.loc 1 408 3 is_stmt 1 view .LVU182
 907              		.loc 1 408 24 is_stmt 0 view .LVU183
 908 000e 01AC     		add	r4, sp, #4
 909 0010 2422     		movs	r2, #36
 910              	.LVL81:
 911              		.loc 1 408 24 view .LVU184
 912 0012 0021     		movs	r1, #0
 913              	.LVL82:
 914              		.loc 1 408 24 view .LVU185
<<<<<<< HEAD
ARM GAS  C:\Users\hh\AppData\Local\Temp\cctw9eF9.s 			page 24
=======
ARM GAS  C:\Users\hh\AppData\Local\Temp\cclMRv3N.s 			page 24
>>>>>>> f4c64959d37a1ca5ac670db93692e329027a8e2d


 915 0014 2046     		mov	r0, r4
 916              	.LVL83:
 917              		.loc 1 408 24 view .LVU186
 918 0016 FFF7FEFF 		bl	memset
 919              	.LVL84:
 920              		.loc 1 408 24 view .LVU187
 921 001a CDF80480 		str	r8, [sp, #4]
 922 001e 0695     		str	r5, [sp, #24]
 923 0020 109B     		ldr	r3, [sp, #64]
 924 0022 0793     		str	r3, [sp, #28]
 409:Middlewares/Third_Party/LwIP/system/OS/sys_arch.c ****                         .name = name,
 410:Middlewares/Third_Party/LwIP/system/OS/sys_arch.c ****                         .stack_size = stacksize,
 411:Middlewares/Third_Party/LwIP/system/OS/sys_arch.c ****                         .priority = (osPriority_t)prio,
 412:Middlewares/Third_Party/LwIP/system/OS/sys_arch.c ****                       };
 413:Middlewares/Third_Party/LwIP/system/OS/sys_arch.c ****   return osThreadNew(thread, arg, &attributes);
 925              		.loc 1 413 3 is_stmt 1 view .LVU188
 926              		.loc 1 413 10 is_stmt 0 view .LVU189
 927 0024 2246     		mov	r2, r4
 928 0026 3146     		mov	r1, r6
 929 0028 3846     		mov	r0, r7
 930 002a FFF7FEFF 		bl	osThreadNew
 931              	.LVL85:
 414:Middlewares/Third_Party/LwIP/system/OS/sys_arch.c **** }
 932              		.loc 1 414 1 view .LVU190
 933 002e 0AB0     		add	sp, sp, #40
 934              	.LCFI23:
 935              		.cfi_def_cfa_offset 24
 936              		@ sp needed
 937 0030 BDE8F081 		pop	{r4, r5, r6, r7, r8, pc}
 938              		.loc 1 414 1 view .LVU191
 939              		.cfi_endproc
 940              	.LFE192:
 942              		.section	.text.sys_arch_protect,"ax",%progbits
 943              		.align	1
 944              		.global	sys_arch_protect
 945              		.syntax unified
 946              		.thumb
 947              		.thumb_func
 949              	sys_arch_protect:
 950              	.LFB193:
 415:Middlewares/Third_Party/LwIP/system/OS/sys_arch.c **** 
 416:Middlewares/Third_Party/LwIP/system/OS/sys_arch.c **** /*
 417:Middlewares/Third_Party/LwIP/system/OS/sys_arch.c ****   This optional function does a "fast" critical region protection and returns
 418:Middlewares/Third_Party/LwIP/system/OS/sys_arch.c ****   the previous protection level. This function is only called during very short
 419:Middlewares/Third_Party/LwIP/system/OS/sys_arch.c ****   critical regions. An embedded system which supports ISR-based drivers might
 420:Middlewares/Third_Party/LwIP/system/OS/sys_arch.c ****   want to implement this function by disabling interrupts. Task-based systems
 421:Middlewares/Third_Party/LwIP/system/OS/sys_arch.c ****   might want to implement this by using a mutex or disabling tasking. This
 422:Middlewares/Third_Party/LwIP/system/OS/sys_arch.c ****   function should support recursive calls from the same task or interrupt. In
 423:Middlewares/Third_Party/LwIP/system/OS/sys_arch.c ****   other words, sys_arch_protect() could be called while already protected. In
 424:Middlewares/Third_Party/LwIP/system/OS/sys_arch.c ****   that case the return value indicates that it is already protected.
 425:Middlewares/Third_Party/LwIP/system/OS/sys_arch.c **** 
 426:Middlewares/Third_Party/LwIP/system/OS/sys_arch.c ****   sys_arch_protect() is only required if your port is supporting an operating
 427:Middlewares/Third_Party/LwIP/system/OS/sys_arch.c ****   system.
 428:Middlewares/Third_Party/LwIP/system/OS/sys_arch.c **** 
 429:Middlewares/Third_Party/LwIP/system/OS/sys_arch.c ****   Note: This function is based on FreeRTOS API, because no equivalent CMSIS-RTOS
 430:Middlewares/Third_Party/LwIP/system/OS/sys_arch.c ****         API is available
 431:Middlewares/Third_Party/LwIP/system/OS/sys_arch.c **** */
<<<<<<< HEAD
ARM GAS  C:\Users\hh\AppData\Local\Temp\cctw9eF9.s 			page 25
=======
ARM GAS  C:\Users\hh\AppData\Local\Temp\cclMRv3N.s 			page 25
>>>>>>> f4c64959d37a1ca5ac670db93692e329027a8e2d


 432:Middlewares/Third_Party/LwIP/system/OS/sys_arch.c **** sys_prot_t sys_arch_protect(void)
 433:Middlewares/Third_Party/LwIP/system/OS/sys_arch.c **** {
 951              		.loc 1 433 1 is_stmt 1 view -0
 952              		.cfi_startproc
 953              		@ args = 0, pretend = 0, frame = 0
 954              		@ frame_needed = 0, uses_anonymous_args = 0
 955 0000 08B5     		push	{r3, lr}
 956              	.LCFI24:
 957              		.cfi_def_cfa_offset 8
 958              		.cfi_offset 3, -8
 959              		.cfi_offset 14, -4
 434:Middlewares/Third_Party/LwIP/system/OS/sys_arch.c ****   osMutexAcquire(lwip_sys_mutex, osWaitForever);
 960              		.loc 1 434 3 view .LVU193
 961 0002 4FF0FF31 		mov	r1, #-1
 962 0006 034B     		ldr	r3, .L75
 963 0008 1868     		ldr	r0, [r3]
 964 000a FFF7FEFF 		bl	osMutexAcquire
 965              	.LVL86:
 435:Middlewares/Third_Party/LwIP/system/OS/sys_arch.c **** 
 436:Middlewares/Third_Party/LwIP/system/OS/sys_arch.c ****   return (sys_prot_t)1;
 966              		.loc 1 436 3 view .LVU194
 437:Middlewares/Third_Party/LwIP/system/OS/sys_arch.c **** }
 967              		.loc 1 437 1 is_stmt 0 view .LVU195
 968 000e 0120     		movs	r0, #1
 969 0010 08BD     		pop	{r3, pc}
 970              	.L76:
 971 0012 00BF     		.align	2
 972              	.L75:
 973 0014 00000000 		.word	lwip_sys_mutex
 974              		.cfi_endproc
 975              	.LFE193:
 977              		.section	.text.sys_arch_unprotect,"ax",%progbits
 978              		.align	1
 979              		.global	sys_arch_unprotect
 980              		.syntax unified
 981              		.thumb
 982              		.thumb_func
 984              	sys_arch_unprotect:
 985              	.LVL87:
 986              	.LFB194:
 438:Middlewares/Third_Party/LwIP/system/OS/sys_arch.c **** 
 439:Middlewares/Third_Party/LwIP/system/OS/sys_arch.c **** 
 440:Middlewares/Third_Party/LwIP/system/OS/sys_arch.c **** /*
 441:Middlewares/Third_Party/LwIP/system/OS/sys_arch.c ****   This optional function does a "fast" set of critical region protection to the
 442:Middlewares/Third_Party/LwIP/system/OS/sys_arch.c ****   value specified by pval. See the documentation for sys_arch_protect() for
 443:Middlewares/Third_Party/LwIP/system/OS/sys_arch.c ****   more information. This function is only required if your port is supporting
 444:Middlewares/Third_Party/LwIP/system/OS/sys_arch.c ****   an operating system.
 445:Middlewares/Third_Party/LwIP/system/OS/sys_arch.c **** 
 446:Middlewares/Third_Party/LwIP/system/OS/sys_arch.c ****   Note: This function is based on FreeRTOS API, because no equivalent CMSIS-RTOS
 447:Middlewares/Third_Party/LwIP/system/OS/sys_arch.c ****         API is available
 448:Middlewares/Third_Party/LwIP/system/OS/sys_arch.c **** */
 449:Middlewares/Third_Party/LwIP/system/OS/sys_arch.c **** void sys_arch_unprotect(sys_prot_t pval)
 450:Middlewares/Third_Party/LwIP/system/OS/sys_arch.c **** {
 987              		.loc 1 450 1 is_stmt 1 view -0
 988              		.cfi_startproc
 989              		@ args = 0, pretend = 0, frame = 0
 990              		@ frame_needed = 0, uses_anonymous_args = 0
<<<<<<< HEAD
ARM GAS  C:\Users\hh\AppData\Local\Temp\cctw9eF9.s 			page 26
=======
ARM GAS  C:\Users\hh\AppData\Local\Temp\cclMRv3N.s 			page 26
>>>>>>> f4c64959d37a1ca5ac670db93692e329027a8e2d


 991              		.loc 1 450 1 is_stmt 0 view .LVU197
 992 0000 08B5     		push	{r3, lr}
 993              	.LCFI25:
 994              		.cfi_def_cfa_offset 8
 995              		.cfi_offset 3, -8
 996              		.cfi_offset 14, -4
 451:Middlewares/Third_Party/LwIP/system/OS/sys_arch.c ****   ( void ) pval;
 997              		.loc 1 451 3 is_stmt 1 view .LVU198
 452:Middlewares/Third_Party/LwIP/system/OS/sys_arch.c ****   osMutexRelease(lwip_sys_mutex);
 998              		.loc 1 452 3 view .LVU199
 999 0002 024B     		ldr	r3, .L79
 1000 0004 1868     		ldr	r0, [r3]
 1001              	.LVL88:
 1002              		.loc 1 452 3 is_stmt 0 view .LVU200
 1003 0006 FFF7FEFF 		bl	osMutexRelease
 1004              	.LVL89:
 453:Middlewares/Third_Party/LwIP/system/OS/sys_arch.c **** }
 1005              		.loc 1 453 1 view .LVU201
 1006 000a 08BD     		pop	{r3, pc}
 1007              	.L80:
 1008              		.align	2
 1009              	.L79:
 1010 000c 00000000 		.word	lwip_sys_mutex
 1011              		.cfi_endproc
 1012              	.LFE194:
 1014              		.global	lwip_sys_mutex
 1015              		.section	.bss.lwip_sys_mutex,"aw",%nobits
 1016              		.align	2
 1019              	lwip_sys_mutex:
 1020 0000 00000000 		.space	4
 1021              		.global	Mutex_attributes
 1022              		.section	.rodata.Mutex_attributes,"a"
 1023              		.align	2
 1026              	Mutex_attributes:
 1027 0000 00000000 		.space	4
 1028 0004 01000000 		.word	1
 1029 0008 00000000 		.space	8
 1029      00000000 
 1030              		.text
 1031              	.Letext0:
 1032              		.file 2 "C:/Program Files (x86)/ARM/arm-gnu-toolchain-15.2.rel1-mingw-w64-i686-arm-none-eabi/arm-n
 1033              		.file 3 "Middlewares/Third_Party/LwIP/system/arch/cc.h"
 1034              		.file 4 "C:/Program Files (x86)/ARM/arm-gnu-toolchain-15.2.rel1-mingw-w64-i686-arm-none-eabi/arm-n
 1035              		.file 5 "Middlewares/Third_Party/LwIP/src/include/lwip/arch.h"
 1036              		.file 6 "Middlewares/Third_Party/LwIP/src/include/lwip/err.h"
 1037              		.file 7 "Drivers/CMSIS/RTOS2/Include/cmsis_os2.h"
 1038              		.file 8 "Middlewares/Third_Party/LwIP/system/arch/sys_arch.h"
 1039              		.file 9 "Middlewares/Third_Party/LwIP/src/include/lwip/sys.h"
 1040              		.file 10 "Middlewares/Third_Party/LwIP/src/include/lwip/memp.h"
 1041              		.file 11 "<built-in>"
<<<<<<< HEAD
ARM GAS  C:\Users\hh\AppData\Local\Temp\cctw9eF9.s 			page 27
=======
ARM GAS  C:\Users\hh\AppData\Local\Temp\cclMRv3N.s 			page 27
>>>>>>> f4c64959d37a1ca5ac670db93692e329027a8e2d


DEFINED SYMBOLS
                            *ABS*:00000000 sys_arch.c
<<<<<<< HEAD
C:\Users\hh\AppData\Local\Temp\cctw9eF9.s:20     .text.sys_mbox_new:00000000 $t
C:\Users\hh\AppData\Local\Temp\cctw9eF9.s:26     .text.sys_mbox_new:00000000 sys_mbox_new
C:\Users\hh\AppData\Local\Temp\cctw9eF9.s:69     .text.sys_mbox_free:00000000 $t
C:\Users\hh\AppData\Local\Temp\cctw9eF9.s:75     .text.sys_mbox_free:00000000 sys_mbox_free
C:\Users\hh\AppData\Local\Temp\cctw9eF9.s:108    .text.sys_mbox_post:00000000 $t
C:\Users\hh\AppData\Local\Temp\cctw9eF9.s:114    .text.sys_mbox_post:00000000 sys_mbox_post
C:\Users\hh\AppData\Local\Temp\cctw9eF9.s:157    .text.sys_mbox_trypost:00000000 $t
C:\Users\hh\AppData\Local\Temp\cctw9eF9.s:163    .text.sys_mbox_trypost:00000000 sys_mbox_trypost
C:\Users\hh\AppData\Local\Temp\cctw9eF9.s:215    .text.sys_mbox_trypost_fromisr:00000000 $t
C:\Users\hh\AppData\Local\Temp\cctw9eF9.s:221    .text.sys_mbox_trypost_fromisr:00000000 sys_mbox_trypost_fromisr
C:\Users\hh\AppData\Local\Temp\cctw9eF9.s:244    .text.sys_arch_mbox_fetch:00000000 $t
C:\Users\hh\AppData\Local\Temp\cctw9eF9.s:250    .text.sys_arch_mbox_fetch:00000000 sys_arch_mbox_fetch
C:\Users\hh\AppData\Local\Temp\cctw9eF9.s:333    .text.sys_arch_mbox_tryfetch:00000000 $t
C:\Users\hh\AppData\Local\Temp\cctw9eF9.s:339    .text.sys_arch_mbox_tryfetch:00000000 sys_arch_mbox_tryfetch
C:\Users\hh\AppData\Local\Temp\cctw9eF9.s:374    .text.sys_mbox_valid:00000000 $t
C:\Users\hh\AppData\Local\Temp\cctw9eF9.s:380    .text.sys_mbox_valid:00000000 sys_mbox_valid
C:\Users\hh\AppData\Local\Temp\cctw9eF9.s:409    .text.sys_mbox_set_invalid:00000000 $t
C:\Users\hh\AppData\Local\Temp\cctw9eF9.s:415    .text.sys_mbox_set_invalid:00000000 sys_mbox_set_invalid
C:\Users\hh\AppData\Local\Temp\cctw9eF9.s:433    .text.sys_sem_new:00000000 $t
C:\Users\hh\AppData\Local\Temp\cctw9eF9.s:439    .text.sys_sem_new:00000000 sys_sem_new
C:\Users\hh\AppData\Local\Temp\cctw9eF9.s:494    .text.sys_arch_sem_wait:00000000 $t
C:\Users\hh\AppData\Local\Temp\cctw9eF9.s:500    .text.sys_arch_sem_wait:00000000 sys_arch_sem_wait
C:\Users\hh\AppData\Local\Temp\cctw9eF9.s:575    .text.sys_sem_signal:00000000 $t
C:\Users\hh\AppData\Local\Temp\cctw9eF9.s:581    .text.sys_sem_signal:00000000 sys_sem_signal
C:\Users\hh\AppData\Local\Temp\cctw9eF9.s:606    .text.sys_sem_free:00000000 $t
C:\Users\hh\AppData\Local\Temp\cctw9eF9.s:612    .text.sys_sem_free:00000000 sys_sem_free
C:\Users\hh\AppData\Local\Temp\cctw9eF9.s:637    .text.sys_sem_valid:00000000 $t
C:\Users\hh\AppData\Local\Temp\cctw9eF9.s:643    .text.sys_sem_valid:00000000 sys_sem_valid
C:\Users\hh\AppData\Local\Temp\cctw9eF9.s:672    .text.sys_sem_set_invalid:00000000 $t
C:\Users\hh\AppData\Local\Temp\cctw9eF9.s:678    .text.sys_sem_set_invalid:00000000 sys_sem_set_invalid
C:\Users\hh\AppData\Local\Temp\cctw9eF9.s:696    .text.sys_init:00000000 $t
C:\Users\hh\AppData\Local\Temp\cctw9eF9.s:702    .text.sys_init:00000000 sys_init
C:\Users\hh\AppData\Local\Temp\cctw9eF9.s:726    .text.sys_init:00000010 $d
C:\Users\hh\AppData\Local\Temp\cctw9eF9.s:1026   .rodata.Mutex_attributes:00000000 Mutex_attributes
C:\Users\hh\AppData\Local\Temp\cctw9eF9.s:1019   .bss.lwip_sys_mutex:00000000 lwip_sys_mutex
C:\Users\hh\AppData\Local\Temp\cctw9eF9.s:732    .text.sys_mutex_new:00000000 $t
C:\Users\hh\AppData\Local\Temp\cctw9eF9.s:738    .text.sys_mutex_new:00000000 sys_mutex_new
C:\Users\hh\AppData\Local\Temp\cctw9eF9.s:777    .text.sys_mutex_new:00000018 $d
C:\Users\hh\AppData\Local\Temp\cctw9eF9.s:782    .text.sys_mutex_free:00000000 $t
C:\Users\hh\AppData\Local\Temp\cctw9eF9.s:788    .text.sys_mutex_free:00000000 sys_mutex_free
C:\Users\hh\AppData\Local\Temp\cctw9eF9.s:813    .text.sys_mutex_lock:00000000 $t
C:\Users\hh\AppData\Local\Temp\cctw9eF9.s:819    .text.sys_mutex_lock:00000000 sys_mutex_lock
C:\Users\hh\AppData\Local\Temp\cctw9eF9.s:845    .text.sys_mutex_unlock:00000000 $t
C:\Users\hh\AppData\Local\Temp\cctw9eF9.s:851    .text.sys_mutex_unlock:00000000 sys_mutex_unlock
C:\Users\hh\AppData\Local\Temp\cctw9eF9.s:876    .text.sys_thread_new:00000000 $t
C:\Users\hh\AppData\Local\Temp\cctw9eF9.s:882    .text.sys_thread_new:00000000 sys_thread_new
C:\Users\hh\AppData\Local\Temp\cctw9eF9.s:943    .text.sys_arch_protect:00000000 $t
C:\Users\hh\AppData\Local\Temp\cctw9eF9.s:949    .text.sys_arch_protect:00000000 sys_arch_protect
C:\Users\hh\AppData\Local\Temp\cctw9eF9.s:973    .text.sys_arch_protect:00000014 $d
C:\Users\hh\AppData\Local\Temp\cctw9eF9.s:978    .text.sys_arch_unprotect:00000000 $t
C:\Users\hh\AppData\Local\Temp\cctw9eF9.s:984    .text.sys_arch_unprotect:00000000 sys_arch_unprotect
C:\Users\hh\AppData\Local\Temp\cctw9eF9.s:1010   .text.sys_arch_unprotect:0000000c $d
C:\Users\hh\AppData\Local\Temp\cctw9eF9.s:1016   .bss.lwip_sys_mutex:00000000 $d
C:\Users\hh\AppData\Local\Temp\cctw9eF9.s:1023   .rodata.Mutex_attributes:00000000 $d

ARM GAS  C:\Users\hh\AppData\Local\Temp\cctw9eF9.s 			page 28
=======
C:\Users\hh\AppData\Local\Temp\cclMRv3N.s:20     .text.sys_mbox_new:00000000 $t
C:\Users\hh\AppData\Local\Temp\cclMRv3N.s:26     .text.sys_mbox_new:00000000 sys_mbox_new
C:\Users\hh\AppData\Local\Temp\cclMRv3N.s:69     .text.sys_mbox_free:00000000 $t
C:\Users\hh\AppData\Local\Temp\cclMRv3N.s:75     .text.sys_mbox_free:00000000 sys_mbox_free
C:\Users\hh\AppData\Local\Temp\cclMRv3N.s:108    .text.sys_mbox_post:00000000 $t
C:\Users\hh\AppData\Local\Temp\cclMRv3N.s:114    .text.sys_mbox_post:00000000 sys_mbox_post
C:\Users\hh\AppData\Local\Temp\cclMRv3N.s:157    .text.sys_mbox_trypost:00000000 $t
C:\Users\hh\AppData\Local\Temp\cclMRv3N.s:163    .text.sys_mbox_trypost:00000000 sys_mbox_trypost
C:\Users\hh\AppData\Local\Temp\cclMRv3N.s:215    .text.sys_mbox_trypost_fromisr:00000000 $t
C:\Users\hh\AppData\Local\Temp\cclMRv3N.s:221    .text.sys_mbox_trypost_fromisr:00000000 sys_mbox_trypost_fromisr
C:\Users\hh\AppData\Local\Temp\cclMRv3N.s:244    .text.sys_arch_mbox_fetch:00000000 $t
C:\Users\hh\AppData\Local\Temp\cclMRv3N.s:250    .text.sys_arch_mbox_fetch:00000000 sys_arch_mbox_fetch
C:\Users\hh\AppData\Local\Temp\cclMRv3N.s:333    .text.sys_arch_mbox_tryfetch:00000000 $t
C:\Users\hh\AppData\Local\Temp\cclMRv3N.s:339    .text.sys_arch_mbox_tryfetch:00000000 sys_arch_mbox_tryfetch
C:\Users\hh\AppData\Local\Temp\cclMRv3N.s:374    .text.sys_mbox_valid:00000000 $t
C:\Users\hh\AppData\Local\Temp\cclMRv3N.s:380    .text.sys_mbox_valid:00000000 sys_mbox_valid
C:\Users\hh\AppData\Local\Temp\cclMRv3N.s:409    .text.sys_mbox_set_invalid:00000000 $t
C:\Users\hh\AppData\Local\Temp\cclMRv3N.s:415    .text.sys_mbox_set_invalid:00000000 sys_mbox_set_invalid
C:\Users\hh\AppData\Local\Temp\cclMRv3N.s:433    .text.sys_sem_new:00000000 $t
C:\Users\hh\AppData\Local\Temp\cclMRv3N.s:439    .text.sys_sem_new:00000000 sys_sem_new
C:\Users\hh\AppData\Local\Temp\cclMRv3N.s:494    .text.sys_arch_sem_wait:00000000 $t
C:\Users\hh\AppData\Local\Temp\cclMRv3N.s:500    .text.sys_arch_sem_wait:00000000 sys_arch_sem_wait
C:\Users\hh\AppData\Local\Temp\cclMRv3N.s:575    .text.sys_sem_signal:00000000 $t
C:\Users\hh\AppData\Local\Temp\cclMRv3N.s:581    .text.sys_sem_signal:00000000 sys_sem_signal
C:\Users\hh\AppData\Local\Temp\cclMRv3N.s:606    .text.sys_sem_free:00000000 $t
C:\Users\hh\AppData\Local\Temp\cclMRv3N.s:612    .text.sys_sem_free:00000000 sys_sem_free
C:\Users\hh\AppData\Local\Temp\cclMRv3N.s:637    .text.sys_sem_valid:00000000 $t
C:\Users\hh\AppData\Local\Temp\cclMRv3N.s:643    .text.sys_sem_valid:00000000 sys_sem_valid
C:\Users\hh\AppData\Local\Temp\cclMRv3N.s:672    .text.sys_sem_set_invalid:00000000 $t
C:\Users\hh\AppData\Local\Temp\cclMRv3N.s:678    .text.sys_sem_set_invalid:00000000 sys_sem_set_invalid
C:\Users\hh\AppData\Local\Temp\cclMRv3N.s:696    .text.sys_init:00000000 $t
C:\Users\hh\AppData\Local\Temp\cclMRv3N.s:702    .text.sys_init:00000000 sys_init
C:\Users\hh\AppData\Local\Temp\cclMRv3N.s:726    .text.sys_init:00000010 $d
C:\Users\hh\AppData\Local\Temp\cclMRv3N.s:1026   .rodata.Mutex_attributes:00000000 Mutex_attributes
C:\Users\hh\AppData\Local\Temp\cclMRv3N.s:1019   .bss.lwip_sys_mutex:00000000 lwip_sys_mutex
C:\Users\hh\AppData\Local\Temp\cclMRv3N.s:732    .text.sys_mutex_new:00000000 $t
C:\Users\hh\AppData\Local\Temp\cclMRv3N.s:738    .text.sys_mutex_new:00000000 sys_mutex_new
C:\Users\hh\AppData\Local\Temp\cclMRv3N.s:777    .text.sys_mutex_new:00000018 $d
C:\Users\hh\AppData\Local\Temp\cclMRv3N.s:782    .text.sys_mutex_free:00000000 $t
C:\Users\hh\AppData\Local\Temp\cclMRv3N.s:788    .text.sys_mutex_free:00000000 sys_mutex_free
C:\Users\hh\AppData\Local\Temp\cclMRv3N.s:813    .text.sys_mutex_lock:00000000 $t
C:\Users\hh\AppData\Local\Temp\cclMRv3N.s:819    .text.sys_mutex_lock:00000000 sys_mutex_lock
C:\Users\hh\AppData\Local\Temp\cclMRv3N.s:845    .text.sys_mutex_unlock:00000000 $t
C:\Users\hh\AppData\Local\Temp\cclMRv3N.s:851    .text.sys_mutex_unlock:00000000 sys_mutex_unlock
C:\Users\hh\AppData\Local\Temp\cclMRv3N.s:876    .text.sys_thread_new:00000000 $t
C:\Users\hh\AppData\Local\Temp\cclMRv3N.s:882    .text.sys_thread_new:00000000 sys_thread_new
C:\Users\hh\AppData\Local\Temp\cclMRv3N.s:943    .text.sys_arch_protect:00000000 $t
C:\Users\hh\AppData\Local\Temp\cclMRv3N.s:949    .text.sys_arch_protect:00000000 sys_arch_protect
C:\Users\hh\AppData\Local\Temp\cclMRv3N.s:973    .text.sys_arch_protect:00000014 $d
C:\Users\hh\AppData\Local\Temp\cclMRv3N.s:978    .text.sys_arch_unprotect:00000000 $t
C:\Users\hh\AppData\Local\Temp\cclMRv3N.s:984    .text.sys_arch_unprotect:00000000 sys_arch_unprotect
C:\Users\hh\AppData\Local\Temp\cclMRv3N.s:1010   .text.sys_arch_unprotect:0000000c $d
C:\Users\hh\AppData\Local\Temp\cclMRv3N.s:1016   .bss.lwip_sys_mutex:00000000 $d
C:\Users\hh\AppData\Local\Temp\cclMRv3N.s:1023   .rodata.Mutex_attributes:00000000 $d

ARM GAS  C:\Users\hh\AppData\Local\Temp\cclMRv3N.s 			page 28
>>>>>>> f4c64959d37a1ca5ac670db93692e329027a8e2d


UNDEFINED SYMBOLS
osMessageQueueNew
osMessageQueueGetCount
osMessageQueueDelete
osMessageQueuePut
osKernelGetTickCount
osMessageQueueGet
osSemaphoreNew
osSemaphoreAcquire
osSemaphoreRelease
osSemaphoreDelete
osMutexNew
osMutexDelete
osMutexAcquire
osMutexRelease
memset
osThreadNew
