ARM GAS  C:\Users\hh\AppData\Local\Temp\ccVPdZih.s 			page 1


   1              		.cpu cortex-m7
   2              		.arch armv7e-m
   3              		.fpu fpv5-d16
   4              		.eabi_attribute 28, 1
   5              		.eabi_attribute 20, 1
   6              		.eabi_attribute 21, 1
   7              		.eabi_attribute 23, 3
   8              		.eabi_attribute 24, 1
   9              		.eabi_attribute 25, 1
  10              		.eabi_attribute 26, 1
  11              		.eabi_attribute 30, 1
  12              		.eabi_attribute 34, 1
  13              		.eabi_attribute 18, 4
  14              		.file	"sysmem.c"
  15              		.text
  16              	.Ltext0:
  17              		.cfi_sections	.debug_frame
  18              		.file 1 "Core/Src/sysmem.c"
  19              		.section	.text._sbrk,"ax",%progbits
  20              		.align	1
  21              		.global	_sbrk
  22              		.syntax unified
  23              		.thumb
  24              		.thumb_func
  26              	_sbrk:
  27              	.LVL0:
  28              	.LFB172:
   1:Core/Src/sysmem.c **** /**
   2:Core/Src/sysmem.c ****  ******************************************************************************
   3:Core/Src/sysmem.c ****  * @file      sysmem.c
   4:Core/Src/sysmem.c ****  * @author    Generated by STM32CubeMX
   5:Core/Src/sysmem.c ****  * @brief     System Memory calls file
   6:Core/Src/sysmem.c ****  *
   7:Core/Src/sysmem.c ****  *            For more information about which C functions
   8:Core/Src/sysmem.c ****  *            need which of these lowlevel functions
   9:Core/Src/sysmem.c ****  *            please consult the Newlib or Picolibc libc manual
  10:Core/Src/sysmem.c ****  ******************************************************************************
  11:Core/Src/sysmem.c ****  * @attention
  12:Core/Src/sysmem.c ****  *
  13:Core/Src/sysmem.c ****  * Copyright (c) 2025 STMicroelectronics.
  14:Core/Src/sysmem.c ****  * All rights reserved.
  15:Core/Src/sysmem.c ****  *
  16:Core/Src/sysmem.c ****  * This software is licensed under terms that can be found in the LICENSE file
  17:Core/Src/sysmem.c ****  * in the root directory of this software component.
  18:Core/Src/sysmem.c ****  * If no LICENSE file comes with this software, it is provided AS-IS.
  19:Core/Src/sysmem.c ****  *
  20:Core/Src/sysmem.c ****  ******************************************************************************
  21:Core/Src/sysmem.c ****  */
  22:Core/Src/sysmem.c **** 
  23:Core/Src/sysmem.c **** /* Includes */
  24:Core/Src/sysmem.c **** #include <errno.h>
  25:Core/Src/sysmem.c **** #include <stdint.h>
  26:Core/Src/sysmem.c **** #include <stddef.h>
  27:Core/Src/sysmem.c **** 
  28:Core/Src/sysmem.c **** /**
  29:Core/Src/sysmem.c ****  * Pointer to the current high watermark of the heap usage
  30:Core/Src/sysmem.c ****  */
ARM GAS  C:\Users\hh\AppData\Local\Temp\ccVPdZih.s 			page 2


  31:Core/Src/sysmem.c **** static uint8_t *__sbrk_heap_end = NULL;
  32:Core/Src/sysmem.c **** 
  33:Core/Src/sysmem.c **** /**
  34:Core/Src/sysmem.c ****  * @brief _sbrk() allocates memory to the newlib heap and is used by malloc
  35:Core/Src/sysmem.c ****  *        and others from the C library
  36:Core/Src/sysmem.c ****  *
  37:Core/Src/sysmem.c ****  * @verbatim
  38:Core/Src/sysmem.c ****  * ############################################################################
  39:Core/Src/sysmem.c ****  * #  .data  #  .bss  #       newlib heap       #          MSP stack          #
  40:Core/Src/sysmem.c ****  * #         #        #                         # Reserved by _Min_Stack_Size #
  41:Core/Src/sysmem.c ****  * ############################################################################
  42:Core/Src/sysmem.c ****  * ^-- RAM start      ^-- _end                             _estack, RAM end --^
  43:Core/Src/sysmem.c ****  * @endverbatim
  44:Core/Src/sysmem.c ****  *
  45:Core/Src/sysmem.c ****  * This implementation starts allocating at the '_end' linker symbol
  46:Core/Src/sysmem.c ****  * The '_Min_Stack_Size' linker symbol reserves a memory for the MSP stack
  47:Core/Src/sysmem.c ****  * The implementation considers '_estack' linker symbol to be RAM end
  48:Core/Src/sysmem.c ****  * NOTE: If the MSP stack, at any point during execution, grows larger than the
  49:Core/Src/sysmem.c ****  * reserved size, please increase the '_Min_Stack_Size'.
  50:Core/Src/sysmem.c ****  *
  51:Core/Src/sysmem.c ****  * @param incr Memory size
  52:Core/Src/sysmem.c ****  * @return Pointer to allocated memory
  53:Core/Src/sysmem.c ****  */
  54:Core/Src/sysmem.c **** void *_sbrk(ptrdiff_t incr)
  55:Core/Src/sysmem.c **** {
  29              		.loc 1 55 1 view -0
  30              		.cfi_startproc
  31              		@ args = 0, pretend = 0, frame = 0
  32              		@ frame_needed = 0, uses_anonymous_args = 0
  33              		@ link register save eliminated.
  34              		.loc 1 55 1 is_stmt 0 view .LVU1
  35 0000 0346     		mov	r3, r0
  56:Core/Src/sysmem.c ****   extern uint8_t _end; /* Symbol defined in the linker script */
  36              		.loc 1 56 3 is_stmt 1 view .LVU2
  57:Core/Src/sysmem.c ****   extern uint8_t _estack; /* Symbol defined in the linker script */
  37              		.loc 1 57 3 view .LVU3
  58:Core/Src/sysmem.c ****   extern uint32_t _Min_Stack_Size; /* Symbol defined in the linker script */
  38              		.loc 1 58 3 view .LVU4
  59:Core/Src/sysmem.c ****   const uint32_t stack_limit = (uint32_t)&_estack - (uint32_t)&_Min_Stack_Size;
  39              		.loc 1 59 3 view .LVU5
  40              	.LVL1:
  60:Core/Src/sysmem.c ****   const uint8_t *max_heap = (uint8_t *)stack_limit;
  41              		.loc 1 60 3 view .LVU6
  59:Core/Src/sysmem.c ****   const uint32_t stack_limit = (uint32_t)&_estack - (uint32_t)&_Min_Stack_Size;
  42              		.loc 1 59 51 is_stmt 0 view .LVU7
  43 0002 0D4A     		ldr	r2, .L7
  44 0004 0D49     		ldr	r1, .L7+4
  45              	.LVL2:
  61:Core/Src/sysmem.c ****   uint8_t *prev_heap_end;
  46              		.loc 1 61 3 is_stmt 1 view .LVU8
  62:Core/Src/sysmem.c **** 
  63:Core/Src/sysmem.c ****   /* Initialize heap end at first call */
  64:Core/Src/sysmem.c ****   if (NULL == __sbrk_heap_end)
  47              		.loc 1 64 3 view .LVU9
  48              		.loc 1 64 12 is_stmt 0 view .LVU10
  49 0006 0E48     		ldr	r0, .L7+8
  50              	.LVL3:
ARM GAS  C:\Users\hh\AppData\Local\Temp\ccVPdZih.s 			page 3


  51              		.loc 1 64 12 view .LVU11
  52 0008 0068     		ldr	r0, [r0]
  53              		.loc 1 64 6 view .LVU12
  54 000a 40B1     		cbz	r0, .L5
  55              	.L2:
  65:Core/Src/sysmem.c ****   {
  66:Core/Src/sysmem.c ****     __sbrk_heap_end = &_end;
  67:Core/Src/sysmem.c ****   }
  68:Core/Src/sysmem.c **** 
  69:Core/Src/sysmem.c ****   /* Protect heap from growing into the reserved MSP stack */
  70:Core/Src/sysmem.c ****   if (__sbrk_heap_end + incr > max_heap)
  56              		.loc 1 70 3 is_stmt 1 view .LVU13
  57              		.loc 1 70 23 is_stmt 0 view .LVU14
  58 000c 0C48     		ldr	r0, .L7+8
  59 000e 0068     		ldr	r0, [r0]
  60 0010 0344     		add	r3, r3, r0
  61              	.LVL4:
  62              		.loc 1 70 6 view .LVU15
  63 0012 521A     		subs	r2, r2, r1
  64 0014 9342     		cmp	r3, r2
  65 0016 08D8     		bhi	.L6
  71:Core/Src/sysmem.c ****   {
  72:Core/Src/sysmem.c ****     errno = ENOMEM;
  73:Core/Src/sysmem.c ****     return (void *)-1;
  74:Core/Src/sysmem.c ****   }
  75:Core/Src/sysmem.c **** 
  76:Core/Src/sysmem.c ****   prev_heap_end = __sbrk_heap_end;
  66              		.loc 1 76 3 is_stmt 1 view .LVU16
  67              	.LVL5:
  77:Core/Src/sysmem.c ****   __sbrk_heap_end += incr;
  68              		.loc 1 77 3 view .LVU17
  69              		.loc 1 77 19 is_stmt 0 view .LVU18
  70 0018 094A     		ldr	r2, .L7+8
  71 001a 1360     		str	r3, [r2]
  78:Core/Src/sysmem.c **** 
  79:Core/Src/sysmem.c ****   return (void *)prev_heap_end;
  72              		.loc 1 79 3 is_stmt 1 view .LVU19
  80:Core/Src/sysmem.c **** }
  73              		.loc 1 80 1 is_stmt 0 view .LVU20
  74 001c 7047     		bx	lr
  75              	.LVL6:
  76              	.L5:
  66:Core/Src/sysmem.c ****   }
  77              		.loc 1 66 5 is_stmt 1 view .LVU21
  66:Core/Src/sysmem.c ****   }
  78              		.loc 1 66 21 is_stmt 0 view .LVU22
  79 001e 0848     		ldr	r0, .L7+8
  80 0020 DFF824C0 		ldr	ip, .L7+16
  81 0024 C0F800C0 		str	ip, [r0]
  82 0028 F0E7     		b	.L2
  83              	.LVL7:
  84              	.L6:
  72:Core/Src/sysmem.c ****     return (void *)-1;
  85              		.loc 1 72 5 is_stmt 1 view .LVU23
  72:Core/Src/sysmem.c ****     return (void *)-1;
  86              		.loc 1 72 11 is_stmt 0 view .LVU24
  87 002a 064B     		ldr	r3, .L7+12
ARM GAS  C:\Users\hh\AppData\Local\Temp\ccVPdZih.s 			page 4


  88 002c 0C22     		movs	r2, #12
  89 002e 1A60     		str	r2, [r3]
  73:Core/Src/sysmem.c ****   }
  90              		.loc 1 73 5 is_stmt 1 view .LVU25
  73:Core/Src/sysmem.c ****   }
  91              		.loc 1 73 12 is_stmt 0 view .LVU26
  92 0030 4FF0FF30 		mov	r0, #-1
  93 0034 7047     		bx	lr
  94              	.L8:
  95 0036 00BF     		.align	2
  96              	.L7:
  97 0038 00000000 		.word	_estack
  98 003c 00000000 		.word	_Min_Stack_Size
  99 0040 00000000 		.word	__sbrk_heap_end
 100 0044 00000000 		.word	errno
 101 0048 00000000 		.word	_end
 102              		.cfi_endproc
 103              	.LFE172:
 105              		.section	.bss.__sbrk_heap_end,"aw",%nobits
 106              		.align	2
 109              	__sbrk_heap_end:
 110 0000 00000000 		.space	4
 111              		.text
 112              	.Letext0:
 113              		.file 2 "C:/Program Files (x86)/ARM/arm-gnu-toolchain-15.2.rel1-mingw-w64-i686-arm-none-eabi/arm-n
 114              		.file 3 "C:/Program Files (x86)/ARM/arm-gnu-toolchain-15.2.rel1-mingw-w64-i686-arm-none-eabi/arm-n
 115              		.file 4 "C:/Program Files (x86)/ARM/arm-gnu-toolchain-15.2.rel1-mingw-w64-i686-arm-none-eabi/lib/g
 116              		.file 5 "Middlewares/Third_Party/LwIP/src/include/lwip/errno.h"
ARM GAS  C:\Users\hh\AppData\Local\Temp\ccVPdZih.s 			page 5


DEFINED SYMBOLS
                            *ABS*:00000000 sysmem.c
C:\Users\hh\AppData\Local\Temp\ccVPdZih.s:20     .text._sbrk:00000000 $t
C:\Users\hh\AppData\Local\Temp\ccVPdZih.s:26     .text._sbrk:00000000 _sbrk
C:\Users\hh\AppData\Local\Temp\ccVPdZih.s:97     .text._sbrk:00000038 $d
C:\Users\hh\AppData\Local\Temp\ccVPdZih.s:109    .bss.__sbrk_heap_end:00000000 __sbrk_heap_end
C:\Users\hh\AppData\Local\Temp\ccVPdZih.s:106    .bss.__sbrk_heap_end:00000000 $d

UNDEFINED SYMBOLS
_estack
_Min_Stack_Size
errno
_end
