ARM GAS  C:\Users\hh\AppData\Local\Temp\ccKiwRcZ.s 			page 1


   1              		.cpu cortex-m7
   2              		.arch armv7e-m
   3              		.fpu fpv5-d16
   4              		.eabi_attribute 28, 1
   5              		.eabi_attribute 20, 1
   6              		.eabi_attribute 21, 1
   7              		.eabi_attribute 23, 3
   8              		.eabi_attribute 24, 1
   9              		.eabi_attribute 25, 1
  10              		.eabi_attribute 26, 1
  11              		.eabi_attribute 30, 1
  12              		.eabi_attribute 34, 1
  13              		.eabi_attribute 18, 4
  14              		.file	"tim.c"
  15              		.text
  16              	.Ltext0:
  17              		.cfi_sections	.debug_frame
  18              		.file 1 "Core/Src/tim.c"
  19              		.section	.text.MX_TIM3_Init,"ax",%progbits
  20              		.align	1
  21              		.global	MX_TIM3_Init
  22              		.syntax unified
  23              		.thumb
  24              		.thumb_func
  26              	MX_TIM3_Init:
  27              	.LFB146:
   1:Core/Src/tim.c **** /* USER CODE BEGIN Header */
   2:Core/Src/tim.c **** /**
   3:Core/Src/tim.c ****   ******************************************************************************
   4:Core/Src/tim.c ****   * @file    tim.c
   5:Core/Src/tim.c ****   * @brief   This file provides code for the configuration
   6:Core/Src/tim.c ****   *          of the TIM instances.
   7:Core/Src/tim.c ****   ******************************************************************************
   8:Core/Src/tim.c ****   * @attention
   9:Core/Src/tim.c ****   *
  10:Core/Src/tim.c ****   * Copyright (c) 2026 STMicroelectronics.
  11:Core/Src/tim.c ****   * All rights reserved.
  12:Core/Src/tim.c ****   *
  13:Core/Src/tim.c ****   * This software is licensed under terms that can be found in the LICENSE file
  14:Core/Src/tim.c ****   * in the root directory of this software component.
  15:Core/Src/tim.c ****   * If no LICENSE file comes with this software, it is provided AS-IS.
  16:Core/Src/tim.c ****   *
  17:Core/Src/tim.c ****   ******************************************************************************
  18:Core/Src/tim.c ****   */
  19:Core/Src/tim.c **** /* USER CODE END Header */
  20:Core/Src/tim.c **** /* Includes ------------------------------------------------------------------*/
  21:Core/Src/tim.c **** #include "tim.h"
  22:Core/Src/tim.c **** 
  23:Core/Src/tim.c **** /* USER CODE BEGIN 0 */
  24:Core/Src/tim.c **** 
  25:Core/Src/tim.c **** /* USER CODE END 0 */
  26:Core/Src/tim.c **** 
  27:Core/Src/tim.c **** TIM_HandleTypeDef htim3;
  28:Core/Src/tim.c **** 
  29:Core/Src/tim.c **** /* TIM3 init function */
  30:Core/Src/tim.c **** void MX_TIM3_Init(void)
  31:Core/Src/tim.c **** {
ARM GAS  C:\Users\hh\AppData\Local\Temp\ccKiwRcZ.s 			page 2


  28              		.loc 1 31 1 view -0
  29              		.cfi_startproc
  30              		@ args = 0, pretend = 0, frame = 32
  31              		@ frame_needed = 0, uses_anonymous_args = 0
  32 0000 00B5     		push	{lr}
  33              	.LCFI0:
  34              		.cfi_def_cfa_offset 4
  35              		.cfi_offset 14, -4
  36 0002 89B0     		sub	sp, sp, #36
  37              	.LCFI1:
  38              		.cfi_def_cfa_offset 40
  32:Core/Src/tim.c **** 
  33:Core/Src/tim.c ****   /* USER CODE BEGIN TIM3_Init 0 */
  34:Core/Src/tim.c **** 
  35:Core/Src/tim.c ****   /* USER CODE END TIM3_Init 0 */
  36:Core/Src/tim.c **** 
  37:Core/Src/tim.c ****   TIM_ClockConfigTypeDef sClockSourceConfig = {0};
  39              		.loc 1 37 3 view .LVU1
  40              		.loc 1 37 26 is_stmt 0 view .LVU2
  41 0004 0023     		movs	r3, #0
  42 0006 0493     		str	r3, [sp, #16]
  43 0008 0593     		str	r3, [sp, #20]
  44 000a 0693     		str	r3, [sp, #24]
  45 000c 0793     		str	r3, [sp, #28]
  38:Core/Src/tim.c ****   TIM_MasterConfigTypeDef sMasterConfig = {0};
  46              		.loc 1 38 3 is_stmt 1 view .LVU3
  47              		.loc 1 38 27 is_stmt 0 view .LVU4
  48 000e 0193     		str	r3, [sp, #4]
  49 0010 0293     		str	r3, [sp, #8]
  50 0012 0393     		str	r3, [sp, #12]
  39:Core/Src/tim.c **** 
  40:Core/Src/tim.c ****   /* USER CODE BEGIN TIM3_Init 1 */
  41:Core/Src/tim.c **** 
  42:Core/Src/tim.c ****   /* USER CODE END TIM3_Init 1 */
  43:Core/Src/tim.c ****   htim3.Instance = TIM3;
  51              		.loc 1 43 3 is_stmt 1 view .LVU5
  52              		.loc 1 43 18 is_stmt 0 view .LVU6
  53 0014 1448     		ldr	r0, .L9
  54 0016 154A     		ldr	r2, .L9+4
  55 0018 0260     		str	r2, [r0]
  44:Core/Src/tim.c ****   htim3.Init.Prescaler = 0;
  56              		.loc 1 44 3 is_stmt 1 view .LVU7
  57              		.loc 1 44 24 is_stmt 0 view .LVU8
  58 001a 4360     		str	r3, [r0, #4]
  45:Core/Src/tim.c ****   htim3.Init.CounterMode = TIM_COUNTERMODE_UP;
  59              		.loc 1 45 3 is_stmt 1 view .LVU9
  60              		.loc 1 45 26 is_stmt 0 view .LVU10
  61 001c 8360     		str	r3, [r0, #8]
  46:Core/Src/tim.c ****   /* Placeholder only. WaveformEngine rewrites PSC/ARR for each sample rate. */
  47:Core/Src/tim.c ****   htim3.Init.Period = 999;
  62              		.loc 1 47 3 is_stmt 1 view .LVU11
  63              		.loc 1 47 21 is_stmt 0 view .LVU12
  64 001e 40F2E732 		movw	r2, #999
  65 0022 C260     		str	r2, [r0, #12]
  48:Core/Src/tim.c ****   htim3.Init.ClockDivision = TIM_CLOCKDIVISION_DIV1;
  66              		.loc 1 48 3 is_stmt 1 view .LVU13
  67              		.loc 1 48 28 is_stmt 0 view .LVU14
ARM GAS  C:\Users\hh\AppData\Local\Temp\ccKiwRcZ.s 			page 3


  68 0024 0361     		str	r3, [r0, #16]
  49:Core/Src/tim.c ****   htim3.Init.AutoReloadPreload = TIM_AUTORELOAD_PRELOAD_ENABLE;
  69              		.loc 1 49 3 is_stmt 1 view .LVU15
  70              		.loc 1 49 32 is_stmt 0 view .LVU16
  71 0026 8023     		movs	r3, #128
  72 0028 8361     		str	r3, [r0, #24]
  50:Core/Src/tim.c ****   if (HAL_TIM_Base_Init(&htim3) != HAL_OK)
  73              		.loc 1 50 3 is_stmt 1 view .LVU17
  74              		.loc 1 50 7 is_stmt 0 view .LVU18
  75 002a FFF7FEFF 		bl	HAL_TIM_Base_Init
  76              	.LVL0:
  77              		.loc 1 50 6 discriminator 1 view .LVU19
  78 002e 90B9     		cbnz	r0, .L6
  79              	.L2:
  51:Core/Src/tim.c ****   {
  52:Core/Src/tim.c ****     Error_Handler();
  53:Core/Src/tim.c ****   }
  54:Core/Src/tim.c ****   sClockSourceConfig.ClockSource = TIM_CLOCKSOURCE_INTERNAL;
  80              		.loc 1 54 3 is_stmt 1 view .LVU20
  81              		.loc 1 54 34 is_stmt 0 view .LVU21
  82 0030 4FF48053 		mov	r3, #4096
  83 0034 0493     		str	r3, [sp, #16]
  55:Core/Src/tim.c ****   if (HAL_TIM_ConfigClockSource(&htim3, &sClockSourceConfig) != HAL_OK)
  84              		.loc 1 55 3 is_stmt 1 view .LVU22
  85              		.loc 1 55 7 is_stmt 0 view .LVU23
  86 0036 04A9     		add	r1, sp, #16
  87 0038 0B48     		ldr	r0, .L9
  88 003a FFF7FEFF 		bl	HAL_TIM_ConfigClockSource
  89              	.LVL1:
  90              		.loc 1 55 6 discriminator 1 view .LVU24
  91 003e 68B9     		cbnz	r0, .L7
  92              	.L3:
  56:Core/Src/tim.c ****   {
  57:Core/Src/tim.c ****     Error_Handler();
  58:Core/Src/tim.c ****   }
  59:Core/Src/tim.c ****   sMasterConfig.MasterOutputTrigger = TIM_TRGO_UPDATE;
  93              		.loc 1 59 3 is_stmt 1 view .LVU25
  94              		.loc 1 59 37 is_stmt 0 view .LVU26
  95 0040 2023     		movs	r3, #32
  96 0042 0193     		str	r3, [sp, #4]
  60:Core/Src/tim.c ****   sMasterConfig.MasterSlaveMode = TIM_MASTERSLAVEMODE_DISABLE;
  97              		.loc 1 60 3 is_stmt 1 view .LVU27
  98              		.loc 1 60 33 is_stmt 0 view .LVU28
  99 0044 0023     		movs	r3, #0
 100 0046 0393     		str	r3, [sp, #12]
  61:Core/Src/tim.c ****   if (HAL_TIMEx_MasterConfigSynchronization(&htim3, &sMasterConfig) != HAL_OK)
 101              		.loc 1 61 3 is_stmt 1 view .LVU29
 102              		.loc 1 61 7 is_stmt 0 view .LVU30
 103 0048 01A9     		add	r1, sp, #4
 104 004a 0748     		ldr	r0, .L9
 105 004c FFF7FEFF 		bl	HAL_TIMEx_MasterConfigSynchronization
 106              	.LVL2:
 107              		.loc 1 61 6 discriminator 1 view .LVU31
 108 0050 38B9     		cbnz	r0, .L8
 109              	.L1:
  62:Core/Src/tim.c ****   {
  63:Core/Src/tim.c ****     Error_Handler();
ARM GAS  C:\Users\hh\AppData\Local\Temp\ccKiwRcZ.s 			page 4


  64:Core/Src/tim.c ****   }
  65:Core/Src/tim.c ****   /* USER CODE BEGIN TIM3_Init 2 */
  66:Core/Src/tim.c **** 
  67:Core/Src/tim.c ****   /* USER CODE END TIM3_Init 2 */
  68:Core/Src/tim.c **** 
  69:Core/Src/tim.c **** }
 110              		.loc 1 69 1 view .LVU32
 111 0052 09B0     		add	sp, sp, #36
 112              	.LCFI2:
 113              		.cfi_remember_state
 114              		.cfi_def_cfa_offset 4
 115              		@ sp needed
 116 0054 00BD     		pop	{pc}
 117              	.L6:
 118              	.LCFI3:
 119              		.cfi_restore_state
  52:Core/Src/tim.c ****   }
 120              		.loc 1 52 5 is_stmt 1 view .LVU33
 121 0056 FFF7FEFF 		bl	Error_Handler
 122              	.LVL3:
 123 005a E9E7     		b	.L2
 124              	.L7:
  57:Core/Src/tim.c ****   }
 125              		.loc 1 57 5 view .LVU34
 126 005c FFF7FEFF 		bl	Error_Handler
 127              	.LVL4:
 128 0060 EEE7     		b	.L3
 129              	.L8:
  63:Core/Src/tim.c ****   }
 130              		.loc 1 63 5 view .LVU35
 131 0062 FFF7FEFF 		bl	Error_Handler
 132              	.LVL5:
 133              		.loc 1 69 1 is_stmt 0 view .LVU36
 134 0066 F4E7     		b	.L1
 135              	.L10:
 136              		.align	2
 137              	.L9:
 138 0068 00000000 		.word	htim3
 139 006c 00040040 		.word	1073742848
 140              		.cfi_endproc
 141              	.LFE146:
 143              		.section	.text.HAL_TIM_Base_MspInit,"ax",%progbits
 144              		.align	1
 145              		.global	HAL_TIM_Base_MspInit
 146              		.syntax unified
 147              		.thumb
 148              		.thumb_func
 150              	HAL_TIM_Base_MspInit:
 151              	.LVL6:
 152              	.LFB147:
  70:Core/Src/tim.c **** 
  71:Core/Src/tim.c **** void HAL_TIM_Base_MspInit(TIM_HandleTypeDef* tim_baseHandle)
  72:Core/Src/tim.c **** {
 153              		.loc 1 72 1 is_stmt 1 view -0
 154              		.cfi_startproc
 155              		@ args = 0, pretend = 0, frame = 8
 156              		@ frame_needed = 0, uses_anonymous_args = 0
ARM GAS  C:\Users\hh\AppData\Local\Temp\ccKiwRcZ.s 			page 5


  73:Core/Src/tim.c **** 
  74:Core/Src/tim.c ****   if(tim_baseHandle->Instance==TIM3)
 157              		.loc 1 74 3 view .LVU38
 158              		.loc 1 74 20 is_stmt 0 view .LVU39
 159 0000 0268     		ldr	r2, [r0]
 160              		.loc 1 74 5 view .LVU40
 161 0002 0E4B     		ldr	r3, .L18
 162 0004 9A42     		cmp	r2, r3
 163 0006 00D0     		beq	.L17
 164 0008 7047     		bx	lr
 165              	.L17:
  72:Core/Src/tim.c **** 
 166              		.loc 1 72 1 view .LVU41
 167 000a 00B5     		push	{lr}
 168              	.LCFI4:
 169              		.cfi_def_cfa_offset 4
 170              		.cfi_offset 14, -4
 171 000c 83B0     		sub	sp, sp, #12
 172              	.LCFI5:
 173              		.cfi_def_cfa_offset 16
  75:Core/Src/tim.c ****   {
  76:Core/Src/tim.c ****   /* USER CODE BEGIN TIM3_MspInit 0 */
  77:Core/Src/tim.c **** 
  78:Core/Src/tim.c ****   /* USER CODE END TIM3_MspInit 0 */
  79:Core/Src/tim.c ****     /* TIM3 clock enable */
  80:Core/Src/tim.c ****     __HAL_RCC_TIM3_CLK_ENABLE();
 174              		.loc 1 80 5 is_stmt 1 view .LVU42
 175              	.LBB2:
 176              		.loc 1 80 5 view .LVU43
 177              		.loc 1 80 5 view .LVU44
 178 000e 0C4B     		ldr	r3, .L18+4
 179 0010 D3F8E820 		ldr	r2, [r3, #232]
 180 0014 42F00202 		orr	r2, r2, #2
 181 0018 C3F8E820 		str	r2, [r3, #232]
 182              		.loc 1 80 5 view .LVU45
 183 001c D3F8E830 		ldr	r3, [r3, #232]
 184 0020 03F00203 		and	r3, r3, #2
 185 0024 0193     		str	r3, [sp, #4]
 186              		.loc 1 80 5 view .LVU46
 187 0026 019B     		ldr	r3, [sp, #4]
 188              	.LBE2:
 189              		.loc 1 80 5 view .LVU47
  81:Core/Src/tim.c **** 
  82:Core/Src/tim.c ****     /* TIM3 interrupt Init */
  83:Core/Src/tim.c ****     HAL_NVIC_SetPriority(TIM3_IRQn, 5, 0);
 190              		.loc 1 83 5 view .LVU48
 191 0028 0022     		movs	r2, #0
 192 002a 0521     		movs	r1, #5
 193 002c 1D20     		movs	r0, #29
 194              	.LVL7:
 195              		.loc 1 83 5 is_stmt 0 view .LVU49
 196 002e FFF7FEFF 		bl	HAL_NVIC_SetPriority
 197              	.LVL8:
  84:Core/Src/tim.c ****     HAL_NVIC_EnableIRQ(TIM3_IRQn);
 198              		.loc 1 84 5 is_stmt 1 view .LVU50
 199 0032 1D20     		movs	r0, #29
 200 0034 FFF7FEFF 		bl	HAL_NVIC_EnableIRQ
ARM GAS  C:\Users\hh\AppData\Local\Temp\ccKiwRcZ.s 			page 6


 201              	.LVL9:
  85:Core/Src/tim.c ****   /* USER CODE BEGIN TIM3_MspInit 1 */
  86:Core/Src/tim.c **** 
  87:Core/Src/tim.c ****   /* USER CODE END TIM3_MspInit 1 */
  88:Core/Src/tim.c ****   }
  89:Core/Src/tim.c **** }
 202              		.loc 1 89 1 is_stmt 0 view .LVU51
 203 0038 03B0     		add	sp, sp, #12
 204              	.LCFI6:
 205              		.cfi_def_cfa_offset 4
 206              		@ sp needed
 207 003a 00BD     		pop	{pc}
 208              	.L19:
 209              		.align	2
 210              	.L18:
 211 003c 00040040 		.word	1073742848
 212 0040 00440258 		.word	1476543488
 213              		.cfi_endproc
 214              	.LFE147:
 216              		.section	.text.HAL_TIM_Base_MspDeInit,"ax",%progbits
 217              		.align	1
 218              		.global	HAL_TIM_Base_MspDeInit
 219              		.syntax unified
 220              		.thumb
 221              		.thumb_func
 223              	HAL_TIM_Base_MspDeInit:
 224              	.LVL10:
 225              	.LFB148:
  90:Core/Src/tim.c **** 
  91:Core/Src/tim.c **** void HAL_TIM_Base_MspDeInit(TIM_HandleTypeDef* tim_baseHandle)
  92:Core/Src/tim.c **** {
 226              		.loc 1 92 1 is_stmt 1 view -0
 227              		.cfi_startproc
 228              		@ args = 0, pretend = 0, frame = 0
 229              		@ frame_needed = 0, uses_anonymous_args = 0
 230              		.loc 1 92 1 is_stmt 0 view .LVU53
 231 0000 08B5     		push	{r3, lr}
 232              	.LCFI7:
 233              		.cfi_def_cfa_offset 8
 234              		.cfi_offset 3, -8
 235              		.cfi_offset 14, -4
  93:Core/Src/tim.c **** 
  94:Core/Src/tim.c ****   if(tim_baseHandle->Instance==TIM3)
 236              		.loc 1 94 3 is_stmt 1 view .LVU54
 237              		.loc 1 94 20 is_stmt 0 view .LVU55
 238 0002 0268     		ldr	r2, [r0]
 239              		.loc 1 94 5 view .LVU56
 240 0004 074B     		ldr	r3, .L24
 241 0006 9A42     		cmp	r2, r3
 242 0008 00D0     		beq	.L23
 243              	.LVL11:
 244              	.L20:
  95:Core/Src/tim.c ****   {
  96:Core/Src/tim.c ****   /* USER CODE BEGIN TIM3_MspDeInit 0 */
  97:Core/Src/tim.c **** 
  98:Core/Src/tim.c ****   /* USER CODE END TIM3_MspDeInit 0 */
  99:Core/Src/tim.c ****     /* Peripheral clock disable */
ARM GAS  C:\Users\hh\AppData\Local\Temp\ccKiwRcZ.s 			page 7


 100:Core/Src/tim.c ****     __HAL_RCC_TIM3_CLK_DISABLE();
 101:Core/Src/tim.c **** 
 102:Core/Src/tim.c ****     /* TIM3 interrupt Deinit */
 103:Core/Src/tim.c ****     HAL_NVIC_DisableIRQ(TIM3_IRQn);
 104:Core/Src/tim.c ****   /* USER CODE BEGIN TIM3_MspDeInit 1 */
 105:Core/Src/tim.c **** 
 106:Core/Src/tim.c ****   /* USER CODE END TIM3_MspDeInit 1 */
 107:Core/Src/tim.c ****   }
 108:Core/Src/tim.c **** }
 245              		.loc 1 108 1 view .LVU57
 246 000a 08BD     		pop	{r3, pc}
 247              	.LVL12:
 248              	.L23:
 100:Core/Src/tim.c **** 
 249              		.loc 1 100 5 is_stmt 1 view .LVU58
 250 000c 064A     		ldr	r2, .L24+4
 251 000e D2F8E830 		ldr	r3, [r2, #232]
 252 0012 23F00203 		bic	r3, r3, #2
 253 0016 C2F8E830 		str	r3, [r2, #232]
 103:Core/Src/tim.c ****   /* USER CODE BEGIN TIM3_MspDeInit 1 */
 254              		.loc 1 103 5 view .LVU59
 255 001a 1D20     		movs	r0, #29
 256              	.LVL13:
 103:Core/Src/tim.c ****   /* USER CODE BEGIN TIM3_MspDeInit 1 */
 257              		.loc 1 103 5 is_stmt 0 view .LVU60
 258 001c FFF7FEFF 		bl	HAL_NVIC_DisableIRQ
 259              	.LVL14:
 260              		.loc 1 108 1 view .LVU61
 261 0020 F3E7     		b	.L20
 262              	.L25:
 263 0022 00BF     		.align	2
 264              	.L24:
 265 0024 00040040 		.word	1073742848
 266 0028 00440258 		.word	1476543488
 267              		.cfi_endproc
 268              	.LFE148:
 270              		.global	htim3
 271              		.section	.bss.htim3,"aw",%nobits
 272              		.align	2
 275              	htim3:
 276 0000 00000000 		.space	76
 276      00000000 
 276      00000000 
 276      00000000 
 276      00000000 
 277              		.text
 278              	.Letext0:
 279              		.file 2 "Drivers/CMSIS/Device/ST/STM32H7xx/Include/stm32h743xx.h"
 280              		.file 3 "C:/Program Files (x86)/ARM/arm-gnu-toolchain-15.2.rel1-mingw-w64-i686-arm-none-eabi/arm-n
 281              		.file 4 "C:/Program Files (x86)/ARM/arm-gnu-toolchain-15.2.rel1-mingw-w64-i686-arm-none-eabi/arm-n
 282              		.file 5 "Drivers/STM32H7xx_HAL_Driver/Inc/stm32h7xx_hal_def.h"
 283              		.file 6 "Drivers/STM32H7xx_HAL_Driver/Inc/stm32h7xx_hal_dma.h"
 284              		.file 7 "Drivers/STM32H7xx_HAL_Driver/Inc/stm32h7xx_hal_tim.h"
 285              		.file 8 "Drivers/STM32H7xx_HAL_Driver/Inc/stm32h7xx_hal_cortex.h"
 286              		.file 9 "Drivers/STM32H7xx_HAL_Driver/Inc/stm32h7xx_hal_tim_ex.h"
 287              		.file 10 "Core/Inc/tim.h"
 288              		.file 11 "Core/Inc/main.h"
ARM GAS  C:\Users\hh\AppData\Local\Temp\ccKiwRcZ.s 			page 8


ARM GAS  C:\Users\hh\AppData\Local\Temp\ccKiwRcZ.s 			page 9


DEFINED SYMBOLS
                            *ABS*:00000000 tim.c
C:\Users\hh\AppData\Local\Temp\ccKiwRcZ.s:20     .text.MX_TIM3_Init:00000000 $t
C:\Users\hh\AppData\Local\Temp\ccKiwRcZ.s:26     .text.MX_TIM3_Init:00000000 MX_TIM3_Init
C:\Users\hh\AppData\Local\Temp\ccKiwRcZ.s:138    .text.MX_TIM3_Init:00000068 $d
C:\Users\hh\AppData\Local\Temp\ccKiwRcZ.s:275    .bss.htim3:00000000 htim3
C:\Users\hh\AppData\Local\Temp\ccKiwRcZ.s:144    .text.HAL_TIM_Base_MspInit:00000000 $t
C:\Users\hh\AppData\Local\Temp\ccKiwRcZ.s:150    .text.HAL_TIM_Base_MspInit:00000000 HAL_TIM_Base_MspInit
C:\Users\hh\AppData\Local\Temp\ccKiwRcZ.s:211    .text.HAL_TIM_Base_MspInit:0000003c $d
C:\Users\hh\AppData\Local\Temp\ccKiwRcZ.s:217    .text.HAL_TIM_Base_MspDeInit:00000000 $t
C:\Users\hh\AppData\Local\Temp\ccKiwRcZ.s:223    .text.HAL_TIM_Base_MspDeInit:00000000 HAL_TIM_Base_MspDeInit
C:\Users\hh\AppData\Local\Temp\ccKiwRcZ.s:265    .text.HAL_TIM_Base_MspDeInit:00000024 $d
C:\Users\hh\AppData\Local\Temp\ccKiwRcZ.s:272    .bss.htim3:00000000 $d

UNDEFINED SYMBOLS
HAL_TIM_Base_Init
HAL_TIM_ConfigClockSource
HAL_TIMEx_MasterConfigSynchronization
Error_Handler
HAL_NVIC_SetPriority
HAL_NVIC_EnableIRQ
HAL_NVIC_DisableIRQ
