ARM GAS  C:\Users\hh\AppData\Local\Temp\ccMiZc3E.s 			page 1


   1              		.cpu cortex-m7
   2              		.arch armv7e-m
   3              		.fpu fpv5-d16
   4              		.eabi_attribute 28, 1
   5              		.eabi_attribute 20, 1
   6              		.eabi_attribute 21, 1
   7              		.eabi_attribute 23, 3
   8              		.eabi_attribute 24, 1
   9              		.eabi_attribute 25, 1
  10              		.eabi_attribute 26, 1
  11              		.eabi_attribute 30, 1
  12              		.eabi_attribute 34, 1
  13              		.eabi_attribute 18, 4
  14              		.file	"waveform_gen.c"
  15              		.text
  16              	.Ltext0:
  17              		.cfi_sections	.debug_frame
  18              		.file 1 "App/Src/waveform_gen.c"
  19              		.section	.text.WaveformGen_IsValidCell,"ax",%progbits
  20              		.align	1
  21              		.syntax unified
  22              		.thumb
  23              		.thumb_func
  25              	WaveformGen_IsValidCell:
  26              	.LVL0:
  27              	.LFB146:
   1:App/Src/waveform_gen.c **** #include "waveform_gen.h"
   2:App/Src/waveform_gen.c **** 
   3:App/Src/waveform_gen.c **** #include "voltage_sim.h"
   4:App/Src/waveform_gen.c **** 
   5:App/Src/waveform_gen.c **** #define WAVEFORM_GEN_MIN_PERIOD_MS 2U
   6:App/Src/waveform_gen.c **** #define WAVEFORM_GEN_SINE_TABLE_SIZE 64U
   7:App/Src/waveform_gen.c **** 
   8:App/Src/waveform_gen.c **** static const int16_t sineTableQ15[WAVEFORM_GEN_SINE_TABLE_SIZE] = {
   9:App/Src/waveform_gen.c ****   0, 3212, 6393, 9512, 12539, 15446, 18204, 20787,
  10:App/Src/waveform_gen.c ****   23170, 25329, 27245, 28898, 30273, 31357, 32138, 32610,
  11:App/Src/waveform_gen.c ****   32767, 32610, 32138, 31357, 30273, 28898, 27245, 25329,
  12:App/Src/waveform_gen.c ****   23170, 20787, 18204, 15446, 12539, 9512, 6393, 3212,
  13:App/Src/waveform_gen.c ****   0, -3212, -6393, -9512, -12539, -15446, -18204, -20787,
  14:App/Src/waveform_gen.c ****   -23170, -25329, -27245, -28898, -30273, -31357, -32138, -32610,
  15:App/Src/waveform_gen.c ****   -32767, -32610, -32138, -31357, -30273, -28898, -27245, -25329,
  16:App/Src/waveform_gen.c ****   -23170, -20787, -18204, -15446, -12539, -9512, -6393, -3212
  17:App/Src/waveform_gen.c **** };
  18:App/Src/waveform_gen.c **** 
  19:App/Src/waveform_gen.c **** static WaveformGen_Status waveformStatus;
  20:App/Src/waveform_gen.c **** static uint32_t waveformStartMs;
  21:App/Src/waveform_gen.c **** static uint16_t waveformLastOutputMv;
  22:App/Src/waveform_gen.c **** 
  23:App/Src/waveform_gen.c **** static uint8_t WaveformGen_IsValidCell(uint8_t cell)
  24:App/Src/waveform_gen.c **** {
  28              		.loc 1 24 1 view -0
  29              		.cfi_startproc
  30              		@ args = 0, pretend = 0, frame = 0
  31              		@ frame_needed = 0, uses_anonymous_args = 0
  32              		@ link register save eliminated.
  25:App/Src/waveform_gen.c ****   return ((cell >= 1U) && (cell <= VOLTAGE_SIM_CELL_COUNT)) ? 1U : 0U;
  33              		.loc 1 25 3 view .LVU1
ARM GAS  C:\Users\hh\AppData\Local\Temp\ccMiZc3E.s 			page 2


  34              		.loc 1 25 24 is_stmt 0 view .LVU2
  35 0000 0138     		subs	r0, r0, #1
  36              	.LVL1:
  37              		.loc 1 25 24 view .LVU3
  38 0002 C0B2     		uxtb	r0, r0
  39              	.LVL2:
  40              		.loc 1 25 66 view .LVU4
  41 0004 0C28     		cmp	r0, #12
  42 0006 01D8     		bhi	.L3
  43              		.loc 1 25 66 discriminator 1 view .LVU5
  44 0008 0120     		movs	r0, #1
  45 000a 7047     		bx	lr
  46              	.L3:
  47              		.loc 1 25 66 discriminator 2 view .LVU6
  48 000c 0020     		movs	r0, #0
  26:App/Src/waveform_gen.c **** }
  49              		.loc 1 26 1 view .LVU7
  50 000e 7047     		bx	lr
  51              		.cfi_endproc
  52              	.LFE146:
  54              		.section	.text.WaveformGen_IsValidVoltage,"ax",%progbits
  55              		.align	1
  56              		.syntax unified
  57              		.thumb
  58              		.thumb_func
  60              	WaveformGen_IsValidVoltage:
  61              	.LVL3:
  62              	.LFB147:
  27:App/Src/waveform_gen.c **** 
  28:App/Src/waveform_gen.c **** static uint8_t WaveformGen_IsValidVoltage(uint16_t millivolts)
  29:App/Src/waveform_gen.c **** {
  63              		.loc 1 29 1 is_stmt 1 view -0
  64              		.cfi_startproc
  65              		@ args = 0, pretend = 0, frame = 0
  66              		@ frame_needed = 0, uses_anonymous_args = 0
  67              		@ link register save eliminated.
  30:App/Src/waveform_gen.c ****   return ((millivolts >= VOLTAGE_SIM_MIN_MV) && (millivolts <= VOLTAGE_SIM_MAX_MV)) ? 1U : 0U;
  68              		.loc 1 30 3 view .LVU9
  69              		.loc 1 30 46 is_stmt 0 view .LVU10
  70 0000 A0F5FA70 		sub	r0, r0, #500
  71              	.LVL4:
  72              		.loc 1 30 46 view .LVU11
  73 0004 80B2     		uxth	r0, r0
  74              	.LVL5:
  75              		.loc 1 30 90 view .LVU12
  76 0006 41F29413 		movw	r3, #4500
  77 000a 9842     		cmp	r0, r3
  78 000c 01D8     		bhi	.L6
  79              		.loc 1 30 90 discriminator 1 view .LVU13
  80 000e 0120     		movs	r0, #1
  81 0010 7047     		bx	lr
  82              	.L6:
  83              		.loc 1 30 90 discriminator 2 view .LVU14
  84 0012 0020     		movs	r0, #0
  31:App/Src/waveform_gen.c **** }
  85              		.loc 1 31 1 view .LVU15
  86 0014 7047     		bx	lr
ARM GAS  C:\Users\hh\AppData\Local\Temp\ccMiZc3E.s 			page 3


  87              		.cfi_endproc
  88              	.LFE147:
  90              		.section	.text.WaveformGen_Start,"ax",%progbits
  91              		.align	1
  92              		.syntax unified
  93              		.thumb
  94              		.thumb_func
  96              	WaveformGen_Start:
  97              	.LFB148:
  32:App/Src/waveform_gen.c **** 
  33:App/Src/waveform_gen.c **** static HAL_StatusTypeDef WaveformGen_Start(void)
  34:App/Src/waveform_gen.c **** {
  98              		.loc 1 34 1 is_stmt 1 view -0
  99              		.cfi_startproc
 100              		@ args = 0, pretend = 0, frame = 0
 101              		@ frame_needed = 0, uses_anonymous_args = 0
 102 0000 08B5     		push	{r3, lr}
 103              	.LCFI0:
 104              		.cfi_def_cfa_offset 8
 105              		.cfi_offset 3, -8
 106              		.cfi_offset 14, -4
  35:App/Src/waveform_gen.c ****   waveformStartMs = HAL_GetTick();
 107              		.loc 1 35 3 view .LVU17
 108              		.loc 1 35 21 is_stmt 0 view .LVU18
 109 0002 FFF7FEFF 		bl	HAL_GetTick
 110              	.LVL6:
 111              		.loc 1 35 19 discriminator 1 view .LVU19
 112 0006 054B     		ldr	r3, .L9
 113 0008 1860     		str	r0, [r3]
  36:App/Src/waveform_gen.c ****   waveformLastOutputMv = 0U;
 114              		.loc 1 36 3 is_stmt 1 view .LVU20
 115              		.loc 1 36 24 is_stmt 0 view .LVU21
 116 000a 0020     		movs	r0, #0
 117 000c 044B     		ldr	r3, .L9+4
 118 000e 1880     		strh	r0, [r3]	@ movhi
  37:App/Src/waveform_gen.c ****   waveformStatus.active = 1U;
 119              		.loc 1 37 3 is_stmt 1 view .LVU22
 120              		.loc 1 37 25 is_stmt 0 view .LVU23
 121 0010 044B     		ldr	r3, .L9+8
 122 0012 0122     		movs	r2, #1
 123 0014 5A70     		strb	r2, [r3, #1]
  38:App/Src/waveform_gen.c ****   waveformStatus.lastMillivolts = 0U;
 124              		.loc 1 38 3 is_stmt 1 view .LVU24
 125              		.loc 1 38 33 is_stmt 0 view .LVU25
 126 0016 1882     		strh	r0, [r3, #16]	@ movhi
  39:App/Src/waveform_gen.c **** 
  40:App/Src/waveform_gen.c ****   return HAL_OK;
 127              		.loc 1 40 3 is_stmt 1 view .LVU26
  41:App/Src/waveform_gen.c **** }
 128              		.loc 1 41 1 is_stmt 0 view .LVU27
 129 0018 08BD     		pop	{r3, pc}
 130              	.L10:
 131 001a 00BF     		.align	2
 132              	.L9:
 133 001c 00000000 		.word	waveformStartMs
 134 0020 00000000 		.word	waveformLastOutputMv
 135 0024 00000000 		.word	waveformStatus
ARM GAS  C:\Users\hh\AppData\Local\Temp\ccMiZc3E.s 			page 4


 136              		.cfi_endproc
 137              	.LFE148:
 139              		.section	.text.WaveformGen_StartSquare,"ax",%progbits
 140              		.align	1
 141              		.global	WaveformGen_StartSquare
 142              		.syntax unified
 143              		.thumb
 144              		.thumb_func
 146              	WaveformGen_StartSquare:
 147              	.LVL7:
 148              	.LFB149:
  42:App/Src/waveform_gen.c **** 
  43:App/Src/waveform_gen.c **** HAL_StatusTypeDef WaveformGen_StartSquare(uint8_t cell,
  44:App/Src/waveform_gen.c ****                                           uint16_t lowMillivolts,
  45:App/Src/waveform_gen.c ****                                           uint16_t highMillivolts,
  46:App/Src/waveform_gen.c ****                                           uint32_t periodMs)
  47:App/Src/waveform_gen.c **** {
 149              		.loc 1 47 1 is_stmt 1 view -0
 150              		.cfi_startproc
 151              		@ args = 0, pretend = 0, frame = 0
 152              		@ frame_needed = 0, uses_anonymous_args = 0
 153              		.loc 1 47 1 is_stmt 0 view .LVU29
 154 0000 F8B5     		push	{r3, r4, r5, r6, r7, lr}
 155              	.LCFI1:
 156              		.cfi_def_cfa_offset 24
 157              		.cfi_offset 3, -24
 158              		.cfi_offset 4, -20
 159              		.cfi_offset 5, -16
 160              		.cfi_offset 6, -12
 161              		.cfi_offset 7, -8
 162              		.cfi_offset 14, -4
 163 0002 0746     		mov	r7, r0
 164 0004 0C46     		mov	r4, r1
 165 0006 1546     		mov	r5, r2
 166 0008 1E46     		mov	r6, r3
  48:App/Src/waveform_gen.c ****   if ((WaveformGen_IsValidCell(cell) == 0U) ||
 167              		.loc 1 48 3 is_stmt 1 view .LVU30
 168              		.loc 1 48 8 is_stmt 0 view .LVU31
 169 000a FFF7FEFF 		bl	WaveformGen_IsValidCell
 170              	.LVL8:
 171              		.loc 1 48 6 discriminator 1 view .LVU32
 172 000e E0B1     		cbz	r0, .L13
  49:App/Src/waveform_gen.c ****       (WaveformGen_IsValidVoltage(lowMillivolts) == 0U) ||
 173              		.loc 1 49 8 view .LVU33
 174 0010 2046     		mov	r0, r4
 175 0012 FFF7FEFF 		bl	WaveformGen_IsValidVoltage
 176              	.LVL9:
  48:App/Src/waveform_gen.c ****   if ((WaveformGen_IsValidCell(cell) == 0U) ||
 177              		.loc 1 48 45 discriminator 2 view .LVU34
 178 0016 D0B1     		cbz	r0, .L14
  50:App/Src/waveform_gen.c ****       (WaveformGen_IsValidVoltage(highMillivolts) == 0U) ||
 179              		.loc 1 50 8 view .LVU35
 180 0018 2846     		mov	r0, r5
 181 001a FFF7FEFF 		bl	WaveformGen_IsValidVoltage
 182              	.LVL10:
  49:App/Src/waveform_gen.c ****       (WaveformGen_IsValidVoltage(lowMillivolts) == 0U) ||
 183              		.loc 1 49 57 view .LVU36
ARM GAS  C:\Users\hh\AppData\Local\Temp\ccMiZc3E.s 			page 5


 184 001e C0B1     		cbz	r0, .L15
  51:App/Src/waveform_gen.c ****       (lowMillivolts >= highMillivolts) ||
  52:App/Src/waveform_gen.c ****       (periodMs < WAVEFORM_GEN_MIN_PERIOD_MS))
 185              		.loc 1 52 17 view .LVU37
 186 0020 012E     		cmp	r6, #1
 187 0022 8CBF     		ite	hi
 188 0024 0023     		movhi	r3, #0
 189 0026 0123     		movls	r3, #1
  51:App/Src/waveform_gen.c ****       (lowMillivolts >= highMillivolts) ||
 190              		.loc 1 51 41 view .LVU38
 191 0028 2046     		mov	r0, r4
 192 002a AC42     		cmp	r4, r5
 193 002c 13D2     		bcs	.L16
 194 002e 93B9     		cbnz	r3, .L16
  53:App/Src/waveform_gen.c ****   {
  54:App/Src/waveform_gen.c ****     return HAL_ERROR;
  55:App/Src/waveform_gen.c ****   }
  56:App/Src/waveform_gen.c **** 
  57:App/Src/waveform_gen.c ****   waveformStatus.type = WAVEFORM_GEN_SQUARE;
 195              		.loc 1 57 3 is_stmt 1 view .LVU39
 196              		.loc 1 57 23 is_stmt 0 view .LVU40
 197 0030 0A4B     		ldr	r3, .L18
 198 0032 0122     		movs	r2, #1
 199 0034 1A70     		strb	r2, [r3]
  58:App/Src/waveform_gen.c ****   waveformStatus.cell = cell;
 200              		.loc 1 58 3 is_stmt 1 view .LVU41
 201              		.loc 1 58 23 is_stmt 0 view .LVU42
 202 0036 9F70     		strb	r7, [r3, #2]
  59:App/Src/waveform_gen.c ****   waveformStatus.lowMillivolts = lowMillivolts;
 203              		.loc 1 59 3 is_stmt 1 view .LVU43
 204              		.loc 1 59 32 is_stmt 0 view .LVU44
 205 0038 9880     		strh	r0, [r3, #4]	@ movhi
  60:App/Src/waveform_gen.c ****   waveformStatus.highMillivolts = highMillivolts;
 206              		.loc 1 60 3 is_stmt 1 view .LVU45
 207              		.loc 1 60 33 is_stmt 0 view .LVU46
 208 003a DD80     		strh	r5, [r3, #6]	@ movhi
  61:App/Src/waveform_gen.c ****   waveformStatus.offsetMillivolts = 0U;
 209              		.loc 1 61 3 is_stmt 1 view .LVU47
 210              		.loc 1 61 35 is_stmt 0 view .LVU48
 211 003c 0022     		movs	r2, #0
 212 003e 1A81     		strh	r2, [r3, #8]	@ movhi
  62:App/Src/waveform_gen.c ****   waveformStatus.amplitudeMillivolts = 0U;
 213              		.loc 1 62 3 is_stmt 1 view .LVU49
 214              		.loc 1 62 38 is_stmt 0 view .LVU50
 215 0040 5A81     		strh	r2, [r3, #10]	@ movhi
  63:App/Src/waveform_gen.c ****   waveformStatus.periodMs = periodMs;
 216              		.loc 1 63 3 is_stmt 1 view .LVU51
 217              		.loc 1 63 27 is_stmt 0 view .LVU52
 218 0042 DE60     		str	r6, [r3, #12]
  64:App/Src/waveform_gen.c **** 
  65:App/Src/waveform_gen.c ****   return WaveformGen_Start();
 219              		.loc 1 65 3 is_stmt 1 view .LVU53
 220              		.loc 1 65 10 is_stmt 0 view .LVU54
 221 0044 FFF7FEFF 		bl	WaveformGen_Start
 222              	.LVL11:
 223 0048 00E0     		b	.L12
 224              	.L13:
ARM GAS  C:\Users\hh\AppData\Local\Temp\ccMiZc3E.s 			page 6


  54:App/Src/waveform_gen.c ****   }
 225              		.loc 1 54 12 view .LVU55
 226 004a 0120     		movs	r0, #1
 227              	.L12:
  66:App/Src/waveform_gen.c **** }
 228              		.loc 1 66 1 view .LVU56
 229 004c F8BD     		pop	{r3, r4, r5, r6, r7, pc}
 230              	.LVL12:
 231              	.L14:
  54:App/Src/waveform_gen.c ****   }
 232              		.loc 1 54 12 view .LVU57
 233 004e 0120     		movs	r0, #1
 234 0050 FCE7     		b	.L12
 235              	.L15:
 236 0052 0120     		movs	r0, #1
 237 0054 FAE7     		b	.L12
 238              	.L16:
 239 0056 0120     		movs	r0, #1
 240 0058 F8E7     		b	.L12
 241              	.L19:
 242 005a 00BF     		.align	2
 243              	.L18:
 244 005c 00000000 		.word	waveformStatus
 245              		.cfi_endproc
 246              	.LFE149:
 248              		.section	.text.WaveformGen_StartSine,"ax",%progbits
 249              		.align	1
 250              		.global	WaveformGen_StartSine
 251              		.syntax unified
 252              		.thumb
 253              		.thumb_func
 255              	WaveformGen_StartSine:
 256              	.LVL13:
 257              	.LFB150:
  67:App/Src/waveform_gen.c **** 
  68:App/Src/waveform_gen.c **** HAL_StatusTypeDef WaveformGen_StartSine(uint8_t cell,
  69:App/Src/waveform_gen.c ****                                         uint16_t offsetMillivolts,
  70:App/Src/waveform_gen.c ****                                         uint16_t amplitudeMillivolts,
  71:App/Src/waveform_gen.c ****                                         uint32_t periodMs)
  72:App/Src/waveform_gen.c **** {
 258              		.loc 1 72 1 is_stmt 1 view -0
 259              		.cfi_startproc
 260              		@ args = 0, pretend = 0, frame = 0
 261              		@ frame_needed = 0, uses_anonymous_args = 0
 262              		.loc 1 72 1 is_stmt 0 view .LVU59
 263 0000 2DE9F843 		push	{r3, r4, r5, r6, r7, r8, r9, lr}
 264              	.LCFI2:
 265              		.cfi_def_cfa_offset 32
 266              		.cfi_offset 3, -32
 267              		.cfi_offset 4, -28
 268              		.cfi_offset 5, -24
 269              		.cfi_offset 6, -20
 270              		.cfi_offset 7, -16
 271              		.cfi_offset 8, -12
 272              		.cfi_offset 9, -8
 273              		.cfi_offset 14, -4
 274 0004 0C46     		mov	r4, r1
ARM GAS  C:\Users\hh\AppData\Local\Temp\ccMiZc3E.s 			page 7


 275 0006 1546     		mov	r5, r2
 276 0008 9946     		mov	r9, r3
  73:App/Src/waveform_gen.c ****   uint32_t minMv;
 277              		.loc 1 73 3 is_stmt 1 view .LVU60
  74:App/Src/waveform_gen.c ****   uint32_t maxMv;
 278              		.loc 1 74 3 view .LVU61
  75:App/Src/waveform_gen.c **** 
  76:App/Src/waveform_gen.c ****   minMv = (offsetMillivolts > amplitudeMillivolts) ?
 279              		.loc 1 76 3 view .LVU62
  77:App/Src/waveform_gen.c ****           ((uint32_t)offsetMillivolts - amplitudeMillivolts) :
 280              		.loc 1 77 62 is_stmt 0 view .LVU63
 281 000a 9142     		cmp	r1, r2
 282 000c 29D9     		bls	.L23
  76:App/Src/waveform_gen.c ****           ((uint32_t)offsetMillivolts - amplitudeMillivolts) :
 283              		.loc 1 76 9 view .LVU64
 284 000e 8B1A     		subs	r3, r1, r2
 285              	.LVL14:
  76:App/Src/waveform_gen.c ****           ((uint32_t)offsetMillivolts - amplitudeMillivolts) :
 286              		.loc 1 76 9 view .LVU65
 287 0010 9846     		mov	r8, r3
 288              	.LVL15:
 289              	.L21:
  78:App/Src/waveform_gen.c ****           0U;
  79:App/Src/waveform_gen.c ****   maxMv = (uint32_t)offsetMillivolts + amplitudeMillivolts;
 290              		.loc 1 79 3 is_stmt 1 view .LVU66
 291              		.loc 1 79 9 is_stmt 0 view .LVU67
 292 0012 6619     		adds	r6, r4, r5
 293              	.LVL16:
  80:App/Src/waveform_gen.c **** 
  81:App/Src/waveform_gen.c ****   if ((WaveformGen_IsValidCell(cell) == 0U) ||
 294              		.loc 1 81 3 is_stmt 1 view .LVU68
 295              		.loc 1 81 8 is_stmt 0 view .LVU69
 296 0014 0746     		mov	r7, r0
 297 0016 FFF7FEFF 		bl	WaveformGen_IsValidCell
 298              	.LVL17:
 299              		.loc 1 81 6 discriminator 1 view .LVU70
 300 001a 28B3     		cbz	r0, .L24
  82:App/Src/waveform_gen.c ****       (WaveformGen_IsValidVoltage(offsetMillivolts) == 0U) ||
 301              		.loc 1 82 8 view .LVU71
 302 001c 2046     		mov	r0, r4
 303 001e FFF7FEFF 		bl	WaveformGen_IsValidVoltage
 304              	.LVL18:
  81:App/Src/waveform_gen.c ****       (WaveformGen_IsValidVoltage(offsetMillivolts) == 0U) ||
 305              		.loc 1 81 45 discriminator 2 view .LVU72
 306 0022 20B3     		cbz	r0, .L25
  83:App/Src/waveform_gen.c ****       (amplitudeMillivolts == 0U) ||
  84:App/Src/waveform_gen.c ****       (minMv < VOLTAGE_SIM_MIN_MV) ||
 307              		.loc 1 84 14 view .LVU73
 308 0024 B8F5FA7F 		cmp	r8, #500
 309 0028 2CBF     		ite	cs
 310 002a 0022     		movcs	r2, #0
 311 002c 0122     		movcc	r2, #1
  83:App/Src/waveform_gen.c ****       (amplitudeMillivolts == 0U) ||
 312              		.loc 1 83 35 view .LVU74
 313 002e 05B3     		cbz	r5, .L26
 314 0030 FAB9     		cbnz	r2, .L26
  85:App/Src/waveform_gen.c ****       (maxMv > VOLTAGE_SIM_MAX_MV) ||
ARM GAS  C:\Users\hh\AppData\Local\Temp\ccMiZc3E.s 			page 8


  86:App/Src/waveform_gen.c ****       (periodMs < WAVEFORM_GEN_MIN_PERIOD_MS))
 315              		.loc 1 86 17 view .LVU75
 316 0032 4946     		mov	r1, r9
 317 0034 0129     		cmp	r1, #1
 318 0036 8CBF     		ite	hi
 319 0038 0022     		movhi	r2, #0
 320 003a 0122     		movls	r2, #1
  85:App/Src/waveform_gen.c ****       (maxMv > VOLTAGE_SIM_MAX_MV) ||
 321              		.loc 1 85 36 view .LVU76
 322 003c 41F28833 		movw	r3, #5000
 323 0040 9E42     		cmp	r6, r3
 324 0042 18D8     		bhi	.L27
 325              	.LVL19:
  85:App/Src/waveform_gen.c ****       (maxMv > VOLTAGE_SIM_MAX_MV) ||
 326              		.loc 1 85 36 view .LVU77
 327 0044 BAB9     		cbnz	r2, .L27
  87:App/Src/waveform_gen.c ****   {
  88:App/Src/waveform_gen.c ****     return HAL_ERROR;
  89:App/Src/waveform_gen.c ****   }
  90:App/Src/waveform_gen.c **** 
  91:App/Src/waveform_gen.c ****   waveformStatus.type = WAVEFORM_GEN_SINE;
 328              		.loc 1 91 3 is_stmt 1 view .LVU78
 329              		.loc 1 91 23 is_stmt 0 view .LVU79
 330 0046 0D4B     		ldr	r3, .L29
 331 0048 0222     		movs	r2, #2
 332 004a 1A70     		strb	r2, [r3]
  92:App/Src/waveform_gen.c ****   waveformStatus.cell = cell;
 333              		.loc 1 92 3 is_stmt 1 view .LVU80
 334              		.loc 1 92 23 is_stmt 0 view .LVU81
 335 004c 9F70     		strb	r7, [r3, #2]
  93:App/Src/waveform_gen.c ****   waveformStatus.lowMillivolts = 0U;
 336              		.loc 1 93 3 is_stmt 1 view .LVU82
 337              		.loc 1 93 32 is_stmt 0 view .LVU83
 338 004e 0022     		movs	r2, #0
 339 0050 9A80     		strh	r2, [r3, #4]	@ movhi
  94:App/Src/waveform_gen.c ****   waveformStatus.highMillivolts = 0U;
 340              		.loc 1 94 3 is_stmt 1 view .LVU84
 341              		.loc 1 94 33 is_stmt 0 view .LVU85
 342 0052 DA80     		strh	r2, [r3, #6]	@ movhi
  95:App/Src/waveform_gen.c ****   waveformStatus.offsetMillivolts = offsetMillivolts;
 343              		.loc 1 95 3 is_stmt 1 view .LVU86
 344              		.loc 1 95 35 is_stmt 0 view .LVU87
 345 0054 1C81     		strh	r4, [r3, #8]	@ movhi
  96:App/Src/waveform_gen.c ****   waveformStatus.amplitudeMillivolts = amplitudeMillivolts;
 346              		.loc 1 96 3 is_stmt 1 view .LVU88
 347              		.loc 1 96 38 is_stmt 0 view .LVU89
 348 0056 5D81     		strh	r5, [r3, #10]	@ movhi
  97:App/Src/waveform_gen.c ****   waveformStatus.periodMs = periodMs;
 349              		.loc 1 97 3 is_stmt 1 view .LVU90
 350              		.loc 1 97 27 is_stmt 0 view .LVU91
 351 0058 C3F80C90 		str	r9, [r3, #12]
  98:App/Src/waveform_gen.c **** 
  99:App/Src/waveform_gen.c ****   return WaveformGen_Start();
 352              		.loc 1 99 3 is_stmt 1 view .LVU92
 353              		.loc 1 99 10 is_stmt 0 view .LVU93
 354 005c FFF7FEFF 		bl	WaveformGen_Start
 355              	.LVL20:
ARM GAS  C:\Users\hh\AppData\Local\Temp\ccMiZc3E.s 			page 9


 356              		.loc 1 99 10 view .LVU94
 357 0060 03E0     		b	.L22
 358              	.LVL21:
 359              	.L23:
  76:App/Src/waveform_gen.c ****           ((uint32_t)offsetMillivolts - amplitudeMillivolts) :
 360              		.loc 1 76 9 view .LVU95
 361 0062 0023     		movs	r3, #0
 362              	.LVL22:
  76:App/Src/waveform_gen.c ****           ((uint32_t)offsetMillivolts - amplitudeMillivolts) :
 363              		.loc 1 76 9 view .LVU96
 364 0064 9846     		mov	r8, r3
 365 0066 D4E7     		b	.L21
 366              	.LVL23:
 367              	.L24:
  88:App/Src/waveform_gen.c ****   }
 368              		.loc 1 88 12 view .LVU97
 369 0068 0120     		movs	r0, #1
 370              	.L22:
 100:App/Src/waveform_gen.c **** }
 371              		.loc 1 100 1 view .LVU98
 372 006a BDE8F883 		pop	{r3, r4, r5, r6, r7, r8, r9, pc}
 373              	.LVL24:
 374              	.L25:
  88:App/Src/waveform_gen.c ****   }
 375              		.loc 1 88 12 view .LVU99
 376 006e 0120     		movs	r0, #1
 377 0070 FBE7     		b	.L22
 378              	.L26:
 379 0072 0120     		movs	r0, #1
 380 0074 F9E7     		b	.L22
 381              	.LVL25:
 382              	.L27:
  88:App/Src/waveform_gen.c ****   }
 383              		.loc 1 88 12 view .LVU100
 384 0076 0120     		movs	r0, #1
 385 0078 F7E7     		b	.L22
 386              	.L30:
 387 007a 00BF     		.align	2
 388              	.L29:
 389 007c 00000000 		.word	waveformStatus
 390              		.cfi_endproc
 391              	.LFE150:
 393              		.section	.text.WaveformGen_Stop,"ax",%progbits
 394              		.align	1
 395              		.global	WaveformGen_Stop
 396              		.syntax unified
 397              		.thumb
 398              		.thumb_func
 400              	WaveformGen_Stop:
 401              	.LFB151:
 101:App/Src/waveform_gen.c **** 
 102:App/Src/waveform_gen.c **** void WaveformGen_Stop(void)
 103:App/Src/waveform_gen.c **** {
 402              		.loc 1 103 1 is_stmt 1 view -0
 403              		.cfi_startproc
 404              		@ args = 0, pretend = 0, frame = 0
 405              		@ frame_needed = 0, uses_anonymous_args = 0
ARM GAS  C:\Users\hh\AppData\Local\Temp\ccMiZc3E.s 			page 10


 406              		@ link register save eliminated.
 104:App/Src/waveform_gen.c ****   waveformStatus.active = 0U;
 407              		.loc 1 104 3 view .LVU102
 408              		.loc 1 104 25 is_stmt 0 view .LVU103
 409 0000 024B     		ldr	r3, .L32
 410 0002 0022     		movs	r2, #0
 411 0004 5A70     		strb	r2, [r3, #1]
 105:App/Src/waveform_gen.c ****   waveformStatus.type = WAVEFORM_GEN_NONE;
 412              		.loc 1 105 3 is_stmt 1 view .LVU104
 413              		.loc 1 105 23 is_stmt 0 view .LVU105
 414 0006 1A70     		strb	r2, [r3]
 106:App/Src/waveform_gen.c **** }
 415              		.loc 1 106 1 view .LVU106
 416 0008 7047     		bx	lr
 417              	.L33:
 418 000a 00BF     		.align	2
 419              	.L32:
 420 000c 00000000 		.word	waveformStatus
 421              		.cfi_endproc
 422              	.LFE151:
 424              		.section	.text.WaveformGen_Process,"ax",%progbits
 425              		.align	1
 426              		.global	WaveformGen_Process
 427              		.syntax unified
 428              		.thumb
 429              		.thumb_func
 431              	WaveformGen_Process:
 432              	.LVL26:
 433              	.LFB152:
 107:App/Src/waveform_gen.c **** 
 108:App/Src/waveform_gen.c **** HAL_StatusTypeDef WaveformGen_Process(uint32_t nowMs)
 109:App/Src/waveform_gen.c **** {
 434              		.loc 1 109 1 is_stmt 1 view -0
 435              		.cfi_startproc
 436              		@ args = 0, pretend = 0, frame = 0
 437              		@ frame_needed = 0, uses_anonymous_args = 0
 438              		.loc 1 109 1 is_stmt 0 view .LVU108
 439 0000 0346     		mov	r3, r0
 110:App/Src/waveform_gen.c ****   uint32_t phaseMs;
 440              		.loc 1 110 3 is_stmt 1 view .LVU109
 111:App/Src/waveform_gen.c ****   uint16_t outputMv;
 441              		.loc 1 111 3 view .LVU110
 112:App/Src/waveform_gen.c **** 
 113:App/Src/waveform_gen.c ****   if (waveformStatus.active == 0U)
 442              		.loc 1 113 3 view .LVU111
 443              		.loc 1 113 21 is_stmt 0 view .LVU112
 444 0002 264A     		ldr	r2, .L48
 445 0004 5078     		ldrb	r0, [r2, #1]	@ zero_extendqisi2
 446              	.LVL27:
 447              		.loc 1 113 6 view .LVU113
 448 0006 0028     		cmp	r0, #0
 449 0008 46D0     		beq	.L43
 109:App/Src/waveform_gen.c ****   uint32_t phaseMs;
 450              		.loc 1 109 1 view .LVU114
 451 000a 10B5     		push	{r4, lr}
 452              	.LCFI3:
 453              		.cfi_def_cfa_offset 8
ARM GAS  C:\Users\hh\AppData\Local\Temp\ccMiZc3E.s 			page 11


 454              		.cfi_offset 4, -8
 455              		.cfi_offset 14, -4
 114:App/Src/waveform_gen.c ****   {
 115:App/Src/waveform_gen.c ****     return HAL_OK;
 116:App/Src/waveform_gen.c ****   }
 117:App/Src/waveform_gen.c **** 
 118:App/Src/waveform_gen.c ****   phaseMs = (nowMs - waveformStartMs) % waveformStatus.periodMs;
 456              		.loc 1 118 3 is_stmt 1 view .LVU115
 457              		.loc 1 118 20 is_stmt 0 view .LVU116
 458 000c 244A     		ldr	r2, .L48+4
 459 000e 1068     		ldr	r0, [r2]
 460 0010 181A     		subs	r0, r3, r0
 461              		.loc 1 118 55 view .LVU117
 462 0012 224A     		ldr	r2, .L48
 463 0014 D368     		ldr	r3, [r2, #12]
 464              	.LVL28:
 465              		.loc 1 118 11 view .LVU118
 466 0016 B0FBF3F1 		udiv	r1, r0, r3
 467 001a 03FB1100 		mls	r0, r3, r1, r0
 468              	.LVL29:
 119:App/Src/waveform_gen.c **** 
 120:App/Src/waveform_gen.c ****   if (waveformStatus.type == WAVEFORM_GEN_SQUARE)
 469              		.loc 1 120 3 is_stmt 1 view .LVU119
 470              		.loc 1 120 21 is_stmt 0 view .LVU120
 471 001e 1278     		ldrb	r2, [r2]	@ zero_extendqisi2
 472              		.loc 1 120 6 view .LVU121
 473 0020 012A     		cmp	r2, #1
 474 0022 26D0     		beq	.L46
 121:App/Src/waveform_gen.c ****   {
 122:App/Src/waveform_gen.c ****     outputMv = (phaseMs < (waveformStatus.periodMs / 2U)) ?
 123:App/Src/waveform_gen.c ****                waveformStatus.lowMillivolts :
 124:App/Src/waveform_gen.c ****                waveformStatus.highMillivolts;
 125:App/Src/waveform_gen.c ****   }
 126:App/Src/waveform_gen.c ****   else if (waveformStatus.type == WAVEFORM_GEN_SINE)
 475              		.loc 1 126 8 is_stmt 1 view .LVU122
 476              		.loc 1 126 11 is_stmt 0 view .LVU123
 477 0024 022A     		cmp	r2, #2
 478 0026 33D1     		bne	.L40
 479              	.LBB2:
 127:App/Src/waveform_gen.c ****   {
 128:App/Src/waveform_gen.c ****     uint32_t tableIndex = (phaseMs * WAVEFORM_GEN_SINE_TABLE_SIZE) / waveformStatus.periodMs;
 480              		.loc 1 128 5 is_stmt 1 view .LVU124
 481              		.loc 1 128 36 is_stmt 0 view .LVU125
 482 0028 8001     		lsls	r0, r0, #6
 483              	.LVL30:
 484              		.loc 1 128 14 view .LVU126
 485 002a B0FBF3F0 		udiv	r0, r0, r3
 486              	.LVL31:
 129:App/Src/waveform_gen.c ****     int32_t scaled = ((int32_t)waveformStatus.amplitudeMillivolts *
 487              		.loc 1 129 5 is_stmt 1 view .LVU127
 488              		.loc 1 129 46 is_stmt 0 view .LVU128
 489 002e 1B49     		ldr	r1, .L48
 490              	.LVL32:
 491              		.loc 1 129 46 view .LVU129
 492 0030 4B89     		ldrh	r3, [r1, #10]
 493              	.LVL33:
 130:App/Src/waveform_gen.c ****                       sineTableQ15[tableIndex]) / 32767;
ARM GAS  C:\Users\hh\AppData\Local\Temp\ccMiZc3E.s 			page 12


 494              		.loc 1 130 35 view .LVU130
 495 0032 1C4A     		ldr	r2, .L48+8
 496 0034 32F91020 		ldrsh	r2, [r2, r0, lsl #1]
 129:App/Src/waveform_gen.c ****     int32_t scaled = ((int32_t)waveformStatus.amplitudeMillivolts *
 497              		.loc 1 129 67 view .LVU131
 498 0038 02FB03F3 		mul	r3, r2, r3
 129:App/Src/waveform_gen.c ****     int32_t scaled = ((int32_t)waveformStatus.amplitudeMillivolts *
 499              		.loc 1 129 13 view .LVU132
 500 003c 1A4A     		ldr	r2, .L48+12
 501 003e 82FB0302 		smull	r0, r2, r2, r3
 502              	.LVL34:
 129:App/Src/waveform_gen.c ****     int32_t scaled = ((int32_t)waveformStatus.amplitudeMillivolts *
 503              		.loc 1 129 13 view .LVU133
 504 0042 1A44     		add	r2, r2, r3
 505 0044 DB17     		asrs	r3, r3, #31
 506 0046 C3EBA233 		rsb	r3, r3, r2, asr #14
 507              	.LVL35:
 131:App/Src/waveform_gen.c **** 
 132:App/Src/waveform_gen.c ****     outputMv = (uint16_t)((int32_t)waveformStatus.offsetMillivolts + scaled);
 508              		.loc 1 132 5 is_stmt 1 view .LVU134
 509              		.loc 1 132 50 is_stmt 0 view .LVU135
 510 004a 0A89     		ldrh	r2, [r1, #8]
 511              		.loc 1 132 14 view .LVU136
 512 004c 12FA83F3 		uxtah	r3, r2, r3
 513              	.LVL36:
 514              		.loc 1 132 14 view .LVU137
 515 0050 9BB2     		uxth	r3, r3
 516 0052 1C46     		mov	r4, r3
 517              	.LVL37:
 518              	.L38:
 519              		.loc 1 132 14 view .LVU138
 520              	.LBE2:
 133:App/Src/waveform_gen.c ****   }
 134:App/Src/waveform_gen.c ****   else
 135:App/Src/waveform_gen.c ****   {
 136:App/Src/waveform_gen.c ****     return HAL_OK;
 137:App/Src/waveform_gen.c ****   }
 138:App/Src/waveform_gen.c **** 
 139:App/Src/waveform_gen.c ****   if (outputMv == waveformLastOutputMv)
 521              		.loc 1 139 3 is_stmt 1 view .LVU139
 522              		.loc 1 139 16 is_stmt 0 view .LVU140
 523 0054 154B     		ldr	r3, .L48+16
 524 0056 1B88     		ldrh	r3, [r3]
 525              		.loc 1 139 6 view .LVU141
 526 0058 A342     		cmp	r3, r4
 527 005a 1BD0     		beq	.L41
 140:App/Src/waveform_gen.c ****   {
 141:App/Src/waveform_gen.c ****     return HAL_OK;
 142:App/Src/waveform_gen.c ****   }
 143:App/Src/waveform_gen.c **** 
 144:App/Src/waveform_gen.c ****   if (VoltageSim_SetCellVoltageMv(waveformStatus.cell, outputMv) != HAL_OK)
 528              		.loc 1 144 3 is_stmt 1 view .LVU142
 529              		.loc 1 144 7 is_stmt 0 view .LVU143
 530 005c 2146     		mov	r1, r4
 531 005e 0F4B     		ldr	r3, .L48
 532 0060 9878     		ldrb	r0, [r3, #2]	@ zero_extendqisi2
 533 0062 FFF7FEFF 		bl	VoltageSim_SetCellVoltageMv
ARM GAS  C:\Users\hh\AppData\Local\Temp\ccMiZc3E.s 			page 13


 534              	.LVL38:
 535              		.loc 1 144 6 discriminator 1 view .LVU144
 536 0066 78B9     		cbnz	r0, .L47
 145:App/Src/waveform_gen.c ****   {
 146:App/Src/waveform_gen.c ****     WaveformGen_Stop();
 147:App/Src/waveform_gen.c ****     return HAL_ERROR;
 148:App/Src/waveform_gen.c ****   }
 149:App/Src/waveform_gen.c **** 
 150:App/Src/waveform_gen.c ****   waveformLastOutputMv = outputMv;
 537              		.loc 1 150 3 is_stmt 1 view .LVU145
 538              		.loc 1 150 24 is_stmt 0 view .LVU146
 539 0068 104B     		ldr	r3, .L48+16
 540 006a 1C80     		strh	r4, [r3]	@ movhi
 151:App/Src/waveform_gen.c ****   waveformStatus.lastMillivolts = outputMv;
 541              		.loc 1 151 3 is_stmt 1 view .LVU147
 542              		.loc 1 151 33 is_stmt 0 view .LVU148
 543 006c 0B4B     		ldr	r3, .L48
 544 006e 1C82     		strh	r4, [r3, #16]	@ movhi
 152:App/Src/waveform_gen.c ****   return HAL_OK;
 545              		.loc 1 152 3 is_stmt 1 view .LVU149
 546              	.LVL39:
 547              	.L35:
 153:App/Src/waveform_gen.c **** }
 548              		.loc 1 153 1 is_stmt 0 view .LVU150
 549 0070 10BD     		pop	{r4, pc}
 550              	.LVL40:
 551              	.L46:
 122:App/Src/waveform_gen.c ****                waveformStatus.lowMillivolts :
 552              		.loc 1 122 5 is_stmt 1 view .LVU151
 122:App/Src/waveform_gen.c ****                waveformStatus.lowMillivolts :
 553              		.loc 1 122 14 is_stmt 0 view .LVU152
 554 0072 B0EB530F 		cmp	r0, r3, lsr #1
 555 0076 03D2     		bcs	.L37
 122:App/Src/waveform_gen.c ****                waveformStatus.lowMillivolts :
 556              		.loc 1 122 14 discriminator 1 view .LVU153
 557 0078 084B     		ldr	r3, .L48
 558 007a 9B88     		ldrh	r3, [r3, #4]
 559 007c 1C46     		mov	r4, r3
 560              	.LVL41:
 122:App/Src/waveform_gen.c ****                waveformStatus.lowMillivolts :
 561              		.loc 1 122 14 discriminator 1 view .LVU154
 562 007e E9E7     		b	.L38
 563              	.LVL42:
 564              	.L37:
 122:App/Src/waveform_gen.c ****                waveformStatus.lowMillivolts :
 565              		.loc 1 122 14 discriminator 2 view .LVU155
 566 0080 064B     		ldr	r3, .L48
 567 0082 DB88     		ldrh	r3, [r3, #6]
 568 0084 1C46     		mov	r4, r3
 569              	.LVL43:
 122:App/Src/waveform_gen.c ****                waveformStatus.lowMillivolts :
 570              		.loc 1 122 14 discriminator 2 view .LVU156
 571 0086 E5E7     		b	.L38
 572              	.LVL44:
 573              	.L47:
 146:App/Src/waveform_gen.c ****     return HAL_ERROR;
 574              		.loc 1 146 5 is_stmt 1 view .LVU157
ARM GAS  C:\Users\hh\AppData\Local\Temp\ccMiZc3E.s 			page 14


 575 0088 FFF7FEFF 		bl	WaveformGen_Stop
 576              	.LVL45:
 147:App/Src/waveform_gen.c ****   }
 577              		.loc 1 147 5 view .LVU158
 147:App/Src/waveform_gen.c ****   }
 578              		.loc 1 147 12 is_stmt 0 view .LVU159
 579 008c 0120     		movs	r0, #1
 580 008e EFE7     		b	.L35
 581              	.LVL46:
 582              	.L40:
 136:App/Src/waveform_gen.c ****   }
 583              		.loc 1 136 12 view .LVU160
 584 0090 0020     		movs	r0, #0
 585              	.LVL47:
 136:App/Src/waveform_gen.c ****   }
 586              		.loc 1 136 12 view .LVU161
 587 0092 EDE7     		b	.L35
 588              	.LVL48:
 589              	.L41:
 141:App/Src/waveform_gen.c ****   }
 590              		.loc 1 141 12 view .LVU162
 591 0094 0020     		movs	r0, #0
 592 0096 EBE7     		b	.L35
 593              	.LVL49:
 594              	.L43:
 595              	.LCFI4:
 596              		.cfi_def_cfa_offset 0
 597              		.cfi_restore 4
 598              		.cfi_restore 14
 599              		.loc 1 153 1 view .LVU163
 600 0098 7047     		bx	lr
 601              	.L49:
 602 009a 00BF     		.align	2
 603              	.L48:
 604 009c 00000000 		.word	waveformStatus
 605 00a0 00000000 		.word	waveformStartMs
 606 00a4 00000000 		.word	sineTableQ15
 607 00a8 03000180 		.word	-2147418109
 608 00ac 00000000 		.word	waveformLastOutputMv
 609              		.cfi_endproc
 610              	.LFE152:
 612              		.section	.text.WaveformGen_GetStatus,"ax",%progbits
 613              		.align	1
 614              		.global	WaveformGen_GetStatus
 615              		.syntax unified
 616              		.thumb
 617              		.thumb_func
 619              	WaveformGen_GetStatus:
 620              	.LVL50:
 621              	.LFB153:
 154:App/Src/waveform_gen.c **** 
 155:App/Src/waveform_gen.c **** WaveformGen_Status WaveformGen_GetStatus(void)
 156:App/Src/waveform_gen.c **** {
 622              		.loc 1 156 1 is_stmt 1 view -0
 623              		.cfi_startproc
 624              		@ args = 0, pretend = 0, frame = 0
 625              		@ frame_needed = 0, uses_anonymous_args = 0
ARM GAS  C:\Users\hh\AppData\Local\Temp\ccMiZc3E.s 			page 15


 626              		.loc 1 156 1 is_stmt 0 view .LVU165
 627 0000 10B5     		push	{r4, lr}
 628              	.LCFI5:
 629              		.cfi_def_cfa_offset 8
 630              		.cfi_offset 4, -8
 631              		.cfi_offset 14, -4
 632 0002 0446     		mov	r4, r0
 157:App/Src/waveform_gen.c ****   return waveformStatus;
 633              		.loc 1 157 3 is_stmt 1 view .LVU166
 634              		.loc 1 157 10 is_stmt 0 view .LVU167
 635 0004 8446     		mov	ip, r0
 636 0006 DFF818E0 		ldr	lr, .L52
 637 000a BEE80F00 		ldmia	lr!, {r0, r1, r2, r3}
 638              	.LVL51:
 639              		.loc 1 157 10 view .LVU168
 640 000e ACE80F00 		stmia	ip!, {r0, r1, r2, r3}
 641 0012 DEF80030 		ldr	r3, [lr]
 642 0016 CCF80030 		str	r3, [ip]
 158:App/Src/waveform_gen.c **** }
 643              		.loc 1 158 1 view .LVU169
 644 001a 2046     		mov	r0, r4
 645 001c 10BD     		pop	{r4, pc}
 646              	.LVL52:
 647              	.L53:
 648              		.loc 1 158 1 view .LVU170
 649 001e 00BF     		.align	2
 650              	.L52:
 651 0020 00000000 		.word	waveformStatus
 652              		.cfi_endproc
 653              	.LFE153:
 655              		.section	.rodata.WaveformGen_GetTypeName.str1.4,"aMS",%progbits,1
 656              		.align	2
 657              	.LC0:
 658 0000 73717561 		.ascii	"square\000"
 658      726500
 659 0007 00       		.align	2
 660              	.LC1:
 661 0008 73696E65 		.ascii	"sine\000"
 661      00
 662 000d 000000   		.align	2
 663              	.LC2:
 664 0010 6E6F6E65 		.ascii	"none\000"
 664      00
 665              		.section	.text.WaveformGen_GetTypeName,"ax",%progbits
 666              		.align	1
 667              		.global	WaveformGen_GetTypeName
 668              		.syntax unified
 669              		.thumb
 670              		.thumb_func
 672              	WaveformGen_GetTypeName:
 673              	.LVL53:
 674              	.LFB154:
 159:App/Src/waveform_gen.c **** 
 160:App/Src/waveform_gen.c **** const char *WaveformGen_GetTypeName(WaveformGen_Type type)
 161:App/Src/waveform_gen.c **** {
 675              		.loc 1 161 1 is_stmt 1 view -0
 676              		.cfi_startproc
ARM GAS  C:\Users\hh\AppData\Local\Temp\ccMiZc3E.s 			page 16


 677              		@ args = 0, pretend = 0, frame = 0
 678              		@ frame_needed = 0, uses_anonymous_args = 0
 679              		@ link register save eliminated.
 162:App/Src/waveform_gen.c ****   switch (type)
 680              		.loc 1 162 3 view .LVU172
 681 0000 0128     		cmp	r0, #1
 682 0002 03D0     		beq	.L56
 683 0004 0228     		cmp	r0, #2
 684 0006 03D1     		bne	.L57
 163:App/Src/waveform_gen.c ****   {
 164:App/Src/waveform_gen.c ****     case WAVEFORM_GEN_SQUARE:
 165:App/Src/waveform_gen.c ****       return "square";
 166:App/Src/waveform_gen.c **** 
 167:App/Src/waveform_gen.c ****     case WAVEFORM_GEN_SINE:
 168:App/Src/waveform_gen.c ****       return "sine";
 685              		.loc 1 168 14 is_stmt 0 view .LVU173
 686 0008 0248     		ldr	r0, .L58
 687              	.LVL54:
 688              		.loc 1 168 14 view .LVU174
 689 000a 7047     		bx	lr
 690              	.LVL55:
 691              	.L56:
 162:App/Src/waveform_gen.c ****   switch (type)
 692              		.loc 1 162 3 view .LVU175
 693 000c 0248     		ldr	r0, .L58+4
 694              	.LVL56:
 162:App/Src/waveform_gen.c ****   switch (type)
 695              		.loc 1 162 3 view .LVU176
 696 000e 7047     		bx	lr
 697              	.LVL57:
 698              	.L57:
 169:App/Src/waveform_gen.c **** 
 170:App/Src/waveform_gen.c ****     case WAVEFORM_GEN_NONE:
 171:App/Src/waveform_gen.c ****     default:
 172:App/Src/waveform_gen.c ****       return "none";
 699              		.loc 1 172 14 view .LVU177
 700 0010 0248     		ldr	r0, .L58+8
 701              	.LVL58:
 173:App/Src/waveform_gen.c ****   }
 174:App/Src/waveform_gen.c **** }
 702              		.loc 1 174 1 view .LVU178
 703 0012 7047     		bx	lr
 704              	.L59:
 705              		.align	2
 706              	.L58:
 707 0014 08000000 		.word	.LC1
 708 0018 00000000 		.word	.LC0
 709 001c 10000000 		.word	.LC2
 710              		.cfi_endproc
 711              	.LFE154:
 713              		.section	.bss.waveformLastOutputMv,"aw",%nobits
 714              		.align	1
 717              	waveformLastOutputMv:
 718 0000 0000     		.space	2
 719              		.section	.bss.waveformStartMs,"aw",%nobits
 720              		.align	2
 723              	waveformStartMs:
ARM GAS  C:\Users\hh\AppData\Local\Temp\ccMiZc3E.s 			page 17


 724 0000 00000000 		.space	4
 725              		.section	.bss.waveformStatus,"aw",%nobits
 726              		.align	2
 729              	waveformStatus:
 730 0000 00000000 		.space	20
 730      00000000 
 730      00000000 
 730      00000000 
 730      00000000 
 731              		.section	.rodata.sineTableQ15,"a"
 732              		.align	2
 735              	sineTableQ15:
 736 0000 0000     		.short	0
 737 0002 8C0C     		.short	3212
 738 0004 F918     		.short	6393
 739 0006 2825     		.short	9512
 740 0008 FB30     		.short	12539
 741 000a 563C     		.short	15446
 742 000c 1C47     		.short	18204
 743 000e 3351     		.short	20787
 744 0010 825A     		.short	23170
 745 0012 F162     		.short	25329
 746 0014 6D6A     		.short	27245
 747 0016 E270     		.short	28898
 748 0018 4176     		.short	30273
 749 001a 7D7A     		.short	31357
 750 001c 8A7D     		.short	32138
 751 001e 627F     		.short	32610
 752 0020 FF7F     		.short	32767
 753 0022 627F     		.short	32610
 754 0024 8A7D     		.short	32138
 755 0026 7D7A     		.short	31357
 756 0028 4176     		.short	30273
 757 002a E270     		.short	28898
 758 002c 6D6A     		.short	27245
 759 002e F162     		.short	25329
 760 0030 825A     		.short	23170
 761 0032 3351     		.short	20787
 762 0034 1C47     		.short	18204
 763 0036 563C     		.short	15446
 764 0038 FB30     		.short	12539
 765 003a 2825     		.short	9512
 766 003c F918     		.short	6393
 767 003e 8C0C     		.short	3212
 768 0040 0000     		.short	0
 769 0042 74F3     		.short	-3212
 770 0044 07E7     		.short	-6393
 771 0046 D8DA     		.short	-9512
 772 0048 05CF     		.short	-12539
 773 004a AAC3     		.short	-15446
 774 004c E4B8     		.short	-18204
 775 004e CDAE     		.short	-20787
 776 0050 7EA5     		.short	-23170
 777 0052 0F9D     		.short	-25329
 778 0054 9395     		.short	-27245
 779 0056 1E8F     		.short	-28898
 780 0058 BF89     		.short	-30273
ARM GAS  C:\Users\hh\AppData\Local\Temp\ccMiZc3E.s 			page 18


 781 005a 8385     		.short	-31357
 782 005c 7682     		.short	-32138
 783 005e 9E80     		.short	-32610
 784 0060 0180     		.short	-32767
 785 0062 9E80     		.short	-32610
 786 0064 7682     		.short	-32138
 787 0066 8385     		.short	-31357
 788 0068 BF89     		.short	-30273
 789 006a 1E8F     		.short	-28898
 790 006c 9395     		.short	-27245
 791 006e 0F9D     		.short	-25329
 792 0070 7EA5     		.short	-23170
 793 0072 CDAE     		.short	-20787
 794 0074 E4B8     		.short	-18204
 795 0076 AAC3     		.short	-15446
 796 0078 05CF     		.short	-12539
 797 007a D8DA     		.short	-9512
 798 007c 07E7     		.short	-6393
 799 007e 74F3     		.short	-3212
 800              		.text
 801              	.Letext0:
 802              		.file 2 "C:/Program Files (x86)/ARM/arm-gnu-toolchain-15.2.rel1-mingw-w64-i686-arm-none-eabi/arm-n
 803              		.file 3 "C:/Program Files (x86)/ARM/arm-gnu-toolchain-15.2.rel1-mingw-w64-i686-arm-none-eabi/arm-n
 804              		.file 4 "Drivers/STM32H7xx_HAL_Driver/Inc/stm32h7xx_hal_def.h"
 805              		.file 5 "App/Inc/waveform_gen.h"
 806              		.file 6 "App/Inc/voltage_sim.h"
 807              		.file 7 "Drivers/STM32H7xx_HAL_Driver/Inc/stm32h7xx_hal.h"
ARM GAS  C:\Users\hh\AppData\Local\Temp\ccMiZc3E.s 			page 19


DEFINED SYMBOLS
                            *ABS*:00000000 waveform_gen.c
C:\Users\hh\AppData\Local\Temp\ccMiZc3E.s:20     .text.WaveformGen_IsValidCell:00000000 $t
C:\Users\hh\AppData\Local\Temp\ccMiZc3E.s:25     .text.WaveformGen_IsValidCell:00000000 WaveformGen_IsValidCell
C:\Users\hh\AppData\Local\Temp\ccMiZc3E.s:55     .text.WaveformGen_IsValidVoltage:00000000 $t
C:\Users\hh\AppData\Local\Temp\ccMiZc3E.s:60     .text.WaveformGen_IsValidVoltage:00000000 WaveformGen_IsValidVoltage
C:\Users\hh\AppData\Local\Temp\ccMiZc3E.s:91     .text.WaveformGen_Start:00000000 $t
C:\Users\hh\AppData\Local\Temp\ccMiZc3E.s:96     .text.WaveformGen_Start:00000000 WaveformGen_Start
C:\Users\hh\AppData\Local\Temp\ccMiZc3E.s:133    .text.WaveformGen_Start:0000001c $d
C:\Users\hh\AppData\Local\Temp\ccMiZc3E.s:723    .bss.waveformStartMs:00000000 waveformStartMs
C:\Users\hh\AppData\Local\Temp\ccMiZc3E.s:717    .bss.waveformLastOutputMv:00000000 waveformLastOutputMv
C:\Users\hh\AppData\Local\Temp\ccMiZc3E.s:729    .bss.waveformStatus:00000000 waveformStatus
C:\Users\hh\AppData\Local\Temp\ccMiZc3E.s:140    .text.WaveformGen_StartSquare:00000000 $t
C:\Users\hh\AppData\Local\Temp\ccMiZc3E.s:146    .text.WaveformGen_StartSquare:00000000 WaveformGen_StartSquare
C:\Users\hh\AppData\Local\Temp\ccMiZc3E.s:244    .text.WaveformGen_StartSquare:0000005c $d
C:\Users\hh\AppData\Local\Temp\ccMiZc3E.s:249    .text.WaveformGen_StartSine:00000000 $t
C:\Users\hh\AppData\Local\Temp\ccMiZc3E.s:255    .text.WaveformGen_StartSine:00000000 WaveformGen_StartSine
C:\Users\hh\AppData\Local\Temp\ccMiZc3E.s:389    .text.WaveformGen_StartSine:0000007c $d
C:\Users\hh\AppData\Local\Temp\ccMiZc3E.s:394    .text.WaveformGen_Stop:00000000 $t
C:\Users\hh\AppData\Local\Temp\ccMiZc3E.s:400    .text.WaveformGen_Stop:00000000 WaveformGen_Stop
C:\Users\hh\AppData\Local\Temp\ccMiZc3E.s:420    .text.WaveformGen_Stop:0000000c $d
C:\Users\hh\AppData\Local\Temp\ccMiZc3E.s:425    .text.WaveformGen_Process:00000000 $t
C:\Users\hh\AppData\Local\Temp\ccMiZc3E.s:431    .text.WaveformGen_Process:00000000 WaveformGen_Process
C:\Users\hh\AppData\Local\Temp\ccMiZc3E.s:604    .text.WaveformGen_Process:0000009c $d
C:\Users\hh\AppData\Local\Temp\ccMiZc3E.s:735    .rodata.sineTableQ15:00000000 sineTableQ15
C:\Users\hh\AppData\Local\Temp\ccMiZc3E.s:613    .text.WaveformGen_GetStatus:00000000 $t
C:\Users\hh\AppData\Local\Temp\ccMiZc3E.s:619    .text.WaveformGen_GetStatus:00000000 WaveformGen_GetStatus
C:\Users\hh\AppData\Local\Temp\ccMiZc3E.s:651    .text.WaveformGen_GetStatus:00000020 $d
C:\Users\hh\AppData\Local\Temp\ccMiZc3E.s:656    .rodata.WaveformGen_GetTypeName.str1.4:00000000 $d
C:\Users\hh\AppData\Local\Temp\ccMiZc3E.s:666    .text.WaveformGen_GetTypeName:00000000 $t
C:\Users\hh\AppData\Local\Temp\ccMiZc3E.s:672    .text.WaveformGen_GetTypeName:00000000 WaveformGen_GetTypeName
C:\Users\hh\AppData\Local\Temp\ccMiZc3E.s:707    .text.WaveformGen_GetTypeName:00000014 $d
C:\Users\hh\AppData\Local\Temp\ccMiZc3E.s:714    .bss.waveformLastOutputMv:00000000 $d
C:\Users\hh\AppData\Local\Temp\ccMiZc3E.s:720    .bss.waveformStartMs:00000000 $d
C:\Users\hh\AppData\Local\Temp\ccMiZc3E.s:726    .bss.waveformStatus:00000000 $d
C:\Users\hh\AppData\Local\Temp\ccMiZc3E.s:732    .rodata.sineTableQ15:00000000 $d

UNDEFINED SYMBOLS
HAL_GetTick
VoltageSim_SetCellVoltageMv
